[2026-05-02T11:21:02.032+0000] {taskinstance.py:1956} INFO - Dependencies all met for dep_context=non-requeueable deps ti=<TaskInstance: market_intelligence_platform.parallel_scraping.scrape_uno manual__2026-05-02T11:21:01.216190+00:00 [queued]>
[2026-05-02T11:21:02.053+0000] {taskinstance.py:1956} INFO - Dependencies all met for dep_context=requeueable deps ti=<TaskInstance: market_intelligence_platform.parallel_scraping.scrape_uno manual__2026-05-02T11:21:01.216190+00:00 [queued]>
[2026-05-02T11:21:02.053+0000] {taskinstance.py:2170} INFO - Starting attempt 1 of 2
[2026-05-02T11:21:02.079+0000] {taskinstance.py:2191} INFO - Executing <Task(BashOperator): parallel_scraping.scrape_uno> on 2026-05-02 11:21:01.216190+00:00
[2026-05-02T11:21:02.085+0000] {standard_task_runner.py:60} INFO - Started process 2594 to run task
[2026-05-02T11:21:02.091+0000] {standard_task_runner.py:87} INFO - Running: ['***', 'tasks', 'run', 'market_intelligence_platform', 'parallel_scraping.scrape_uno', 'manual__2026-05-02T11:21:01.216190+00:00', '--job-id', '20', '--raw', '--subdir', 'DAGS_FOLDER/jumia_scraper_dag.py', '--cfg-path', '/tmp/tmpdwrtv_n_']
[2026-05-02T11:21:02.099+0000] {standard_task_runner.py:88} INFO - Job 20: Subtask parallel_scraping.scrape_uno
[2026-05-02T11:21:02.180+0000] {task_command.py:423} INFO - Running <TaskInstance: market_intelligence_platform.parallel_scraping.scrape_uno manual__2026-05-02T11:21:01.216190+00:00 [running]> on host c1627dbb6835
[2026-05-02T11:21:02.323+0000] {taskinstance.py:2480} INFO - Exporting env vars: AIRFLOW_CTX_DAG_OWNER='abdel' AIRFLOW_CTX_DAG_ID='market_intelligence_platform' AIRFLOW_CTX_TASK_ID='parallel_scraping.scrape_uno' AIRFLOW_CTX_EXECUTION_DATE='2026-05-02T11:21:01.216190+00:00' AIRFLOW_CTX_TRY_NUMBER='1' AIRFLOW_CTX_DAG_RUN_ID='manual__2026-05-02T11:21:01.216190+00:00'
[2026-05-02T11:21:02.324+0000] {subprocess.py:63} INFO - Tmp dir root location: /tmp
[2026-05-02T11:21:02.325+0000] {subprocess.py:75} INFO - Running command: ['/usr/bin/bash', '-c', 'mkdir -p /opt/***/scrapers/market_bot/data && cd /opt/***/scrapers/market_bot && export KAFKA_BOOTSTRAP_SERVERS=kafka:29092 && export KAFKA_TOPIC=market_data && python3 -m scrapy crawl uno -s LOG_LEVEL=INFO -o /opt/***/scrapers/market_bot/data/uno_2026-05-02.jsonl']
[2026-05-02T11:21:02.353+0000] {subprocess.py:86} INFO - Output:
[2026-05-02T11:21:03.256+0000] {subprocess.py:93} INFO - 2026-05-02 11:21:03 [scrapy.utils.log] INFO: Scrapy 2.11.2 started (bot: market_bot)
[2026-05-02T11:21:03.257+0000] {subprocess.py:93} INFO - 2026-05-02 11:21:03 [scrapy.utils.log] INFO: Versions: lxml 5.1.0.0, libxml2 2.12.3, cssselect 1.2.0, parsel 1.9.1, w3lib 2.2.1, Twisted 25.5.0, Python 3.8.18 (default, Feb 13 2024, 11:06:24) - [GCC 12.2.0], pyOpenSSL 23.3.0 (OpenSSL 3.1.4 24 Oct 2023), cryptography 41.0.7, Platform Linux-6.19.11+kali-amd64-x86_64-with-glibc2.34
[2026-05-02T11:21:03.260+0000] {subprocess.py:93} INFO - 2026-05-02 11:21:03 [scrapy.addons] INFO: Enabled addons:
[2026-05-02T11:21:03.261+0000] {subprocess.py:93} INFO - []
[2026-05-02T11:21:03.273+0000] {subprocess.py:93} INFO - 2026-05-02 11:21:03 [scrapy.extensions.telnet] INFO: Telnet Password: 0921f5be1f50bab1
[2026-05-02T11:21:03.583+0000] {subprocess.py:93} INFO - 2026-05-02 11:21:03 [scrapy.middleware] INFO: Enabled extensions:
[2026-05-02T11:21:03.583+0000] {subprocess.py:93} INFO - ['scrapy.extensions.corestats.CoreStats',
[2026-05-02T11:21:03.585+0000] {subprocess.py:93} INFO -  'scrapy.extensions.telnet.TelnetConsole',
[2026-05-02T11:21:03.588+0000] {subprocess.py:93} INFO -  'scrapy.extensions.memusage.MemoryUsage',
[2026-05-02T11:21:03.589+0000] {subprocess.py:93} INFO -  'scrapy.extensions.closespider.CloseSpider',
[2026-05-02T11:21:03.589+0000] {subprocess.py:93} INFO -  'scrapy.extensions.feedexport.FeedExporter',
[2026-05-02T11:21:03.589+0000] {subprocess.py:93} INFO -  'scrapy.extensions.logstats.LogStats',
[2026-05-02T11:21:03.589+0000] {subprocess.py:93} INFO -  'scrapy.extensions.throttle.AutoThrottle']
[2026-05-02T11:21:03.589+0000] {subprocess.py:93} INFO - 2026-05-02 11:21:03 [scrapy.crawler] INFO: Overridden settings:
[2026-05-02T11:21:03.589+0000] {subprocess.py:93} INFO - {'ASYNCIO_EVENT_LOOP': 'asyncio.SelectorEventLoop',
[2026-05-02T11:21:03.590+0000] {subprocess.py:93} INFO -  'AUTOTHROTTLE_ENABLED': True,
[2026-05-02T11:21:03.590+0000] {subprocess.py:93} INFO -  'AUTOTHROTTLE_START_DELAY': 1.5,
[2026-05-02T11:21:03.590+0000] {subprocess.py:93} INFO -  'AUTOTHROTTLE_TARGET_CONCURRENCY': 2.0,
[2026-05-02T11:21:03.590+0000] {subprocess.py:93} INFO -  'BOT_NAME': 'market_bot',
[2026-05-02T11:21:03.590+0000] {subprocess.py:93} INFO -  'CLOSESPIDER_ITEMCOUNT': 50000,
[2026-05-02T11:21:03.590+0000] {subprocess.py:93} INFO -  'CLOSESPIDER_PAGECOUNT': 5000,
[2026-05-02T11:21:03.590+0000] {subprocess.py:93} INFO -  'CONCURRENT_REQUESTS': 1,
[2026-05-02T11:21:03.591+0000] {subprocess.py:93} INFO -  'COOKIES_ENABLED': False,
[2026-05-02T11:21:03.591+0000] {subprocess.py:93} INFO -  'DOWNLOAD_TIMEOUT': 90,
[2026-05-02T11:21:03.591+0000] {subprocess.py:93} INFO -  'FEED_EXPORT_ENCODING': 'utf-8',
[2026-05-02T11:21:03.591+0000] {subprocess.py:93} INFO -  'LOG_LEVEL': 'INFO',
[2026-05-02T11:21:03.591+0000] {subprocess.py:93} INFO -  'NEWSPIDER_MODULE': 'market_bot.spiders',
[2026-05-02T11:21:03.592+0000] {subprocess.py:93} INFO -  'REQUEST_FINGERPRINTER_IMPLEMENTATION': '2.7',
[2026-05-02T11:21:03.592+0000] {subprocess.py:93} INFO -  'RETRY_HTTP_CODES': [500, 502, 503, 504, 408, 429],
[2026-05-02T11:21:03.593+0000] {subprocess.py:93} INFO -  'RETRY_TIMES': 5,
[2026-05-02T11:21:03.593+0000] {subprocess.py:93} INFO -  'SPIDER_MODULES': ['market_bot.spiders'],
[2026-05-02T11:21:03.593+0000] {subprocess.py:93} INFO -  'TWISTED_REACTOR': 'twisted.internet.asyncioreactor.AsyncioSelectorReactor',
[2026-05-02T11:21:03.593+0000] {subprocess.py:93} INFO -  'USER_AGENT': 'Mozilla/5.0 (Windows NT 10.0; Win64; x64) AppleWebKit/537.36 '
[2026-05-02T11:21:03.593+0000] {subprocess.py:93} INFO -                '(KHTML, like Gecko) Chrome/124.0.0.0 Safari/537.36'}
[2026-05-02T11:21:03.792+0000] {subprocess.py:93} INFO - 2026-05-02 11:21:03 [scrapy.middleware] INFO: Enabled downloader middlewares:
[2026-05-02T11:21:03.794+0000] {subprocess.py:93} INFO - ['scrapy.downloadermiddlewares.offsite.OffsiteMiddleware',
[2026-05-02T11:21:03.794+0000] {subprocess.py:93} INFO -  'scrapy.downloadermiddlewares.httpauth.HttpAuthMiddleware',
[2026-05-02T11:21:03.794+0000] {subprocess.py:93} INFO -  'scrapy.downloadermiddlewares.downloadtimeout.DownloadTimeoutMiddleware',
[2026-05-02T11:21:03.794+0000] {subprocess.py:93} INFO -  'scrapy.downloadermiddlewares.defaultheaders.DefaultHeadersMiddleware',
[2026-05-02T11:21:03.794+0000] {subprocess.py:93} INFO -  'scrapy.downloadermiddlewares.useragent.UserAgentMiddleware',
[2026-05-02T11:21:03.795+0000] {subprocess.py:93} INFO -  'scrapy.downloadermiddlewares.retry.RetryMiddleware',
[2026-05-02T11:21:03.795+0000] {subprocess.py:93} INFO -  'scrapy.downloadermiddlewares.redirect.MetaRefreshMiddleware',
[2026-05-02T11:21:03.795+0000] {subprocess.py:93} INFO -  'scrapy.downloadermiddlewares.httpcompression.HttpCompressionMiddleware',
[2026-05-02T11:21:03.795+0000] {subprocess.py:93} INFO -  'scrapy.downloadermiddlewares.redirect.RedirectMiddleware',
[2026-05-02T11:21:03.797+0000] {subprocess.py:93} INFO -  'scrapy.downloadermiddlewares.httpproxy.HttpProxyMiddleware',
[2026-05-02T11:21:03.797+0000] {subprocess.py:93} INFO -  'scrapy.downloadermiddlewares.stats.DownloaderStats']
[2026-05-02T11:21:03.797+0000] {subprocess.py:93} INFO - 2026-05-02 11:21:03 [scrapy.middleware] INFO: Enabled spider middlewares:
[2026-05-02T11:21:03.797+0000] {subprocess.py:93} INFO - ['scrapy.spidermiddlewares.httperror.HttpErrorMiddleware',
[2026-05-02T11:21:03.797+0000] {subprocess.py:93} INFO -  'scrapy.spidermiddlewares.referer.RefererMiddleware',
[2026-05-02T11:21:03.797+0000] {subprocess.py:93} INFO -  'scrapy.spidermiddlewares.urllength.UrlLengthMiddleware',
[2026-05-02T11:21:03.798+0000] {subprocess.py:93} INFO -  'scrapy.spidermiddlewares.depth.DepthMiddleware']
[2026-05-02T11:21:03.809+0000] {subprocess.py:93} INFO - %4|1777720863.809|CONFWARN|scrapy-bot#producer-1| [thrd:app]: Configuration property api.version.request is deprecated: **Post-deprecation actions: remove this configuration property, brokers < 0.10.0 won't be supported anymore in librdkafka 3.x.** Request broker's supported API versions to adjust functionality to available protocol features. If set to false, or the ApiVersionRequest fails, the fallback version `broker.version.fallback` will be used. **NOTE**: Depends on broker version >=0.10.0. If the request is not supported by (an older) broker the `broker.version.fallback` fallback is used.
[2026-05-02T11:21:03.810+0000] {subprocess.py:93} INFO - %4|1777720863.809|CONFWARN|scrapy-bot#producer-1| [thrd:app]: Configuration property broker.version.fallback is deprecated: **Post-deprecation actions: remove this configuration property, brokers < 0.10.0 won't be supported anymore in librdkafka 3.x.** Older broker versions (before 0.10.0) provide no way for a client to query for supported protocol features (ApiVersionRequest, see `api.version.request`) making it impossible for the client to know what features it may use. As a workaround a user may set this property to the expected broker version and the client will automatically adjust its feature set accordingly if the ApiVersionRequest fails (or is disabled). The fallback broker version will be used for `api.version.fallback.ms`. Valid values are: 0.9.0, 0.8.2, 0.8.1, 0.8.0. Any other value >= 0.10, such as 0.10.2.1, enables ApiVersionRequests.
[2026-05-02T11:21:03.810+0000] {subprocess.py:93} INFO - 2026-05-02 11:21:03 [scrapy.middleware] INFO: Enabled item pipelines:
[2026-05-02T11:21:03.810+0000] {subprocess.py:93} INFO - ['market_bot.pipelines.KafkaPipeline']
[2026-05-02T11:21:03.811+0000] {subprocess.py:93} INFO - 2026-05-02 11:21:03 [scrapy.core.engine] INFO: Spider opened
[2026-05-02T11:21:03.821+0000] {subprocess.py:93} INFO - 2026-05-02 11:21:03 [scrapy.extensions.logstats] INFO: Crawled 0 pages (at 0 pages/min), scraped 0 items (at 0 items/min)
[2026-05-02T11:21:03.822+0000] {subprocess.py:93} INFO - 2026-05-02 11:21:03 [scrapy.extensions.telnet] INFO: Telnet console listening on 127.0.0.1:6024
[2026-05-02T11:21:03.828+0000] {subprocess.py:93} INFO - 2026-05-02 11:21:03 [scrapy-playwright] INFO: Starting download handler
[2026-05-02T11:21:03.829+0000] {subprocess.py:93} INFO - 2026-05-02 11:21:03 [scrapy-playwright] INFO: Starting download handler
[2026-05-02T11:21:08.831+0000] {subprocess.py:93} INFO - 2026-05-02 11:21:08 [scrapy-playwright] INFO: Launching browser chromium
[2026-05-02T11:21:08.988+0000] {subprocess.py:93} INFO - 2026-05-02 11:21:08 [scrapy-playwright] INFO: Browser chromium launched
[2026-05-02T11:22:03.820+0000] {subprocess.py:93} INFO - 2026-05-02 11:22:03 [scrapy.extensions.logstats] INFO: Crawled 2 pages (at 2 pages/min), scraped 0 items (at 0 items/min)
[2026-05-02T11:23:03.820+0000] {subprocess.py:93} INFO - 2026-05-02 11:23:03 [scrapy.extensions.logstats] INFO: Crawled 2 pages (at 0 pages/min), scraped 0 items (at 0 items/min)
[2026-05-02T11:24:03.820+0000] {subprocess.py:93} INFO - 2026-05-02 11:24:03 [scrapy.extensions.logstats] INFO: Crawled 2 pages (at 0 pages/min), scraped 0 items (at 0 items/min)
[2026-05-02T11:25:03.821+0000] {subprocess.py:93} INFO - 2026-05-02 11:25:03 [scrapy.extensions.logstats] INFO: Crawled 2 pages (at 0 pages/min), scraped 0 items (at 0 items/min)
[2026-05-02T11:26:03.820+0000] {subprocess.py:93} INFO - 2026-05-02 11:26:03 [scrapy.extensions.logstats] INFO: Crawled 2 pages (at 0 pages/min), scraped 0 items (at 0 items/min)
[2026-05-02T11:27:03.820+0000] {subprocess.py:93} INFO - 2026-05-02 11:27:03 [scrapy.extensions.logstats] INFO: Crawled 2 pages (at 0 pages/min), scraped 0 items (at 0 items/min)
[2026-05-02T11:28:03.820+0000] {subprocess.py:93} INFO - 2026-05-02 11:28:03 [scrapy.extensions.logstats] INFO: Crawled 2 pages (at 0 pages/min), scraped 0 items (at 0 items/min)
[2026-05-02T11:29:03.820+0000] {subprocess.py:93} INFO - 2026-05-02 11:29:03 [scrapy.extensions.logstats] INFO: Crawled 2 pages (at 0 pages/min), scraped 0 items (at 0 items/min)
[2026-05-02T11:30:03.820+0000] {subprocess.py:93} INFO - 2026-05-02 11:30:03 [scrapy.extensions.logstats] INFO: Crawled 2 pages (at 0 pages/min), scraped 0 items (at 0 items/min)
[2026-05-02T11:31:03.820+0000] {subprocess.py:93} INFO - 2026-05-02 11:31:03 [scrapy.extensions.logstats] INFO: Crawled 2 pages (at 0 pages/min), scraped 0 items (at 0 items/min)
[2026-05-02T11:32:03.820+0000] {subprocess.py:93} INFO - 2026-05-02 11:32:03 [scrapy.extensions.logstats] INFO: Crawled 2 pages (at 0 pages/min), scraped 0 items (at 0 items/min)
[2026-05-02T11:33:03.820+0000] {subprocess.py:93} INFO - 2026-05-02 11:33:03 [scrapy.extensions.logstats] INFO: Crawled 2 pages (at 0 pages/min), scraped 0 items (at 0 items/min)
[2026-05-02T11:34:03.821+0000] {subprocess.py:93} INFO - 2026-05-02 11:34:03 [scrapy.extensions.logstats] INFO: Crawled 2 pages (at 0 pages/min), scraped 0 items (at 0 items/min)
[2026-05-02T11:35:03.820+0000] {subprocess.py:93} INFO - 2026-05-02 11:35:03 [scrapy.extensions.logstats] INFO: Crawled 2 pages (at 0 pages/min), scraped 0 items (at 0 items/min)
[2026-05-02T11:36:03.821+0000] {subprocess.py:93} INFO - 2026-05-02 11:36:03 [scrapy.extensions.logstats] INFO: Crawled 2 pages (at 0 pages/min), scraped 0 items (at 0 items/min)
[2026-05-02T11:37:03.821+0000] {subprocess.py:93} INFO - 2026-05-02 11:37:03 [scrapy.extensions.logstats] INFO: Crawled 2 pages (at 0 pages/min), scraped 0 items (at 0 items/min)
[2026-05-02T11:38:03.821+0000] {subprocess.py:93} INFO - 2026-05-02 11:38:03 [scrapy.extensions.logstats] INFO: Crawled 2 pages (at 0 pages/min), scraped 0 items (at 0 items/min)
[2026-05-02T11:39:03.820+0000] {subprocess.py:93} INFO - 2026-05-02 11:39:03 [scrapy.extensions.logstats] INFO: Crawled 2 pages (at 0 pages/min), scraped 0 items (at 0 items/min)
[2026-05-02T11:40:03.821+0000] {subprocess.py:93} INFO - 2026-05-02 11:40:03 [scrapy.extensions.logstats] INFO: Crawled 2 pages (at 0 pages/min), scraped 0 items (at 0 items/min)
[2026-05-02T11:41:03.820+0000] {subprocess.py:93} INFO - 2026-05-02 11:41:03 [scrapy.extensions.logstats] INFO: Crawled 2 pages (at 0 pages/min), scraped 0 items (at 0 items/min)
[2026-05-02T11:42:03.820+0000] {subprocess.py:93} INFO - 2026-05-02 11:42:03 [scrapy.extensions.logstats] INFO: Crawled 2 pages (at 0 pages/min), scraped 0 items (at 0 items/min)
[2026-05-02T11:43:03.820+0000] {subprocess.py:93} INFO - 2026-05-02 11:43:03 [scrapy.extensions.logstats] INFO: Crawled 2 pages (at 0 pages/min), scraped 0 items (at 0 items/min)
[2026-05-02T11:44:03.821+0000] {subprocess.py:93} INFO - 2026-05-02 11:44:03 [scrapy.extensions.logstats] INFO: Crawled 2 pages (at 0 pages/min), scraped 0 items (at 0 items/min)
[2026-05-02T11:45:03.820+0000] {subprocess.py:93} INFO - 2026-05-02 11:45:03 [scrapy.extensions.logstats] INFO: Crawled 2 pages (at 0 pages/min), scraped 0 items (at 0 items/min)
[2026-05-02T11:46:03.820+0000] {subprocess.py:93} INFO - 2026-05-02 11:46:03 [scrapy.extensions.logstats] INFO: Crawled 2 pages (at 0 pages/min), scraped 0 items (at 0 items/min)
[2026-05-02T11:47:03.820+0000] {subprocess.py:93} INFO - 2026-05-02 11:47:03 [scrapy.extensions.logstats] INFO: Crawled 2 pages (at 0 pages/min), scraped 0 items (at 0 items/min)
[2026-05-02T11:48:03.820+0000] {subprocess.py:93} INFO - 2026-05-02 11:48:03 [scrapy.extensions.logstats] INFO: Crawled 2 pages (at 0 pages/min), scraped 0 items (at 0 items/min)
[2026-05-02T11:49:03.820+0000] {subprocess.py:93} INFO - 2026-05-02 11:49:03 [scrapy.extensions.logstats] INFO: Crawled 2 pages (at 0 pages/min), scraped 0 items (at 0 items/min)
[2026-05-02T11:50:03.820+0000] {subprocess.py:93} INFO - 2026-05-02 11:50:03 [scrapy.extensions.logstats] INFO: Crawled 2 pages (at 0 pages/min), scraped 0 items (at 0 items/min)
[2026-05-02T11:51:03.821+0000] {subprocess.py:93} INFO - 2026-05-02 11:51:03 [scrapy.extensions.logstats] INFO: Crawled 2 pages (at 0 pages/min), scraped 0 items (at 0 items/min)
[2026-05-02T11:52:03.820+0000] {subprocess.py:93} INFO - 2026-05-02 11:52:03 [scrapy.extensions.logstats] INFO: Crawled 2 pages (at 0 pages/min), scraped 0 items (at 0 items/min)
[2026-05-02T11:53:03.820+0000] {subprocess.py:93} INFO - 2026-05-02 11:53:03 [scrapy.extensions.logstats] INFO: Crawled 2 pages (at 0 pages/min), scraped 0 items (at 0 items/min)
[2026-05-02T11:54:03.820+0000] {subprocess.py:93} INFO - 2026-05-02 11:54:03 [scrapy.extensions.logstats] INFO: Crawled 2 pages (at 0 pages/min), scraped 0 items (at 0 items/min)
[2026-05-02T11:55:03.820+0000] {subprocess.py:93} INFO - 2026-05-02 11:55:03 [scrapy.extensions.logstats] INFO: Crawled 2 pages (at 0 pages/min), scraped 0 items (at 0 items/min)
[2026-05-02T11:56:03.820+0000] {subprocess.py:93} INFO - 2026-05-02 11:56:03 [scrapy.extensions.logstats] INFO: Crawled 2 pages (at 0 pages/min), scraped 0 items (at 0 items/min)
[2026-05-02T11:57:03.821+0000] {subprocess.py:93} INFO - 2026-05-02 11:57:03 [scrapy.extensions.logstats] INFO: Crawled 2 pages (at 0 pages/min), scraped 0 items (at 0 items/min)
[2026-05-02T11:58:03.820+0000] {subprocess.py:93} INFO - 2026-05-02 11:58:03 [scrapy.extensions.logstats] INFO: Crawled 2 pages (at 0 pages/min), scraped 0 items (at 0 items/min)
[2026-05-02T11:59:03.820+0000] {subprocess.py:93} INFO - 2026-05-02 11:59:03 [scrapy.extensions.logstats] INFO: Crawled 2 pages (at 0 pages/min), scraped 0 items (at 0 items/min)
[2026-05-02T12:00:03.821+0000] {subprocess.py:93} INFO - 2026-05-02 12:00:03 [scrapy.extensions.logstats] INFO: Crawled 2 pages (at 0 pages/min), scraped 0 items (at 0 items/min)
[2026-05-02T12:01:03.820+0000] {subprocess.py:93} INFO - 2026-05-02 12:01:03 [scrapy.extensions.logstats] INFO: Crawled 2 pages (at 0 pages/min), scraped 0 items (at 0 items/min)
[2026-05-02T12:02:03.820+0000] {subprocess.py:93} INFO - 2026-05-02 12:02:03 [scrapy.extensions.logstats] INFO: Crawled 2 pages (at 0 pages/min), scraped 0 items (at 0 items/min)
[2026-05-02T12:03:03.820+0000] {subprocess.py:93} INFO - 2026-05-02 12:03:03 [scrapy.extensions.logstats] INFO: Crawled 2 pages (at 0 pages/min), scraped 0 items (at 0 items/min)
[2026-05-02T12:04:03.820+0000] {subprocess.py:93} INFO - 2026-05-02 12:04:03 [scrapy.extensions.logstats] INFO: Crawled 2 pages (at 0 pages/min), scraped 0 items (at 0 items/min)
[2026-05-02T12:05:03.820+0000] {subprocess.py:93} INFO - 2026-05-02 12:05:03 [scrapy.extensions.logstats] INFO: Crawled 2 pages (at 0 pages/min), scraped 0 items (at 0 items/min)
[2026-05-02T12:06:03.821+0000] {subprocess.py:93} INFO - 2026-05-02 12:06:03 [scrapy.extensions.logstats] INFO: Crawled 2 pages (at 0 pages/min), scraped 0 items (at 0 items/min)
[2026-05-02T12:07:03.820+0000] {subprocess.py:93} INFO - 2026-05-02 12:07:03 [scrapy.extensions.logstats] INFO: Crawled 2 pages (at 0 pages/min), scraped 0 items (at 0 items/min)
[2026-05-02T12:08:03.820+0000] {subprocess.py:93} INFO - 2026-05-02 12:08:03 [scrapy.extensions.logstats] INFO: Crawled 2 pages (at 0 pages/min), scraped 0 items (at 0 items/min)
[2026-05-02T12:09:03.821+0000] {subprocess.py:93} INFO - 2026-05-02 12:09:03 [scrapy.extensions.logstats] INFO: Crawled 2 pages (at 0 pages/min), scraped 0 items (at 0 items/min)
[2026-05-02T12:10:03.820+0000] {subprocess.py:93} INFO - 2026-05-02 12:10:03 [scrapy.extensions.logstats] INFO: Crawled 2 pages (at 0 pages/min), scraped 0 items (at 0 items/min)
[2026-05-02T12:11:03.820+0000] {subprocess.py:93} INFO - 2026-05-02 12:11:03 [scrapy.extensions.logstats] INFO: Crawled 2 pages (at 0 pages/min), scraped 0 items (at 0 items/min)
[2026-05-02T12:12:03.820+0000] {subprocess.py:93} INFO - 2026-05-02 12:12:03 [scrapy.extensions.logstats] INFO: Crawled 2 pages (at 0 pages/min), scraped 0 items (at 0 items/min)
[2026-05-02T12:13:03.821+0000] {subprocess.py:93} INFO - 2026-05-02 12:13:03 [scrapy.extensions.logstats] INFO: Crawled 2 pages (at 0 pages/min), scraped 0 items (at 0 items/min)
[2026-05-02T12:14:03.820+0000] {subprocess.py:93} INFO - 2026-05-02 12:14:03 [scrapy.extensions.logstats] INFO: Crawled 2 pages (at 0 pages/min), scraped 0 items (at 0 items/min)
[2026-05-02T12:15:03.820+0000] {subprocess.py:93} INFO - 2026-05-02 12:15:03 [scrapy.extensions.logstats] INFO: Crawled 2 pages (at 0 pages/min), scraped 0 items (at 0 items/min)
[2026-05-02T12:16:03.820+0000] {subprocess.py:93} INFO - 2026-05-02 12:16:03 [scrapy.extensions.logstats] INFO: Crawled 2 pages (at 0 pages/min), scraped 0 items (at 0 items/min)
[2026-05-02T12:17:03.820+0000] {subprocess.py:93} INFO - 2026-05-02 12:17:03 [scrapy.extensions.logstats] INFO: Crawled 2 pages (at 0 pages/min), scraped 0 items (at 0 items/min)
[2026-05-02T12:18:03.820+0000] {subprocess.py:93} INFO - 2026-05-02 12:18:03 [scrapy.extensions.logstats] INFO: Crawled 2 pages (at 0 pages/min), scraped 0 items (at 0 items/min)
[2026-05-02T12:19:03.820+0000] {subprocess.py:93} INFO - 2026-05-02 12:19:03 [scrapy.extensions.logstats] INFO: Crawled 2 pages (at 0 pages/min), scraped 0 items (at 0 items/min)
[2026-05-02T12:20:03.820+0000] {subprocess.py:93} INFO - 2026-05-02 12:20:03 [scrapy.extensions.logstats] INFO: Crawled 2 pages (at 0 pages/min), scraped 0 items (at 0 items/min)
[2026-05-02T12:21:03.820+0000] {subprocess.py:93} INFO - 2026-05-02 12:21:03 [scrapy.extensions.logstats] INFO: Crawled 2 pages (at 0 pages/min), scraped 0 items (at 0 items/min)
[2026-05-02T12:22:03.821+0000] {subprocess.py:93} INFO - 2026-05-02 12:22:03 [scrapy.extensions.logstats] INFO: Crawled 2 pages (at 0 pages/min), scraped 0 items (at 0 items/min)
[2026-05-02T12:23:03.820+0000] {subprocess.py:93} INFO - 2026-05-02 12:23:03 [scrapy.extensions.logstats] INFO: Crawled 2 pages (at 0 pages/min), scraped 0 items (at 0 items/min)
[2026-05-02T12:24:03.820+0000] {subprocess.py:93} INFO - 2026-05-02 12:24:03 [scrapy.extensions.logstats] INFO: Crawled 2 pages (at 0 pages/min), scraped 0 items (at 0 items/min)
[2026-05-02T12:25:03.820+0000] {subprocess.py:93} INFO - 2026-05-02 12:25:03 [scrapy.extensions.logstats] INFO: Crawled 2 pages (at 0 pages/min), scraped 0 items (at 0 items/min)
[2026-05-02T12:26:03.820+0000] {subprocess.py:93} INFO - 2026-05-02 12:26:03 [scrapy.extensions.logstats] INFO: Crawled 2 pages (at 0 pages/min), scraped 0 items (at 0 items/min)
[2026-05-02T12:27:03.821+0000] {subprocess.py:93} INFO - 2026-05-02 12:27:03 [scrapy.extensions.logstats] INFO: Crawled 2 pages (at 0 pages/min), scraped 0 items (at 0 items/min)
[2026-05-02T12:28:03.820+0000] {subprocess.py:93} INFO - 2026-05-02 12:28:03 [scrapy.extensions.logstats] INFO: Crawled 2 pages (at 0 pages/min), scraped 0 items (at 0 items/min)
[2026-05-02T12:29:03.820+0000] {subprocess.py:93} INFO - 2026-05-02 12:29:03 [scrapy.extensions.logstats] INFO: Crawled 2 pages (at 0 pages/min), scraped 0 items (at 0 items/min)
[2026-05-02T12:30:03.820+0000] {subprocess.py:93} INFO - 2026-05-02 12:30:03 [scrapy.extensions.logstats] INFO: Crawled 2 pages (at 0 pages/min), scraped 0 items (at 0 items/min)
[2026-05-02T12:31:03.820+0000] {subprocess.py:93} INFO - 2026-05-02 12:31:03 [scrapy.extensions.logstats] INFO: Crawled 2 pages (at 0 pages/min), scraped 0 items (at 0 items/min)
[2026-05-02T12:32:03.820+0000] {subprocess.py:93} INFO - 2026-05-02 12:32:03 [scrapy.extensions.logstats] INFO: Crawled 2 pages (at 0 pages/min), scraped 0 items (at 0 items/min)
[2026-05-02T12:33:03.820+0000] {subprocess.py:93} INFO - 2026-05-02 12:33:03 [scrapy.extensions.logstats] INFO: Crawled 2 pages (at 0 pages/min), scraped 0 items (at 0 items/min)
[2026-05-02T12:34:03.820+0000] {subprocess.py:93} INFO - 2026-05-02 12:34:03 [scrapy.extensions.logstats] INFO: Crawled 2 pages (at 0 pages/min), scraped 0 items (at 0 items/min)
[2026-05-02T12:35:03.820+0000] {subprocess.py:93} INFO - 2026-05-02 12:35:03 [scrapy.extensions.logstats] INFO: Crawled 2 pages (at 0 pages/min), scraped 0 items (at 0 items/min)
[2026-05-02T12:36:03.820+0000] {subprocess.py:93} INFO - 2026-05-02 12:36:03 [scrapy.extensions.logstats] INFO: Crawled 2 pages (at 0 pages/min), scraped 0 items (at 0 items/min)
[2026-05-02T12:37:03.820+0000] {subprocess.py:93} INFO - 2026-05-02 12:37:03 [scrapy.extensions.logstats] INFO: Crawled 2 pages (at 0 pages/min), scraped 0 items (at 0 items/min)
[2026-05-02T12:38:03.820+0000] {subprocess.py:93} INFO - 2026-05-02 12:38:03 [scrapy.extensions.logstats] INFO: Crawled 2 pages (at 0 pages/min), scraped 0 items (at 0 items/min)
[2026-05-02T12:39:03.821+0000] {subprocess.py:93} INFO - 2026-05-02 12:39:03 [scrapy.extensions.logstats] INFO: Crawled 2 pages (at 0 pages/min), scraped 0 items (at 0 items/min)
[2026-05-02T12:40:03.821+0000] {subprocess.py:93} INFO - 2026-05-02 12:40:03 [scrapy.extensions.logstats] INFO: Crawled 2 pages (at 0 pages/min), scraped 0 items (at 0 items/min)
[2026-05-02T12:41:03.820+0000] {subprocess.py:93} INFO - 2026-05-02 12:41:03 [scrapy.extensions.logstats] INFO: Crawled 2 pages (at 0 pages/min), scraped 0 items (at 0 items/min)
[2026-05-02T12:42:03.820+0000] {subprocess.py:93} INFO - 2026-05-02 12:42:03 [scrapy.extensions.logstats] INFO: Crawled 2 pages (at 0 pages/min), scraped 0 items (at 0 items/min)
[2026-05-02T12:43:03.821+0000] {subprocess.py:93} INFO - 2026-05-02 12:43:03 [scrapy.extensions.logstats] INFO: Crawled 2 pages (at 0 pages/min), scraped 0 items (at 0 items/min)
[2026-05-02T12:44:03.821+0000] {subprocess.py:93} INFO - 2026-05-02 12:44:03 [scrapy.extensions.logstats] INFO: Crawled 2 pages (at 0 pages/min), scraped 0 items (at 0 items/min)
[2026-05-02T12:45:03.821+0000] {subprocess.py:93} INFO - 2026-05-02 12:45:03 [scrapy.extensions.logstats] INFO: Crawled 2 pages (at 0 pages/min), scraped 0 items (at 0 items/min)
[2026-05-02T12:46:03.820+0000] {subprocess.py:93} INFO - 2026-05-02 12:46:03 [scrapy.extensions.logstats] INFO: Crawled 2 pages (at 0 pages/min), scraped 0 items (at 0 items/min)
[2026-05-02T12:47:03.821+0000] {subprocess.py:93} INFO - 2026-05-02 12:47:03 [scrapy.extensions.logstats] INFO: Crawled 2 pages (at 0 pages/min), scraped 0 items (at 0 items/min)
[2026-05-02T12:48:03.820+0000] {subprocess.py:93} INFO - 2026-05-02 12:48:03 [scrapy.extensions.logstats] INFO: Crawled 2 pages (at 0 pages/min), scraped 0 items (at 0 items/min)
[2026-05-02T12:49:03.820+0000] {subprocess.py:93} INFO - 2026-05-02 12:49:03 [scrapy.extensions.logstats] INFO: Crawled 2 pages (at 0 pages/min), scraped 0 items (at 0 items/min)
[2026-05-02T12:50:03.820+0000] {subprocess.py:93} INFO - 2026-05-02 12:50:03 [scrapy.extensions.logstats] INFO: Crawled 2 pages (at 0 pages/min), scraped 0 items (at 0 items/min)
[2026-05-02T12:51:03.820+0000] {subprocess.py:93} INFO - 2026-05-02 12:51:03 [scrapy.extensions.logstats] INFO: Crawled 2 pages (at 0 pages/min), scraped 0 items (at 0 items/min)
[2026-05-02T12:52:03.820+0000] {subprocess.py:93} INFO - 2026-05-02 12:52:03 [scrapy.extensions.logstats] INFO: Crawled 2 pages (at 0 pages/min), scraped 0 items (at 0 items/min)
[2026-05-02T12:53:03.821+0000] {subprocess.py:93} INFO - 2026-05-02 12:53:03 [scrapy.extensions.logstats] INFO: Crawled 2 pages (at 0 pages/min), scraped 0 items (at 0 items/min)
[2026-05-02T12:54:03.821+0000] {subprocess.py:93} INFO - 2026-05-02 12:54:03 [scrapy.extensions.logstats] INFO: Crawled 2 pages (at 0 pages/min), scraped 0 items (at 0 items/min)
[2026-05-02T12:55:03.821+0000] {subprocess.py:93} INFO - 2026-05-02 12:55:03 [scrapy.extensions.logstats] INFO: Crawled 2 pages (at 0 pages/min), scraped 0 items (at 0 items/min)
[2026-05-02T12:56:03.821+0000] {subprocess.py:93} INFO - 2026-05-02 12:56:03 [scrapy.extensions.logstats] INFO: Crawled 2 pages (at 0 pages/min), scraped 0 items (at 0 items/min)
[2026-05-02T12:57:03.821+0000] {subprocess.py:93} INFO - 2026-05-02 12:57:03 [scrapy.extensions.logstats] INFO: Crawled 2 pages (at 0 pages/min), scraped 0 items (at 0 items/min)
[2026-05-02T12:58:03.821+0000] {subprocess.py:93} INFO - 2026-05-02 12:58:03 [scrapy.extensions.logstats] INFO: Crawled 2 pages (at 0 pages/min), scraped 0 items (at 0 items/min)
[2026-05-02T12:59:03.820+0000] {subprocess.py:93} INFO - 2026-05-02 12:59:03 [scrapy.extensions.logstats] INFO: Crawled 2 pages (at 0 pages/min), scraped 0 items (at 0 items/min)
[2026-05-02T13:00:03.821+0000] {subprocess.py:93} INFO - 2026-05-02 13:00:03 [scrapy.extensions.logstats] INFO: Crawled 2 pages (at 0 pages/min), scraped 0 items (at 0 items/min)
[2026-05-02T13:01:03.821+0000] {subprocess.py:93} INFO - 2026-05-02 13:01:03 [scrapy.extensions.logstats] INFO: Crawled 2 pages (at 0 pages/min), scraped 0 items (at 0 items/min)
[2026-05-02T13:02:03.820+0000] {subprocess.py:93} INFO - 2026-05-02 13:02:03 [scrapy.extensions.logstats] INFO: Crawled 2 pages (at 0 pages/min), scraped 0 items (at 0 items/min)
[2026-05-02T13:03:03.821+0000] {subprocess.py:93} INFO - 2026-05-02 13:03:03 [scrapy.extensions.logstats] INFO: Crawled 2 pages (at 0 pages/min), scraped 0 items (at 0 items/min)
[2026-05-02T13:04:03.820+0000] {subprocess.py:93} INFO - 2026-05-02 13:04:03 [scrapy.extensions.logstats] INFO: Crawled 2 pages (at 0 pages/min), scraped 0 items (at 0 items/min)
[2026-05-02T13:05:03.820+0000] {subprocess.py:93} INFO - 2026-05-02 13:05:03 [scrapy.extensions.logstats] INFO: Crawled 2 pages (at 0 pages/min), scraped 0 items (at 0 items/min)
[2026-05-02T13:06:03.820+0000] {subprocess.py:93} INFO - 2026-05-02 13:06:03 [scrapy.extensions.logstats] INFO: Crawled 2 pages (at 0 pages/min), scraped 0 items (at 0 items/min)
[2026-05-02T13:07:03.821+0000] {subprocess.py:93} INFO - 2026-05-02 13:07:03 [scrapy.extensions.logstats] INFO: Crawled 2 pages (at 0 pages/min), scraped 0 items (at 0 items/min)
[2026-05-02T13:08:03.821+0000] {subprocess.py:93} INFO - 2026-05-02 13:08:03 [scrapy.extensions.logstats] INFO: Crawled 2 pages (at 0 pages/min), scraped 0 items (at 0 items/min)
[2026-05-02T13:09:03.820+0000] {subprocess.py:93} INFO - 2026-05-02 13:09:03 [scrapy.extensions.logstats] INFO: Crawled 2 pages (at 0 pages/min), scraped 0 items (at 0 items/min)
[2026-05-02T13:10:03.821+0000] {subprocess.py:93} INFO - 2026-05-02 13:10:03 [scrapy.extensions.logstats] INFO: Crawled 2 pages (at 0 pages/min), scraped 0 items (at 0 items/min)
[2026-05-02T13:11:03.821+0000] {subprocess.py:93} INFO - 2026-05-02 13:11:03 [scrapy.extensions.logstats] INFO: Crawled 2 pages (at 0 pages/min), scraped 0 items (at 0 items/min)
[2026-05-02T13:12:03.820+0000] {subprocess.py:93} INFO - 2026-05-02 13:12:03 [scrapy.extensions.logstats] INFO: Crawled 2 pages (at 0 pages/min), scraped 0 items (at 0 items/min)
[2026-05-02T13:13:03.821+0000] {subprocess.py:93} INFO - 2026-05-02 13:13:03 [scrapy.extensions.logstats] INFO: Crawled 2 pages (at 0 pages/min), scraped 0 items (at 0 items/min)
[2026-05-02T13:14:03.820+0000] {subprocess.py:93} INFO - 2026-05-02 13:14:03 [scrapy.extensions.logstats] INFO: Crawled 2 pages (at 0 pages/min), scraped 0 items (at 0 items/min)
[2026-05-02T13:15:03.822+0000] {subprocess.py:93} INFO - 2026-05-02 13:15:03 [scrapy.extensions.logstats] INFO: Crawled 2 pages (at 0 pages/min), scraped 0 items (at 0 items/min)
[2026-05-02T13:16:03.821+0000] {subprocess.py:93} INFO - 2026-05-02 13:16:03 [scrapy.extensions.logstats] INFO: Crawled 2 pages (at 0 pages/min), scraped 0 items (at 0 items/min)
[2026-05-02T13:17:03.821+0000] {subprocess.py:93} INFO - 2026-05-02 13:17:03 [scrapy.extensions.logstats] INFO: Crawled 2 pages (at 0 pages/min), scraped 0 items (at 0 items/min)
[2026-05-02T13:18:03.820+0000] {subprocess.py:93} INFO - 2026-05-02 13:18:03 [scrapy.extensions.logstats] INFO: Crawled 2 pages (at 0 pages/min), scraped 0 items (at 0 items/min)
[2026-05-02T13:19:03.820+0000] {subprocess.py:93} INFO - 2026-05-02 13:19:03 [scrapy.extensions.logstats] INFO: Crawled 2 pages (at 0 pages/min), scraped 0 items (at 0 items/min)
[2026-05-02T13:20:03.821+0000] {subprocess.py:93} INFO - 2026-05-02 13:20:03 [scrapy.extensions.logstats] INFO: Crawled 2 pages (at 0 pages/min), scraped 0 items (at 0 items/min)
[2026-05-02T13:21:02.325+0000] {timeout.py:68} ERROR - Process timed out, PID: 2594
[2026-05-02T13:21:02.326+0000] {subprocess.py:104} INFO - Sending SIGTERM signal to process group
[2026-05-02T13:21:02.339+0000] {taskinstance.py:2698} ERROR - Task failed with exception
Traceback (most recent call last):
  File "/home/airflow/.local/lib/python3.8/site-packages/airflow/models/taskinstance.py", line 428, in _execute_task
    result = execute_callable(context=context, **execute_callable_kwargs)
  File "/home/airflow/.local/lib/python3.8/site-packages/airflow/operators/bash.py", line 203, in execute
    result = self.subprocess_hook.run_command(
  File "/home/airflow/.local/lib/python3.8/site-packages/airflow/hooks/subprocess.py", line 91, in run_command
    for raw_line in iter(self.sub_process.stdout.readline, b""):
  File "/home/airflow/.local/lib/python3.8/site-packages/airflow/utils/timeout.py", line 69, in handle_timeout
    raise AirflowTaskTimeout(self.error_message)
airflow.exceptions.AirflowTaskTimeout: Timeout, PID: 2594
[2026-05-02T13:21:02.341+0000] {taskinstance.py:1138} INFO - Marking task as UP_FOR_RETRY. dag_id=market_intelligence_platform, task_id=parallel_scraping.scrape_uno, execution_date=20260502T112101, start_date=20260502T112102, end_date=20260502T132102
[2026-05-02T13:21:02.352+0000] {standard_task_runner.py:107} ERROR - Failed to execute job 20 for task parallel_scraping.scrape_uno (Timeout, PID: 2594; 2594)
[2026-05-02T13:21:02.372+0000] {local_task_job_runner.py:234} INFO - Task exited with return code 1
[2026-05-02T13:21:02.383+0000] {taskinstance.py:3280} INFO - 0 downstream tasks scheduled from follow-on schedule check
