[2026-04-30T21:45:50.626+0000] {taskinstance.py:1956} INFO - Dependencies all met for dep_context=non-requeueable deps ti=<TaskInstance: market_intelligence_platform.parallel_scraping.scrape_setup scheduled__2026-04-29T03:00:00+00:00 [queued]>
[2026-04-30T21:45:50.635+0000] {taskinstance.py:1956} INFO - Dependencies all met for dep_context=requeueable deps ti=<TaskInstance: market_intelligence_platform.parallel_scraping.scrape_setup scheduled__2026-04-29T03:00:00+00:00 [queued]>
[2026-04-30T21:45:50.635+0000] {taskinstance.py:2170} INFO - Starting attempt 1 of 3
[2026-04-30T21:45:50.651+0000] {taskinstance.py:2191} INFO - Executing <Task(BashOperator): parallel_scraping.scrape_setup> on 2026-04-29 03:00:00+00:00
[2026-04-30T21:45:50.657+0000] {standard_task_runner.py:60} INFO - Started process 190 to run task
[2026-04-30T21:45:50.661+0000] {standard_task_runner.py:87} INFO - Running: ['***', 'tasks', 'run', 'market_intelligence_platform', 'parallel_scraping.scrape_setup', 'scheduled__2026-04-29T03:00:00+00:00', '--job-id', '92', '--raw', '--subdir', 'DAGS_FOLDER/jumia_scraper_dag.py', '--cfg-path', '/tmp/tmpth47rnq2']
[2026-04-30T21:45:50.662+0000] {standard_task_runner.py:88} INFO - Job 92: Subtask parallel_scraping.scrape_setup
[2026-04-30T21:45:50.720+0000] {task_command.py:423} INFO - Running <TaskInstance: market_intelligence_platform.parallel_scraping.scrape_setup scheduled__2026-04-29T03:00:00+00:00 [running]> on host 843c5187474d
[2026-04-30T21:45:50.817+0000] {taskinstance.py:2480} INFO - Exporting env vars: AIRFLOW_CTX_DAG_OWNER='abdel' AIRFLOW_CTX_DAG_ID='market_intelligence_platform' AIRFLOW_CTX_TASK_ID='parallel_scraping.scrape_setup' AIRFLOW_CTX_EXECUTION_DATE='2026-04-29T03:00:00+00:00' AIRFLOW_CTX_TRY_NUMBER='1' AIRFLOW_CTX_DAG_RUN_ID='scheduled__2026-04-29T03:00:00+00:00'
[2026-04-30T21:45:50.818+0000] {subprocess.py:63} INFO - Tmp dir root location: /tmp
[2026-04-30T21:45:50.819+0000] {subprocess.py:75} INFO - Running command: ['/usr/bin/bash', '-c', 'mkdir -p /opt/***/scrapers/market_bot/data && python3 -m scrapy crawl setup -s LOG_LEVEL=INFO -o /opt/***/scrapers/market_bot/data/setup_2026-04-29.jsonl']
[2026-04-30T21:45:50.829+0000] {subprocess.py:86} INFO - Output:
[2026-04-30T21:45:51.365+0000] {subprocess.py:93} INFO - 2026-04-30 21:45:51 [scrapy.utils.log] INFO: Scrapy 2.11.2 started (bot: market_bot)
[2026-04-30T21:45:51.366+0000] {subprocess.py:93} INFO - Traceback (most recent call last):
[2026-04-30T21:45:51.366+0000] {subprocess.py:93} INFO -   File "/usr/local/lib/python3.8/runpy.py", line 194, in _run_module_as_main
[2026-04-30T21:45:51.366+0000] {subprocess.py:93} INFO -     return _run_code(code, main_globals, None,
[2026-04-30T21:45:51.367+0000] {subprocess.py:93} INFO -   File "/usr/local/lib/python3.8/runpy.py", line 87, in _run_code
[2026-04-30T21:45:51.367+0000] {subprocess.py:93} INFO -     exec(code, run_globals)
[2026-04-30T21:45:51.367+0000] {subprocess.py:93} INFO -   File "/home/***/.local/lib/python3.8/site-packages/scrapy/__main__.py", line 4, in <module>
[2026-04-30T21:45:51.367+0000] {subprocess.py:93} INFO -     execute()
[2026-04-30T21:45:51.367+0000] {subprocess.py:93} INFO -   File "/home/***/.local/lib/python3.8/site-packages/scrapy/cmdline.py", line 160, in execute
[2026-04-30T21:45:51.367+0000] {subprocess.py:93} INFO -     cmd.crawler_process = CrawlerProcess(settings)
[2026-04-30T21:45:51.367+0000] {subprocess.py:93} INFO -   File "/home/***/.local/lib/python3.8/site-packages/scrapy/crawler.py", line 359, in __init__
[2026-04-30T21:45:51.367+0000] {subprocess.py:93} INFO -     log_scrapy_info(self.settings)
[2026-04-30T21:45:51.367+0000] {subprocess.py:93} INFO -   File "/home/***/.local/lib/python3.8/site-packages/scrapy/utils/log.py", line 185, in log_scrapy_info
[2026-04-30T21:45:51.367+0000] {subprocess.py:93} INFO -     for name, version in scrapy_components_versions()
[2026-04-30T21:45:51.367+0000] {subprocess.py:93} INFO -   File "/home/***/.local/lib/python3.8/site-packages/scrapy/utils/versions.py", line 31, in scrapy_components_versions
[2026-04-30T21:45:51.368+0000] {subprocess.py:93} INFO -     ("Platform", platform.platform()),
[2026-04-30T21:45:51.368+0000] {subprocess.py:93} INFO -   File "/usr/local/lib/python3.8/platform.py", line 1206, in platform
[2026-04-30T21:45:51.368+0000] {subprocess.py:93} INFO -     libcname, libcversion = libc_ver(sys.executable)
[2026-04-30T21:45:51.368+0000] {subprocess.py:93} INFO -   File "/usr/local/lib/python3.8/platform.py", line 193, in libc_ver
[2026-04-30T21:45:51.368+0000] {subprocess.py:93} INFO -     with open(executable, 'rb') as f:
[2026-04-30T21:45:51.368+0000] {subprocess.py:93} INFO - IsADirectoryError: [Errno 21] Is a directory: '/tmp/***tmpmiz90c5_'
[2026-04-30T21:45:51.434+0000] {subprocess.py:97} INFO - Command exited with return code 1
[2026-04-30T21:45:51.445+0000] {taskinstance.py:2698} ERROR - Task failed with exception
Traceback (most recent call last):
  File "/home/airflow/.local/lib/python3.8/site-packages/airflow/models/taskinstance.py", line 428, in _execute_task
    result = execute_callable(context=context, **execute_callable_kwargs)
  File "/home/airflow/.local/lib/python3.8/site-packages/airflow/operators/bash.py", line 212, in execute
    raise AirflowException(
airflow.exceptions.AirflowException: Bash command failed. The command returned a non-zero exit code 1.
[2026-04-30T21:45:51.447+0000] {taskinstance.py:1138} INFO - Marking task as UP_FOR_RETRY. dag_id=market_intelligence_platform, task_id=parallel_scraping.scrape_setup, execution_date=20260429T030000, start_date=20260430T214550, end_date=20260430T214551
[2026-04-30T21:45:51.457+0000] {standard_task_runner.py:107} ERROR - Failed to execute job 92 for task parallel_scraping.scrape_setup (Bash command failed. The command returned a non-zero exit code 1.; 190)
[2026-04-30T21:45:51.474+0000] {local_task_job_runner.py:234} INFO - Task exited with return code 1
[2026-04-30T21:45:51.495+0000] {taskinstance.py:3280} INFO - 0 downstream tasks scheduled from follow-on schedule check
[2026-04-30T22:59:51.563+0000] {taskinstance.py:1956} INFO - Dependencies all met for dep_context=non-requeueable deps ti=<TaskInstance: market_intelligence_platform.parallel_scraping.scrape_setup scheduled__2026-04-29T03:00:00+00:00 [queued]>
[2026-04-30T22:59:51.573+0000] {taskinstance.py:1956} INFO - Dependencies all met for dep_context=requeueable deps ti=<TaskInstance: market_intelligence_platform.parallel_scraping.scrape_setup scheduled__2026-04-29T03:00:00+00:00 [queued]>
[2026-04-30T22:59:51.574+0000] {taskinstance.py:2170} INFO - Starting attempt 1 of 2
[2026-04-30T22:59:51.591+0000] {taskinstance.py:2191} INFO - Executing <Task(BashOperator): parallel_scraping.scrape_setup> on 2026-04-29 03:00:00+00:00
[2026-04-30T22:59:51.597+0000] {standard_task_runner.py:60} INFO - Started process 371 to run task
[2026-04-30T22:59:51.602+0000] {standard_task_runner.py:87} INFO - Running: ['***', 'tasks', 'run', 'market_intelligence_platform', 'parallel_scraping.scrape_setup', 'scheduled__2026-04-29T03:00:00+00:00', '--job-id', '13', '--raw', '--subdir', 'DAGS_FOLDER/jumia_scraper_dag.py', '--cfg-path', '/tmp/tmpwt2n0nb4']
[2026-04-30T22:59:51.604+0000] {standard_task_runner.py:88} INFO - Job 13: Subtask parallel_scraping.scrape_setup
[2026-04-30T22:59:51.664+0000] {task_command.py:423} INFO - Running <TaskInstance: market_intelligence_platform.parallel_scraping.scrape_setup scheduled__2026-04-29T03:00:00+00:00 [running]> on host 99c16236c159
[2026-04-30T22:59:51.757+0000] {taskinstance.py:2480} INFO - Exporting env vars: AIRFLOW_CTX_DAG_OWNER='abdel' AIRFLOW_CTX_DAG_ID='market_intelligence_platform' AIRFLOW_CTX_TASK_ID='parallel_scraping.scrape_setup' AIRFLOW_CTX_EXECUTION_DATE='2026-04-29T03:00:00+00:00' AIRFLOW_CTX_TRY_NUMBER='1' AIRFLOW_CTX_DAG_RUN_ID='scheduled__2026-04-29T03:00:00+00:00'
[2026-04-30T22:59:51.758+0000] {subprocess.py:63} INFO - Tmp dir root location: /tmp
[2026-04-30T22:59:51.759+0000] {subprocess.py:75} INFO - Running command: ['/usr/bin/bash', '-c', 'mkdir -p /opt/***/scrapers/market_bot/data && cd /opt/***/scrapers/market_bot && export KAFKA_BOOTSTRAP_SERVERS=kafka:29092 && export KAFKA_TOPIC=market_data && python3 -m scrapy crawl setup -s LOG_LEVEL=INFO -o /opt/***/scrapers/market_bot/data/setup_2026-04-29.jsonl']
[2026-04-30T22:59:51.770+0000] {subprocess.py:86} INFO - Output:
[2026-04-30T22:59:52.430+0000] {subprocess.py:93} INFO - 2026-04-30 22:59:52 [scrapy.utils.log] INFO: Scrapy 2.11.2 started (bot: market_bot)
[2026-04-30T22:59:52.431+0000] {subprocess.py:93} INFO - 2026-04-30 22:59:52 [scrapy.utils.log] INFO: Versions: lxml 5.1.0.0, libxml2 2.12.3, cssselect 1.2.0, parsel 1.9.1, w3lib 2.2.1, Twisted 25.5.0, Python 3.8.18 (default, Feb 13 2024, 11:06:24) - [GCC 12.2.0], pyOpenSSL 23.3.0 (OpenSSL 3.1.4 24 Oct 2023), cryptography 41.0.7, Platform Linux-6.19.11+kali-amd64-x86_64-with-glibc2.34
[2026-04-30T22:59:52.431+0000] {subprocess.py:93} INFO - 2026-04-30 22:59:52 [scrapy.addons] INFO: Enabled addons:
[2026-04-30T22:59:52.431+0000] {subprocess.py:93} INFO - []
[2026-04-30T22:59:52.444+0000] {subprocess.py:93} INFO - 2026-04-30 22:59:52 [scrapy.extensions.telnet] INFO: Telnet Password: ee1fba5aac92bc46
[2026-04-30T22:59:52.649+0000] {subprocess.py:93} INFO - 2026-04-30 22:59:52 [scrapy.middleware] INFO: Enabled extensions:
[2026-04-30T22:59:52.649+0000] {subprocess.py:93} INFO - ['scrapy.extensions.corestats.CoreStats',
[2026-04-30T22:59:52.649+0000] {subprocess.py:93} INFO -  'scrapy.extensions.telnet.TelnetConsole',
[2026-04-30T22:59:52.650+0000] {subprocess.py:93} INFO -  'scrapy.extensions.memusage.MemoryUsage',
[2026-04-30T22:59:52.650+0000] {subprocess.py:93} INFO -  'scrapy.extensions.closespider.CloseSpider',
[2026-04-30T22:59:52.650+0000] {subprocess.py:93} INFO -  'scrapy.extensions.feedexport.FeedExporter',
[2026-04-30T22:59:52.650+0000] {subprocess.py:93} INFO -  'scrapy.extensions.logstats.LogStats',
[2026-04-30T22:59:52.650+0000] {subprocess.py:93} INFO -  'scrapy.extensions.throttle.AutoThrottle']
[2026-04-30T22:59:52.651+0000] {subprocess.py:93} INFO - 2026-04-30 22:59:52 [scrapy.crawler] INFO: Overridden settings:
[2026-04-30T22:59:52.651+0000] {subprocess.py:93} INFO - {'ASYNCIO_EVENT_LOOP': 'asyncio.SelectorEventLoop',
[2026-04-30T22:59:52.652+0000] {subprocess.py:93} INFO -  'AUTOTHROTTLE_ENABLED': True,
[2026-04-30T22:59:52.652+0000] {subprocess.py:93} INFO -  'AUTOTHROTTLE_START_DELAY': 1.5,
[2026-04-30T22:59:52.652+0000] {subprocess.py:93} INFO -  'AUTOTHROTTLE_TARGET_CONCURRENCY': 2.0,
[2026-04-30T22:59:52.652+0000] {subprocess.py:93} INFO -  'BOT_NAME': 'market_bot',
[2026-04-30T22:59:52.652+0000] {subprocess.py:93} INFO -  'CLOSESPIDER_ITEMCOUNT': 50000,
[2026-04-30T22:59:52.652+0000] {subprocess.py:93} INFO -  'CLOSESPIDER_PAGECOUNT': 5000,
[2026-04-30T22:59:52.652+0000] {subprocess.py:93} INFO -  'CONCURRENT_REQUESTS': 1,
[2026-04-30T22:59:52.653+0000] {subprocess.py:93} INFO -  'COOKIES_ENABLED': False,
[2026-04-30T22:59:52.653+0000] {subprocess.py:93} INFO -  'DOWNLOAD_TIMEOUT': 90,
[2026-04-30T22:59:52.653+0000] {subprocess.py:93} INFO -  'FEED_EXPORT_ENCODING': 'utf-8',
[2026-04-30T22:59:52.653+0000] {subprocess.py:93} INFO -  'LOG_LEVEL': 'INFO',
[2026-04-30T22:59:52.653+0000] {subprocess.py:93} INFO -  'NEWSPIDER_MODULE': 'market_bot.spiders',
[2026-04-30T22:59:52.653+0000] {subprocess.py:93} INFO -  'REQUEST_FINGERPRINTER_IMPLEMENTATION': '2.7',
[2026-04-30T22:59:52.653+0000] {subprocess.py:93} INFO -  'RETRY_HTTP_CODES': [500, 502, 503, 504, 408, 429],
[2026-04-30T22:59:52.654+0000] {subprocess.py:93} INFO -  'RETRY_TIMES': 5,
[2026-04-30T22:59:52.654+0000] {subprocess.py:93} INFO -  'SPIDER_MODULES': ['market_bot.spiders'],
[2026-04-30T22:59:52.654+0000] {subprocess.py:93} INFO -  'TWISTED_REACTOR': 'twisted.internet.asyncioreactor.AsyncioSelectorReactor',
[2026-04-30T22:59:52.654+0000] {subprocess.py:93} INFO -  'USER_AGENT': 'Mozilla/5.0 (Windows NT 10.0; Win64; x64) AppleWebKit/537.36 '
[2026-04-30T22:59:52.654+0000] {subprocess.py:93} INFO -                '(KHTML, like Gecko) Chrome/124.0.0.0 Safari/537.36'}
[2026-04-30T22:59:52.776+0000] {subprocess.py:93} INFO - 2026-04-30 22:59:52 [scrapy.middleware] INFO: Enabled downloader middlewares:
[2026-04-30T22:59:52.777+0000] {subprocess.py:93} INFO - ['scrapy.downloadermiddlewares.offsite.OffsiteMiddleware',
[2026-04-30T22:59:52.777+0000] {subprocess.py:93} INFO -  'scrapy.downloadermiddlewares.httpauth.HttpAuthMiddleware',
[2026-04-30T22:59:52.777+0000] {subprocess.py:93} INFO -  'scrapy.downloadermiddlewares.downloadtimeout.DownloadTimeoutMiddleware',
[2026-04-30T22:59:52.779+0000] {subprocess.py:93} INFO -  'scrapy.downloadermiddlewares.defaultheaders.DefaultHeadersMiddleware',
[2026-04-30T22:59:52.779+0000] {subprocess.py:93} INFO -  'scrapy.downloadermiddlewares.useragent.UserAgentMiddleware',
[2026-04-30T22:59:52.779+0000] {subprocess.py:93} INFO -  'scrapy.downloadermiddlewares.retry.RetryMiddleware',
[2026-04-30T22:59:52.790+0000] {subprocess.py:93} INFO -  'scrapy.downloadermiddlewares.redirect.MetaRefreshMiddleware',
[2026-04-30T22:59:52.791+0000] {subprocess.py:93} INFO -  'scrapy.downloadermiddlewares.httpcompression.HttpCompressionMiddleware',
[2026-04-30T22:59:52.791+0000] {subprocess.py:93} INFO -  'scrapy.downloadermiddlewares.redirect.RedirectMiddleware',
[2026-04-30T22:59:52.791+0000] {subprocess.py:93} INFO -  'scrapy.downloadermiddlewares.httpproxy.HttpProxyMiddleware',
[2026-04-30T22:59:52.791+0000] {subprocess.py:93} INFO -  'scrapy.downloadermiddlewares.stats.DownloaderStats']
[2026-04-30T22:59:52.796+0000] {subprocess.py:93} INFO - 2026-04-30 22:59:52 [scrapy.middleware] INFO: Enabled spider middlewares:
[2026-04-30T22:59:52.796+0000] {subprocess.py:93} INFO - ['scrapy.spidermiddlewares.httperror.HttpErrorMiddleware',
[2026-04-30T22:59:52.797+0000] {subprocess.py:93} INFO -  'scrapy.spidermiddlewares.referer.RefererMiddleware',
[2026-04-30T22:59:52.797+0000] {subprocess.py:93} INFO -  'scrapy.spidermiddlewares.urllength.UrlLengthMiddleware',
[2026-04-30T22:59:52.797+0000] {subprocess.py:93} INFO -  'scrapy.spidermiddlewares.depth.DepthMiddleware']
[2026-04-30T22:59:52.805+0000] {subprocess.py:93} INFO - %4|1777589992.805|CONFWARN|scrapy-bot#producer-1| [thrd:app]: Configuration property api.version.request is deprecated: **Post-deprecation actions: remove this configuration property, brokers < 0.10.0 won't be supported anymore in librdkafka 3.x.** Request broker's supported API versions to adjust functionality to available protocol features. If set to false, or the ApiVersionRequest fails, the fallback version `broker.version.fallback` will be used. **NOTE**: Depends on broker version >=0.10.0. If the request is not supported by (an older) broker the `broker.version.fallback` fallback is used.
[2026-04-30T22:59:52.806+0000] {subprocess.py:93} INFO - %4|1777589992.805|CONFWARN|scrapy-bot#producer-1| [thrd:app]: Configuration property broker.version.fallback is deprecated: **Post-deprecation actions: remove this configuration property, brokers < 0.10.0 won't be supported anymore in librdkafka 3.x.** Older broker versions (before 0.10.0) provide no way for a client to query for supported protocol features (ApiVersionRequest, see `api.version.request`) making it impossible for the client to know what features it may use. As a workaround a user may set this property to the expected broker version and the client will automatically adjust its feature set accordingly if the ApiVersionRequest fails (or is disabled). The fallback broker version will be used for `api.version.fallback.ms`. Valid values are: 0.9.0, 0.8.2, 0.8.1, 0.8.0. Any other value >= 0.10, such as 0.10.2.1, enables ApiVersionRequests.
[2026-04-30T22:59:52.806+0000] {subprocess.py:93} INFO - 2026-04-30 22:59:52 [scrapy.middleware] INFO: Enabled item pipelines:
[2026-04-30T22:59:52.806+0000] {subprocess.py:93} INFO - ['market_bot.pipelines.KafkaPipeline']
[2026-04-30T22:59:52.806+0000] {subprocess.py:93} INFO - 2026-04-30 22:59:52 [scrapy.core.engine] INFO: Spider opened
[2026-04-30T22:59:52.818+0000] {subprocess.py:93} INFO - 2026-04-30 22:59:52 [scrapy.extensions.logstats] INFO: Crawled 0 pages (at 0 pages/min), scraped 0 items (at 0 items/min)
[2026-04-30T22:59:52.831+0000] {subprocess.py:93} INFO - 2026-04-30 22:59:52 [scrapy.extensions.telnet] INFO: Telnet console listening on 127.0.0.1:6029
[2026-04-30T22:59:52.832+0000] {subprocess.py:93} INFO - 2026-04-30 22:59:52 [scrapy-playwright] INFO: Starting download handler
[2026-04-30T22:59:52.832+0000] {subprocess.py:93} INFO - 2026-04-30 22:59:52 [scrapy-playwright] INFO: Starting download handler
[2026-04-30T22:59:57.828+0000] {subprocess.py:93} INFO - 2026-04-30 22:59:57 [scrapy-playwright] INFO: Launching browser chromium
[2026-04-30T22:59:57.913+0000] {subprocess.py:93} INFO - 2026-04-30 22:59:57 [scrapy-playwright] INFO: Browser chromium launched
[2026-04-30T22:59:58.295+0000] {subprocess.py:93} INFO - 2026-04-30 22:59:58 [setup] ERROR: ❌ Erreur sur https://www.setup.ma/categorie/ordinateurs/portables: <twisted.python.failure.Failure playwright._impl._errors.Error: Page.goto: net::ERR_NAME_NOT_RESOLVED at https://www.setup.ma/categorie/ordinateurs/portables
[2026-04-30T22:59:58.296+0000] {subprocess.py:93} INFO - Call log:
[2026-04-30T22:59:58.296+0000] {subprocess.py:93} INFO - navigating to "https://www.setup.ma/categorie/ordinateurs/portables", waiting until "load"
[2026-04-30T22:59:58.296+0000] {subprocess.py:93} INFO - >
[2026-04-30T23:00:00.196+0000] {subprocess.py:93} INFO - 2026-04-30 23:00:00 [setup] ERROR: ❌ Erreur sur https://www.setup.ma/categorie/moniteurs: <twisted.python.failure.Failure playwright._impl._errors.Error: Page.goto: net::ERR_NAME_NOT_RESOLVED at https://www.setup.ma/categorie/moniteurs
[2026-04-30T23:00:00.196+0000] {subprocess.py:93} INFO - Call log:
[2026-04-30T23:00:00.196+0000] {subprocess.py:93} INFO - navigating to "https://www.setup.ma/categorie/moniteurs", waiting until "load"
[2026-04-30T23:00:00.197+0000] {subprocess.py:93} INFO - >
[2026-04-30T23:00:00.296+0000] {subprocess.py:93} INFO - 2026-04-30 23:00:00 [scrapy.core.engine] INFO: Closing spider (finished)
[2026-04-30T23:00:00.297+0000] {subprocess.py:93} INFO - 2026-04-30 23:00:00 [setup] INFO: Finalizing Kafka: 0 items produced. Flushing...
[2026-04-30T23:00:00.297+0000] {subprocess.py:93} INFO - 2026-04-30 23:00:00 [setup] INFO: 🚀 Tous les messages ont été envoyés avec succès.
[2026-04-30T23:00:00.298+0000] {subprocess.py:93} INFO - 2026-04-30 23:00:00 [scrapy.extensions.feedexport] INFO: Stored jsonl feed (0 items) in: /opt/***/scrapers/market_bot/data/setup_2026-04-29.jsonl
[2026-04-30T23:00:00.298+0000] {subprocess.py:93} INFO - 2026-04-30 23:00:00 [scrapy.statscollectors] INFO: Dumping Scrapy stats:
[2026-04-30T23:00:00.298+0000] {subprocess.py:93} INFO - {'downloader/exception_count': 2,
[2026-04-30T23:00:00.298+0000] {subprocess.py:93} INFO -  'downloader/exception_type_count/playwright._impl._errors.Error': 2,
[2026-04-30T23:00:00.298+0000] {subprocess.py:93} INFO -  'downloader/request_bytes': 628,
[2026-04-30T23:00:00.299+0000] {subprocess.py:93} INFO -  'downloader/request_count': 2,
[2026-04-30T23:00:00.299+0000] {subprocess.py:93} INFO -  'downloader/request_method_count/GET': 2,
[2026-04-30T23:00:00.299+0000] {subprocess.py:93} INFO -  'elapsed_time_seconds': 7.48005,
[2026-04-30T23:00:00.299+0000] {subprocess.py:93} INFO -  'feedexport/success_count/FileFeedStorage': 1,
[2026-04-30T23:00:00.299+0000] {subprocess.py:93} INFO -  'finish_reason': 'finished',
[2026-04-30T23:00:00.299+0000] {subprocess.py:93} INFO -  'finish_time': datetime.datetime(2026, 4, 30, 23, 0, 0, 297353, tzinfo=datetime.timezone.utc),
[2026-04-30T23:00:00.299+0000] {subprocess.py:93} INFO -  'log_count/ERROR': 2,
[2026-04-30T23:00:00.299+0000] {subprocess.py:93} INFO -  'log_count/INFO': 17,
[2026-04-30T23:00:00.299+0000] {subprocess.py:93} INFO -  'memusage/max': 155426816,
[2026-04-30T23:00:00.300+0000] {subprocess.py:93} INFO -  'memusage/startup': 155426816,
[2026-04-30T23:00:00.300+0000] {subprocess.py:93} INFO -  'playwright/browser_count': 1,
[2026-04-30T23:00:00.300+0000] {subprocess.py:93} INFO -  'playwright/context_count': 1,
[2026-04-30T23:00:00.300+0000] {subprocess.py:93} INFO -  'playwright/context_count/max_concurrent': 1,
[2026-04-30T23:00:00.300+0000] {subprocess.py:93} INFO -  'playwright/context_count/persistent/False': 1,
[2026-04-30T23:00:00.300+0000] {subprocess.py:93} INFO -  'playwright/context_count/remote/False': 1,
[2026-04-30T23:00:00.300+0000] {subprocess.py:93} INFO -  'playwright/page_count': 2,
[2026-04-30T23:00:00.300+0000] {subprocess.py:93} INFO -  'playwright/page_count/max_concurrent': 2,
[2026-04-30T23:00:00.301+0000] {subprocess.py:93} INFO -  'playwright/request_count': 2,
[2026-04-30T23:00:00.301+0000] {subprocess.py:93} INFO -  'playwright/request_count/method/GET': 2,
[2026-04-30T23:00:00.301+0000] {subprocess.py:93} INFO -  'playwright/request_count/navigation': 2,
[2026-04-30T23:00:00.301+0000] {subprocess.py:93} INFO -  'playwright/request_count/resource_type/document': 2,
[2026-04-30T23:00:00.301+0000] {subprocess.py:93} INFO -  'scheduler/dequeued': 2,
[2026-04-30T23:00:00.301+0000] {subprocess.py:93} INFO -  'scheduler/dequeued/memory': 2,
[2026-04-30T23:00:00.301+0000] {subprocess.py:93} INFO -  'scheduler/enqueued': 2,
[2026-04-30T23:00:00.301+0000] {subprocess.py:93} INFO -  'scheduler/enqueued/memory': 2,
[2026-04-30T23:00:00.302+0000] {subprocess.py:93} INFO -  'start_time': datetime.datetime(2026, 4, 30, 22, 59, 52, 817303, tzinfo=datetime.timezone.utc)}
[2026-04-30T23:00:00.302+0000] {subprocess.py:93} INFO - 2026-04-30 23:00:00 [scrapy.core.engine] INFO: Spider closed (finished)
[2026-04-30T23:00:00.302+0000] {subprocess.py:93} INFO - 2026-04-30 23:00:00 [scrapy-playwright] INFO: Closing download handler
[2026-04-30T23:00:00.303+0000] {subprocess.py:93} INFO - 2026-04-30 23:00:00 [scrapy-playwright] INFO: Closing download handler
[2026-04-30T23:00:00.312+0000] {subprocess.py:93} INFO - 2026-04-30 23:00:00 [scrapy-playwright] INFO: Closing browser
[2026-04-30T23:00:00.516+0000] {subprocess.py:97} INFO - Command exited with return code 0
[2026-04-30T23:00:00.546+0000] {taskinstance.py:1138} INFO - Marking task as SUCCESS. dag_id=market_intelligence_platform, task_id=parallel_scraping.scrape_setup, execution_date=20260429T030000, start_date=20260430T225951, end_date=20260430T230000
[2026-04-30T23:00:00.594+0000] {local_task_job_runner.py:234} INFO - Task exited with return code 0
[2026-04-30T23:00:00.610+0000] {taskinstance.py:3280} INFO - 0 downstream tasks scheduled from follow-on schedule check
