[2026-05-04T06:13:04.888+0000] {taskinstance.py:1956} INFO - Dependencies all met for dep_context=non-requeueable deps ti=<TaskInstance: market_intelligence_platform.parallel_scraping.scrape_cosmos_tech manual__2026-05-04T06:13:04.388160+00:00 [queued]>
[2026-05-04T06:13:04.895+0000] {taskinstance.py:1956} INFO - Dependencies all met for dep_context=requeueable deps ti=<TaskInstance: market_intelligence_platform.parallel_scraping.scrape_cosmos_tech manual__2026-05-04T06:13:04.388160+00:00 [queued]>
[2026-05-04T06:13:04.896+0000] {taskinstance.py:2170} INFO - Starting attempt 1 of 2
[2026-05-04T06:13:04.910+0000] {taskinstance.py:2191} INFO - Executing <Task(BashOperator): parallel_scraping.scrape_cosmos_tech> on 2026-05-04 06:13:04.388160+00:00
[2026-05-04T06:13:04.914+0000] {standard_task_runner.py:60} INFO - Started process 26722 to run task
[2026-05-04T06:13:04.917+0000] {standard_task_runner.py:87} INFO - Running: ['***', 'tasks', 'run', 'market_intelligence_platform', 'parallel_scraping.scrape_cosmos_tech', 'manual__2026-05-04T06:13:04.388160+00:00', '--job-id', '311', '--raw', '--subdir', 'DAGS_FOLDER/jumia_scraper_dag.py', '--cfg-path', '/tmp/tmpj8phcw4s']
[2026-05-04T06:13:04.918+0000] {standard_task_runner.py:88} INFO - Job 311: Subtask parallel_scraping.scrape_cosmos_tech
[2026-05-04T06:13:04.958+0000] {task_command.py:423} INFO - Running <TaskInstance: market_intelligence_platform.parallel_scraping.scrape_cosmos_tech manual__2026-05-04T06:13:04.388160+00:00 [running]> on host c1627dbb6835
[2026-05-04T06:13:05.032+0000] {taskinstance.py:2480} INFO - Exporting env vars: AIRFLOW_CTX_DAG_OWNER='abdel' AIRFLOW_CTX_DAG_ID='market_intelligence_platform' AIRFLOW_CTX_TASK_ID='parallel_scraping.scrape_cosmos_tech' AIRFLOW_CTX_EXECUTION_DATE='2026-05-04T06:13:04.388160+00:00' AIRFLOW_CTX_TRY_NUMBER='1' AIRFLOW_CTX_DAG_RUN_ID='manual__2026-05-04T06:13:04.388160+00:00'
[2026-05-04T06:13:05.033+0000] {subprocess.py:63} INFO - Tmp dir root location: /tmp
[2026-05-04T06:13:05.034+0000] {subprocess.py:75} INFO - Running command: ['/usr/bin/bash', '-c', 'mkdir -p /opt/***/scrapers/market_bot/data && cd /opt/***/scrapers/market_bot && PYTHONPATH=/opt/***/scrapers/market_bot SCRAPY_SETTINGS_MODULE=market_bot.settings /home/***/.local/bin/scrapy crawl cosmos_tech -s LOG_LEVEL=INFO -o /opt/***/scrapers/market_bot/data/cosmos_tech_2026-05-04.jsonl']
[2026-05-04T06:13:05.045+0000] {subprocess.py:86} INFO - Output:
[2026-05-04T06:13:05.451+0000] {subprocess.py:93} INFO - 2026-05-04 06:13:05 [scrapy.utils.log] INFO: Scrapy 2.11.2 started (bot: market_bot)
[2026-05-04T06:13:05.452+0000] {subprocess.py:93} INFO - 2026-05-04 06:13:05 [scrapy.utils.log] INFO: Versions: lxml 5.1.0.0, libxml2 2.12.3, cssselect 1.2.0, parsel 1.9.1, w3lib 2.2.1, Twisted 25.5.0, Python 3.8.18 (default, Feb 13 2024, 11:06:24) - [GCC 12.2.0], pyOpenSSL 23.3.0 (OpenSSL 3.1.4 24 Oct 2023), cryptography 41.0.7, Platform Linux-6.19.11+kali-amd64-x86_64-with-glibc2.34
[2026-05-04T06:13:05.454+0000] {subprocess.py:93} INFO - 2026-05-04 06:13:05 [scrapy.addons] INFO: Enabled addons:
[2026-05-04T06:13:05.455+0000] {subprocess.py:93} INFO - []
[2026-05-04T06:13:05.463+0000] {subprocess.py:93} INFO - 2026-05-04 06:13:05 [scrapy.extensions.telnet] INFO: Telnet Password: eb3d80d35fffbbd8
[2026-05-04T06:13:05.588+0000] {subprocess.py:93} INFO - 2026-05-04 06:13:05 [scrapy.middleware] INFO: Enabled extensions:
[2026-05-04T06:13:05.588+0000] {subprocess.py:93} INFO - ['scrapy.extensions.corestats.CoreStats',
[2026-05-04T06:13:05.589+0000] {subprocess.py:93} INFO -  'scrapy.extensions.telnet.TelnetConsole',
[2026-05-04T06:13:05.589+0000] {subprocess.py:93} INFO -  'scrapy.extensions.memusage.MemoryUsage',
[2026-05-04T06:13:05.589+0000] {subprocess.py:93} INFO -  'scrapy.extensions.closespider.CloseSpider',
[2026-05-04T06:13:05.589+0000] {subprocess.py:93} INFO -  'scrapy.extensions.feedexport.FeedExporter',
[2026-05-04T06:13:05.589+0000] {subprocess.py:93} INFO -  'scrapy.extensions.logstats.LogStats',
[2026-05-04T06:13:05.589+0000] {subprocess.py:93} INFO -  'scrapy.extensions.throttle.AutoThrottle']
[2026-05-04T06:13:05.590+0000] {subprocess.py:93} INFO - 2026-05-04 06:13:05 [scrapy.crawler] INFO: Overridden settings:
[2026-05-04T06:13:05.590+0000] {subprocess.py:93} INFO - {'AUTOTHROTTLE_ENABLED': True,
[2026-05-04T06:13:05.590+0000] {subprocess.py:93} INFO -  'AUTOTHROTTLE_MAX_DELAY': 10,
[2026-05-04T06:13:05.590+0000] {subprocess.py:93} INFO -  'AUTOTHROTTLE_START_DELAY': 1,
[2026-05-04T06:13:05.590+0000] {subprocess.py:93} INFO -  'AUTOTHROTTLE_TARGET_CONCURRENCY': 2.0,
[2026-05-04T06:13:05.590+0000] {subprocess.py:93} INFO -  'BOT_NAME': 'market_bot',
[2026-05-04T06:13:05.590+0000] {subprocess.py:93} INFO -  'CLOSESPIDER_ITEMCOUNT': 50000,
[2026-05-04T06:13:05.591+0000] {subprocess.py:93} INFO -  'CLOSESPIDER_PAGECOUNT': 5000,
[2026-05-04T06:13:05.591+0000] {subprocess.py:93} INFO -  'CONCURRENT_REQUESTS': 4,
[2026-05-04T06:13:05.591+0000] {subprocess.py:93} INFO -  'CONCURRENT_REQUESTS_PER_DOMAIN': 2,
[2026-05-04T06:13:05.591+0000] {subprocess.py:93} INFO -  'DOWNLOAD_DELAY': 1.0,
[2026-05-04T06:13:05.591+0000] {subprocess.py:93} INFO -  'DOWNLOAD_TIMEOUT': 90,
[2026-05-04T06:13:05.591+0000] {subprocess.py:93} INFO -  'FEED_EXPORT_ENCODING': 'utf-8',
[2026-05-04T06:13:05.591+0000] {subprocess.py:93} INFO -  'LOG_LEVEL': 'INFO',
[2026-05-04T06:13:05.592+0000] {subprocess.py:93} INFO -  'NEWSPIDER_MODULE': 'market_bot.spiders',
[2026-05-04T06:13:05.592+0000] {subprocess.py:93} INFO -  'REQUEST_FINGERPRINTER_IMPLEMENTATION': '2.7',
[2026-05-04T06:13:05.592+0000] {subprocess.py:93} INFO -  'RETRY_HTTP_CODES': [500, 502, 503, 504, 408, 429],
[2026-05-04T06:13:05.592+0000] {subprocess.py:93} INFO -  'RETRY_TIMES': 5,
[2026-05-04T06:13:05.592+0000] {subprocess.py:93} INFO -  'SPIDER_MODULES': ['market_bot.spiders'],
[2026-05-04T06:13:05.592+0000] {subprocess.py:93} INFO -  'TWISTED_REACTOR': 'twisted.internet.asyncioreactor.AsyncioSelectorReactor',
[2026-05-04T06:13:05.592+0000] {subprocess.py:93} INFO -  'USER_AGENT': 'Mozilla/5.0 (Windows NT 10.0; Win64; x64) AppleWebKit/537.36 '
[2026-05-04T06:13:05.592+0000] {subprocess.py:93} INFO -                '(KHTML, like Gecko) Chrome/124.0.0.0 Safari/537.36'}
[2026-05-04T06:13:05.634+0000] {subprocess.py:93} INFO - 2026-05-04 06:13:05 [scrapy.middleware] INFO: Enabled downloader middlewares:
[2026-05-04T06:13:05.634+0000] {subprocess.py:93} INFO - ['scrapy.downloadermiddlewares.offsite.OffsiteMiddleware',
[2026-05-04T06:13:05.634+0000] {subprocess.py:93} INFO -  'scrapy.downloadermiddlewares.httpauth.HttpAuthMiddleware',
[2026-05-04T06:13:05.634+0000] {subprocess.py:93} INFO -  'scrapy.downloadermiddlewares.downloadtimeout.DownloadTimeoutMiddleware',
[2026-05-04T06:13:05.635+0000] {subprocess.py:93} INFO -  'scrapy.downloadermiddlewares.defaultheaders.DefaultHeadersMiddleware',
[2026-05-04T06:13:05.635+0000] {subprocess.py:93} INFO -  'scrapy.downloadermiddlewares.useragent.UserAgentMiddleware',
[2026-05-04T06:13:05.635+0000] {subprocess.py:93} INFO -  'scrapy.downloadermiddlewares.retry.RetryMiddleware',
[2026-05-04T06:13:05.635+0000] {subprocess.py:93} INFO -  'scrapy.downloadermiddlewares.redirect.MetaRefreshMiddleware',
[2026-05-04T06:13:05.635+0000] {subprocess.py:93} INFO -  'scrapy.downloadermiddlewares.httpcompression.HttpCompressionMiddleware',
[2026-05-04T06:13:05.635+0000] {subprocess.py:93} INFO -  'scrapy.downloadermiddlewares.redirect.RedirectMiddleware',
[2026-05-04T06:13:05.635+0000] {subprocess.py:93} INFO -  'scrapy.downloadermiddlewares.cookies.CookiesMiddleware',
[2026-05-04T06:13:05.635+0000] {subprocess.py:93} INFO -  'scrapy.downloadermiddlewares.httpproxy.HttpProxyMiddleware',
[2026-05-04T06:13:05.636+0000] {subprocess.py:93} INFO -  'scrapy.downloadermiddlewares.stats.DownloaderStats']
[2026-05-04T06:13:05.636+0000] {subprocess.py:93} INFO - 2026-05-04 06:13:05 [scrapy.middleware] INFO: Enabled spider middlewares:
[2026-05-04T06:13:05.636+0000] {subprocess.py:93} INFO - ['scrapy.spidermiddlewares.httperror.HttpErrorMiddleware',
[2026-05-04T06:13:05.636+0000] {subprocess.py:93} INFO -  'scrapy.spidermiddlewares.referer.RefererMiddleware',
[2026-05-04T06:13:05.636+0000] {subprocess.py:93} INFO -  'scrapy.spidermiddlewares.urllength.UrlLengthMiddleware',
[2026-05-04T06:13:05.636+0000] {subprocess.py:93} INFO -  'scrapy.spidermiddlewares.depth.DepthMiddleware']
[2026-05-04T06:13:05.641+0000] {subprocess.py:93} INFO - 2026-05-04 06:13:05 [scrapy.middleware] INFO: Enabled item pipelines:
[2026-05-04T06:13:05.641+0000] {subprocess.py:93} INFO - ['market_bot.pipelines.KafkaPipeline']
[2026-05-04T06:13:05.641+0000] {subprocess.py:93} INFO - 2026-05-04 06:13:05 [scrapy.core.engine] INFO: Spider opened
[2026-05-04T06:13:05.645+0000] {subprocess.py:93} INFO - 2026-05-04 06:13:05 [scrapy.extensions.logstats] INFO: Crawled 0 pages (at 0 pages/min), scraped 0 items (at 0 items/min)
[2026-05-04T06:13:05.648+0000] {subprocess.py:93} INFO - 2026-05-04 06:13:05 [scrapy.utils.signal] ERROR: Error caught on signal handler: <bound method TelnetConsole.start_listening of <scrapy.extensions.telnet.TelnetConsole object at 0x7f02576c0100>>
[2026-05-04T06:13:05.649+0000] {subprocess.py:93} INFO - Traceback (most recent call last):
[2026-05-04T06:13:05.649+0000] {subprocess.py:93} INFO -   File "/home/***/.local/lib/python3.8/site-packages/scrapy/utils/defer.py", line 348, in maybeDeferred_coro
[2026-05-04T06:13:05.649+0000] {subprocess.py:93} INFO -     result = f(*args, **kw)
[2026-05-04T06:13:05.649+0000] {subprocess.py:93} INFO -   File "/home/***/.local/lib/python3.8/site-packages/pydispatch/robustapply.py", line 55, in robustApply
[2026-05-04T06:13:05.649+0000] {subprocess.py:93} INFO -     return receiver(*arguments, **named)
[2026-05-04T06:13:05.649+0000] {subprocess.py:93} INFO -   File "/home/***/.local/lib/python3.8/site-packages/scrapy/extensions/telnet.py", line 68, in start_listening
[2026-05-04T06:13:05.649+0000] {subprocess.py:93} INFO -     self.port = listen_tcp(self.portrange, self.host, self)
[2026-05-04T06:13:05.649+0000] {subprocess.py:93} INFO -   File "/home/***/.local/lib/python3.8/site-packages/scrapy/utils/reactor.py", line 29, in listen_tcp
[2026-05-04T06:13:05.649+0000] {subprocess.py:93} INFO -     return reactor.listenTCP(x, factory, interface=host)
[2026-05-04T06:13:05.649+0000] {subprocess.py:93} INFO -   File "/home/***/.local/lib/python3.8/site-packages/twisted/internet/posixbase.py", line 366, in listenTCP
[2026-05-04T06:13:05.650+0000] {subprocess.py:93} INFO -     p.startListening()
[2026-05-04T06:13:05.650+0000] {subprocess.py:93} INFO -   File "/home/***/.local/lib/python3.8/site-packages/twisted/internet/tcp.py", line 1361, in startListening
[2026-05-04T06:13:05.650+0000] {subprocess.py:93} INFO -     skt.listen(self.backlog)
[2026-05-04T06:13:05.650+0000] {subprocess.py:93} INFO - OSError: [Errno 98] Address already in use
[2026-05-04T06:13:05.650+0000] {subprocess.py:93} INFO - 2026-05-04 06:13:05 [scrapy.core.engine] INFO: Closing spider (finished)
[2026-05-04T06:13:05.650+0000] {subprocess.py:93} INFO - 2026-05-04 06:13:05 [scrapy.core.engine] ERROR: Scraper close failure
[2026-05-04T06:13:05.650+0000] {subprocess.py:93} INFO - Traceback (most recent call last):
[2026-05-04T06:13:05.650+0000] {subprocess.py:93} INFO -   File "/home/***/.local/lib/python3.8/site-packages/twisted/internet/defer.py", line 1092, in _runCallbacks
[2026-05-04T06:13:05.650+0000] {subprocess.py:93} INFO -     current.result = callback(  # type: ignore[misc]
[2026-05-04T06:13:05.650+0000] {subprocess.py:93} INFO - TypeError: close_spider() takes 1 positional argument but 2 were given
[2026-05-04T06:13:05.650+0000] {subprocess.py:93} INFO - 2026-05-04 06:13:05 [scrapy.extensions.feedexport] INFO: Stored jsonl feed (0 items) in: /opt/***/scrapers/market_bot/data/cosmos_tech_2026-05-04.jsonl
[2026-05-04T06:13:05.650+0000] {subprocess.py:93} INFO - 2026-05-04 06:13:05 [scrapy.statscollectors] INFO: Dumping Scrapy stats:
[2026-05-04T06:13:05.651+0000] {subprocess.py:93} INFO - {'elapsed_time_seconds': 0.004838,
[2026-05-04T06:13:05.651+0000] {subprocess.py:93} INFO -  'feedexport/success_count/FileFeedStorage': 1,
[2026-05-04T06:13:05.651+0000] {subprocess.py:93} INFO -  'finish_reason': 'finished',
[2026-05-04T06:13:05.651+0000] {subprocess.py:93} INFO -  'finish_time': datetime.datetime(2026, 5, 4, 6, 13, 5, 649897, tzinfo=datetime.timezone.utc),
[2026-05-04T06:13:05.651+0000] {subprocess.py:93} INFO -  'log_count/ERROR': 2,
[2026-05-04T06:13:05.651+0000] {subprocess.py:93} INFO -  'log_count/INFO': 10,
[2026-05-04T06:13:05.651+0000] {subprocess.py:93} INFO -  'memusage/max': 155312128,
[2026-05-04T06:13:05.651+0000] {subprocess.py:93} INFO -  'memusage/startup': 155312128,
[2026-05-04T06:13:05.651+0000] {subprocess.py:93} INFO -  'start_time': datetime.datetime(2026, 5, 4, 6, 13, 5, 645059, tzinfo=datetime.timezone.utc)}
[2026-05-04T06:13:05.651+0000] {subprocess.py:93} INFO - 2026-05-04 06:13:05 [scrapy.core.engine] INFO: Spider closed (finished)
[2026-05-04T06:13:05.651+0000] {subprocess.py:93} INFO - 2026-05-04 06:13:05 [scrapy.utils.signal] ERROR: Error caught on signal handler: <bound method TelnetConsole.stop_listening of <scrapy.extensions.telnet.TelnetConsole object at 0x7f02576c0100>>
[2026-05-04T06:13:05.651+0000] {subprocess.py:93} INFO - Traceback (most recent call last):
[2026-05-04T06:13:05.651+0000] {subprocess.py:93} INFO -   File "/home/***/.local/lib/python3.8/site-packages/scrapy/utils/defer.py", line 348, in maybeDeferred_coro
[2026-05-04T06:13:05.652+0000] {subprocess.py:93} INFO -     result = f(*args, **kw)
[2026-05-04T06:13:05.652+0000] {subprocess.py:93} INFO -   File "/home/***/.local/lib/python3.8/site-packages/pydispatch/robustapply.py", line 55, in robustApply
[2026-05-04T06:13:05.652+0000] {subprocess.py:93} INFO -     return receiver(*arguments, **named)
[2026-05-04T06:13:05.652+0000] {subprocess.py:93} INFO -   File "/home/***/.local/lib/python3.8/site-packages/scrapy/extensions/telnet.py", line 77, in stop_listening
[2026-05-04T06:13:05.652+0000] {subprocess.py:93} INFO -     self.port.stopListening()
[2026-05-04T06:13:05.652+0000] {subprocess.py:93} INFO - AttributeError: 'TelnetConsole' object has no attribute 'port'
[2026-05-04T06:13:05.790+0000] {subprocess.py:97} INFO - Command exited with return code 0
[2026-05-04T06:13:05.826+0000] {taskinstance.py:1138} INFO - Marking task as SUCCESS. dag_id=market_intelligence_platform, task_id=parallel_scraping.scrape_cosmos_tech, execution_date=20260504T061304, start_date=20260504T061304, end_date=20260504T061305
[2026-05-04T06:13:05.859+0000] {local_task_job_runner.py:234} INFO - Task exited with return code 0
[2026-05-04T06:13:05.883+0000] {taskinstance.py:3280} INFO - 0 downstream tasks scheduled from follow-on schedule check
