[2026-05-03T23:11:32.230+0000] {taskinstance.py:1956} INFO - Dependencies all met for dep_context=non-requeueable deps ti=<TaskInstance: market_intelligence_platform.parallel_scraping.scrape_jumia manual__2026-05-03T23:11:31.311640+00:00 [queued]>
[2026-05-03T23:11:32.241+0000] {taskinstance.py:1956} INFO - Dependencies all met for dep_context=requeueable deps ti=<TaskInstance: market_intelligence_platform.parallel_scraping.scrape_jumia manual__2026-05-03T23:11:31.311640+00:00 [queued]>
[2026-05-03T23:11:32.241+0000] {taskinstance.py:2170} INFO - Starting attempt 1 of 2
[2026-05-03T23:11:32.257+0000] {taskinstance.py:2191} INFO - Executing <Task(BashOperator): parallel_scraping.scrape_jumia> on 2026-05-03 23:11:31.311640+00:00
[2026-05-03T23:11:32.261+0000] {standard_task_runner.py:60} INFO - Started process 4386 to run task
[2026-05-03T23:11:32.264+0000] {standard_task_runner.py:87} INFO - Running: ['***', 'tasks', 'run', 'market_intelligence_platform', 'parallel_scraping.scrape_jumia', 'manual__2026-05-03T23:11:31.311640+00:00', '--job-id', '145', '--raw', '--subdir', 'DAGS_FOLDER/jumia_scraper_dag.py', '--cfg-path', '/tmp/tmph6fleaq8']
[2026-05-03T23:11:32.265+0000] {standard_task_runner.py:88} INFO - Job 145: Subtask parallel_scraping.scrape_jumia
[2026-05-03T23:11:32.306+0000] {task_command.py:423} INFO - Running <TaskInstance: market_intelligence_platform.parallel_scraping.scrape_jumia manual__2026-05-03T23:11:31.311640+00:00 [running]> on host c1627dbb6835
[2026-05-03T23:11:32.381+0000] {taskinstance.py:2480} INFO - Exporting env vars: AIRFLOW_CTX_DAG_OWNER='abdel' AIRFLOW_CTX_DAG_ID='market_intelligence_platform' AIRFLOW_CTX_TASK_ID='parallel_scraping.scrape_jumia' AIRFLOW_CTX_EXECUTION_DATE='2026-05-03T23:11:31.311640+00:00' AIRFLOW_CTX_TRY_NUMBER='1' AIRFLOW_CTX_DAG_RUN_ID='manual__2026-05-03T23:11:31.311640+00:00'
[2026-05-03T23:11:32.381+0000] {subprocess.py:63} INFO - Tmp dir root location: /tmp
[2026-05-03T23:11:32.382+0000] {subprocess.py:75} INFO - Running command: ['/usr/bin/bash', '-c', 'mkdir -p /opt/***/scrapers/market_bot/data && cd /opt/***/scrapers/market_bot && python3 -m scrapy crawl jumia -s LOG_LEVEL=INFO -o /opt/***/scrapers/market_bot/data/jumia_2026-05-03.jsonl']
[2026-05-03T23:11:32.388+0000] {subprocess.py:86} INFO - Output:
[2026-05-03T23:11:32.738+0000] {subprocess.py:93} INFO - 2026-05-03 23:11:32 [scrapy.utils.log] INFO: Scrapy 2.11.2 started (bot: market_bot)
[2026-05-03T23:11:32.739+0000] {subprocess.py:93} INFO - 2026-05-03 23:11:32 [scrapy.utils.log] INFO: Versions: lxml 5.1.0.0, libxml2 2.12.3, cssselect 1.2.0, parsel 1.9.1, w3lib 2.2.1, Twisted 25.5.0, Python 3.8.18 (default, Feb 13 2024, 11:06:24) - [GCC 12.2.0], pyOpenSSL 23.3.0 (OpenSSL 3.1.4 24 Oct 2023), cryptography 41.0.7, Platform Linux-6.19.11+kali-amd64-x86_64-with-glibc2.34
[2026-05-03T23:11:32.742+0000] {subprocess.py:93} INFO - 2026-05-03 23:11:32 [scrapy.addons] INFO: Enabled addons:
[2026-05-03T23:11:32.742+0000] {subprocess.py:93} INFO - []
[2026-05-03T23:11:32.753+0000] {subprocess.py:93} INFO - 2026-05-03 23:11:32 [scrapy.extensions.telnet] INFO: Telnet Password: c726f1ecb2e38829
[2026-05-03T23:11:32.898+0000] {subprocess.py:93} INFO - 2026-05-03 23:11:32 [scrapy.middleware] INFO: Enabled extensions:
[2026-05-03T23:11:32.898+0000] {subprocess.py:93} INFO - ['scrapy.extensions.corestats.CoreStats',
[2026-05-03T23:11:32.898+0000] {subprocess.py:93} INFO -  'scrapy.extensions.telnet.TelnetConsole',
[2026-05-03T23:11:32.898+0000] {subprocess.py:93} INFO -  'scrapy.extensions.memusage.MemoryUsage',
[2026-05-03T23:11:32.899+0000] {subprocess.py:93} INFO -  'scrapy.extensions.closespider.CloseSpider',
[2026-05-03T23:11:32.899+0000] {subprocess.py:93} INFO -  'scrapy.extensions.feedexport.FeedExporter',
[2026-05-03T23:11:32.899+0000] {subprocess.py:93} INFO -  'scrapy.extensions.logstats.LogStats',
[2026-05-03T23:11:32.899+0000] {subprocess.py:93} INFO -  'scrapy.extensions.throttle.AutoThrottle']
[2026-05-03T23:11:32.899+0000] {subprocess.py:93} INFO - 2026-05-03 23:11:32 [scrapy.crawler] INFO: Overridden settings:
[2026-05-03T23:11:32.899+0000] {subprocess.py:93} INFO - {'ASYNCIO_EVENT_LOOP': 'asyncio.SelectorEventLoop',
[2026-05-03T23:11:32.899+0000] {subprocess.py:93} INFO -  'AUTOTHROTTLE_ENABLED': True,
[2026-05-03T23:11:32.899+0000] {subprocess.py:93} INFO -  'AUTOTHROTTLE_START_DELAY': 1.5,
[2026-05-03T23:11:32.899+0000] {subprocess.py:93} INFO -  'AUTOTHROTTLE_TARGET_CONCURRENCY': 2.0,
[2026-05-03T23:11:32.899+0000] {subprocess.py:93} INFO -  'BOT_NAME': 'market_bot',
[2026-05-03T23:11:32.899+0000] {subprocess.py:93} INFO -  'CLOSESPIDER_ITEMCOUNT': 50000,
[2026-05-03T23:11:32.899+0000] {subprocess.py:93} INFO -  'CLOSESPIDER_PAGECOUNT': 5000,
[2026-05-03T23:11:32.899+0000] {subprocess.py:93} INFO -  'COOKIES_ENABLED': False,
[2026-05-03T23:11:32.900+0000] {subprocess.py:93} INFO -  'DOWNLOAD_TIMEOUT': 90,
[2026-05-03T23:11:32.900+0000] {subprocess.py:93} INFO -  'FEED_EXPORT_ENCODING': 'utf-8',
[2026-05-03T23:11:32.900+0000] {subprocess.py:93} INFO -  'LOG_LEVEL': 'INFO',
[2026-05-03T23:11:32.900+0000] {subprocess.py:93} INFO -  'NEWSPIDER_MODULE': 'market_bot.spiders',
[2026-05-03T23:11:32.900+0000] {subprocess.py:93} INFO -  'REQUEST_FINGERPRINTER_IMPLEMENTATION': '2.7',
[2026-05-03T23:11:32.900+0000] {subprocess.py:93} INFO -  'RETRY_HTTP_CODES': [500, 502, 503, 504, 408, 429],
[2026-05-03T23:11:32.900+0000] {subprocess.py:93} INFO -  'RETRY_TIMES': 5,
[2026-05-03T23:11:32.900+0000] {subprocess.py:93} INFO -  'SPIDER_MODULES': ['market_bot.spiders'],
[2026-05-03T23:11:32.900+0000] {subprocess.py:93} INFO -  'TWISTED_REACTOR': 'twisted.internet.asyncioreactor.AsyncioSelectorReactor',
[2026-05-03T23:11:32.900+0000] {subprocess.py:93} INFO -  'USER_AGENT': 'Mozilla/5.0 (Windows NT 10.0; Win64; x64) AppleWebKit/537.36 '
[2026-05-03T23:11:32.900+0000] {subprocess.py:93} INFO -                '(KHTML, like Gecko) Chrome/124.0.0.0 Safari/537.36'}
[2026-05-03T23:11:32.963+0000] {subprocess.py:93} INFO - 2026-05-03 23:11:32 [scrapy.middleware] INFO: Enabled downloader middlewares:
[2026-05-03T23:11:32.964+0000] {subprocess.py:93} INFO - ['scrapy.downloadermiddlewares.offsite.OffsiteMiddleware',
[2026-05-03T23:11:32.964+0000] {subprocess.py:93} INFO -  'scrapy.downloadermiddlewares.httpauth.HttpAuthMiddleware',
[2026-05-03T23:11:32.964+0000] {subprocess.py:93} INFO -  'scrapy.downloadermiddlewares.downloadtimeout.DownloadTimeoutMiddleware',
[2026-05-03T23:11:32.964+0000] {subprocess.py:93} INFO -  'scrapy.downloadermiddlewares.defaultheaders.DefaultHeadersMiddleware',
[2026-05-03T23:11:32.964+0000] {subprocess.py:93} INFO -  'scrapy.downloadermiddlewares.useragent.UserAgentMiddleware',
[2026-05-03T23:11:32.965+0000] {subprocess.py:93} INFO -  'scrapy.downloadermiddlewares.retry.RetryMiddleware',
[2026-05-03T23:11:32.965+0000] {subprocess.py:93} INFO -  'scrapy.downloadermiddlewares.redirect.MetaRefreshMiddleware',
[2026-05-03T23:11:32.965+0000] {subprocess.py:93} INFO -  'scrapy.downloadermiddlewares.httpcompression.HttpCompressionMiddleware',
[2026-05-03T23:11:32.965+0000] {subprocess.py:93} INFO -  'scrapy.downloadermiddlewares.redirect.RedirectMiddleware',
[2026-05-03T23:11:32.965+0000] {subprocess.py:93} INFO -  'scrapy.downloadermiddlewares.httpproxy.HttpProxyMiddleware',
[2026-05-03T23:11:32.965+0000] {subprocess.py:93} INFO -  'scrapy.downloadermiddlewares.stats.DownloaderStats']
[2026-05-03T23:11:32.965+0000] {subprocess.py:93} INFO - 2026-05-03 23:11:32 [scrapy.middleware] INFO: Enabled spider middlewares:
[2026-05-03T23:11:32.966+0000] {subprocess.py:93} INFO - ['scrapy.spidermiddlewares.httperror.HttpErrorMiddleware',
[2026-05-03T23:11:32.966+0000] {subprocess.py:93} INFO -  'scrapy.spidermiddlewares.referer.RefererMiddleware',
[2026-05-03T23:11:32.966+0000] {subprocess.py:93} INFO -  'scrapy.spidermiddlewares.urllength.UrlLengthMiddleware',
[2026-05-03T23:11:32.966+0000] {subprocess.py:93} INFO -  'scrapy.spidermiddlewares.depth.DepthMiddleware']
[2026-05-03T23:11:32.970+0000] {subprocess.py:93} INFO - %4|1777849892.970|CONFWARN|scrapy-bot#producer-1| [thrd:app]: Configuration property api.version.request is deprecated: **Post-deprecation actions: remove this configuration property, brokers < 0.10.0 won't be supported anymore in librdkafka 3.x.** Request broker's supported API versions to adjust functionality to available protocol features. If set to false, or the ApiVersionRequest fails, the fallback version `broker.version.fallback` will be used. **NOTE**: Depends on broker version >=0.10.0. If the request is not supported by (an older) broker the `broker.version.fallback` fallback is used.
[2026-05-03T23:11:32.970+0000] {subprocess.py:93} INFO - %4|1777849892.970|CONFWARN|scrapy-bot#producer-1| [thrd:app]: Configuration property broker.version.fallback is deprecated: **Post-deprecation actions: remove this configuration property, brokers < 0.10.0 won't be supported anymore in librdkafka 3.x.** Older broker versions (before 0.10.0) provide no way for a client to query for supported protocol features (ApiVersionRequest, see `api.version.request`) making it impossible for the client to know what features it may use. As a workaround a user may set this property to the expected broker version and the client will automatically adjust its feature set accordingly if the ApiVersionRequest fails (or is disabled). The fallback broker version will be used for `api.version.fallback.ms`. Valid values are: 0.9.0, 0.8.2, 0.8.1, 0.8.0. Any other value >= 0.10, such as 0.10.2.1, enables ApiVersionRequests.
[2026-05-03T23:11:32.970+0000] {subprocess.py:93} INFO - 2026-05-03 23:11:32 [scrapy.middleware] INFO: Enabled item pipelines:
[2026-05-03T23:11:32.971+0000] {subprocess.py:93} INFO - ['market_bot.pipelines.KafkaPipeline']
[2026-05-03T23:11:32.971+0000] {subprocess.py:93} INFO - 2026-05-03 23:11:32 [scrapy.core.engine] INFO: Spider opened
[2026-05-03T23:11:32.975+0000] {subprocess.py:93} INFO - 2026-05-03 23:11:32 [scrapy.extensions.logstats] INFO: Crawled 0 pages (at 0 pages/min), scraped 0 items (at 0 items/min)
[2026-05-03T23:11:32.976+0000] {subprocess.py:93} INFO - 2026-05-03 23:11:32 [scrapy.extensions.telnet] INFO: Telnet console listening on 127.0.0.1:6038
[2026-05-03T23:11:32.977+0000] {subprocess.py:93} INFO - 2026-05-03 23:11:32 [scrapy-playwright] INFO: Starting download handler
[2026-05-03T23:11:32.977+0000] {subprocess.py:93} INFO - 2026-05-03 23:11:32 [scrapy-playwright] INFO: Starting download handler
[2026-05-03T23:12:32.975+0000] {subprocess.py:93} INFO - 2026-05-03 23:12:32 [scrapy.extensions.logstats] INFO: Crawled 24 pages (at 24 pages/min), scraped 955 items (at 955 items/min)
[2026-05-03T23:13:32.975+0000] {subprocess.py:93} INFO - 2026-05-03 23:13:32 [scrapy.extensions.logstats] INFO: Crawled 48 pages (at 24 pages/min), scraped 1915 items (at 960 items/min)
[2026-05-03T23:13:54.020+0000] {subprocess.py:93} INFO - 2026-05-03 23:13:54 [scrapy.core.engine] INFO: Closing spider (finished)
[2026-05-03T23:13:54.020+0000] {subprocess.py:93} INFO - 2026-05-03 23:13:54 [jumia] INFO: Finalizing Kafka: 2131 items produced. Flushing...
[2026-05-03T23:13:54.023+0000] {subprocess.py:93} INFO - 2026-05-03 23:13:54 [jumia] INFO: 🚀 Tous les messages ont été envoyés avec succès.
[2026-05-03T23:13:54.023+0000] {subprocess.py:93} INFO - 2026-05-03 23:13:54 [scrapy.extensions.feedexport] INFO: Stored jsonl feed (2131 items) in: /opt/***/scrapers/market_bot/data/jumia_2026-05-03.jsonl
[2026-05-03T23:13:54.024+0000] {subprocess.py:93} INFO - 2026-05-03 23:13:54 [scrapy.statscollectors] INFO: Dumping Scrapy stats:
[2026-05-03T23:13:54.024+0000] {subprocess.py:93} INFO - {'downloader/request_bytes': 20148,
[2026-05-03T23:13:54.024+0000] {subprocess.py:93} INFO -  'downloader/request_count': 56,
[2026-05-03T23:13:54.024+0000] {subprocess.py:93} INFO -  'downloader/request_method_count/GET': 56,
[2026-05-03T23:13:54.024+0000] {subprocess.py:93} INFO -  'downloader/response_bytes': 3886106,
[2026-05-03T23:13:54.024+0000] {subprocess.py:93} INFO -  'downloader/response_count': 56,
[2026-05-03T23:13:54.025+0000] {subprocess.py:93} INFO -  'downloader/response_status_count/200': 54,
[2026-05-03T23:13:54.025+0000] {subprocess.py:93} INFO -  'downloader/response_status_count/301': 2,
[2026-05-03T23:13:54.025+0000] {subprocess.py:93} INFO -  'elapsed_time_seconds': 141.046501,
[2026-05-03T23:13:54.025+0000] {subprocess.py:93} INFO -  'feedexport/success_count/FileFeedStorage': 1,
[2026-05-03T23:13:54.025+0000] {subprocess.py:93} INFO -  'finish_reason': 'finished',
[2026-05-03T23:13:54.025+0000] {subprocess.py:93} INFO -  'finish_time': datetime.datetime(2026, 5, 3, 23, 13, 54, 21220, tzinfo=datetime.timezone.utc),
[2026-05-03T23:13:54.025+0000] {subprocess.py:93} INFO -  'httpcompression/response_bytes': 26549243,
[2026-05-03T23:13:54.026+0000] {subprocess.py:93} INFO -  'httpcompression/response_count': 54,
[2026-05-03T23:13:54.026+0000] {subprocess.py:93} INFO -  'item_scraped_count': 2131,
[2026-05-03T23:13:54.026+0000] {subprocess.py:93} INFO -  'log_count/INFO': 17,
[2026-05-03T23:13:54.026+0000] {subprocess.py:93} INFO -  'memusage/max': 155283456,
[2026-05-03T23:13:54.026+0000] {subprocess.py:93} INFO -  'memusage/startup': 155283456,
[2026-05-03T23:13:54.026+0000] {subprocess.py:93} INFO -  'request_depth_max': 25,
[2026-05-03T23:13:54.027+0000] {subprocess.py:93} INFO -  'response_received_count': 54,
[2026-05-03T23:13:54.027+0000] {subprocess.py:93} INFO -  'scheduler/dequeued': 56,
[2026-05-03T23:13:54.027+0000] {subprocess.py:93} INFO -  'scheduler/dequeued/memory': 56,
[2026-05-03T23:13:54.027+0000] {subprocess.py:93} INFO -  'scheduler/enqueued': 56,
[2026-05-03T23:13:54.027+0000] {subprocess.py:93} INFO -  'scheduler/enqueued/memory': 56,
[2026-05-03T23:13:54.028+0000] {subprocess.py:93} INFO -  'start_time': datetime.datetime(2026, 5, 3, 23, 11, 32, 974719, tzinfo=datetime.timezone.utc)}
[2026-05-03T23:13:54.028+0000] {subprocess.py:93} INFO - 2026-05-03 23:13:54 [scrapy.core.engine] INFO: Spider closed (finished)
[2026-05-03T23:13:54.028+0000] {subprocess.py:93} INFO - 2026-05-03 23:13:54 [scrapy-playwright] INFO: Closing download handler
[2026-05-03T23:13:54.044+0000] {subprocess.py:93} INFO - 2026-05-03 23:13:54 [scrapy-playwright] INFO: Closing download handler
[2026-05-03T23:13:54.355+0000] {subprocess.py:97} INFO - Command exited with return code 0
[2026-05-03T23:13:54.392+0000] {taskinstance.py:1138} INFO - Marking task as SUCCESS. dag_id=market_intelligence_platform, task_id=parallel_scraping.scrape_jumia, execution_date=20260503T231131, start_date=20260503T231132, end_date=20260503T231354
[2026-05-03T23:13:54.439+0000] {local_task_job_runner.py:234} INFO - Task exited with return code 0
[2026-05-03T23:13:54.467+0000] {taskinstance.py:3280} INFO - 0 downstream tasks scheduled from follow-on schedule check
