[2026-05-02T11:12:10.479+0000] {taskinstance.py:1956} INFO - Dependencies all met for dep_context=non-requeueable deps ti=<TaskInstance: market_intelligence_platform.parallel_scraping.scrape_uno scheduled__2026-05-01T03:00:00+00:00 [queued]>
[2026-05-02T11:12:10.490+0000] {taskinstance.py:1956} INFO - Dependencies all met for dep_context=requeueable deps ti=<TaskInstance: market_intelligence_platform.parallel_scraping.scrape_uno scheduled__2026-05-01T03:00:00+00:00 [queued]>
[2026-05-02T11:12:10.491+0000] {taskinstance.py:2170} INFO - Starting attempt 1 of 2
[2026-05-02T11:12:10.511+0000] {taskinstance.py:2191} INFO - Executing <Task(BashOperator): parallel_scraping.scrape_uno> on 2026-05-01 03:00:00+00:00
[2026-05-02T11:12:10.516+0000] {standard_task_runner.py:60} INFO - Started process 906 to run task
[2026-05-02T11:12:10.520+0000] {standard_task_runner.py:87} INFO - Running: ['***', 'tasks', 'run', 'market_intelligence_platform', 'parallel_scraping.scrape_uno', 'scheduled__2026-05-01T03:00:00+00:00', '--job-id', '14', '--raw', '--subdir', 'DAGS_FOLDER/jumia_scraper_dag.py', '--cfg-path', '/tmp/tmpypf8vrzc']
[2026-05-02T11:12:10.522+0000] {standard_task_runner.py:88} INFO - Job 14: Subtask parallel_scraping.scrape_uno
[2026-05-02T11:12:10.581+0000] {task_command.py:423} INFO - Running <TaskInstance: market_intelligence_platform.parallel_scraping.scrape_uno scheduled__2026-05-01T03:00:00+00:00 [running]> on host c1627dbb6835
[2026-05-02T11:12:10.675+0000] {taskinstance.py:2480} INFO - Exporting env vars: AIRFLOW_CTX_DAG_OWNER='abdel' AIRFLOW_CTX_DAG_ID='market_intelligence_platform' AIRFLOW_CTX_TASK_ID='parallel_scraping.scrape_uno' AIRFLOW_CTX_EXECUTION_DATE='2026-05-01T03:00:00+00:00' AIRFLOW_CTX_TRY_NUMBER='1' AIRFLOW_CTX_DAG_RUN_ID='scheduled__2026-05-01T03:00:00+00:00'
[2026-05-02T11:12:10.676+0000] {subprocess.py:63} INFO - Tmp dir root location: /tmp
[2026-05-02T11:12:10.677+0000] {subprocess.py:75} INFO - Running command: ['/usr/bin/bash', '-c', 'mkdir -p /opt/***/scrapers/market_bot/data && cd /opt/***/scrapers/market_bot && export KAFKA_BOOTSTRAP_SERVERS=kafka:29092 && export KAFKA_TOPIC=market_data && python3 -m scrapy crawl uno -s LOG_LEVEL=INFO -o /opt/***/scrapers/market_bot/data/uno_2026-05-01.jsonl']
[2026-05-02T11:12:10.688+0000] {subprocess.py:86} INFO - Output:
[2026-05-02T11:12:11.352+0000] {subprocess.py:93} INFO - 2026-05-02 11:12:11 [scrapy.utils.log] INFO: Scrapy 2.11.2 started (bot: market_bot)
[2026-05-02T11:12:11.353+0000] {subprocess.py:93} INFO - 2026-05-02 11:12:11 [scrapy.utils.log] INFO: Versions: lxml 5.1.0.0, libxml2 2.12.3, cssselect 1.2.0, parsel 1.9.1, w3lib 2.2.1, Twisted 25.5.0, Python 3.8.18 (default, Feb 13 2024, 11:06:24) - [GCC 12.2.0], pyOpenSSL 23.3.0 (OpenSSL 3.1.4 24 Oct 2023), cryptography 41.0.7, Platform Linux-6.19.11+kali-amd64-x86_64-with-glibc2.34
[2026-05-02T11:12:11.357+0000] {subprocess.py:93} INFO - 2026-05-02 11:12:11 [scrapy.addons] INFO: Enabled addons:
[2026-05-02T11:12:11.357+0000] {subprocess.py:93} INFO - []
[2026-05-02T11:12:11.371+0000] {subprocess.py:93} INFO - 2026-05-02 11:12:11 [scrapy.extensions.telnet] INFO: Telnet Password: 4eb56208062f9acd
[2026-05-02T11:12:11.616+0000] {subprocess.py:93} INFO - 2026-05-02 11:12:11 [scrapy.middleware] INFO: Enabled extensions:
[2026-05-02T11:12:11.616+0000] {subprocess.py:93} INFO - ['scrapy.extensions.corestats.CoreStats',
[2026-05-02T11:12:11.616+0000] {subprocess.py:93} INFO -  'scrapy.extensions.telnet.TelnetConsole',
[2026-05-02T11:12:11.617+0000] {subprocess.py:93} INFO -  'scrapy.extensions.memusage.MemoryUsage',
[2026-05-02T11:12:11.617+0000] {subprocess.py:93} INFO -  'scrapy.extensions.closespider.CloseSpider',
[2026-05-02T11:12:11.617+0000] {subprocess.py:93} INFO -  'scrapy.extensions.feedexport.FeedExporter',
[2026-05-02T11:12:11.617+0000] {subprocess.py:93} INFO -  'scrapy.extensions.logstats.LogStats',
[2026-05-02T11:12:11.617+0000] {subprocess.py:93} INFO -  'scrapy.extensions.throttle.AutoThrottle']
[2026-05-02T11:12:11.620+0000] {subprocess.py:93} INFO - 2026-05-02 11:12:11 [scrapy.crawler] INFO: Overridden settings:
[2026-05-02T11:12:11.621+0000] {subprocess.py:93} INFO - {'ASYNCIO_EVENT_LOOP': 'asyncio.SelectorEventLoop',
[2026-05-02T11:12:11.621+0000] {subprocess.py:93} INFO -  'AUTOTHROTTLE_ENABLED': True,
[2026-05-02T11:12:11.621+0000] {subprocess.py:93} INFO -  'AUTOTHROTTLE_START_DELAY': 1.5,
[2026-05-02T11:12:11.621+0000] {subprocess.py:93} INFO -  'AUTOTHROTTLE_TARGET_CONCURRENCY': 2.0,
[2026-05-02T11:12:11.621+0000] {subprocess.py:93} INFO -  'BOT_NAME': 'market_bot',
[2026-05-02T11:12:11.621+0000] {subprocess.py:93} INFO -  'CLOSESPIDER_ITEMCOUNT': 50000,
[2026-05-02T11:12:11.622+0000] {subprocess.py:93} INFO -  'CLOSESPIDER_PAGECOUNT': 5000,
[2026-05-02T11:12:11.622+0000] {subprocess.py:93} INFO -  'CONCURRENT_REQUESTS': 1,
[2026-05-02T11:12:11.622+0000] {subprocess.py:93} INFO -  'COOKIES_ENABLED': False,
[2026-05-02T11:12:11.622+0000] {subprocess.py:93} INFO -  'DOWNLOAD_TIMEOUT': 90,
[2026-05-02T11:12:11.622+0000] {subprocess.py:93} INFO -  'FEED_EXPORT_ENCODING': 'utf-8',
[2026-05-02T11:12:11.622+0000] {subprocess.py:93} INFO -  'LOG_LEVEL': 'INFO',
[2026-05-02T11:12:11.622+0000] {subprocess.py:93} INFO -  'NEWSPIDER_MODULE': 'market_bot.spiders',
[2026-05-02T11:12:11.622+0000] {subprocess.py:93} INFO -  'REQUEST_FINGERPRINTER_IMPLEMENTATION': '2.7',
[2026-05-02T11:12:11.623+0000] {subprocess.py:93} INFO -  'RETRY_HTTP_CODES': [500, 502, 503, 504, 408, 429],
[2026-05-02T11:12:11.623+0000] {subprocess.py:93} INFO -  'RETRY_TIMES': 5,
[2026-05-02T11:12:11.623+0000] {subprocess.py:93} INFO -  'SPIDER_MODULES': ['market_bot.spiders'],
[2026-05-02T11:12:11.623+0000] {subprocess.py:93} INFO -  'TWISTED_REACTOR': 'twisted.internet.asyncioreactor.AsyncioSelectorReactor',
[2026-05-02T11:12:11.623+0000] {subprocess.py:93} INFO -  'USER_AGENT': 'Mozilla/5.0 (Windows NT 10.0; Win64; x64) AppleWebKit/537.36 '
[2026-05-02T11:12:11.623+0000] {subprocess.py:93} INFO -                '(KHTML, like Gecko) Chrome/124.0.0.0 Safari/537.36'}
[2026-05-02T11:12:11.756+0000] {subprocess.py:93} INFO - 2026-05-02 11:12:11 [scrapy.middleware] INFO: Enabled downloader middlewares:
[2026-05-02T11:12:11.757+0000] {subprocess.py:93} INFO - ['scrapy.downloadermiddlewares.offsite.OffsiteMiddleware',
[2026-05-02T11:12:11.757+0000] {subprocess.py:93} INFO -  'scrapy.downloadermiddlewares.httpauth.HttpAuthMiddleware',
[2026-05-02T11:12:11.757+0000] {subprocess.py:93} INFO -  'scrapy.downloadermiddlewares.downloadtimeout.DownloadTimeoutMiddleware',
[2026-05-02T11:12:11.757+0000] {subprocess.py:93} INFO -  'scrapy.downloadermiddlewares.defaultheaders.DefaultHeadersMiddleware',
[2026-05-02T11:12:11.757+0000] {subprocess.py:93} INFO -  'scrapy.downloadermiddlewares.useragent.UserAgentMiddleware',
[2026-05-02T11:12:11.757+0000] {subprocess.py:93} INFO -  'scrapy.downloadermiddlewares.retry.RetryMiddleware',
[2026-05-02T11:12:11.758+0000] {subprocess.py:93} INFO -  'scrapy.downloadermiddlewares.redirect.MetaRefreshMiddleware',
[2026-05-02T11:12:11.758+0000] {subprocess.py:93} INFO -  'scrapy.downloadermiddlewares.httpcompression.HttpCompressionMiddleware',
[2026-05-02T11:12:11.758+0000] {subprocess.py:93} INFO -  'scrapy.downloadermiddlewares.redirect.RedirectMiddleware',
[2026-05-02T11:12:11.758+0000] {subprocess.py:93} INFO -  'scrapy.downloadermiddlewares.httpproxy.HttpProxyMiddleware',
[2026-05-02T11:12:11.758+0000] {subprocess.py:93} INFO -  'scrapy.downloadermiddlewares.stats.DownloaderStats']
[2026-05-02T11:12:11.759+0000] {subprocess.py:93} INFO - 2026-05-02 11:12:11 [scrapy.middleware] INFO: Enabled spider middlewares:
[2026-05-02T11:12:11.759+0000] {subprocess.py:93} INFO - ['scrapy.spidermiddlewares.httperror.HttpErrorMiddleware',
[2026-05-02T11:12:11.759+0000] {subprocess.py:93} INFO -  'scrapy.spidermiddlewares.referer.RefererMiddleware',
[2026-05-02T11:12:11.759+0000] {subprocess.py:93} INFO -  'scrapy.spidermiddlewares.urllength.UrlLengthMiddleware',
[2026-05-02T11:12:11.760+0000] {subprocess.py:93} INFO -  'scrapy.spidermiddlewares.depth.DepthMiddleware']
[2026-05-02T11:12:11.778+0000] {subprocess.py:93} INFO - %4|1777720331.778|CONFWARN|scrapy-bot#producer-1| [thrd:app]: Configuration property api.version.request is deprecated: **Post-deprecation actions: remove this configuration property, brokers < 0.10.0 won't be supported anymore in librdkafka 3.x.** Request broker's supported API versions to adjust functionality to available protocol features. If set to false, or the ApiVersionRequest fails, the fallback version `broker.version.fallback` will be used. **NOTE**: Depends on broker version >=0.10.0. If the request is not supported by (an older) broker the `broker.version.fallback` fallback is used.
[2026-05-02T11:12:11.778+0000] {subprocess.py:93} INFO - %4|1777720331.778|CONFWARN|scrapy-bot#producer-1| [thrd:app]: Configuration property broker.version.fallback is deprecated: **Post-deprecation actions: remove this configuration property, brokers < 0.10.0 won't be supported anymore in librdkafka 3.x.** Older broker versions (before 0.10.0) provide no way for a client to query for supported protocol features (ApiVersionRequest, see `api.version.request`) making it impossible for the client to know what features it may use. As a workaround a user may set this property to the expected broker version and the client will automatically adjust its feature set accordingly if the ApiVersionRequest fails (or is disabled). The fallback broker version will be used for `api.version.fallback.ms`. Valid values are: 0.9.0, 0.8.2, 0.8.1, 0.8.0. Any other value >= 0.10, such as 0.10.2.1, enables ApiVersionRequests.
[2026-05-02T11:12:11.779+0000] {subprocess.py:93} INFO - 2026-05-02 11:12:11 [scrapy.middleware] INFO: Enabled item pipelines:
[2026-05-02T11:12:11.779+0000] {subprocess.py:93} INFO - ['market_bot.pipelines.KafkaPipeline']
[2026-05-02T11:12:11.779+0000] {subprocess.py:93} INFO - 2026-05-02 11:12:11 [scrapy.core.engine] INFO: Spider opened
[2026-05-02T11:12:11.794+0000] {subprocess.py:93} INFO - 2026-05-02 11:12:11 [scrapy.extensions.logstats] INFO: Crawled 0 pages (at 0 pages/min), scraped 0 items (at 0 items/min)
[2026-05-02T11:12:11.798+0000] {subprocess.py:93} INFO - 2026-05-02 11:12:11 [scrapy.extensions.telnet] INFO: Telnet console listening on 127.0.0.1:6027
[2026-05-02T11:12:11.800+0000] {subprocess.py:93} INFO - 2026-05-02 11:12:11 [scrapy-playwright] INFO: Starting download handler
[2026-05-02T11:12:11.801+0000] {subprocess.py:93} INFO - 2026-05-02 11:12:11 [scrapy-playwright] INFO: Starting download handler
[2026-05-02T11:12:16.801+0000] {subprocess.py:93} INFO - 2026-05-02 11:12:16 [scrapy-playwright] INFO: Launching browser chromium
[2026-05-02T11:12:17.112+0000] {subprocess.py:93} INFO - 2026-05-02 11:12:17 [scrapy-playwright] INFO: Browser chromium launched
[2026-05-02T11:13:11.795+0000] {subprocess.py:93} INFO - 2026-05-02 11:13:11 [scrapy.extensions.logstats] INFO: Crawled 2 pages (at 2 pages/min), scraped 0 items (at 0 items/min)
[2026-05-02T11:14:11.795+0000] {subprocess.py:93} INFO - 2026-05-02 11:14:11 [scrapy.extensions.logstats] INFO: Crawled 2 pages (at 0 pages/min), scraped 0 items (at 0 items/min)
[2026-05-02T11:15:11.795+0000] {subprocess.py:93} INFO - 2026-05-02 11:15:11 [scrapy.extensions.logstats] INFO: Crawled 2 pages (at 0 pages/min), scraped 0 items (at 0 items/min)
[2026-05-02T11:16:11.795+0000] {subprocess.py:93} INFO - 2026-05-02 11:16:11 [scrapy.extensions.logstats] INFO: Crawled 2 pages (at 0 pages/min), scraped 0 items (at 0 items/min)
[2026-05-02T11:17:11.795+0000] {subprocess.py:93} INFO - 2026-05-02 11:17:11 [scrapy.extensions.logstats] INFO: Crawled 2 pages (at 0 pages/min), scraped 0 items (at 0 items/min)
[2026-05-02T11:18:11.795+0000] {subprocess.py:93} INFO - 2026-05-02 11:18:11 [scrapy.extensions.logstats] INFO: Crawled 2 pages (at 0 pages/min), scraped 0 items (at 0 items/min)
[2026-05-02T11:19:11.795+0000] {subprocess.py:93} INFO - 2026-05-02 11:19:11 [scrapy.extensions.logstats] INFO: Crawled 2 pages (at 0 pages/min), scraped 0 items (at 0 items/min)
[2026-05-02T11:20:11.795+0000] {subprocess.py:93} INFO - 2026-05-02 11:20:11 [scrapy.extensions.logstats] INFO: Crawled 2 pages (at 0 pages/min), scraped 0 items (at 0 items/min)
[2026-05-02T11:21:11.795+0000] {subprocess.py:93} INFO - 2026-05-02 11:21:11 [scrapy.extensions.logstats] INFO: Crawled 2 pages (at 0 pages/min), scraped 0 items (at 0 items/min)
[2026-05-02T11:22:11.794+0000] {subprocess.py:93} INFO - 2026-05-02 11:22:11 [scrapy.extensions.logstats] INFO: Crawled 2 pages (at 0 pages/min), scraped 0 items (at 0 items/min)
[2026-05-02T11:23:11.794+0000] {subprocess.py:93} INFO - 2026-05-02 11:23:11 [scrapy.extensions.logstats] INFO: Crawled 2 pages (at 0 pages/min), scraped 0 items (at 0 items/min)
[2026-05-02T11:24:11.795+0000] {subprocess.py:93} INFO - 2026-05-02 11:24:11 [scrapy.extensions.logstats] INFO: Crawled 2 pages (at 0 pages/min), scraped 0 items (at 0 items/min)
[2026-05-02T11:25:11.795+0000] {subprocess.py:93} INFO - 2026-05-02 11:25:11 [scrapy.extensions.logstats] INFO: Crawled 2 pages (at 0 pages/min), scraped 0 items (at 0 items/min)
[2026-05-02T11:26:11.795+0000] {subprocess.py:93} INFO - 2026-05-02 11:26:11 [scrapy.extensions.logstats] INFO: Crawled 2 pages (at 0 pages/min), scraped 0 items (at 0 items/min)
[2026-05-02T11:27:11.795+0000] {subprocess.py:93} INFO - 2026-05-02 11:27:11 [scrapy.extensions.logstats] INFO: Crawled 2 pages (at 0 pages/min), scraped 0 items (at 0 items/min)
[2026-05-02T11:28:11.795+0000] {subprocess.py:93} INFO - 2026-05-02 11:28:11 [scrapy.extensions.logstats] INFO: Crawled 2 pages (at 0 pages/min), scraped 0 items (at 0 items/min)
[2026-05-02T11:29:11.795+0000] {subprocess.py:93} INFO - 2026-05-02 11:29:11 [scrapy.extensions.logstats] INFO: Crawled 2 pages (at 0 pages/min), scraped 0 items (at 0 items/min)
[2026-05-02T11:30:11.795+0000] {subprocess.py:93} INFO - 2026-05-02 11:30:11 [scrapy.extensions.logstats] INFO: Crawled 2 pages (at 0 pages/min), scraped 0 items (at 0 items/min)
[2026-05-02T11:31:11.794+0000] {subprocess.py:93} INFO - 2026-05-02 11:31:11 [scrapy.extensions.logstats] INFO: Crawled 2 pages (at 0 pages/min), scraped 0 items (at 0 items/min)
[2026-05-02T11:32:11.795+0000] {subprocess.py:93} INFO - 2026-05-02 11:32:11 [scrapy.extensions.logstats] INFO: Crawled 2 pages (at 0 pages/min), scraped 0 items (at 0 items/min)
[2026-05-02T11:33:11.794+0000] {subprocess.py:93} INFO - 2026-05-02 11:33:11 [scrapy.extensions.logstats] INFO: Crawled 2 pages (at 0 pages/min), scraped 0 items (at 0 items/min)
[2026-05-02T11:34:11.795+0000] {subprocess.py:93} INFO - 2026-05-02 11:34:11 [scrapy.extensions.logstats] INFO: Crawled 2 pages (at 0 pages/min), scraped 0 items (at 0 items/min)
[2026-05-02T11:35:11.795+0000] {subprocess.py:93} INFO - 2026-05-02 11:35:11 [scrapy.extensions.logstats] INFO: Crawled 2 pages (at 0 pages/min), scraped 0 items (at 0 items/min)
[2026-05-02T11:36:11.795+0000] {subprocess.py:93} INFO - 2026-05-02 11:36:11 [scrapy.extensions.logstats] INFO: Crawled 2 pages (at 0 pages/min), scraped 0 items (at 0 items/min)
[2026-05-02T11:37:11.795+0000] {subprocess.py:93} INFO - 2026-05-02 11:37:11 [scrapy.extensions.logstats] INFO: Crawled 2 pages (at 0 pages/min), scraped 0 items (at 0 items/min)
[2026-05-02T11:38:11.795+0000] {subprocess.py:93} INFO - 2026-05-02 11:38:11 [scrapy.extensions.logstats] INFO: Crawled 2 pages (at 0 pages/min), scraped 0 items (at 0 items/min)
[2026-05-02T11:39:11.795+0000] {subprocess.py:93} INFO - 2026-05-02 11:39:11 [scrapy.extensions.logstats] INFO: Crawled 2 pages (at 0 pages/min), scraped 0 items (at 0 items/min)
[2026-05-02T11:40:11.795+0000] {subprocess.py:93} INFO - 2026-05-02 11:40:11 [scrapy.extensions.logstats] INFO: Crawled 2 pages (at 0 pages/min), scraped 0 items (at 0 items/min)
[2026-05-02T11:41:11.795+0000] {subprocess.py:93} INFO - 2026-05-02 11:41:11 [scrapy.extensions.logstats] INFO: Crawled 2 pages (at 0 pages/min), scraped 0 items (at 0 items/min)
[2026-05-02T11:42:11.795+0000] {subprocess.py:93} INFO - 2026-05-02 11:42:11 [scrapy.extensions.logstats] INFO: Crawled 2 pages (at 0 pages/min), scraped 0 items (at 0 items/min)
[2026-05-02T11:43:11.795+0000] {subprocess.py:93} INFO - 2026-05-02 11:43:11 [scrapy.extensions.logstats] INFO: Crawled 2 pages (at 0 pages/min), scraped 0 items (at 0 items/min)
[2026-05-02T11:44:11.795+0000] {subprocess.py:93} INFO - 2026-05-02 11:44:11 [scrapy.extensions.logstats] INFO: Crawled 2 pages (at 0 pages/min), scraped 0 items (at 0 items/min)
[2026-05-02T11:45:11.794+0000] {subprocess.py:93} INFO - 2026-05-02 11:45:11 [scrapy.extensions.logstats] INFO: Crawled 2 pages (at 0 pages/min), scraped 0 items (at 0 items/min)
[2026-05-02T11:46:11.795+0000] {subprocess.py:93} INFO - 2026-05-02 11:46:11 [scrapy.extensions.logstats] INFO: Crawled 2 pages (at 0 pages/min), scraped 0 items (at 0 items/min)
[2026-05-02T11:47:11.795+0000] {subprocess.py:93} INFO - 2026-05-02 11:47:11 [scrapy.extensions.logstats] INFO: Crawled 2 pages (at 0 pages/min), scraped 0 items (at 0 items/min)
[2026-05-02T11:48:11.795+0000] {subprocess.py:93} INFO - 2026-05-02 11:48:11 [scrapy.extensions.logstats] INFO: Crawled 2 pages (at 0 pages/min), scraped 0 items (at 0 items/min)
[2026-05-02T11:49:11.795+0000] {subprocess.py:93} INFO - 2026-05-02 11:49:11 [scrapy.extensions.logstats] INFO: Crawled 2 pages (at 0 pages/min), scraped 0 items (at 0 items/min)
[2026-05-02T11:50:11.794+0000] {subprocess.py:93} INFO - 2026-05-02 11:50:11 [scrapy.extensions.logstats] INFO: Crawled 2 pages (at 0 pages/min), scraped 0 items (at 0 items/min)
[2026-05-02T11:51:11.794+0000] {subprocess.py:93} INFO - 2026-05-02 11:51:11 [scrapy.extensions.logstats] INFO: Crawled 2 pages (at 0 pages/min), scraped 0 items (at 0 items/min)
[2026-05-02T11:52:11.795+0000] {subprocess.py:93} INFO - 2026-05-02 11:52:11 [scrapy.extensions.logstats] INFO: Crawled 2 pages (at 0 pages/min), scraped 0 items (at 0 items/min)
[2026-05-02T11:53:11.794+0000] {subprocess.py:93} INFO - 2026-05-02 11:53:11 [scrapy.extensions.logstats] INFO: Crawled 2 pages (at 0 pages/min), scraped 0 items (at 0 items/min)
[2026-05-02T11:54:11.795+0000] {subprocess.py:93} INFO - 2026-05-02 11:54:11 [scrapy.extensions.logstats] INFO: Crawled 2 pages (at 0 pages/min), scraped 0 items (at 0 items/min)
[2026-05-02T11:55:11.795+0000] {subprocess.py:93} INFO - 2026-05-02 11:55:11 [scrapy.extensions.logstats] INFO: Crawled 2 pages (at 0 pages/min), scraped 0 items (at 0 items/min)
[2026-05-02T11:56:11.794+0000] {subprocess.py:93} INFO - 2026-05-02 11:56:11 [scrapy.extensions.logstats] INFO: Crawled 2 pages (at 0 pages/min), scraped 0 items (at 0 items/min)
[2026-05-02T11:57:11.794+0000] {subprocess.py:93} INFO - 2026-05-02 11:57:11 [scrapy.extensions.logstats] INFO: Crawled 2 pages (at 0 pages/min), scraped 0 items (at 0 items/min)
[2026-05-02T11:58:11.795+0000] {subprocess.py:93} INFO - 2026-05-02 11:58:11 [scrapy.extensions.logstats] INFO: Crawled 2 pages (at 0 pages/min), scraped 0 items (at 0 items/min)
[2026-05-02T11:59:11.795+0000] {subprocess.py:93} INFO - 2026-05-02 11:59:11 [scrapy.extensions.logstats] INFO: Crawled 2 pages (at 0 pages/min), scraped 0 items (at 0 items/min)
[2026-05-02T12:00:11.795+0000] {subprocess.py:93} INFO - 2026-05-02 12:00:11 [scrapy.extensions.logstats] INFO: Crawled 2 pages (at 0 pages/min), scraped 0 items (at 0 items/min)
[2026-05-02T12:01:11.794+0000] {subprocess.py:93} INFO - 2026-05-02 12:01:11 [scrapy.extensions.logstats] INFO: Crawled 2 pages (at 0 pages/min), scraped 0 items (at 0 items/min)
[2026-05-02T12:02:11.795+0000] {subprocess.py:93} INFO - 2026-05-02 12:02:11 [scrapy.extensions.logstats] INFO: Crawled 2 pages (at 0 pages/min), scraped 0 items (at 0 items/min)
[2026-05-02T12:03:11.795+0000] {subprocess.py:93} INFO - 2026-05-02 12:03:11 [scrapy.extensions.logstats] INFO: Crawled 2 pages (at 0 pages/min), scraped 0 items (at 0 items/min)
[2026-05-02T12:04:11.795+0000] {subprocess.py:93} INFO - 2026-05-02 12:04:11 [scrapy.extensions.logstats] INFO: Crawled 2 pages (at 0 pages/min), scraped 0 items (at 0 items/min)
[2026-05-02T12:05:11.795+0000] {subprocess.py:93} INFO - 2026-05-02 12:05:11 [scrapy.extensions.logstats] INFO: Crawled 2 pages (at 0 pages/min), scraped 0 items (at 0 items/min)
[2026-05-02T12:06:11.794+0000] {subprocess.py:93} INFO - 2026-05-02 12:06:11 [scrapy.extensions.logstats] INFO: Crawled 2 pages (at 0 pages/min), scraped 0 items (at 0 items/min)
[2026-05-02T12:07:11.795+0000] {subprocess.py:93} INFO - 2026-05-02 12:07:11 [scrapy.extensions.logstats] INFO: Crawled 2 pages (at 0 pages/min), scraped 0 items (at 0 items/min)
[2026-05-02T12:08:11.794+0000] {subprocess.py:93} INFO - 2026-05-02 12:08:11 [scrapy.extensions.logstats] INFO: Crawled 2 pages (at 0 pages/min), scraped 0 items (at 0 items/min)
[2026-05-02T12:09:11.795+0000] {subprocess.py:93} INFO - 2026-05-02 12:09:11 [scrapy.extensions.logstats] INFO: Crawled 2 pages (at 0 pages/min), scraped 0 items (at 0 items/min)
[2026-05-02T12:10:11.795+0000] {subprocess.py:93} INFO - 2026-05-02 12:10:11 [scrapy.extensions.logstats] INFO: Crawled 2 pages (at 0 pages/min), scraped 0 items (at 0 items/min)
[2026-05-02T12:11:11.795+0000] {subprocess.py:93} INFO - 2026-05-02 12:11:11 [scrapy.extensions.logstats] INFO: Crawled 2 pages (at 0 pages/min), scraped 0 items (at 0 items/min)
[2026-05-02T12:12:11.795+0000] {subprocess.py:93} INFO - 2026-05-02 12:12:11 [scrapy.extensions.logstats] INFO: Crawled 2 pages (at 0 pages/min), scraped 0 items (at 0 items/min)
[2026-05-02T12:13:11.795+0000] {subprocess.py:93} INFO - 2026-05-02 12:13:11 [scrapy.extensions.logstats] INFO: Crawled 2 pages (at 0 pages/min), scraped 0 items (at 0 items/min)
[2026-05-02T12:14:11.795+0000] {subprocess.py:93} INFO - 2026-05-02 12:14:11 [scrapy.extensions.logstats] INFO: Crawled 2 pages (at 0 pages/min), scraped 0 items (at 0 items/min)
[2026-05-02T12:15:11.795+0000] {subprocess.py:93} INFO - 2026-05-02 12:15:11 [scrapy.extensions.logstats] INFO: Crawled 2 pages (at 0 pages/min), scraped 0 items (at 0 items/min)
[2026-05-02T12:16:11.795+0000] {subprocess.py:93} INFO - 2026-05-02 12:16:11 [scrapy.extensions.logstats] INFO: Crawled 2 pages (at 0 pages/min), scraped 0 items (at 0 items/min)
[2026-05-02T12:17:11.795+0000] {subprocess.py:93} INFO - 2026-05-02 12:17:11 [scrapy.extensions.logstats] INFO: Crawled 2 pages (at 0 pages/min), scraped 0 items (at 0 items/min)
[2026-05-02T12:18:11.794+0000] {subprocess.py:93} INFO - 2026-05-02 12:18:11 [scrapy.extensions.logstats] INFO: Crawled 2 pages (at 0 pages/min), scraped 0 items (at 0 items/min)
[2026-05-02T12:19:11.794+0000] {subprocess.py:93} INFO - 2026-05-02 12:19:11 [scrapy.extensions.logstats] INFO: Crawled 2 pages (at 0 pages/min), scraped 0 items (at 0 items/min)
[2026-05-02T12:20:11.795+0000] {subprocess.py:93} INFO - 2026-05-02 12:20:11 [scrapy.extensions.logstats] INFO: Crawled 2 pages (at 0 pages/min), scraped 0 items (at 0 items/min)
[2026-05-02T12:21:11.795+0000] {subprocess.py:93} INFO - 2026-05-02 12:21:11 [scrapy.extensions.logstats] INFO: Crawled 2 pages (at 0 pages/min), scraped 0 items (at 0 items/min)
[2026-05-02T12:22:11.795+0000] {subprocess.py:93} INFO - 2026-05-02 12:22:11 [scrapy.extensions.logstats] INFO: Crawled 2 pages (at 0 pages/min), scraped 0 items (at 0 items/min)
[2026-05-02T12:23:11.795+0000] {subprocess.py:93} INFO - 2026-05-02 12:23:11 [scrapy.extensions.logstats] INFO: Crawled 2 pages (at 0 pages/min), scraped 0 items (at 0 items/min)
[2026-05-02T12:24:11.795+0000] {subprocess.py:93} INFO - 2026-05-02 12:24:11 [scrapy.extensions.logstats] INFO: Crawled 2 pages (at 0 pages/min), scraped 0 items (at 0 items/min)
[2026-05-02T12:25:11.794+0000] {subprocess.py:93} INFO - 2026-05-02 12:25:11 [scrapy.extensions.logstats] INFO: Crawled 2 pages (at 0 pages/min), scraped 0 items (at 0 items/min)
[2026-05-02T12:26:11.795+0000] {subprocess.py:93} INFO - 2026-05-02 12:26:11 [scrapy.extensions.logstats] INFO: Crawled 2 pages (at 0 pages/min), scraped 0 items (at 0 items/min)
[2026-05-02T12:27:11.794+0000] {subprocess.py:93} INFO - 2026-05-02 12:27:11 [scrapy.extensions.logstats] INFO: Crawled 2 pages (at 0 pages/min), scraped 0 items (at 0 items/min)
[2026-05-02T12:28:11.795+0000] {subprocess.py:93} INFO - 2026-05-02 12:28:11 [scrapy.extensions.logstats] INFO: Crawled 2 pages (at 0 pages/min), scraped 0 items (at 0 items/min)
[2026-05-02T12:29:11.795+0000] {subprocess.py:93} INFO - 2026-05-02 12:29:11 [scrapy.extensions.logstats] INFO: Crawled 2 pages (at 0 pages/min), scraped 0 items (at 0 items/min)
[2026-05-02T12:30:11.795+0000] {subprocess.py:93} INFO - 2026-05-02 12:30:11 [scrapy.extensions.logstats] INFO: Crawled 2 pages (at 0 pages/min), scraped 0 items (at 0 items/min)
[2026-05-02T12:31:11.795+0000] {subprocess.py:93} INFO - 2026-05-02 12:31:11 [scrapy.extensions.logstats] INFO: Crawled 2 pages (at 0 pages/min), scraped 0 items (at 0 items/min)
[2026-05-02T12:32:11.795+0000] {subprocess.py:93} INFO - 2026-05-02 12:32:11 [scrapy.extensions.logstats] INFO: Crawled 2 pages (at 0 pages/min), scraped 0 items (at 0 items/min)
[2026-05-02T12:33:11.794+0000] {subprocess.py:93} INFO - 2026-05-02 12:33:11 [scrapy.extensions.logstats] INFO: Crawled 2 pages (at 0 pages/min), scraped 0 items (at 0 items/min)
[2026-05-02T12:34:11.795+0000] {subprocess.py:93} INFO - 2026-05-02 12:34:11 [scrapy.extensions.logstats] INFO: Crawled 2 pages (at 0 pages/min), scraped 0 items (at 0 items/min)
[2026-05-02T12:35:11.794+0000] {subprocess.py:93} INFO - 2026-05-02 12:35:11 [scrapy.extensions.logstats] INFO: Crawled 2 pages (at 0 pages/min), scraped 0 items (at 0 items/min)
[2026-05-02T12:36:11.795+0000] {subprocess.py:93} INFO - 2026-05-02 12:36:11 [scrapy.extensions.logstats] INFO: Crawled 2 pages (at 0 pages/min), scraped 0 items (at 0 items/min)
[2026-05-02T12:37:11.795+0000] {subprocess.py:93} INFO - 2026-05-02 12:37:11 [scrapy.extensions.logstats] INFO: Crawled 2 pages (at 0 pages/min), scraped 0 items (at 0 items/min)
[2026-05-02T12:38:11.794+0000] {subprocess.py:93} INFO - 2026-05-02 12:38:11 [scrapy.extensions.logstats] INFO: Crawled 2 pages (at 0 pages/min), scraped 0 items (at 0 items/min)
[2026-05-02T12:39:11.795+0000] {subprocess.py:93} INFO - 2026-05-02 12:39:11 [scrapy.extensions.logstats] INFO: Crawled 2 pages (at 0 pages/min), scraped 0 items (at 0 items/min)
[2026-05-02T12:40:11.795+0000] {subprocess.py:93} INFO - 2026-05-02 12:40:11 [scrapy.extensions.logstats] INFO: Crawled 2 pages (at 0 pages/min), scraped 0 items (at 0 items/min)
[2026-05-02T12:41:11.794+0000] {subprocess.py:93} INFO - 2026-05-02 12:41:11 [scrapy.extensions.logstats] INFO: Crawled 2 pages (at 0 pages/min), scraped 0 items (at 0 items/min)
[2026-05-02T12:42:11.795+0000] {subprocess.py:93} INFO - 2026-05-02 12:42:11 [scrapy.extensions.logstats] INFO: Crawled 2 pages (at 0 pages/min), scraped 0 items (at 0 items/min)
[2026-05-02T12:43:11.795+0000] {subprocess.py:93} INFO - 2026-05-02 12:43:11 [scrapy.extensions.logstats] INFO: Crawled 2 pages (at 0 pages/min), scraped 0 items (at 0 items/min)
[2026-05-02T12:44:11.795+0000] {subprocess.py:93} INFO - 2026-05-02 12:44:11 [scrapy.extensions.logstats] INFO: Crawled 2 pages (at 0 pages/min), scraped 0 items (at 0 items/min)
[2026-05-02T12:45:11.794+0000] {subprocess.py:93} INFO - 2026-05-02 12:45:11 [scrapy.extensions.logstats] INFO: Crawled 2 pages (at 0 pages/min), scraped 0 items (at 0 items/min)
[2026-05-02T12:46:11.795+0000] {subprocess.py:93} INFO - 2026-05-02 12:46:11 [scrapy.extensions.logstats] INFO: Crawled 2 pages (at 0 pages/min), scraped 0 items (at 0 items/min)
[2026-05-02T12:47:11.795+0000] {subprocess.py:93} INFO - 2026-05-02 12:47:11 [scrapy.extensions.logstats] INFO: Crawled 2 pages (at 0 pages/min), scraped 0 items (at 0 items/min)
[2026-05-02T12:48:11.795+0000] {subprocess.py:93} INFO - 2026-05-02 12:48:11 [scrapy.extensions.logstats] INFO: Crawled 2 pages (at 0 pages/min), scraped 0 items (at 0 items/min)
[2026-05-02T12:49:11.795+0000] {subprocess.py:93} INFO - 2026-05-02 12:49:11 [scrapy.extensions.logstats] INFO: Crawled 2 pages (at 0 pages/min), scraped 0 items (at 0 items/min)
[2026-05-02T12:50:11.795+0000] {subprocess.py:93} INFO - 2026-05-02 12:50:11 [scrapy.extensions.logstats] INFO: Crawled 2 pages (at 0 pages/min), scraped 0 items (at 0 items/min)
[2026-05-02T12:51:11.795+0000] {subprocess.py:93} INFO - 2026-05-02 12:51:11 [scrapy.extensions.logstats] INFO: Crawled 2 pages (at 0 pages/min), scraped 0 items (at 0 items/min)
[2026-05-02T12:52:11.794+0000] {subprocess.py:93} INFO - 2026-05-02 12:52:11 [scrapy.extensions.logstats] INFO: Crawled 2 pages (at 0 pages/min), scraped 0 items (at 0 items/min)
[2026-05-02T12:53:11.795+0000] {subprocess.py:93} INFO - 2026-05-02 12:53:11 [scrapy.extensions.logstats] INFO: Crawled 2 pages (at 0 pages/min), scraped 0 items (at 0 items/min)
[2026-05-02T12:54:11.795+0000] {subprocess.py:93} INFO - 2026-05-02 12:54:11 [scrapy.extensions.logstats] INFO: Crawled 2 pages (at 0 pages/min), scraped 0 items (at 0 items/min)
[2026-05-02T12:55:11.795+0000] {subprocess.py:93} INFO - 2026-05-02 12:55:11 [scrapy.extensions.logstats] INFO: Crawled 2 pages (at 0 pages/min), scraped 0 items (at 0 items/min)
[2026-05-02T12:56:11.795+0000] {subprocess.py:93} INFO - 2026-05-02 12:56:11 [scrapy.extensions.logstats] INFO: Crawled 2 pages (at 0 pages/min), scraped 0 items (at 0 items/min)
[2026-05-02T12:57:11.794+0000] {subprocess.py:93} INFO - 2026-05-02 12:57:11 [scrapy.extensions.logstats] INFO: Crawled 2 pages (at 0 pages/min), scraped 0 items (at 0 items/min)
[2026-05-02T12:58:11.795+0000] {subprocess.py:93} INFO - 2026-05-02 12:58:11 [scrapy.extensions.logstats] INFO: Crawled 2 pages (at 0 pages/min), scraped 0 items (at 0 items/min)
[2026-05-02T12:59:11.794+0000] {subprocess.py:93} INFO - 2026-05-02 12:59:11 [scrapy.extensions.logstats] INFO: Crawled 2 pages (at 0 pages/min), scraped 0 items (at 0 items/min)
[2026-05-02T13:00:11.795+0000] {subprocess.py:93} INFO - 2026-05-02 13:00:11 [scrapy.extensions.logstats] INFO: Crawled 2 pages (at 0 pages/min), scraped 0 items (at 0 items/min)
[2026-05-02T13:01:11.794+0000] {subprocess.py:93} INFO - 2026-05-02 13:01:11 [scrapy.extensions.logstats] INFO: Crawled 2 pages (at 0 pages/min), scraped 0 items (at 0 items/min)
[2026-05-02T13:02:11.795+0000] {subprocess.py:93} INFO - 2026-05-02 13:02:11 [scrapy.extensions.logstats] INFO: Crawled 2 pages (at 0 pages/min), scraped 0 items (at 0 items/min)
[2026-05-02T13:03:11.795+0000] {subprocess.py:93} INFO - 2026-05-02 13:03:11 [scrapy.extensions.logstats] INFO: Crawled 2 pages (at 0 pages/min), scraped 0 items (at 0 items/min)
[2026-05-02T13:04:11.795+0000] {subprocess.py:93} INFO - 2026-05-02 13:04:11 [scrapy.extensions.logstats] INFO: Crawled 2 pages (at 0 pages/min), scraped 0 items (at 0 items/min)
[2026-05-02T13:05:11.795+0000] {subprocess.py:93} INFO - 2026-05-02 13:05:11 [scrapy.extensions.logstats] INFO: Crawled 2 pages (at 0 pages/min), scraped 0 items (at 0 items/min)
[2026-05-02T13:06:11.795+0000] {subprocess.py:93} INFO - 2026-05-02 13:06:11 [scrapy.extensions.logstats] INFO: Crawled 2 pages (at 0 pages/min), scraped 0 items (at 0 items/min)
[2026-05-02T13:07:11.794+0000] {subprocess.py:93} INFO - 2026-05-02 13:07:11 [scrapy.extensions.logstats] INFO: Crawled 2 pages (at 0 pages/min), scraped 0 items (at 0 items/min)
[2026-05-02T13:08:11.795+0000] {subprocess.py:93} INFO - 2026-05-02 13:08:11 [scrapy.extensions.logstats] INFO: Crawled 2 pages (at 0 pages/min), scraped 0 items (at 0 items/min)
[2026-05-02T13:09:11.795+0000] {subprocess.py:93} INFO - 2026-05-02 13:09:11 [scrapy.extensions.logstats] INFO: Crawled 2 pages (at 0 pages/min), scraped 0 items (at 0 items/min)
[2026-05-02T13:10:11.795+0000] {subprocess.py:93} INFO - 2026-05-02 13:10:11 [scrapy.extensions.logstats] INFO: Crawled 2 pages (at 0 pages/min), scraped 0 items (at 0 items/min)
[2026-05-02T13:11:11.795+0000] {subprocess.py:93} INFO - 2026-05-02 13:11:11 [scrapy.extensions.logstats] INFO: Crawled 2 pages (at 0 pages/min), scraped 0 items (at 0 items/min)
[2026-05-02T13:12:10.676+0000] {timeout.py:68} ERROR - Process timed out, PID: 906
[2026-05-02T13:12:10.676+0000] {subprocess.py:104} INFO - Sending SIGTERM signal to process group
[2026-05-02T13:12:10.688+0000] {taskinstance.py:2698} ERROR - Task failed with exception
Traceback (most recent call last):
  File "/home/airflow/.local/lib/python3.8/site-packages/airflow/models/taskinstance.py", line 428, in _execute_task
    result = execute_callable(context=context, **execute_callable_kwargs)
  File "/home/airflow/.local/lib/python3.8/site-packages/airflow/operators/bash.py", line 203, in execute
    result = self.subprocess_hook.run_command(
  File "/home/airflow/.local/lib/python3.8/site-packages/airflow/hooks/subprocess.py", line 91, in run_command
    for raw_line in iter(self.sub_process.stdout.readline, b""):
  File "/home/airflow/.local/lib/python3.8/site-packages/airflow/utils/timeout.py", line 69, in handle_timeout
    raise AirflowTaskTimeout(self.error_message)
airflow.exceptions.AirflowTaskTimeout: Timeout, PID: 906
[2026-05-02T13:12:10.690+0000] {taskinstance.py:1138} INFO - Marking task as UP_FOR_RETRY. dag_id=market_intelligence_platform, task_id=parallel_scraping.scrape_uno, execution_date=20260501T030000, start_date=20260502T111210, end_date=20260502T131210
[2026-05-02T13:12:10.702+0000] {standard_task_runner.py:107} ERROR - Failed to execute job 14 for task parallel_scraping.scrape_uno (Timeout, PID: 906; 906)
[2026-05-02T13:12:10.713+0000] {local_task_job_runner.py:234} INFO - Task exited with return code 1
[2026-05-02T13:12:10.728+0000] {taskinstance.py:3280} INFO - 0 downstream tasks scheduled from follow-on schedule check
