[2026-04-30T21:45:50.625+0000] {taskinstance.py:1956} INFO - Dependencies all met for dep_context=non-requeueable deps ti=<TaskInstance: market_intelligence_platform.parallel_scraping.scrape_uno scheduled__2026-04-29T03:00:00+00:00 [queued]>
[2026-04-30T21:45:50.634+0000] {taskinstance.py:1956} INFO - Dependencies all met for dep_context=requeueable deps ti=<TaskInstance: market_intelligence_platform.parallel_scraping.scrape_uno scheduled__2026-04-29T03:00:00+00:00 [queued]>
[2026-04-30T21:45:50.635+0000] {taskinstance.py:2170} INFO - Starting attempt 1 of 3
[2026-04-30T21:45:50.653+0000] {taskinstance.py:2191} INFO - Executing <Task(BashOperator): parallel_scraping.scrape_uno> on 2026-04-29 03:00:00+00:00
[2026-04-30T21:45:50.656+0000] {standard_task_runner.py:60} INFO - Started process 188 to run task
[2026-04-30T21:45:50.660+0000] {standard_task_runner.py:87} INFO - Running: ['***', 'tasks', 'run', 'market_intelligence_platform', 'parallel_scraping.scrape_uno', 'scheduled__2026-04-29T03:00:00+00:00', '--job-id', '89', '--raw', '--subdir', 'DAGS_FOLDER/jumia_scraper_dag.py', '--cfg-path', '/tmp/tmp5uu8iyto']
[2026-04-30T21:45:50.661+0000] {standard_task_runner.py:88} INFO - Job 89: Subtask parallel_scraping.scrape_uno
[2026-04-30T21:45:50.717+0000] {task_command.py:423} INFO - Running <TaskInstance: market_intelligence_platform.parallel_scraping.scrape_uno scheduled__2026-04-29T03:00:00+00:00 [running]> on host 843c5187474d
[2026-04-30T21:45:50.805+0000] {taskinstance.py:2480} INFO - Exporting env vars: AIRFLOW_CTX_DAG_OWNER='abdel' AIRFLOW_CTX_DAG_ID='market_intelligence_platform' AIRFLOW_CTX_TASK_ID='parallel_scraping.scrape_uno' AIRFLOW_CTX_EXECUTION_DATE='2026-04-29T03:00:00+00:00' AIRFLOW_CTX_TRY_NUMBER='1' AIRFLOW_CTX_DAG_RUN_ID='scheduled__2026-04-29T03:00:00+00:00'
[2026-04-30T21:45:50.806+0000] {subprocess.py:63} INFO - Tmp dir root location: /tmp
[2026-04-30T21:45:50.807+0000] {subprocess.py:75} INFO - Running command: ['/usr/bin/bash', '-c', 'mkdir -p /opt/***/scrapers/market_bot/data && python3 -m scrapy crawl uno -s LOG_LEVEL=INFO -o /opt/***/scrapers/market_bot/data/uno_2026-04-29.jsonl']
[2026-04-30T21:45:50.820+0000] {subprocess.py:86} INFO - Output:
[2026-04-30T21:45:51.451+0000] {subprocess.py:93} INFO - 2026-04-30 21:45:51 [scrapy.utils.log] INFO: Scrapy 2.11.2 started (bot: market_bot)
[2026-04-30T21:45:51.452+0000] {subprocess.py:93} INFO - Traceback (most recent call last):
[2026-04-30T21:45:51.452+0000] {subprocess.py:93} INFO -   File "/usr/local/lib/python3.8/runpy.py", line 194, in _run_module_as_main
[2026-04-30T21:45:51.452+0000] {subprocess.py:93} INFO -     return _run_code(code, main_globals, None,
[2026-04-30T21:45:51.453+0000] {subprocess.py:93} INFO -   File "/usr/local/lib/python3.8/runpy.py", line 87, in _run_code
[2026-04-30T21:45:51.453+0000] {subprocess.py:93} INFO -     exec(code, run_globals)
[2026-04-30T21:45:51.453+0000] {subprocess.py:93} INFO -   File "/home/***/.local/lib/python3.8/site-packages/scrapy/__main__.py", line 4, in <module>
[2026-04-30T21:45:51.453+0000] {subprocess.py:93} INFO -     execute()
[2026-04-30T21:45:51.453+0000] {subprocess.py:93} INFO -   File "/home/***/.local/lib/python3.8/site-packages/scrapy/cmdline.py", line 160, in execute
[2026-04-30T21:45:51.453+0000] {subprocess.py:93} INFO -     cmd.crawler_process = CrawlerProcess(settings)
[2026-04-30T21:45:51.453+0000] {subprocess.py:93} INFO -   File "/home/***/.local/lib/python3.8/site-packages/scrapy/crawler.py", line 359, in __init__
[2026-04-30T21:45:51.453+0000] {subprocess.py:93} INFO -     log_scrapy_info(self.settings)
[2026-04-30T21:45:51.453+0000] {subprocess.py:93} INFO -   File "/home/***/.local/lib/python3.8/site-packages/scrapy/utils/log.py", line 185, in log_scrapy_info
[2026-04-30T21:45:51.453+0000] {subprocess.py:93} INFO -     for name, version in scrapy_components_versions()
[2026-04-30T21:45:51.453+0000] {subprocess.py:93} INFO -   File "/home/***/.local/lib/python3.8/site-packages/scrapy/utils/versions.py", line 31, in scrapy_components_versions
[2026-04-30T21:45:51.454+0000] {subprocess.py:93} INFO -     ("Platform", platform.platform()),
[2026-04-30T21:45:51.454+0000] {subprocess.py:93} INFO -   File "/usr/local/lib/python3.8/platform.py", line 1206, in platform
[2026-04-30T21:45:51.454+0000] {subprocess.py:93} INFO -     libcname, libcversion = libc_ver(sys.executable)
[2026-04-30T21:45:51.454+0000] {subprocess.py:93} INFO -   File "/usr/local/lib/python3.8/platform.py", line 193, in libc_ver
[2026-04-30T21:45:51.454+0000] {subprocess.py:93} INFO -     with open(executable, 'rb') as f:
[2026-04-30T21:45:51.454+0000] {subprocess.py:93} INFO - IsADirectoryError: [Errno 21] Is a directory: '/tmp/***tmpjehimiuf'
[2026-04-30T21:45:51.553+0000] {subprocess.py:97} INFO - Command exited with return code 1
[2026-04-30T21:45:51.563+0000] {taskinstance.py:2698} ERROR - Task failed with exception
Traceback (most recent call last):
  File "/home/airflow/.local/lib/python3.8/site-packages/airflow/models/taskinstance.py", line 428, in _execute_task
    result = execute_callable(context=context, **execute_callable_kwargs)
  File "/home/airflow/.local/lib/python3.8/site-packages/airflow/operators/bash.py", line 212, in execute
    raise AirflowException(
airflow.exceptions.AirflowException: Bash command failed. The command returned a non-zero exit code 1.
[2026-04-30T21:45:51.565+0000] {taskinstance.py:1138} INFO - Marking task as UP_FOR_RETRY. dag_id=market_intelligence_platform, task_id=parallel_scraping.scrape_uno, execution_date=20260429T030000, start_date=20260430T214550, end_date=20260430T214551
[2026-04-30T21:45:51.574+0000] {standard_task_runner.py:107} ERROR - Failed to execute job 89 for task parallel_scraping.scrape_uno (Bash command failed. The command returned a non-zero exit code 1.; 188)
[2026-04-30T21:45:51.599+0000] {local_task_job_runner.py:234} INFO - Task exited with return code 1
[2026-04-30T21:45:51.613+0000] {taskinstance.py:3280} INFO - 0 downstream tasks scheduled from follow-on schedule check
[2026-04-30T22:59:51.564+0000] {taskinstance.py:1956} INFO - Dependencies all met for dep_context=non-requeueable deps ti=<TaskInstance: market_intelligence_platform.parallel_scraping.scrape_uno scheduled__2026-04-29T03:00:00+00:00 [queued]>
[2026-04-30T22:59:51.573+0000] {taskinstance.py:1956} INFO - Dependencies all met for dep_context=requeueable deps ti=<TaskInstance: market_intelligence_platform.parallel_scraping.scrape_uno scheduled__2026-04-29T03:00:00+00:00 [queued]>
[2026-04-30T22:59:51.574+0000] {taskinstance.py:2170} INFO - Starting attempt 1 of 2
[2026-04-30T22:59:51.591+0000] {taskinstance.py:2191} INFO - Executing <Task(BashOperator): parallel_scraping.scrape_uno> on 2026-04-29 03:00:00+00:00
[2026-04-30T22:59:51.597+0000] {standard_task_runner.py:60} INFO - Started process 370 to run task
[2026-04-30T22:59:51.599+0000] {standard_task_runner.py:87} INFO - Running: ['***', 'tasks', 'run', 'market_intelligence_platform', 'parallel_scraping.scrape_uno', 'scheduled__2026-04-29T03:00:00+00:00', '--job-id', '15', '--raw', '--subdir', 'DAGS_FOLDER/jumia_scraper_dag.py', '--cfg-path', '/tmp/tmp5at0rnlr']
[2026-04-30T22:59:51.601+0000] {standard_task_runner.py:88} INFO - Job 15: Subtask parallel_scraping.scrape_uno
[2026-04-30T22:59:51.659+0000] {task_command.py:423} INFO - Running <TaskInstance: market_intelligence_platform.parallel_scraping.scrape_uno scheduled__2026-04-29T03:00:00+00:00 [running]> on host 99c16236c159
[2026-04-30T22:59:51.754+0000] {taskinstance.py:2480} INFO - Exporting env vars: AIRFLOW_CTX_DAG_OWNER='abdel' AIRFLOW_CTX_DAG_ID='market_intelligence_platform' AIRFLOW_CTX_TASK_ID='parallel_scraping.scrape_uno' AIRFLOW_CTX_EXECUTION_DATE='2026-04-29T03:00:00+00:00' AIRFLOW_CTX_TRY_NUMBER='1' AIRFLOW_CTX_DAG_RUN_ID='scheduled__2026-04-29T03:00:00+00:00'
[2026-04-30T22:59:51.755+0000] {subprocess.py:63} INFO - Tmp dir root location: /tmp
[2026-04-30T22:59:51.756+0000] {subprocess.py:75} INFO - Running command: ['/usr/bin/bash', '-c', 'mkdir -p /opt/***/scrapers/market_bot/data && cd /opt/***/scrapers/market_bot && export KAFKA_BOOTSTRAP_SERVERS=kafka:29092 && export KAFKA_TOPIC=market_data && python3 -m scrapy crawl uno -s LOG_LEVEL=INFO -o /opt/***/scrapers/market_bot/data/uno_2026-04-29.jsonl']
[2026-04-30T22:59:51.768+0000] {subprocess.py:86} INFO - Output:
[2026-04-30T22:59:52.432+0000] {subprocess.py:93} INFO - 2026-04-30 22:59:52 [scrapy.utils.log] INFO: Scrapy 2.11.2 started (bot: market_bot)
[2026-04-30T22:59:52.434+0000] {subprocess.py:93} INFO - 2026-04-30 22:59:52 [scrapy.utils.log] INFO: Versions: lxml 5.1.0.0, libxml2 2.12.3, cssselect 1.2.0, parsel 1.9.1, w3lib 2.2.1, Twisted 25.5.0, Python 3.8.18 (default, Feb 13 2024, 11:06:24) - [GCC 12.2.0], pyOpenSSL 23.3.0 (OpenSSL 3.1.4 24 Oct 2023), cryptography 41.0.7, Platform Linux-6.19.11+kali-amd64-x86_64-with-glibc2.34
[2026-04-30T22:59:52.438+0000] {subprocess.py:93} INFO - 2026-04-30 22:59:52 [scrapy.addons] INFO: Enabled addons:
[2026-04-30T22:59:52.438+0000] {subprocess.py:93} INFO - []
[2026-04-30T22:59:52.454+0000] {subprocess.py:93} INFO - 2026-04-30 22:59:52 [scrapy.extensions.telnet] INFO: Telnet Password: 5588c92d37e5000b
[2026-04-30T22:59:52.664+0000] {subprocess.py:93} INFO - 2026-04-30 22:59:52 [scrapy.middleware] INFO: Enabled extensions:
[2026-04-30T22:59:52.665+0000] {subprocess.py:93} INFO - ['scrapy.extensions.corestats.CoreStats',
[2026-04-30T22:59:52.665+0000] {subprocess.py:93} INFO -  'scrapy.extensions.telnet.TelnetConsole',
[2026-04-30T22:59:52.665+0000] {subprocess.py:93} INFO -  'scrapy.extensions.memusage.MemoryUsage',
[2026-04-30T22:59:52.665+0000] {subprocess.py:93} INFO -  'scrapy.extensions.closespider.CloseSpider',
[2026-04-30T22:59:52.665+0000] {subprocess.py:93} INFO -  'scrapy.extensions.feedexport.FeedExporter',
[2026-04-30T22:59:52.665+0000] {subprocess.py:93} INFO -  'scrapy.extensions.logstats.LogStats',
[2026-04-30T22:59:52.666+0000] {subprocess.py:93} INFO -  'scrapy.extensions.throttle.AutoThrottle']
[2026-04-30T22:59:52.667+0000] {subprocess.py:93} INFO - 2026-04-30 22:59:52 [scrapy.crawler] INFO: Overridden settings:
[2026-04-30T22:59:52.667+0000] {subprocess.py:93} INFO - {'ASYNCIO_EVENT_LOOP': 'asyncio.SelectorEventLoop',
[2026-04-30T22:59:52.667+0000] {subprocess.py:93} INFO -  'AUTOTHROTTLE_ENABLED': True,
[2026-04-30T22:59:52.667+0000] {subprocess.py:93} INFO -  'AUTOTHROTTLE_START_DELAY': 1.5,
[2026-04-30T22:59:52.667+0000] {subprocess.py:93} INFO -  'AUTOTHROTTLE_TARGET_CONCURRENCY': 2.0,
[2026-04-30T22:59:52.667+0000] {subprocess.py:93} INFO -  'BOT_NAME': 'market_bot',
[2026-04-30T22:59:52.668+0000] {subprocess.py:93} INFO -  'CLOSESPIDER_ITEMCOUNT': 50000,
[2026-04-30T22:59:52.668+0000] {subprocess.py:93} INFO -  'CLOSESPIDER_PAGECOUNT': 5000,
[2026-04-30T22:59:52.668+0000] {subprocess.py:93} INFO -  'CONCURRENT_REQUESTS': 1,
[2026-04-30T22:59:52.668+0000] {subprocess.py:93} INFO -  'COOKIES_ENABLED': False,
[2026-04-30T22:59:52.668+0000] {subprocess.py:93} INFO -  'DOWNLOAD_TIMEOUT': 90,
[2026-04-30T22:59:52.668+0000] {subprocess.py:93} INFO -  'FEED_EXPORT_ENCODING': 'utf-8',
[2026-04-30T22:59:52.668+0000] {subprocess.py:93} INFO -  'LOG_LEVEL': 'INFO',
[2026-04-30T22:59:52.668+0000] {subprocess.py:93} INFO -  'NEWSPIDER_MODULE': 'market_bot.spiders',
[2026-04-30T22:59:52.669+0000] {subprocess.py:93} INFO -  'REQUEST_FINGERPRINTER_IMPLEMENTATION': '2.7',
[2026-04-30T22:59:52.669+0000] {subprocess.py:93} INFO -  'RETRY_HTTP_CODES': [500, 502, 503, 504, 408, 429],
[2026-04-30T22:59:52.669+0000] {subprocess.py:93} INFO -  'RETRY_TIMES': 5,
[2026-04-30T22:59:52.669+0000] {subprocess.py:93} INFO -  'SPIDER_MODULES': ['market_bot.spiders'],
[2026-04-30T22:59:52.669+0000] {subprocess.py:93} INFO -  'TWISTED_REACTOR': 'twisted.internet.asyncioreactor.AsyncioSelectorReactor',
[2026-04-30T22:59:52.669+0000] {subprocess.py:93} INFO -  'USER_AGENT': 'Mozilla/5.0 (Windows NT 10.0; Win64; x64) AppleWebKit/537.36 '
[2026-04-30T22:59:52.669+0000] {subprocess.py:93} INFO -                '(KHTML, like Gecko) Chrome/124.0.0.0 Safari/537.36'}
[2026-04-30T22:59:52.822+0000] {subprocess.py:93} INFO - 2026-04-30 22:59:52 [scrapy.middleware] INFO: Enabled downloader middlewares:
[2026-04-30T22:59:52.823+0000] {subprocess.py:93} INFO - ['scrapy.downloadermiddlewares.offsite.OffsiteMiddleware',
[2026-04-30T22:59:52.823+0000] {subprocess.py:93} INFO -  'scrapy.downloadermiddlewares.httpauth.HttpAuthMiddleware',
[2026-04-30T22:59:52.823+0000] {subprocess.py:93} INFO -  'scrapy.downloadermiddlewares.downloadtimeout.DownloadTimeoutMiddleware',
[2026-04-30T22:59:52.823+0000] {subprocess.py:93} INFO -  'scrapy.downloadermiddlewares.defaultheaders.DefaultHeadersMiddleware',
[2026-04-30T22:59:52.823+0000] {subprocess.py:93} INFO -  'scrapy.downloadermiddlewares.useragent.UserAgentMiddleware',
[2026-04-30T22:59:52.823+0000] {subprocess.py:93} INFO -  'scrapy.downloadermiddlewares.retry.RetryMiddleware',
[2026-04-30T22:59:52.824+0000] {subprocess.py:93} INFO -  'scrapy.downloadermiddlewares.redirect.MetaRefreshMiddleware',
[2026-04-30T22:59:52.824+0000] {subprocess.py:93} INFO -  'scrapy.downloadermiddlewares.httpcompression.HttpCompressionMiddleware',
[2026-04-30T22:59:52.824+0000] {subprocess.py:93} INFO -  'scrapy.downloadermiddlewares.redirect.RedirectMiddleware',
[2026-04-30T22:59:52.824+0000] {subprocess.py:93} INFO -  'scrapy.downloadermiddlewares.httpproxy.HttpProxyMiddleware',
[2026-04-30T22:59:52.824+0000] {subprocess.py:93} INFO -  'scrapy.downloadermiddlewares.stats.DownloaderStats']
[2026-04-30T22:59:52.824+0000] {subprocess.py:93} INFO - 2026-04-30 22:59:52 [scrapy.middleware] INFO: Enabled spider middlewares:
[2026-04-30T22:59:52.824+0000] {subprocess.py:93} INFO - ['scrapy.spidermiddlewares.httperror.HttpErrorMiddleware',
[2026-04-30T22:59:52.825+0000] {subprocess.py:93} INFO -  'scrapy.spidermiddlewares.referer.RefererMiddleware',
[2026-04-30T22:59:52.825+0000] {subprocess.py:93} INFO -  'scrapy.spidermiddlewares.urllength.UrlLengthMiddleware',
[2026-04-30T22:59:52.825+0000] {subprocess.py:93} INFO -  'scrapy.spidermiddlewares.depth.DepthMiddleware']
[2026-04-30T22:59:52.842+0000] {subprocess.py:93} INFO - %4|1777589992.841|CONFWARN|scrapy-bot#producer-1| [thrd:app]: Configuration property api.version.request is deprecated: **Post-deprecation actions: remove this configuration property, brokers < 0.10.0 won't be supported anymore in librdkafka 3.x.** Request broker's supported API versions to adjust functionality to available protocol features. If set to false, or the ApiVersionRequest fails, the fallback version `broker.version.fallback` will be used. **NOTE**: Depends on broker version >=0.10.0. If the request is not supported by (an older) broker the `broker.version.fallback` fallback is used.
[2026-04-30T22:59:52.843+0000] {subprocess.py:93} INFO - %4|1777589992.841|CONFWARN|scrapy-bot#producer-1| [thrd:app]: Configuration property broker.version.fallback is deprecated: **Post-deprecation actions: remove this configuration property, brokers < 0.10.0 won't be supported anymore in librdkafka 3.x.** Older broker versions (before 0.10.0) provide no way for a client to query for supported protocol features (ApiVersionRequest, see `api.version.request`) making it impossible for the client to know what features it may use. As a workaround a user may set this property to the expected broker version and the client will automatically adjust its feature set accordingly if the ApiVersionRequest fails (or is disabled). The fallback broker version will be used for `api.version.fallback.ms`. Valid values are: 0.9.0, 0.8.2, 0.8.1, 0.8.0. Any other value >= 0.10, such as 0.10.2.1, enables ApiVersionRequests.
[2026-04-30T22:59:52.843+0000] {subprocess.py:93} INFO - 2026-04-30 22:59:52 [scrapy.middleware] INFO: Enabled item pipelines:
[2026-04-30T22:59:52.843+0000] {subprocess.py:93} INFO - ['market_bot.pipelines.KafkaPipeline']
[2026-04-30T22:59:52.843+0000] {subprocess.py:93} INFO - 2026-04-30 22:59:52 [scrapy.core.engine] INFO: Spider opened
[2026-04-30T22:59:52.862+0000] {subprocess.py:93} INFO - 2026-04-30 22:59:52 [scrapy.extensions.logstats] INFO: Crawled 0 pages (at 0 pages/min), scraped 0 items (at 0 items/min)
[2026-04-30T22:59:52.865+0000] {subprocess.py:93} INFO - 2026-04-30 22:59:52 [scrapy.extensions.telnet] INFO: Telnet console listening on 127.0.0.1:6033
[2026-04-30T22:59:52.867+0000] {subprocess.py:93} INFO - 2026-04-30 22:59:52 [scrapy-playwright] INFO: Starting download handler
[2026-04-30T22:59:52.873+0000] {subprocess.py:93} INFO - 2026-04-30 22:59:52 [scrapy-playwright] INFO: Starting download handler
[2026-04-30T22:59:57.869+0000] {subprocess.py:93} INFO - 2026-04-30 22:59:57 [scrapy-playwright] INFO: Launching browser chromium
[2026-04-30T22:59:57.963+0000] {subprocess.py:93} INFO - 2026-04-30 22:59:57 [scrapy-playwright] INFO: Browser chromium launched
[2026-04-30T23:00:52.858+0000] {subprocess.py:93} INFO - 2026-04-30 23:00:52 [scrapy.extensions.logstats] INFO: Crawled 2 pages (at 2 pages/min), scraped 0 items (at 0 items/min)
[2026-04-30T23:01:52.858+0000] {subprocess.py:93} INFO - 2026-04-30 23:01:52 [scrapy.extensions.logstats] INFO: Crawled 2 pages (at 0 pages/min), scraped 0 items (at 0 items/min)
[2026-04-30T23:02:52.859+0000] {subprocess.py:93} INFO - 2026-04-30 23:02:52 [scrapy.extensions.logstats] INFO: Crawled 2 pages (at 0 pages/min), scraped 0 items (at 0 items/min)
[2026-04-30T23:03:52.858+0000] {subprocess.py:93} INFO - 2026-04-30 23:03:52 [scrapy.extensions.logstats] INFO: Crawled 2 pages (at 0 pages/min), scraped 0 items (at 0 items/min)
[2026-04-30T23:04:52.858+0000] {subprocess.py:93} INFO - 2026-04-30 23:04:52 [scrapy.extensions.logstats] INFO: Crawled 2 pages (at 0 pages/min), scraped 0 items (at 0 items/min)
[2026-04-30T23:05:52.859+0000] {subprocess.py:93} INFO - 2026-04-30 23:05:52 [scrapy.extensions.logstats] INFO: Crawled 2 pages (at 0 pages/min), scraped 0 items (at 0 items/min)
[2026-04-30T23:06:52.858+0000] {subprocess.py:93} INFO - 2026-04-30 23:06:52 [scrapy.extensions.logstats] INFO: Crawled 2 pages (at 0 pages/min), scraped 0 items (at 0 items/min)
[2026-04-30T23:07:52.858+0000] {subprocess.py:93} INFO - 2026-04-30 23:07:52 [scrapy.extensions.logstats] INFO: Crawled 2 pages (at 0 pages/min), scraped 0 items (at 0 items/min)
[2026-04-30T23:08:52.858+0000] {subprocess.py:93} INFO - 2026-04-30 23:08:52 [scrapy.extensions.logstats] INFO: Crawled 2 pages (at 0 pages/min), scraped 0 items (at 0 items/min)
[2026-04-30T23:09:52.858+0000] {subprocess.py:93} INFO - 2026-04-30 23:09:52 [scrapy.extensions.logstats] INFO: Crawled 2 pages (at 0 pages/min), scraped 0 items (at 0 items/min)
[2026-04-30T23:10:52.859+0000] {subprocess.py:93} INFO - 2026-04-30 23:10:52 [scrapy.extensions.logstats] INFO: Crawled 2 pages (at 0 pages/min), scraped 0 items (at 0 items/min)
[2026-04-30T23:11:52.858+0000] {subprocess.py:93} INFO - 2026-04-30 23:11:52 [scrapy.extensions.logstats] INFO: Crawled 2 pages (at 0 pages/min), scraped 0 items (at 0 items/min)
[2026-04-30T23:12:52.858+0000] {subprocess.py:93} INFO - 2026-04-30 23:12:52 [scrapy.extensions.logstats] INFO: Crawled 2 pages (at 0 pages/min), scraped 0 items (at 0 items/min)
[2026-04-30T23:13:52.858+0000] {subprocess.py:93} INFO - 2026-04-30 23:13:52 [scrapy.extensions.logstats] INFO: Crawled 2 pages (at 0 pages/min), scraped 0 items (at 0 items/min)
[2026-04-30T23:14:52.858+0000] {subprocess.py:93} INFO - 2026-04-30 23:14:52 [scrapy.extensions.logstats] INFO: Crawled 2 pages (at 0 pages/min), scraped 0 items (at 0 items/min)
[2026-04-30T23:15:52.858+0000] {subprocess.py:93} INFO - 2026-04-30 23:15:52 [scrapy.extensions.logstats] INFO: Crawled 2 pages (at 0 pages/min), scraped 0 items (at 0 items/min)
[2026-04-30T23:16:52.858+0000] {subprocess.py:93} INFO - 2026-04-30 23:16:52 [scrapy.extensions.logstats] INFO: Crawled 2 pages (at 0 pages/min), scraped 0 items (at 0 items/min)
[2026-04-30T23:17:52.858+0000] {subprocess.py:93} INFO - 2026-04-30 23:17:52 [scrapy.extensions.logstats] INFO: Crawled 2 pages (at 0 pages/min), scraped 0 items (at 0 items/min)
[2026-04-30T23:18:52.858+0000] {subprocess.py:93} INFO - 2026-04-30 23:18:52 [scrapy.extensions.logstats] INFO: Crawled 2 pages (at 0 pages/min), scraped 0 items (at 0 items/min)
[2026-04-30T23:19:52.858+0000] {subprocess.py:93} INFO - 2026-04-30 23:19:52 [scrapy.extensions.logstats] INFO: Crawled 2 pages (at 0 pages/min), scraped 0 items (at 0 items/min)
[2026-04-30T23:20:52.858+0000] {subprocess.py:93} INFO - 2026-04-30 23:20:52 [scrapy.extensions.logstats] INFO: Crawled 2 pages (at 0 pages/min), scraped 0 items (at 0 items/min)
[2026-04-30T23:21:52.858+0000] {subprocess.py:93} INFO - 2026-04-30 23:21:52 [scrapy.extensions.logstats] INFO: Crawled 2 pages (at 0 pages/min), scraped 0 items (at 0 items/min)
[2026-04-30T23:22:52.858+0000] {subprocess.py:93} INFO - 2026-04-30 23:22:52 [scrapy.extensions.logstats] INFO: Crawled 2 pages (at 0 pages/min), scraped 0 items (at 0 items/min)
[2026-04-30T23:23:52.858+0000] {subprocess.py:93} INFO - 2026-04-30 23:23:52 [scrapy.extensions.logstats] INFO: Crawled 2 pages (at 0 pages/min), scraped 0 items (at 0 items/min)
[2026-04-30T23:24:52.858+0000] {subprocess.py:93} INFO - 2026-04-30 23:24:52 [scrapy.extensions.logstats] INFO: Crawled 2 pages (at 0 pages/min), scraped 0 items (at 0 items/min)
[2026-04-30T23:25:52.858+0000] {subprocess.py:93} INFO - 2026-04-30 23:25:52 [scrapy.extensions.logstats] INFO: Crawled 2 pages (at 0 pages/min), scraped 0 items (at 0 items/min)
[2026-04-30T23:26:52.858+0000] {subprocess.py:93} INFO - 2026-04-30 23:26:52 [scrapy.extensions.logstats] INFO: Crawled 2 pages (at 0 pages/min), scraped 0 items (at 0 items/min)
[2026-04-30T23:27:52.858+0000] {subprocess.py:93} INFO - 2026-04-30 23:27:52 [scrapy.extensions.logstats] INFO: Crawled 2 pages (at 0 pages/min), scraped 0 items (at 0 items/min)
[2026-04-30T23:28:52.858+0000] {subprocess.py:93} INFO - 2026-04-30 23:28:52 [scrapy.extensions.logstats] INFO: Crawled 2 pages (at 0 pages/min), scraped 0 items (at 0 items/min)
[2026-04-30T23:29:52.858+0000] {subprocess.py:93} INFO - 2026-04-30 23:29:52 [scrapy.extensions.logstats] INFO: Crawled 2 pages (at 0 pages/min), scraped 0 items (at 0 items/min)
[2026-04-30T23:30:52.858+0000] {subprocess.py:93} INFO - 2026-04-30 23:30:52 [scrapy.extensions.logstats] INFO: Crawled 2 pages (at 0 pages/min), scraped 0 items (at 0 items/min)
[2026-04-30T23:31:33.058+0000] {local_task_job_runner.py:121} ERROR - Received SIGTERM. Terminating subprocesses
[2026-04-30T23:31:33.067+0000] {process_utils.py:131} INFO - Sending 15 to group 370. PIDs of all processes in the group: [379, 606, 630, 989, 1046, 1047, 1169, 1245, 1534, 1132, 370]
[2026-04-30T23:31:33.067+0000] {process_utils.py:86} INFO - Sending the signal 15 to group 370
[2026-04-30T23:31:33.071+0000] {taskinstance.py:2450} ERROR - Received SIGTERM. Terminating subprocesses.
[2026-04-30T23:31:33.071+0000] {subprocess.py:104} INFO - Sending SIGTERM signal to process group
[2026-04-30T23:31:33.271+0000] {process_utils.py:79} INFO - Process psutil.Process(pid=1534, status='terminated', started='23:00:02') (1534) terminated with exit code None
[2026-04-30T23:31:33.271+0000] {process_utils.py:79} INFO - Process psutil.Process(pid=606, status='terminated', started='22:59:52') (606) terminated with exit code None
[2026-04-30T23:31:33.283+0000] {process_utils.py:79} INFO - Process psutil.Process(pid=1245, status='terminated', started='22:59:57') (1245) terminated with exit code None
[2026-04-30T23:31:33.379+0000] {process_utils.py:79} INFO - Process psutil.Process(pid=989, status='terminated', started='22:59:57') (989) terminated with exit code None
[2026-04-30T23:31:33.380+0000] {process_utils.py:79} INFO - Process psutil.Process(pid=1169, status='terminated', started='22:59:57') (1169) terminated with exit code None
[2026-04-30T23:31:33.380+0000] {process_utils.py:79} INFO - Process psutil.Process(pid=1132, status='terminated', started='22:59:57') (1132) terminated with exit code None
[2026-04-30T23:31:33.380+0000] {process_utils.py:79} INFO - Process psutil.Process(pid=1046, status='terminated', started='22:59:57') (1046) terminated with exit code None
[2026-04-30T23:31:33.479+0000] {process_utils.py:79} INFO - Process psutil.Process(pid=1047, status='terminated', started='22:59:57') (1047) terminated with exit code None
[2026-04-30T23:31:38.890+0000] {process_utils.py:79} INFO - Process psutil.Process(pid=630, status='terminated', started='22:59:52') (630) terminated with exit code None
