[2026-05-03T23:22:56.834+0000] {taskinstance.py:1956} INFO - Dependencies all met for dep_context=non-requeueable deps ti=<TaskInstance: market_intelligence_platform.parallel_scraping.scrape_iris manual__2026-05-03T23:22:56.581134+00:00 [queued]>
[2026-05-03T23:22:56.842+0000] {taskinstance.py:1956} INFO - Dependencies all met for dep_context=requeueable deps ti=<TaskInstance: market_intelligence_platform.parallel_scraping.scrape_iris manual__2026-05-03T23:22:56.581134+00:00 [queued]>
[2026-05-03T23:22:56.842+0000] {taskinstance.py:2170} INFO - Starting attempt 1 of 2
[2026-05-03T23:22:56.856+0000] {taskinstance.py:2191} INFO - Executing <Task(BashOperator): parallel_scraping.scrape_iris> on 2026-05-03 23:22:56.581134+00:00
[2026-05-03T23:22:56.861+0000] {standard_task_runner.py:60} INFO - Started process 8821 to run task
[2026-05-03T23:22:56.863+0000] {standard_task_runner.py:87} INFO - Running: ['***', 'tasks', 'run', 'market_intelligence_platform', 'parallel_scraping.scrape_iris', 'manual__2026-05-03T23:22:56.581134+00:00', '--job-id', '159', '--raw', '--subdir', 'DAGS_FOLDER/jumia_scraper_dag.py', '--cfg-path', '/tmp/tmp_z8f501o']
[2026-05-03T23:22:56.865+0000] {standard_task_runner.py:88} INFO - Job 159: Subtask parallel_scraping.scrape_iris
[2026-05-03T23:22:56.908+0000] {task_command.py:423} INFO - Running <TaskInstance: market_intelligence_platform.parallel_scraping.scrape_iris manual__2026-05-03T23:22:56.581134+00:00 [running]> on host c1627dbb6835
[2026-05-03T23:22:56.992+0000] {taskinstance.py:2480} INFO - Exporting env vars: AIRFLOW_CTX_DAG_OWNER='abdel' AIRFLOW_CTX_DAG_ID='market_intelligence_platform' AIRFLOW_CTX_TASK_ID='parallel_scraping.scrape_iris' AIRFLOW_CTX_EXECUTION_DATE='2026-05-03T23:22:56.581134+00:00' AIRFLOW_CTX_TRY_NUMBER='1' AIRFLOW_CTX_DAG_RUN_ID='manual__2026-05-03T23:22:56.581134+00:00'
[2026-05-03T23:22:56.993+0000] {subprocess.py:63} INFO - Tmp dir root location: /tmp
[2026-05-03T23:22:56.993+0000] {subprocess.py:75} INFO - Running command: ['/usr/bin/bash', '-c', 'mkdir -p /opt/***/scrapers/market_bot/data && cd /opt/***/scrapers/market_bot && python3 -m scrapy crawl iris -s LOG_LEVEL=INFO -o /opt/***/scrapers/market_bot/data/iris_2026-05-03.jsonl']
[2026-05-03T23:22:57.003+0000] {subprocess.py:86} INFO - Output:
[2026-05-03T23:22:57.449+0000] {subprocess.py:93} INFO - 2026-05-03 23:22:57 [scrapy.utils.log] INFO: Scrapy 2.11.2 started (bot: market_bot)
[2026-05-03T23:22:57.450+0000] {subprocess.py:93} INFO - 2026-05-03 23:22:57 [scrapy.utils.log] INFO: Versions: lxml 5.1.0.0, libxml2 2.12.3, cssselect 1.2.0, parsel 1.9.1, w3lib 2.2.1, Twisted 25.5.0, Python 3.8.18 (default, Feb 13 2024, 11:06:24) - [GCC 12.2.0], pyOpenSSL 23.3.0 (OpenSSL 3.1.4 24 Oct 2023), cryptography 41.0.7, Platform Linux-6.19.11+kali-amd64-x86_64-with-glibc2.34
[2026-05-03T23:22:57.452+0000] {subprocess.py:93} INFO - 2026-05-03 23:22:57 [scrapy.addons] INFO: Enabled addons:
[2026-05-03T23:22:57.452+0000] {subprocess.py:93} INFO - []
[2026-05-03T23:22:57.464+0000] {subprocess.py:93} INFO - 2026-05-03 23:22:57 [scrapy.extensions.telnet] INFO: Telnet Password: 3247dc85ee44066d
[2026-05-03T23:22:57.661+0000] {subprocess.py:93} INFO - 2026-05-03 23:22:57 [scrapy.middleware] INFO: Enabled extensions:
[2026-05-03T23:22:57.662+0000] {subprocess.py:93} INFO - ['scrapy.extensions.corestats.CoreStats',
[2026-05-03T23:22:57.662+0000] {subprocess.py:93} INFO -  'scrapy.extensions.telnet.TelnetConsole',
[2026-05-03T23:22:57.662+0000] {subprocess.py:93} INFO -  'scrapy.extensions.memusage.MemoryUsage',
[2026-05-03T23:22:57.662+0000] {subprocess.py:93} INFO -  'scrapy.extensions.closespider.CloseSpider',
[2026-05-03T23:22:57.663+0000] {subprocess.py:93} INFO -  'scrapy.extensions.feedexport.FeedExporter',
[2026-05-03T23:22:57.663+0000] {subprocess.py:93} INFO -  'scrapy.extensions.logstats.LogStats',
[2026-05-03T23:22:57.663+0000] {subprocess.py:93} INFO -  'scrapy.extensions.throttle.AutoThrottle']
[2026-05-03T23:22:57.663+0000] {subprocess.py:93} INFO - 2026-05-03 23:22:57 [scrapy.crawler] INFO: Overridden settings:
[2026-05-03T23:22:57.663+0000] {subprocess.py:93} INFO - {'ASYNCIO_EVENT_LOOP': 'asyncio.SelectorEventLoop',
[2026-05-03T23:22:57.663+0000] {subprocess.py:93} INFO -  'AUTOTHROTTLE_ENABLED': True,
[2026-05-03T23:22:57.664+0000] {subprocess.py:93} INFO -  'AUTOTHROTTLE_MAX_DELAY': 10,
[2026-05-03T23:22:57.664+0000] {subprocess.py:93} INFO -  'AUTOTHROTTLE_START_DELAY': 1,
[2026-05-03T23:22:57.664+0000] {subprocess.py:93} INFO -  'BOT_NAME': 'market_bot',
[2026-05-03T23:22:57.664+0000] {subprocess.py:93} INFO -  'CLOSESPIDER_ITEMCOUNT': 50000,
[2026-05-03T23:22:57.664+0000] {subprocess.py:93} INFO -  'CLOSESPIDER_PAGECOUNT': 5000,
[2026-05-03T23:22:57.664+0000] {subprocess.py:93} INFO -  'CONCURRENT_REQUESTS': 2,
[2026-05-03T23:22:57.664+0000] {subprocess.py:93} INFO -  'CONCURRENT_REQUESTS_PER_DOMAIN': 1,
[2026-05-03T23:22:57.664+0000] {subprocess.py:93} INFO -  'COOKIES_ENABLED': False,
[2026-05-03T23:22:57.665+0000] {subprocess.py:93} INFO -  'DOWNLOAD_DELAY': 2.0,
[2026-05-03T23:22:57.665+0000] {subprocess.py:93} INFO -  'DOWNLOAD_TIMEOUT': 90,
[2026-05-03T23:22:57.665+0000] {subprocess.py:93} INFO -  'FEED_EXPORT_ENCODING': 'utf-8',
[2026-05-03T23:22:57.665+0000] {subprocess.py:93} INFO -  'LOG_LEVEL': 'INFO',
[2026-05-03T23:22:57.665+0000] {subprocess.py:93} INFO -  'NEWSPIDER_MODULE': 'market_bot.spiders',
[2026-05-03T23:22:57.665+0000] {subprocess.py:93} INFO -  'REQUEST_FINGERPRINTER_IMPLEMENTATION': '2.7',
[2026-05-03T23:22:57.665+0000] {subprocess.py:93} INFO -  'RETRY_HTTP_CODES': [500, 502, 503, 504, 408, 429],
[2026-05-03T23:22:57.665+0000] {subprocess.py:93} INFO -  'RETRY_TIMES': 5,
[2026-05-03T23:22:57.666+0000] {subprocess.py:93} INFO -  'ROBOTSTXT_OBEY': True,
[2026-05-03T23:22:57.666+0000] {subprocess.py:93} INFO -  'SPIDER_MODULES': ['market_bot.spiders'],
[2026-05-03T23:22:57.666+0000] {subprocess.py:93} INFO -  'TWISTED_REACTOR': 'twisted.internet.asyncioreactor.AsyncioSelectorReactor',
[2026-05-03T23:22:57.666+0000] {subprocess.py:93} INFO -  'USER_AGENT': 'Mozilla/5.0 (Windows NT 10.0; Win64; x64) AppleWebKit/537.36 '
[2026-05-03T23:22:57.666+0000] {subprocess.py:93} INFO -                '(KHTML, like Gecko) Chrome/124.0.0.0 Safari/537.36'}
[2026-05-03T23:22:57.783+0000] {subprocess.py:93} INFO - 2026-05-03 23:22:57 [scrapy.middleware] INFO: Enabled downloader middlewares:
[2026-05-03T23:22:57.783+0000] {subprocess.py:93} INFO - ['scrapy.downloadermiddlewares.offsite.OffsiteMiddleware',
[2026-05-03T23:22:57.783+0000] {subprocess.py:93} INFO -  'scrapy.downloadermiddlewares.robotstxt.RobotsTxtMiddleware',
[2026-05-03T23:22:57.784+0000] {subprocess.py:93} INFO -  'scrapy.downloadermiddlewares.httpauth.HttpAuthMiddleware',
[2026-05-03T23:22:57.784+0000] {subprocess.py:93} INFO -  'scrapy.downloadermiddlewares.downloadtimeout.DownloadTimeoutMiddleware',
[2026-05-03T23:22:57.784+0000] {subprocess.py:93} INFO -  'scrapy.downloadermiddlewares.defaultheaders.DefaultHeadersMiddleware',
[2026-05-03T23:22:57.784+0000] {subprocess.py:93} INFO -  'scrapy.downloadermiddlewares.useragent.UserAgentMiddleware',
[2026-05-03T23:22:57.784+0000] {subprocess.py:93} INFO -  'scrapy.downloadermiddlewares.retry.RetryMiddleware',
[2026-05-03T23:22:57.784+0000] {subprocess.py:93} INFO -  'scrapy.downloadermiddlewares.redirect.MetaRefreshMiddleware',
[2026-05-03T23:22:57.784+0000] {subprocess.py:93} INFO -  'scrapy.downloadermiddlewares.httpcompression.HttpCompressionMiddleware',
[2026-05-03T23:22:57.785+0000] {subprocess.py:93} INFO -  'scrapy.downloadermiddlewares.redirect.RedirectMiddleware',
[2026-05-03T23:22:57.785+0000] {subprocess.py:93} INFO -  'scrapy.downloadermiddlewares.httpproxy.HttpProxyMiddleware',
[2026-05-03T23:22:57.785+0000] {subprocess.py:93} INFO -  'scrapy.downloadermiddlewares.stats.DownloaderStats']
[2026-05-03T23:22:57.785+0000] {subprocess.py:93} INFO - 2026-05-03 23:22:57 [scrapy.middleware] INFO: Enabled spider middlewares:
[2026-05-03T23:22:57.785+0000] {subprocess.py:93} INFO - ['scrapy.spidermiddlewares.httperror.HttpErrorMiddleware',
[2026-05-03T23:22:57.785+0000] {subprocess.py:93} INFO -  'scrapy.spidermiddlewares.referer.RefererMiddleware',
[2026-05-03T23:22:57.785+0000] {subprocess.py:93} INFO -  'scrapy.spidermiddlewares.urllength.UrlLengthMiddleware',
[2026-05-03T23:22:57.785+0000] {subprocess.py:93} INFO -  'scrapy.spidermiddlewares.depth.DepthMiddleware']
[2026-05-03T23:22:57.799+0000] {subprocess.py:93} INFO - %4|1777850577.795|CONFWARN|scrapy-bot#producer-1| [thrd:app]: Configuration property api.version.request is deprecated: **Post-deprecation actions: remove this configuration property, brokers < 0.10.0 won't be supported anymore in librdkafka 3.x.** Request broker's supported API versions to adjust functionality to available protocol features. If set to false, or the ApiVersionRequest fails, the fallback version `broker.version.fallback` will be used. **NOTE**: Depends on broker version >=0.10.0. If the request is not supported by (an older) broker the `broker.version.fallback` fallback is used.
[2026-05-03T23:22:57.799+0000] {subprocess.py:93} INFO - %4|1777850577.795|CONFWARN|scrapy-bot#producer-1| [thrd:app]: Configuration property broker.version.fallback is deprecated: **Post-deprecation actions: remove this configuration property, brokers < 0.10.0 won't be supported anymore in librdkafka 3.x.** Older broker versions (before 0.10.0) provide no way for a client to query for supported protocol features (ApiVersionRequest, see `api.version.request`) making it impossible for the client to know what features it may use. As a workaround a user may set this property to the expected broker version and the client will automatically adjust its feature set accordingly if the ApiVersionRequest fails (or is disabled). The fallback broker version will be used for `api.version.fallback.ms`. Valid values are: 0.9.0, 0.8.2, 0.8.1, 0.8.0. Any other value >= 0.10, such as 0.10.2.1, enables ApiVersionRequests.
[2026-05-03T23:22:57.799+0000] {subprocess.py:93} INFO - 2026-05-03 23:22:57 [scrapy.middleware] INFO: Enabled item pipelines:
[2026-05-03T23:22:57.800+0000] {subprocess.py:93} INFO - ['market_bot.pipelines.KafkaPipeline']
[2026-05-03T23:22:57.800+0000] {subprocess.py:93} INFO - 2026-05-03 23:22:57 [scrapy.core.engine] INFO: Spider opened
[2026-05-03T23:22:57.803+0000] {subprocess.py:93} INFO - 2026-05-03 23:22:57 [scrapy.extensions.logstats] INFO: Crawled 0 pages (at 0 pages/min), scraped 0 items (at 0 items/min)
[2026-05-03T23:22:57.806+0000] {subprocess.py:93} INFO - 2026-05-03 23:22:57 [scrapy.extensions.telnet] INFO: Telnet console listening on 127.0.0.1:6026
[2026-05-03T23:22:57.807+0000] {subprocess.py:93} INFO - 2026-05-03 23:22:57 [scrapy-playwright] INFO: Starting download handler
[2026-05-03T23:22:57.807+0000] {subprocess.py:93} INFO - 2026-05-03 23:22:57 [scrapy-playwright] INFO: Starting download handler
[2026-05-03T23:23:05.006+0000] {subprocess.py:93} INFO - 2026-05-03 23:23:05 [scrapy-playwright] INFO: Launching browser chromium
[2026-05-03T23:23:05.087+0000] {subprocess.py:93} INFO - 2026-05-03 23:23:05 [scrapy-playwright] INFO: Browser chromium launched
[2026-05-03T23:23:18.079+0000] {subprocess.py:93} INFO - 2026-05-03 23:23:18 [iris] INFO: Iris [laptop]: 43 products on https://www.iris.ma/44-ordinateur-portable
[2026-05-03T23:23:18.081+0000] {subprocess.py:93} INFO - 2026-05-03 23:23:18 [iris] INFO: Reclassified 'Epson EcoTank L3250 Imprimante multifonction à rés': laptop → imprimante
[2026-05-03T23:23:18.086+0000] {subprocess.py:93} INFO - 2026-05-03 23:23:18 [iris] INFO: Reclassified 'Epson EcoTank L6490 Imprimante multifonction à rés': laptop → imprimante
[2026-05-03T23:23:18.089+0000] {subprocess.py:93} INFO - 2026-05-03 23:23:18 [iris] INFO: Reclassified 'Ordinateur Tout-en-un Lenovo ThinkCentre neo 50a 2': laptop → pc_fixe
[2026-05-03T23:23:18.091+0000] {subprocess.py:93} INFO - 2026-05-03 23:23:18 [iris] INFO: Reclassified 'Ordinateur Tout-en-un Lenovo ThinkCentre neo 50a 2': laptop → pc_fixe
[2026-05-03T23:23:18.097+0000] {subprocess.py:93} INFO - 2026-05-03 23:23:18 [iris] INFO: Reclassified 'Tablette Graphique One by Wacom Moyenne - USB (CTL': laptop → tablet
[2026-05-03T23:23:18.099+0000] {subprocess.py:93} INFO - 2026-05-03 23:23:18 [iris] INFO: Reclassified 'Tablette Graphique One by Wacom Petite - USB (CTL-': laptop → tablet
[2026-05-03T23:23:18.102+0000] {subprocess.py:93} INFO - 2026-05-03 23:23:18 [iris] INFO: Reclassified 'Onduleur Line-interactive Eaton Ellipse PRO ELP160': laptop → accessoire_tech
[2026-05-03T23:23:18.104+0000] {subprocess.py:93} INFO - 2026-05-03 23:23:18 [iris] INFO: Reclassified 'Onduleur Line-interactive Eaton 5E Gen2 5E700UF US': laptop → accessoire_tech
[2026-05-03T23:23:18.106+0000] {subprocess.py:93} INFO - 2026-05-03 23:23:18 [iris] INFO: Reclassified 'Microsoft 365 Famille Français - abonnement 12 moi': laptop → logiciel
[2026-05-03T23:23:18.108+0000] {subprocess.py:93} INFO - 2026-05-03 23:23:18 [iris] INFO: Reclassified 'Kaspersky Plus (équivalent à Internet Security) - ': laptop → logiciel
[2026-05-03T23:23:18.110+0000] {subprocess.py:93} INFO - 2026-05-03 23:23:18 [iris] INFO: Reclassified 'Écran 27" Full HD Dell P2725H (P2725H-3Y)': laptop → moniteur
[2026-05-03T23:23:18.112+0000] {subprocess.py:93} INFO - 2026-05-03 23:23:18 [iris] WARNING: Unclassified: 'écran 27" plat full hd samsung s30gd (ls27d300gauxen)' (original_category=laptop) → kept as-is
[2026-05-03T23:23:18.114+0000] {subprocess.py:93} INFO - 2026-05-03 23:23:18 [iris] WARNING: Unclassified: 'epson co-w01 vidéoprojecteur wxga (v11ha86040)' (original_category=laptop) → kept as-is
[2026-05-03T23:23:18.117+0000] {subprocess.py:93} INFO - 2026-05-03 23:23:18 [iris] WARNING: Unclassified: 'epson eh-tw850 – projecteur full hd haute performance...' (original_category=laptop) → kept as-is
[2026-05-03T23:23:18.119+0000] {subprocess.py:93} INFO - 2026-05-03 23:23:18 [iris] INFO: Reclassified 'Setup Gaming Ultime – Tout pour...': laptop → pc_fixe
[2026-05-03T23:23:26.438+0000] {subprocess.py:93} INFO - 2026-05-03 23:23:26 [iris] ERROR: 403 Forbidden: https://www.iris.ma/45-ordinateur-pc-fixe (pc_fixe)
[2026-05-03T23:23:46.110+0000] {subprocess.py:93} INFO - 2026-05-03 23:23:46 [iris] ERROR: 403 Forbidden: https://www.iris.ma/13-smartphone (smartphone)
[2026-05-03T23:23:52.911+0000] {subprocess.py:93} INFO - 2026-05-03 23:23:52 [iris] ERROR: 403 Forbidden: https://www.iris.ma/44-ordinateur-portable?utm_source=%7B%7Bsite_source_name%7D%7D&utm_medium=paid_social&utm_campaign=%7B%7Bcampaign.name%7D%7D&utm_content=%7B%7Badset.name%7D%7D_%7B%7Bad.name%7D%7D&utm_term=%7B%7Bplacement%7D%7D&page=2 (laptop)
[2026-05-03T23:23:57.804+0000] {subprocess.py:93} INFO - 2026-05-03 23:23:57 [scrapy.extensions.logstats] INFO: Crawled 5 pages (at 5 pages/min), scraped 46 items (at 46 items/min)
[2026-05-03T23:24:15.446+0000] {subprocess.py:93} INFO - 2026-05-03 23:24:15 [iris] ERROR: 403 Forbidden: https://www.iris.ma/266-tablette (tablet)
[2026-05-03T23:24:21.366+0000] {subprocess.py:93} INFO - 2026-05-03 23:24:21 [iris] ERROR: 403 Forbidden: https://www.iris.ma/18-imprimante-multifonction (imprimante)
[2026-05-03T23:24:36.823+0000] {subprocess.py:93} INFO - 2026-05-03 23:24:36 [iris] ERROR: 403 Forbidden: https://www.iris.ma/55-ecran-moniteur (moniteur)
[2026-05-03T23:24:57.804+0000] {subprocess.py:93} INFO - 2026-05-03 23:24:57 [scrapy.extensions.logstats] INFO: Crawled 8 pages (at 3 pages/min), scraped 49 items (at 3 items/min)
[2026-05-03T23:25:01.242+0000] {subprocess.py:93} INFO - 2026-05-03 23:25:01 [iris] ERROR: 403 Forbidden: https://www.iris.ma/7-peripherique-accessoire (accessoire_tech)
[2026-05-03T23:25:01.247+0000] {subprocess.py:93} INFO - 2026-05-03 23:25:01 [scrapy.core.engine] INFO: Closing spider (finished)
[2026-05-03T23:25:01.247+0000] {subprocess.py:93} INFO - 2026-05-03 23:25:01 [iris] INFO: Finalizing Kafka: 50 items produced. Flushing...
[2026-05-03T23:25:01.248+0000] {subprocess.py:93} INFO - 2026-05-03 23:25:01 [iris] INFO: 🚀 Tous les messages ont été envoyés avec succès.
[2026-05-03T23:25:01.248+0000] {subprocess.py:93} INFO - 2026-05-03 23:25:01 [scrapy.extensions.feedexport] INFO: Stored jsonl feed (50 items) in: /opt/***/scrapers/market_bot/data/iris_2026-05-03.jsonl
[2026-05-03T23:25:01.249+0000] {subprocess.py:93} INFO - 2026-05-03 23:25:01 [scrapy.statscollectors] INFO: Dumping Scrapy stats:
[2026-05-03T23:25:01.250+0000] {subprocess.py:93} INFO - {'downloader/request_bytes': 3009,
[2026-05-03T23:25:01.250+0000] {subprocess.py:93} INFO -  'downloader/request_count': 9,
[2026-05-03T23:25:01.250+0000] {subprocess.py:93} INFO -  'downloader/request_method_count/GET': 9,
[2026-05-03T23:25:01.250+0000] {subprocess.py:93} INFO -  'downloader/response_bytes': 1014568,
[2026-05-03T23:25:01.250+0000] {subprocess.py:93} INFO -  'downloader/response_count': 9,
[2026-05-03T23:25:01.250+0000] {subprocess.py:93} INFO -  'downloader/response_status_count/200': 2,
[2026-05-03T23:25:01.253+0000] {subprocess.py:93} INFO -  'downloader/response_status_count/403': 7,
[2026-05-03T23:25:01.253+0000] {subprocess.py:93} INFO -  'elapsed_time_seconds': 123.444843,
[2026-05-03T23:25:01.253+0000] {subprocess.py:93} INFO -  'feedexport/success_count/FileFeedStorage': 1,
[2026-05-03T23:25:01.253+0000] {subprocess.py:93} INFO -  'finish_reason': 'finished',
[2026-05-03T23:25:01.254+0000] {subprocess.py:93} INFO -  'finish_time': datetime.datetime(2026, 5, 3, 23, 25, 1, 248111, tzinfo=datetime.timezone.utc),
[2026-05-03T23:25:01.254+0000] {subprocess.py:93} INFO -  'httpcompression/response_bytes': 3097,
[2026-05-03T23:25:01.254+0000] {subprocess.py:93} INFO -  'httpcompression/response_count': 1,
[2026-05-03T23:25:01.254+0000] {subprocess.py:93} INFO -  'item_scraped_count': 50,
[2026-05-03T23:25:01.254+0000] {subprocess.py:93} INFO -  'log_count/ERROR': 7,
[2026-05-03T23:25:01.254+0000] {subprocess.py:93} INFO -  'log_count/INFO': 32,
[2026-05-03T23:25:01.254+0000] {subprocess.py:93} INFO -  'log_count/WARNING': 3,
[2026-05-03T23:25:01.255+0000] {subprocess.py:93} INFO -  'memusage/max': 155299840,
[2026-05-03T23:25:01.255+0000] {subprocess.py:93} INFO -  'memusage/startup': 155299840,
[2026-05-03T23:25:01.256+0000] {subprocess.py:93} INFO -  'playwright/browser_count': 1,
[2026-05-03T23:25:01.256+0000] {subprocess.py:93} INFO -  'playwright/context_count': 1,
[2026-05-03T23:25:01.256+0000] {subprocess.py:93} INFO -  'playwright/context_count/max_concurrent': 1,
[2026-05-03T23:25:01.256+0000] {subprocess.py:93} INFO -  'playwright/context_count/persistent/False': 1,
[2026-05-03T23:25:01.256+0000] {subprocess.py:93} INFO -  'playwright/context_count/remote/False': 1,
[2026-05-03T23:25:01.257+0000] {subprocess.py:93} INFO -  'playwright/page_count': 8,
[2026-05-03T23:25:01.257+0000] {subprocess.py:93} INFO -  'playwright/page_count/closed': 1,
[2026-05-03T23:25:01.257+0000] {subprocess.py:93} INFO -  'playwright/page_count/max_concurrent': 2,
[2026-05-03T23:25:01.257+0000] {subprocess.py:93} INFO -  'playwright/request_count': 168,
[2026-05-03T23:25:01.257+0000] {subprocess.py:93} INFO -  'playwright/request_count/aborted': 68,
[2026-05-03T23:25:01.257+0000] {subprocess.py:93} INFO -  'playwright/request_count/method/GET': 133,
[2026-05-03T23:25:01.257+0000] {subprocess.py:93} INFO -  'playwright/request_count/method/POST': 35,
[2026-05-03T23:25:01.258+0000] {subprocess.py:93} INFO -  'playwright/request_count/navigation': 16,
[2026-05-03T23:25:01.258+0000] {subprocess.py:93} INFO -  'playwright/request_count/resource_type/document': 16,
[2026-05-03T23:25:01.258+0000] {subprocess.py:93} INFO -  'playwright/request_count/resource_type/fetch': 14,
[2026-05-03T23:25:01.258+0000] {subprocess.py:93} INFO -  'playwright/request_count/resource_type/font': 12,
[2026-05-03T23:25:01.258+0000] {subprocess.py:93} INFO -  'playwright/request_count/resource_type/image': 54,
[2026-05-03T23:25:01.258+0000] {subprocess.py:93} INFO -  'playwright/request_count/resource_type/other': 8,
[2026-05-03T23:25:01.258+0000] {subprocess.py:93} INFO -  'playwright/request_count/resource_type/ping': 2,
[2026-05-03T23:25:01.259+0000] {subprocess.py:93} INFO -  'playwright/request_count/resource_type/script': 33,
[2026-05-03T23:25:01.259+0000] {subprocess.py:93} INFO -  'playwright/request_count/resource_type/stylesheet': 3,
[2026-05-03T23:25:01.259+0000] {subprocess.py:93} INFO -  'playwright/request_count/resource_type/xhr': 26,
[2026-05-03T23:25:01.259+0000] {subprocess.py:93} INFO -  'playwright/response_count': 90,
[2026-05-03T23:25:01.259+0000] {subprocess.py:93} INFO -  'playwright/response_count/method/GET': 59,
[2026-05-03T23:25:01.259+0000] {subprocess.py:93} INFO -  'playwright/response_count/method/POST': 31,
[2026-05-03T23:25:01.259+0000] {subprocess.py:93} INFO -  'playwright/response_count/resource_type/document': 16,
[2026-05-03T23:25:01.260+0000] {subprocess.py:93} INFO -  'playwright/response_count/resource_type/fetch': 13,
[2026-05-03T23:25:01.260+0000] {subprocess.py:93} INFO -  'playwright/response_count/resource_type/other': 1,
[2026-05-03T23:25:01.260+0000] {subprocess.py:93} INFO -  'playwright/response_count/resource_type/script': 33,
[2026-05-03T23:25:01.260+0000] {subprocess.py:93} INFO -  'playwright/response_count/resource_type/stylesheet': 3,
[2026-05-03T23:25:01.260+0000] {subprocess.py:93} INFO -  'playwright/response_count/resource_type/xhr': 24,
[2026-05-03T23:25:01.260+0000] {subprocess.py:93} INFO -  'request_depth_max': 1,
[2026-05-03T23:25:01.260+0000] {subprocess.py:93} INFO -  'response_received_count': 9,
[2026-05-03T23:25:01.261+0000] {subprocess.py:93} INFO -  'robotstxt/request_count': 1,
[2026-05-03T23:25:01.261+0000] {subprocess.py:93} INFO -  'robotstxt/response_count': 1,
[2026-05-03T23:25:01.261+0000] {subprocess.py:93} INFO -  'robotstxt/response_status_count/200': 1,
[2026-05-03T23:25:01.261+0000] {subprocess.py:93} INFO -  'scheduler/dequeued': 8,
[2026-05-03T23:25:01.261+0000] {subprocess.py:93} INFO -  'scheduler/dequeued/memory': 8,
[2026-05-03T23:25:01.261+0000] {subprocess.py:93} INFO -  'scheduler/enqueued': 8,
[2026-05-03T23:25:01.261+0000] {subprocess.py:93} INFO -  'scheduler/enqueued/memory': 8,
[2026-05-03T23:25:01.262+0000] {subprocess.py:93} INFO -  'start_time': datetime.datetime(2026, 5, 3, 23, 22, 57, 803268, tzinfo=datetime.timezone.utc)}
[2026-05-03T23:25:01.262+0000] {subprocess.py:93} INFO - 2026-05-03 23:25:01 [scrapy.core.engine] INFO: Spider closed (finished)
[2026-05-03T23:25:01.262+0000] {subprocess.py:93} INFO - 2026-05-03 23:25:01 [scrapy-playwright] INFO: Closing download handler
[2026-05-03T23:25:01.262+0000] {subprocess.py:93} INFO - 2026-05-03 23:25:01 [scrapy-playwright] INFO: Closing download handler
[2026-05-03T23:25:02.270+0000] {subprocess.py:93} INFO - 2026-05-03 23:25:02 [scrapy-playwright] INFO: Closing browser
[2026-05-03T23:25:02.566+0000] {subprocess.py:97} INFO - Command exited with return code 0
[2026-05-03T23:25:02.597+0000] {taskinstance.py:1138} INFO - Marking task as SUCCESS. dag_id=market_intelligence_platform, task_id=parallel_scraping.scrape_iris, execution_date=20260503T232256, start_date=20260503T232256, end_date=20260503T232502
[2026-05-03T23:25:02.649+0000] {local_task_job_runner.py:234} INFO - Task exited with return code 0
[2026-05-03T23:25:02.670+0000] {taskinstance.py:3280} INFO - 0 downstream tasks scheduled from follow-on schedule check
