[2026-04-27T19:49:58.524+0000] {taskinstance.py:1956} INFO - Dependencies all met for dep_context=non-requeueable deps ti=<TaskInstance: market_intelligence_platform.parallel_scraping.scrape_electroplanet manual__2026-04-27T19:49:58.062040+00:00 [queued]>
[2026-04-27T19:49:58.531+0000] {taskinstance.py:1956} INFO - Dependencies all met for dep_context=requeueable deps ti=<TaskInstance: market_intelligence_platform.parallel_scraping.scrape_electroplanet manual__2026-04-27T19:49:58.062040+00:00 [queued]>
[2026-04-27T19:49:58.531+0000] {taskinstance.py:2170} INFO - Starting attempt 1 of 2
[2026-04-27T19:49:58.544+0000] {taskinstance.py:2191} INFO - Executing <Task(BashOperator): parallel_scraping.scrape_electroplanet> on 2026-04-27 19:49:58.062040+00:00
[2026-04-27T19:49:58.550+0000] {standard_task_runner.py:60} INFO - Started process 1040 to run task
[2026-04-27T19:49:58.552+0000] {standard_task_runner.py:87} INFO - Running: ['***', 'tasks', 'run', 'market_intelligence_platform', 'parallel_scraping.scrape_electroplanet', 'manual__2026-04-27T19:49:58.062040+00:00', '--job-id', '19', '--raw', '--subdir', 'DAGS_FOLDER/jumia_scraper_dag.py', '--cfg-path', '/tmp/tmp7gbpdu5l']
[2026-04-27T19:49:58.554+0000] {standard_task_runner.py:88} INFO - Job 19: Subtask parallel_scraping.scrape_electroplanet
[2026-04-27T19:49:58.589+0000] {task_command.py:423} INFO - Running <TaskInstance: market_intelligence_platform.parallel_scraping.scrape_electroplanet manual__2026-04-27T19:49:58.062040+00:00 [running]> on host 06d840fa1869
[2026-04-27T19:49:58.652+0000] {taskinstance.py:2480} INFO - Exporting env vars: AIRFLOW_CTX_DAG_OWNER='abdel' AIRFLOW_CTX_DAG_ID='market_intelligence_platform' AIRFLOW_CTX_TASK_ID='parallel_scraping.scrape_electroplanet' AIRFLOW_CTX_EXECUTION_DATE='2026-04-27T19:49:58.062040+00:00' AIRFLOW_CTX_TRY_NUMBER='1' AIRFLOW_CTX_DAG_RUN_ID='manual__2026-04-27T19:49:58.062040+00:00'
[2026-04-27T19:49:58.653+0000] {subprocess.py:63} INFO - Tmp dir root location: /tmp
[2026-04-27T19:49:58.654+0000] {subprocess.py:75} INFO - Running command: ['/usr/bin/bash', '-c', 'rm -f /opt/***/scrapers/market_bot/data/electroplanet_2026-04-27.jsonl && cd /opt/***/scrapers/market_bot && scrapy crawl electroplanet -s LOG_LEVEL=INFO -o /opt/***/scrapers/market_bot/data/electroplanet_2026-04-27.jsonl']
[2026-04-27T19:49:58.663+0000] {subprocess.py:86} INFO - Output:
[2026-04-27T19:49:59.026+0000] {subprocess.py:93} INFO - 2026-04-27 19:49:59 [scrapy.utils.log] INFO: Scrapy 2.11.2 started (bot: market_bot)
[2026-04-27T19:49:59.026+0000] {subprocess.py:93} INFO - 2026-04-27 19:49:59 [scrapy.utils.log] INFO: Versions: lxml 5.1.0.0, libxml2 2.12.3, cssselect 1.2.0, parsel 1.9.1, w3lib 2.2.1, Twisted 25.5.0, Python 3.8.18 (default, Feb 13 2024, 11:06:24) - [GCC 12.2.0], pyOpenSSL 23.3.0 (OpenSSL 3.1.4 24 Oct 2023), cryptography 41.0.7, Platform Linux-6.19.11+kali-amd64-x86_64-with-glibc2.34
[2026-04-27T19:49:59.028+0000] {subprocess.py:93} INFO - 2026-04-27 19:49:59 [scrapy.addons] INFO: Enabled addons:
[2026-04-27T19:49:59.028+0000] {subprocess.py:93} INFO - []
[2026-04-27T19:49:59.035+0000] {subprocess.py:93} INFO - 2026-04-27 19:49:59 [scrapy.extensions.telnet] INFO: Telnet Password: c05e3e0d7137e3bd
[2026-04-27T19:49:59.148+0000] {subprocess.py:93} INFO - 2026-04-27 19:49:59 [scrapy.middleware] INFO: Enabled extensions:
[2026-04-27T19:49:59.148+0000] {subprocess.py:93} INFO - ['scrapy.extensions.corestats.CoreStats',
[2026-04-27T19:49:59.148+0000] {subprocess.py:93} INFO -  'scrapy.extensions.telnet.TelnetConsole',
[2026-04-27T19:49:59.148+0000] {subprocess.py:93} INFO -  'scrapy.extensions.memusage.MemoryUsage',
[2026-04-27T19:49:59.148+0000] {subprocess.py:93} INFO -  'scrapy.extensions.closespider.CloseSpider',
[2026-04-27T19:49:59.148+0000] {subprocess.py:93} INFO -  'scrapy.extensions.feedexport.FeedExporter',
[2026-04-27T19:49:59.148+0000] {subprocess.py:93} INFO -  'scrapy.extensions.logstats.LogStats',
[2026-04-27T19:49:59.148+0000] {subprocess.py:93} INFO -  'scrapy.extensions.throttle.AutoThrottle']
[2026-04-27T19:49:59.149+0000] {subprocess.py:93} INFO - 2026-04-27 19:49:59 [scrapy.crawler] INFO: Overridden settings:
[2026-04-27T19:49:59.149+0000] {subprocess.py:93} INFO - {'ASYNCIO_EVENT_LOOP': 'asyncio.selector_events.BaseSelectorEventLoop',
[2026-04-27T19:49:59.149+0000] {subprocess.py:93} INFO -  'AUTOTHROTTLE_ENABLED': True,
[2026-04-27T19:49:59.149+0000] {subprocess.py:93} INFO -  'AUTOTHROTTLE_START_DELAY': 2.0,
[2026-04-27T19:49:59.149+0000] {subprocess.py:93} INFO -  'AUTOTHROTTLE_TARGET_CONCURRENCY': 2.0,
[2026-04-27T19:49:59.149+0000] {subprocess.py:93} INFO -  'BOT_NAME': 'market_bot',
[2026-04-27T19:49:59.149+0000] {subprocess.py:93} INFO -  'CLOSESPIDER_ITEMCOUNT': 50000,
[2026-04-27T19:49:59.149+0000] {subprocess.py:93} INFO -  'CLOSESPIDER_PAGECOUNT': 5000,
[2026-04-27T19:49:59.149+0000] {subprocess.py:93} INFO -  'CONCURRENT_REQUESTS': 32,
[2026-04-27T19:49:59.149+0000] {subprocess.py:93} INFO -  'CONCURRENT_REQUESTS_PER_DOMAIN': 16,
[2026-04-27T19:49:59.149+0000] {subprocess.py:93} INFO -  'DOWNLOAD_TIMEOUT': 90,
[2026-04-27T19:49:59.149+0000] {subprocess.py:93} INFO -  'FEED_EXPORT_ENCODING': 'utf-8',
[2026-04-27T19:49:59.149+0000] {subprocess.py:93} INFO -  'LOG_LEVEL': 'INFO',
[2026-04-27T19:49:59.150+0000] {subprocess.py:93} INFO -  'NEWSPIDER_MODULE': 'market_bot.spiders',
[2026-04-27T19:49:59.150+0000] {subprocess.py:93} INFO -  'REQUEST_FINGERPRINTER_IMPLEMENTATION': '2.7',
[2026-04-27T19:49:59.150+0000] {subprocess.py:93} INFO -  'RETRY_HTTP_CODES': [500, 502, 503, 504, 408, 429],
[2026-04-27T19:49:59.150+0000] {subprocess.py:93} INFO -  'RETRY_TIMES': 5,
[2026-04-27T19:49:59.150+0000] {subprocess.py:93} INFO -  'SPIDER_MODULES': ['market_bot.spiders'],
[2026-04-27T19:49:59.150+0000] {subprocess.py:93} INFO -  'TWISTED_REACTOR': 'twisted.internet.asyncioreactor.AsyncioSelectorReactor',
[2026-04-27T19:49:59.150+0000] {subprocess.py:93} INFO -  'USER_AGENT': 'Mozilla/5.0 (Windows NT 10.0; Win64; x64) AppleWebKit/537.36 '
[2026-04-27T19:49:59.150+0000] {subprocess.py:93} INFO -                '(KHTML, like Gecko) Chrome/124.0.0.0 Safari/537.36'}
[2026-04-27T19:49:59.209+0000] {subprocess.py:93} INFO - 2026-04-27 19:49:59 [scrapy.middleware] INFO: Enabled downloader middlewares:
[2026-04-27T19:49:59.209+0000] {subprocess.py:93} INFO - ['scrapy.downloadermiddlewares.offsite.OffsiteMiddleware',
[2026-04-27T19:49:59.209+0000] {subprocess.py:93} INFO -  'scrapy.downloadermiddlewares.httpauth.HttpAuthMiddleware',
[2026-04-27T19:49:59.210+0000] {subprocess.py:93} INFO -  'scrapy.downloadermiddlewares.downloadtimeout.DownloadTimeoutMiddleware',
[2026-04-27T19:49:59.210+0000] {subprocess.py:93} INFO -  'scrapy.downloadermiddlewares.defaultheaders.DefaultHeadersMiddleware',
[2026-04-27T19:49:59.210+0000] {subprocess.py:93} INFO -  'scrapy.downloadermiddlewares.useragent.UserAgentMiddleware',
[2026-04-27T19:49:59.210+0000] {subprocess.py:93} INFO -  'scrapy.downloadermiddlewares.retry.RetryMiddleware',
[2026-04-27T19:49:59.210+0000] {subprocess.py:93} INFO -  'scrapy.downloadermiddlewares.redirect.MetaRefreshMiddleware',
[2026-04-27T19:49:59.210+0000] {subprocess.py:93} INFO -  'scrapy.downloadermiddlewares.httpcompression.HttpCompressionMiddleware',
[2026-04-27T19:49:59.210+0000] {subprocess.py:93} INFO -  'scrapy.downloadermiddlewares.redirect.RedirectMiddleware',
[2026-04-27T19:49:59.210+0000] {subprocess.py:93} INFO -  'scrapy.downloadermiddlewares.cookies.CookiesMiddleware',
[2026-04-27T19:49:59.210+0000] {subprocess.py:93} INFO -  'scrapy.downloadermiddlewares.httpproxy.HttpProxyMiddleware',
[2026-04-27T19:49:59.210+0000] {subprocess.py:93} INFO -  'scrapy.downloadermiddlewares.stats.DownloaderStats']
[2026-04-27T19:49:59.210+0000] {subprocess.py:93} INFO - 2026-04-27 19:49:59 [scrapy.middleware] INFO: Enabled spider middlewares:
[2026-04-27T19:49:59.210+0000] {subprocess.py:93} INFO - ['scrapy.spidermiddlewares.httperror.HttpErrorMiddleware',
[2026-04-27T19:49:59.210+0000] {subprocess.py:93} INFO -  'scrapy.spidermiddlewares.referer.RefererMiddleware',
[2026-04-27T19:49:59.210+0000] {subprocess.py:93} INFO -  'scrapy.spidermiddlewares.urllength.UrlLengthMiddleware',
[2026-04-27T19:49:59.211+0000] {subprocess.py:93} INFO -  'scrapy.spidermiddlewares.depth.DepthMiddleware']
[2026-04-27T19:49:59.215+0000] {subprocess.py:93} INFO - %4|1777319399.215|CONFWARN|scrapy-bot#producer-1| [thrd:app]: Configuration property api.version.request is deprecated: **Post-deprecation actions: remove this configuration property, brokers < 0.10.0 won't be supported anymore in librdkafka 3.x.** Request broker's supported API versions to adjust functionality to available protocol features. If set to false, or the ApiVersionRequest fails, the fallback version `broker.version.fallback` will be used. **NOTE**: Depends on broker version >=0.10.0. If the request is not supported by (an older) broker the `broker.version.fallback` fallback is used.
[2026-04-27T19:49:59.215+0000] {subprocess.py:93} INFO - %4|1777319399.215|CONFWARN|scrapy-bot#producer-1| [thrd:app]: Configuration property broker.version.fallback is deprecated: **Post-deprecation actions: remove this configuration property, brokers < 0.10.0 won't be supported anymore in librdkafka 3.x.** Older broker versions (before 0.10.0) provide no way for a client to query for supported protocol features (ApiVersionRequest, see `api.version.request`) making it impossible for the client to know what features it may use. As a workaround a user may set this property to the expected broker version and the client will automatically adjust its feature set accordingly if the ApiVersionRequest fails (or is disabled). The fallback broker version will be used for `api.version.fallback.ms`. Valid values are: 0.9.0, 0.8.2, 0.8.1, 0.8.0. Any other value >= 0.10, such as 0.10.2.1, enables ApiVersionRequests.
[2026-04-27T19:49:59.215+0000] {subprocess.py:93} INFO - 2026-04-27 19:49:59 [scrapy.middleware] INFO: Enabled item pipelines:
[2026-04-27T19:49:59.215+0000] {subprocess.py:93} INFO - ['market_bot.pipelines.KafkaPipeline']
[2026-04-27T19:49:59.216+0000] {subprocess.py:93} INFO - 2026-04-27 19:49:59 [scrapy.core.engine] INFO: Spider opened
[2026-04-27T19:49:59.220+0000] {subprocess.py:93} INFO - 2026-04-27 19:49:59 [scrapy.extensions.logstats] INFO: Crawled 0 pages (at 0 pages/min), scraped 0 items (at 0 items/min)
[2026-04-27T19:49:59.221+0000] {subprocess.py:93} INFO - 2026-04-27 19:49:59 [scrapy.extensions.telnet] INFO: Telnet console listening on 127.0.0.1:6023
[2026-04-27T19:49:59.221+0000] {subprocess.py:93} INFO - 2026-04-27 19:49:59 [scrapy-playwright] INFO: Starting download handler
[2026-04-27T19:49:59.221+0000] {subprocess.py:93} INFO - 2026-04-27 19:49:59 [scrapy-playwright] INFO: Starting download handler
[2026-04-27T19:49:59.222+0000] {subprocess.py:93} INFO - 2026-04-27 19:49:59 [asyncio] ERROR: Task exception was never retrieved
[2026-04-27T19:49:59.222+0000] {subprocess.py:93} INFO - future: <Task finished name='Task-3' coro=<Connection.run() done, defined at /home/***/.local/lib/python3.8/site-packages/playwright/_impl/_connection.py:269> exception=NotImplementedError()>
[2026-04-27T19:49:59.222+0000] {subprocess.py:93} INFO - Traceback (most recent call last):
[2026-04-27T19:49:59.222+0000] {subprocess.py:93} INFO -   File "/home/***/.local/lib/python3.8/site-packages/playwright/_impl/_connection.py", line 276, in run
[2026-04-27T19:49:59.222+0000] {subprocess.py:93} INFO -     await self._transport.connect()
[2026-04-27T19:49:59.223+0000] {subprocess.py:93} INFO -   File "/home/***/.local/lib/python3.8/site-packages/playwright/_impl/_transport.py", line 133, in connect
[2026-04-27T19:49:59.223+0000] {subprocess.py:93} INFO -     raise exc
[2026-04-27T19:49:59.223+0000] {subprocess.py:93} INFO -   File "/home/***/.local/lib/python3.8/site-packages/playwright/_impl/_transport.py", line 120, in connect
[2026-04-27T19:49:59.223+0000] {subprocess.py:93} INFO -     self._proc = await asyncio.create_subprocess_exec(
[2026-04-27T19:49:59.223+0000] {subprocess.py:93} INFO -   File "/usr/local/lib/python3.8/asyncio/subprocess.py", line 236, in create_subprocess_exec
[2026-04-27T19:49:59.223+0000] {subprocess.py:93} INFO -     transport, protocol = await loop.subprocess_exec(
[2026-04-27T19:49:59.223+0000] {subprocess.py:93} INFO -   File "/usr/local/lib/python3.8/asyncio/base_events.py", line 1630, in subprocess_exec
[2026-04-27T19:49:59.223+0000] {subprocess.py:93} INFO -     transport = await self._make_subprocess_transport(
[2026-04-27T19:49:59.223+0000] {subprocess.py:93} INFO -   File "/usr/local/lib/python3.8/asyncio/base_events.py", line 491, in _make_subprocess_transport
[2026-04-27T19:49:59.223+0000] {subprocess.py:93} INFO -     raise NotImplementedError
[2026-04-27T19:49:59.223+0000] {subprocess.py:93} INFO - NotImplementedError
[2026-04-27T19:49:59.223+0000] {subprocess.py:93} INFO - 2026-04-27 19:49:59 [asyncio] ERROR: Task exception was never retrieved
[2026-04-27T19:49:59.224+0000] {subprocess.py:93} INFO - future: <Task finished name='Task-4' coro=<Connection.run() done, defined at /home/***/.local/lib/python3.8/site-packages/playwright/_impl/_connection.py:269> exception=NotImplementedError()>
[2026-04-27T19:49:59.224+0000] {subprocess.py:93} INFO - Traceback (most recent call last):
[2026-04-27T19:49:59.224+0000] {subprocess.py:93} INFO -   File "/home/***/.local/lib/python3.8/site-packages/playwright/_impl/_connection.py", line 276, in run
[2026-04-27T19:49:59.224+0000] {subprocess.py:93} INFO -     await self._transport.connect()
[2026-04-27T19:49:59.224+0000] {subprocess.py:93} INFO -   File "/home/***/.local/lib/python3.8/site-packages/playwright/_impl/_transport.py", line 133, in connect
[2026-04-27T19:49:59.224+0000] {subprocess.py:93} INFO -     raise exc
[2026-04-27T19:49:59.224+0000] {subprocess.py:93} INFO -   File "/home/***/.local/lib/python3.8/site-packages/playwright/_impl/_transport.py", line 120, in connect
[2026-04-27T19:49:59.224+0000] {subprocess.py:93} INFO -     self._proc = await asyncio.create_subprocess_exec(
[2026-04-27T19:49:59.224+0000] {subprocess.py:93} INFO -   File "/usr/local/lib/python3.8/asyncio/subprocess.py", line 236, in create_subprocess_exec
[2026-04-27T19:49:59.224+0000] {subprocess.py:93} INFO -     transport, protocol = await loop.subprocess_exec(
[2026-04-27T19:49:59.224+0000] {subprocess.py:93} INFO -   File "/usr/local/lib/python3.8/asyncio/base_events.py", line 1630, in subprocess_exec
[2026-04-27T19:49:59.224+0000] {subprocess.py:93} INFO -     transport = await self._make_subprocess_transport(
[2026-04-27T19:49:59.224+0000] {subprocess.py:93} INFO -   File "/usr/local/lib/python3.8/asyncio/base_events.py", line 491, in _make_subprocess_transport
[2026-04-27T19:49:59.225+0000] {subprocess.py:93} INFO -     raise NotImplementedError
[2026-04-27T19:49:59.225+0000] {subprocess.py:93} INFO - NotImplementedError
[2026-04-27T19:49:59.225+0000] {subprocess.py:93} INFO - 2026-04-27 19:49:59 [scrapy.utils.signal] ERROR: Error caught on signal handler: <bound method ScrapyPlaywrightDownloadHandler._engine_started of <scrapy_playwright.handler.ScrapyPlaywrightDownloadHandler object at 0x7f9cf12dfd90>>
[2026-04-27T19:49:59.225+0000] {subprocess.py:93} INFO - Traceback (most recent call last):
[2026-04-27T19:49:59.225+0000] {subprocess.py:93} INFO -   File "/home/***/.local/lib/python3.8/site-packages/twisted/internet/defer.py", line 1257, in adapt
[2026-04-27T19:49:59.225+0000] {subprocess.py:93} INFO -     extracted: _SelfResultT | Failure = result.result()
[2026-04-27T19:49:59.225+0000] {subprocess.py:93} INFO -   File "/home/***/.local/lib/python3.8/site-packages/scrapy_playwright/handler.py", line 188, in _launch
[2026-04-27T19:49:59.225+0000] {subprocess.py:93} INFO -     self.playwright = await self.playwright_context_manager.start()
[2026-04-27T19:49:59.225+0000] {subprocess.py:93} INFO -   File "/home/***/.local/lib/python3.8/site-packages/playwright/async_api/_context_manager.py", line 51, in start
[2026-04-27T19:49:59.226+0000] {subprocess.py:93} INFO -     return await self.__aenter__()
[2026-04-27T19:49:59.226+0000] {subprocess.py:93} INFO -   File "/home/***/.local/lib/python3.8/site-packages/playwright/async_api/_context_manager.py", line 46, in __aenter__
[2026-04-27T19:49:59.226+0000] {subprocess.py:93} INFO -     playwright = AsyncPlaywright(next(iter(done)).result())
[2026-04-27T19:49:59.226+0000] {subprocess.py:93} INFO -   File "/home/***/.local/lib/python3.8/site-packages/playwright/_impl/_connection.py", line 276, in run
[2026-04-27T19:49:59.226+0000] {subprocess.py:93} INFO -     await self._transport.connect()
[2026-04-27T19:49:59.226+0000] {subprocess.py:93} INFO -   File "/home/***/.local/lib/python3.8/site-packages/playwright/_impl/_transport.py", line 133, in connect
[2026-04-27T19:49:59.226+0000] {subprocess.py:93} INFO -     raise exc
[2026-04-27T19:49:59.226+0000] {subprocess.py:93} INFO -   File "/home/***/.local/lib/python3.8/site-packages/playwright/_impl/_transport.py", line 120, in connect
[2026-04-27T19:49:59.227+0000] {subprocess.py:93} INFO -     self._proc = await asyncio.create_subprocess_exec(
[2026-04-27T19:49:59.227+0000] {subprocess.py:93} INFO -   File "/usr/local/lib/python3.8/asyncio/subprocess.py", line 236, in create_subprocess_exec
[2026-04-27T19:49:59.227+0000] {subprocess.py:93} INFO -     transport, protocol = await loop.subprocess_exec(
[2026-04-27T19:49:59.227+0000] {subprocess.py:93} INFO -   File "/usr/local/lib/python3.8/asyncio/base_events.py", line 1630, in subprocess_exec
[2026-04-27T19:49:59.227+0000] {subprocess.py:93} INFO -     transport = await self._make_subprocess_transport(
[2026-04-27T19:49:59.227+0000] {subprocess.py:93} INFO -   File "/usr/local/lib/python3.8/asyncio/base_events.py", line 491, in _make_subprocess_transport
[2026-04-27T19:49:59.227+0000] {subprocess.py:93} INFO -     raise NotImplementedError
[2026-04-27T19:49:59.227+0000] {subprocess.py:93} INFO - NotImplementedError
[2026-04-27T19:49:59.228+0000] {subprocess.py:93} INFO - 2026-04-27 19:49:59 [scrapy.utils.signal] ERROR: Error caught on signal handler: <bound method ScrapyPlaywrightDownloadHandler._engine_started of <scrapy_playwright.handler.ScrapyPlaywrightDownloadHandler object at 0x7f9cf0fd3bb0>>
[2026-04-27T19:49:59.228+0000] {subprocess.py:93} INFO - Traceback (most recent call last):
[2026-04-27T19:49:59.228+0000] {subprocess.py:93} INFO -   File "/home/***/.local/lib/python3.8/site-packages/twisted/internet/defer.py", line 1257, in adapt
[2026-04-27T19:49:59.228+0000] {subprocess.py:93} INFO -     extracted: _SelfResultT | Failure = result.result()
[2026-04-27T19:49:59.228+0000] {subprocess.py:93} INFO -   File "/home/***/.local/lib/python3.8/site-packages/scrapy_playwright/handler.py", line 188, in _launch
[2026-04-27T19:49:59.228+0000] {subprocess.py:93} INFO -     self.playwright = await self.playwright_context_manager.start()
[2026-04-27T19:49:59.229+0000] {subprocess.py:93} INFO -   File "/home/***/.local/lib/python3.8/site-packages/playwright/async_api/_context_manager.py", line 51, in start
[2026-04-27T19:49:59.229+0000] {subprocess.py:93} INFO -     return await self.__aenter__()
[2026-04-27T19:49:59.229+0000] {subprocess.py:93} INFO -   File "/home/***/.local/lib/python3.8/site-packages/playwright/async_api/_context_manager.py", line 46, in __aenter__
[2026-04-27T19:49:59.229+0000] {subprocess.py:93} INFO -     playwright = AsyncPlaywright(next(iter(done)).result())
[2026-04-27T19:49:59.229+0000] {subprocess.py:93} INFO -   File "/home/***/.local/lib/python3.8/site-packages/playwright/_impl/_connection.py", line 276, in run
[2026-04-27T19:49:59.229+0000] {subprocess.py:93} INFO -     await self._transport.connect()
[2026-04-27T19:49:59.229+0000] {subprocess.py:93} INFO -   File "/home/***/.local/lib/python3.8/site-packages/playwright/_impl/_transport.py", line 133, in connect
[2026-04-27T19:49:59.229+0000] {subprocess.py:93} INFO -     raise exc
[2026-04-27T19:49:59.230+0000] {subprocess.py:93} INFO -   File "/home/***/.local/lib/python3.8/site-packages/playwright/_impl/_transport.py", line 120, in connect
[2026-04-27T19:49:59.230+0000] {subprocess.py:93} INFO -     self._proc = await asyncio.create_subprocess_exec(
[2026-04-27T19:49:59.230+0000] {subprocess.py:93} INFO -   File "/usr/local/lib/python3.8/asyncio/subprocess.py", line 236, in create_subprocess_exec
[2026-04-27T19:49:59.230+0000] {subprocess.py:93} INFO -     transport, protocol = await loop.subprocess_exec(
[2026-04-27T19:49:59.230+0000] {subprocess.py:93} INFO -   File "/usr/local/lib/python3.8/asyncio/base_events.py", line 1630, in subprocess_exec
[2026-04-27T19:49:59.230+0000] {subprocess.py:93} INFO -     transport = await self._make_subprocess_transport(
[2026-04-27T19:49:59.230+0000] {subprocess.py:93} INFO -   File "/usr/local/lib/python3.8/asyncio/base_events.py", line 491, in _make_subprocess_transport
[2026-04-27T19:49:59.230+0000] {subprocess.py:93} INFO -     raise NotImplementedError
[2026-04-27T19:49:59.230+0000] {subprocess.py:93} INFO - NotImplementedError
[2026-04-27T19:49:59.718+0000] {subprocess.py:93} INFO - %3|1777319399.718|FAIL|scrapy-bot#producer-1| [thrd:localhost:9092/1]: localhost:9092/1: Connect to ipv4#127.0.0.1:9092 failed: Connection refused (after 0ms in state CONNECT)
[2026-04-27T19:50:00.717+0000] {subprocess.py:93} INFO - %3|1777319400.717|FAIL|scrapy-bot#producer-1| [thrd:localhost:9092/1]: localhost:9092/1: Connect to ipv4#127.0.0.1:9092 failed: Connection refused (after 0ms in state CONNECT, 1 identical error(s) suppressed)
[2026-04-27T19:50:01.217+0000] {subprocess.py:93} INFO - %4|1777319401.217|GETPID|scrapy-bot#producer-1| [thrd:main]: Failed to acquire idempotence PID from broker kafka:9092/bootstrap: Local: Broker handle destroyed without termination: retrying
[2026-04-27T19:50:02.218+0000] {subprocess.py:93} INFO - %4|1777319402.218|GETPID|scrapy-bot#producer-1| [thrd:main]: Failed to acquire idempotence PID from broker kafka:9092/bootstrap: Local: Broker handle destroyed without termination: retrying
[2026-04-27T19:50:03.219+0000] {subprocess.py:93} INFO - %4|1777319403.219|GETPID|scrapy-bot#producer-1| [thrd:main]: Failed to acquire idempotence PID from broker kafka:9092/bootstrap: Local: Broker handle destroyed without termination: retrying
[2026-04-27T19:50:04.220+0000] {subprocess.py:93} INFO - %4|1777319404.219|GETPID|scrapy-bot#producer-1| [thrd:main]: Failed to acquire idempotence PID from broker kafka:9092/bootstrap: Local: Broker handle destroyed without termination: retrying
[2026-04-27T19:50:09.239+0000] {subprocess.py:93} INFO - 2026-04-27 19:50:09 [scrapy.core.engine] INFO: Closing spider (finished)
[2026-04-27T19:50:09.239+0000] {subprocess.py:93} INFO - 2026-04-27 19:50:09 [electroplanet] INFO: Finalizing Kafka: 79 items produced. Flushing...
[2026-04-27T19:50:24.281+0000] {subprocess.py:93} INFO - 2026-04-27 19:50:24 [electroplanet] WARNING: ⚠️ 79 messages n'ont pas pu être livrés à Kafka.
[2026-04-27T19:50:24.282+0000] {subprocess.py:93} INFO - 2026-04-27 19:50:24 [scrapy.extensions.feedexport] INFO: Stored jsonl feed (79 items) in: /opt/***/scrapers/market_bot/data/electroplanet_2026-04-27.jsonl
[2026-04-27T19:50:24.282+0000] {subprocess.py:93} INFO - 2026-04-27 19:50:24 [scrapy.statscollectors] INFO: Dumping Scrapy stats:
[2026-04-27T19:50:24.282+0000] {subprocess.py:93} INFO - {'downloader/request_bytes': 4535,
[2026-04-27T19:50:24.282+0000] {subprocess.py:93} INFO -  'downloader/request_count': 10,
[2026-04-27T19:50:24.282+0000] {subprocess.py:93} INFO -  'downloader/request_method_count/GET': 10,
[2026-04-27T19:50:24.282+0000] {subprocess.py:93} INFO -  'downloader/response_bytes': 80705,
[2026-04-27T19:50:24.282+0000] {subprocess.py:93} INFO -  'downloader/response_count': 10,
[2026-04-27T19:50:24.282+0000] {subprocess.py:93} INFO -  'downloader/response_status_count/200': 10,
[2026-04-27T19:50:24.282+0000] {subprocess.py:93} INFO -  'elapsed_time_seconds': 25.061882,
[2026-04-27T19:50:24.282+0000] {subprocess.py:93} INFO -  'feedexport/success_count/FileFeedStorage': 1,
[2026-04-27T19:50:24.282+0000] {subprocess.py:93} INFO -  'finish_reason': 'finished',
[2026-04-27T19:50:24.283+0000] {subprocess.py:93} INFO -  'finish_time': datetime.datetime(2026, 4, 27, 19, 50, 24, 281575, tzinfo=datetime.timezone.utc),
[2026-04-27T19:50:24.283+0000] {subprocess.py:93} INFO -  'httpcompression/response_bytes': 759189,
[2026-04-27T19:50:24.283+0000] {subprocess.py:93} INFO -  'httpcompression/response_count': 10,
[2026-04-27T19:50:24.283+0000] {subprocess.py:93} INFO -  'item_scraped_count': 79,
[2026-04-27T19:50:24.283+0000] {subprocess.py:93} INFO -  'log_count/ERROR': 4,
[2026-04-27T19:50:24.283+0000] {subprocess.py:93} INFO -  'log_count/INFO': 14,
[2026-04-27T19:50:24.283+0000] {subprocess.py:93} INFO -  'log_count/WARNING': 1,
[2026-04-27T19:50:24.283+0000] {subprocess.py:93} INFO -  'memusage/max': 155496448,
[2026-04-27T19:50:24.283+0000] {subprocess.py:93} INFO -  'memusage/startup': 155496448,
[2026-04-27T19:50:24.283+0000] {subprocess.py:93} INFO -  'response_received_count': 10,
[2026-04-27T19:50:24.283+0000] {subprocess.py:93} INFO -  'scheduler/dequeued': 10,
[2026-04-27T19:50:24.283+0000] {subprocess.py:93} INFO -  'scheduler/dequeued/memory': 10,
[2026-04-27T19:50:24.283+0000] {subprocess.py:93} INFO -  'scheduler/enqueued': 10,
[2026-04-27T19:50:24.284+0000] {subprocess.py:93} INFO -  'scheduler/enqueued/memory': 10,
[2026-04-27T19:50:24.284+0000] {subprocess.py:93} INFO -  'start_time': datetime.datetime(2026, 4, 27, 19, 49, 59, 219693, tzinfo=datetime.timezone.utc)}
[2026-04-27T19:50:24.284+0000] {subprocess.py:93} INFO - 2026-04-27 19:50:24 [scrapy.core.engine] INFO: Spider closed (finished)
[2026-04-27T19:50:24.284+0000] {subprocess.py:93} INFO - 2026-04-27 19:50:24 [scrapy-playwright] INFO: Closing download handler
[2026-04-27T19:50:24.284+0000] {subprocess.py:93} INFO - 2026-04-27 19:50:24 [scrapy.utils.signal] ERROR: Error caught on signal handler: <bound method DownloadHandlers._close of <scrapy.core.downloader.handlers.DownloadHandlers object at 0x7f9cf196e910>>
[2026-04-27T19:50:24.284+0000] {subprocess.py:93} INFO - Traceback (most recent call last):
[2026-04-27T19:50:24.284+0000] {subprocess.py:93} INFO -   File "/home/***/.local/lib/python3.8/site-packages/twisted/internet/defer.py", line 1853, in _inlineCallbacks
[2026-04-27T19:50:24.284+0000] {subprocess.py:93} INFO -     result = context.run(
[2026-04-27T19:50:24.284+0000] {subprocess.py:93} INFO -   File "/home/***/.local/lib/python3.8/site-packages/twisted/python/failure.py", line 467, in throwExceptionIntoGenerator
[2026-04-27T19:50:24.284+0000] {subprocess.py:93} INFO -     return g.throw(self.value.with_traceback(self.tb))
[2026-04-27T19:50:24.284+0000] {subprocess.py:93} INFO -   File "/home/***/.local/lib/python3.8/site-packages/scrapy/core/downloader/handlers/__init__.py", line 92, in _close
[2026-04-27T19:50:24.284+0000] {subprocess.py:93} INFO -     yield dh.close()
[2026-04-27T19:50:24.284+0000] {subprocess.py:93} INFO -   File "/home/***/.local/lib/python3.8/site-packages/twisted/internet/defer.py", line 1853, in _inlineCallbacks
[2026-04-27T19:50:24.284+0000] {subprocess.py:93} INFO -     result = context.run(
[2026-04-27T19:50:24.285+0000] {subprocess.py:93} INFO -   File "/home/***/.local/lib/python3.8/site-packages/twisted/python/failure.py", line 467, in throwExceptionIntoGenerator
[2026-04-27T19:50:24.285+0000] {subprocess.py:93} INFO -     return g.throw(self.value.with_traceback(self.tb))
[2026-04-27T19:50:24.285+0000] {subprocess.py:93} INFO -   File "/home/***/.local/lib/python3.8/site-packages/scrapy_playwright/handler.py", line 355, in close
[2026-04-27T19:50:24.285+0000] {subprocess.py:93} INFO -     yield self._deferred_from_coro(self._close())
[2026-04-27T19:50:24.285+0000] {subprocess.py:93} INFO -   File "/home/***/.local/lib/python3.8/site-packages/twisted/internet/defer.py", line 1257, in adapt
[2026-04-27T19:50:24.285+0000] {subprocess.py:93} INFO -     extracted: _SelfResultT | Failure = result.result()
[2026-04-27T19:50:24.285+0000] {subprocess.py:93} INFO -   File "/home/***/.local/lib/python3.8/site-packages/scrapy_playwright/handler.py", line 367, in _close
[2026-04-27T19:50:24.285+0000] {subprocess.py:93} INFO -     await self.playwright_context_manager.__aexit__()
[2026-04-27T19:50:24.285+0000] {subprocess.py:93} INFO -   File "/home/***/.local/lib/python3.8/site-packages/playwright/async_api/_context_manager.py", line 57, in __aexit__
[2026-04-27T19:50:24.285+0000] {subprocess.py:93} INFO -     await self._connection.stop_async()
[2026-04-27T19:50:24.285+0000] {subprocess.py:93} INFO -   File "/home/***/.local/lib/python3.8/site-packages/playwright/_impl/_connection.py", line 287, in stop_async
[2026-04-27T19:50:24.285+0000] {subprocess.py:93} INFO -     self._transport.request_stop()
[2026-04-27T19:50:24.285+0000] {subprocess.py:93} INFO -   File "/home/***/.local/lib/python3.8/site-packages/playwright/_impl/_transport.py", line 97, in request_stop
[2026-04-27T19:50:24.285+0000] {subprocess.py:93} INFO -     assert self._output
[2026-04-27T19:50:24.286+0000] {subprocess.py:93} INFO - AttributeError: 'PipeTransport' object has no attribute '_output'
[2026-04-27T19:50:24.352+0000] {subprocess.py:97} INFO - Command exited with return code 0
[2026-04-27T19:50:24.374+0000] {taskinstance.py:1138} INFO - Marking task as SUCCESS. dag_id=market_intelligence_platform, task_id=parallel_scraping.scrape_electroplanet, execution_date=20260427T194958, start_date=20260427T194958, end_date=20260427T195024
[2026-04-27T19:50:24.402+0000] {local_task_job_runner.py:234} INFO - Task exited with return code 0
[2026-04-27T19:50:24.414+0000] {taskinstance.py:3280} INFO - 0 downstream tasks scheduled from follow-on schedule check
