[2026-05-04T06:11:34.563+0000] {taskinstance.py:1956} INFO - Dependencies all met for dep_context=non-requeueable deps ti=<TaskInstance: market_intelligence_platform.parallel_scraping.scrape_cosmos_tech manual__2026-05-04T06:11:33+00:00 [queued]>
[2026-05-04T06:11:34.568+0000] {taskinstance.py:1956} INFO - Dependencies all met for dep_context=requeueable deps ti=<TaskInstance: market_intelligence_platform.parallel_scraping.scrape_cosmos_tech manual__2026-05-04T06:11:33+00:00 [queued]>
[2026-05-04T06:11:34.569+0000] {taskinstance.py:2170} INFO - Starting attempt 1 of 2
[2026-05-04T06:11:34.578+0000] {taskinstance.py:2191} INFO - Executing <Task(BashOperator): parallel_scraping.scrape_cosmos_tech> on 2026-05-04 06:11:33+00:00
[2026-05-04T06:11:34.582+0000] {standard_task_runner.py:60} INFO - Started process 25939 to run task
[2026-05-04T06:11:34.585+0000] {standard_task_runner.py:87} INFO - Running: ['***', 'tasks', 'run', 'market_intelligence_platform', 'parallel_scraping.scrape_cosmos_tech', 'manual__2026-05-04T06:11:33+00:00', '--job-id', '301', '--raw', '--subdir', 'DAGS_FOLDER/jumia_scraper_dag.py', '--cfg-path', '/tmp/tmpgkpm14lx']
[2026-05-04T06:11:34.586+0000] {standard_task_runner.py:88} INFO - Job 301: Subtask parallel_scraping.scrape_cosmos_tech
[2026-05-04T06:11:34.623+0000] {task_command.py:423} INFO - Running <TaskInstance: market_intelligence_platform.parallel_scraping.scrape_cosmos_tech manual__2026-05-04T06:11:33+00:00 [running]> on host c1627dbb6835
[2026-05-04T06:11:34.697+0000] {taskinstance.py:2480} INFO - Exporting env vars: AIRFLOW_CTX_DAG_OWNER='abdel' AIRFLOW_CTX_DAG_ID='market_intelligence_platform' AIRFLOW_CTX_TASK_ID='parallel_scraping.scrape_cosmos_tech' AIRFLOW_CTX_EXECUTION_DATE='2026-05-04T06:11:33+00:00' AIRFLOW_CTX_TRY_NUMBER='1' AIRFLOW_CTX_DAG_RUN_ID='manual__2026-05-04T06:11:33+00:00'
[2026-05-04T06:11:34.698+0000] {subprocess.py:63} INFO - Tmp dir root location: /tmp
[2026-05-04T06:11:34.698+0000] {subprocess.py:75} INFO - Running command: ['/usr/bin/bash', '-c', 'mkdir -p /opt/***/scrapers/market_bot/data && cd /opt/***/scrapers/market_bot && PYTHONPATH=/opt/***/scrapers/market_bot SCRAPY_SETTINGS_MODULE=market_bot.settings /home/***/.local/bin/scrapy crawl cosmos_tech -s LOG_LEVEL=INFO -o /opt/***/scrapers/market_bot/data/cosmos_tech_2026-05-04.jsonl']
[2026-05-04T06:11:34.706+0000] {subprocess.py:86} INFO - Output:
[2026-05-04T06:11:35.123+0000] {subprocess.py:93} INFO - 2026-05-04 06:11:35 [scrapy.utils.log] INFO: Scrapy 2.11.2 started (bot: market_bot)
[2026-05-04T06:11:35.123+0000] {subprocess.py:93} INFO - 2026-05-04 06:11:35 [scrapy.utils.log] INFO: Versions: lxml 5.1.0.0, libxml2 2.12.3, cssselect 1.2.0, parsel 1.9.1, w3lib 2.2.1, Twisted 25.5.0, Python 3.8.18 (default, Feb 13 2024, 11:06:24) - [GCC 12.2.0], pyOpenSSL 23.3.0 (OpenSSL 3.1.4 24 Oct 2023), cryptography 41.0.7, Platform Linux-6.19.11+kali-amd64-x86_64-with-glibc2.34
[2026-05-04T06:11:35.126+0000] {subprocess.py:93} INFO - 2026-05-04 06:11:35 [scrapy.addons] INFO: Enabled addons:
[2026-05-04T06:11:35.126+0000] {subprocess.py:93} INFO - []
[2026-05-04T06:11:35.137+0000] {subprocess.py:93} INFO - 2026-05-04 06:11:35 [scrapy.extensions.telnet] INFO: Telnet Password: 0aed23db41f5c7cc
[2026-05-04T06:11:35.307+0000] {subprocess.py:93} INFO - 2026-05-04 06:11:35 [scrapy.middleware] INFO: Enabled extensions:
[2026-05-04T06:11:35.307+0000] {subprocess.py:93} INFO - ['scrapy.extensions.corestats.CoreStats',
[2026-05-04T06:11:35.307+0000] {subprocess.py:93} INFO -  'scrapy.extensions.telnet.TelnetConsole',
[2026-05-04T06:11:35.307+0000] {subprocess.py:93} INFO -  'scrapy.extensions.memusage.MemoryUsage',
[2026-05-04T06:11:35.307+0000] {subprocess.py:93} INFO -  'scrapy.extensions.closespider.CloseSpider',
[2026-05-04T06:11:35.307+0000] {subprocess.py:93} INFO -  'scrapy.extensions.feedexport.FeedExporter',
[2026-05-04T06:11:35.308+0000] {subprocess.py:93} INFO -  'scrapy.extensions.logstats.LogStats',
[2026-05-04T06:11:35.308+0000] {subprocess.py:93} INFO -  'scrapy.extensions.throttle.AutoThrottle']
[2026-05-04T06:11:35.308+0000] {subprocess.py:93} INFO - 2026-05-04 06:11:35 [scrapy.crawler] INFO: Overridden settings:
[2026-05-04T06:11:35.308+0000] {subprocess.py:93} INFO - {'AUTOTHROTTLE_ENABLED': True,
[2026-05-04T06:11:35.308+0000] {subprocess.py:93} INFO -  'AUTOTHROTTLE_MAX_DELAY': 10,
[2026-05-04T06:11:35.308+0000] {subprocess.py:93} INFO -  'AUTOTHROTTLE_START_DELAY': 1,
[2026-05-04T06:11:35.308+0000] {subprocess.py:93} INFO -  'AUTOTHROTTLE_TARGET_CONCURRENCY': 2.0,
[2026-05-04T06:11:35.308+0000] {subprocess.py:93} INFO -  'BOT_NAME': 'market_bot',
[2026-05-04T06:11:35.308+0000] {subprocess.py:93} INFO -  'CLOSESPIDER_ITEMCOUNT': 50000,
[2026-05-04T06:11:35.308+0000] {subprocess.py:93} INFO -  'CLOSESPIDER_PAGECOUNT': 5000,
[2026-05-04T06:11:35.308+0000] {subprocess.py:93} INFO -  'CONCURRENT_REQUESTS': 4,
[2026-05-04T06:11:35.308+0000] {subprocess.py:93} INFO -  'CONCURRENT_REQUESTS_PER_DOMAIN': 2,
[2026-05-04T06:11:35.308+0000] {subprocess.py:93} INFO -  'DOWNLOAD_DELAY': 1.0,
[2026-05-04T06:11:35.309+0000] {subprocess.py:93} INFO -  'DOWNLOAD_TIMEOUT': 90,
[2026-05-04T06:11:35.309+0000] {subprocess.py:93} INFO -  'FEED_EXPORT_ENCODING': 'utf-8',
[2026-05-04T06:11:35.309+0000] {subprocess.py:93} INFO -  'LOG_LEVEL': 'INFO',
[2026-05-04T06:11:35.309+0000] {subprocess.py:93} INFO -  'NEWSPIDER_MODULE': 'market_bot.spiders',
[2026-05-04T06:11:35.309+0000] {subprocess.py:93} INFO -  'REQUEST_FINGERPRINTER_IMPLEMENTATION': '2.7',
[2026-05-04T06:11:35.309+0000] {subprocess.py:93} INFO -  'RETRY_HTTP_CODES': [500, 502, 503, 504, 408, 429],
[2026-05-04T06:11:35.309+0000] {subprocess.py:93} INFO -  'RETRY_TIMES': 5,
[2026-05-04T06:11:35.309+0000] {subprocess.py:93} INFO -  'SPIDER_MODULES': ['market_bot.spiders'],
[2026-05-04T06:11:35.309+0000] {subprocess.py:93} INFO -  'TWISTED_REACTOR': 'twisted.internet.asyncioreactor.AsyncioSelectorReactor',
[2026-05-04T06:11:35.309+0000] {subprocess.py:93} INFO -  'USER_AGENT': 'Mozilla/5.0 (Windows NT 10.0; Win64; x64) AppleWebKit/537.36 '
[2026-05-04T06:11:35.309+0000] {subprocess.py:93} INFO -                '(KHTML, like Gecko) Chrome/124.0.0.0 Safari/537.36'}
[2026-05-04T06:11:35.366+0000] {subprocess.py:93} INFO - 2026-05-04 06:11:35 [scrapy.middleware] INFO: Enabled downloader middlewares:
[2026-05-04T06:11:35.366+0000] {subprocess.py:93} INFO - ['scrapy.downloadermiddlewares.offsite.OffsiteMiddleware',
[2026-05-04T06:11:35.366+0000] {subprocess.py:93} INFO -  'scrapy.downloadermiddlewares.httpauth.HttpAuthMiddleware',
[2026-05-04T06:11:35.367+0000] {subprocess.py:93} INFO -  'scrapy.downloadermiddlewares.downloadtimeout.DownloadTimeoutMiddleware',
[2026-05-04T06:11:35.367+0000] {subprocess.py:93} INFO -  'scrapy.downloadermiddlewares.defaultheaders.DefaultHeadersMiddleware',
[2026-05-04T06:11:35.367+0000] {subprocess.py:93} INFO -  'scrapy.downloadermiddlewares.useragent.UserAgentMiddleware',
[2026-05-04T06:11:35.367+0000] {subprocess.py:93} INFO -  'scrapy.downloadermiddlewares.retry.RetryMiddleware',
[2026-05-04T06:11:35.367+0000] {subprocess.py:93} INFO -  'scrapy.downloadermiddlewares.redirect.MetaRefreshMiddleware',
[2026-05-04T06:11:35.367+0000] {subprocess.py:93} INFO -  'scrapy.downloadermiddlewares.httpcompression.HttpCompressionMiddleware',
[2026-05-04T06:11:35.368+0000] {subprocess.py:93} INFO -  'scrapy.downloadermiddlewares.redirect.RedirectMiddleware',
[2026-05-04T06:11:35.368+0000] {subprocess.py:93} INFO -  'scrapy.downloadermiddlewares.cookies.CookiesMiddleware',
[2026-05-04T06:11:35.368+0000] {subprocess.py:93} INFO -  'scrapy.downloadermiddlewares.httpproxy.HttpProxyMiddleware',
[2026-05-04T06:11:35.368+0000] {subprocess.py:93} INFO -  'scrapy.downloadermiddlewares.stats.DownloaderStats']
[2026-05-04T06:11:35.375+0000] {subprocess.py:93} INFO - 2026-05-04 06:11:35 [scrapy.middleware] INFO: Enabled spider middlewares:
[2026-05-04T06:11:35.375+0000] {subprocess.py:93} INFO - ['scrapy.spidermiddlewares.httperror.HttpErrorMiddleware',
[2026-05-04T06:11:35.376+0000] {subprocess.py:93} INFO -  'scrapy.spidermiddlewares.referer.RefererMiddleware',
[2026-05-04T06:11:35.376+0000] {subprocess.py:93} INFO -  'scrapy.spidermiddlewares.urllength.UrlLengthMiddleware',
[2026-05-04T06:11:35.376+0000] {subprocess.py:93} INFO -  'scrapy.spidermiddlewares.depth.DepthMiddleware']
[2026-05-04T06:11:35.389+0000] {subprocess.py:93} INFO - 2026-05-04 06:11:35 [scrapy.middleware] INFO: Enabled item pipelines:
[2026-05-04T06:11:35.389+0000] {subprocess.py:93} INFO - ['market_bot.pipelines.KafkaPipeline']
[2026-05-04T06:11:35.391+0000] {subprocess.py:93} INFO - 2026-05-04 06:11:35 [scrapy.core.engine] INFO: Spider opened
[2026-05-04T06:11:35.399+0000] {subprocess.py:93} INFO - 2026-05-04 06:11:35 [scrapy.extensions.logstats] INFO: Crawled 0 pages (at 0 pages/min), scraped 0 items (at 0 items/min)
[2026-05-04T06:11:35.401+0000] {subprocess.py:93} INFO - 2026-05-04 06:11:35 [scrapy.extensions.telnet] INFO: Telnet console listening on 127.0.0.1:6028
[2026-05-04T06:11:35.403+0000] {subprocess.py:93} INFO - 2026-05-04 06:11:35 [scrapy.core.engine] INFO: Closing spider (finished)
[2026-05-04T06:11:35.404+0000] {subprocess.py:93} INFO - 2026-05-04 06:11:35 [scrapy.core.engine] ERROR: Scraper close failure
[2026-05-04T06:11:35.404+0000] {subprocess.py:93} INFO - Traceback (most recent call last):
[2026-05-04T06:11:35.404+0000] {subprocess.py:93} INFO -   File "/home/***/.local/lib/python3.8/site-packages/twisted/internet/defer.py", line 1092, in _runCallbacks
[2026-05-04T06:11:35.404+0000] {subprocess.py:93} INFO -     current.result = callback(  # type: ignore[misc]
[2026-05-04T06:11:35.404+0000] {subprocess.py:93} INFO - TypeError: close_spider() takes 1 positional argument but 2 were given
[2026-05-04T06:11:35.406+0000] {subprocess.py:93} INFO - 2026-05-04 06:11:35 [scrapy.extensions.feedexport] INFO: Stored jsonl feed (0 items) in: /opt/***/scrapers/market_bot/data/cosmos_tech_2026-05-04.jsonl
[2026-05-04T06:11:35.406+0000] {subprocess.py:93} INFO - 2026-05-04 06:11:35 [scrapy.statscollectors] INFO: Dumping Scrapy stats:
[2026-05-04T06:11:35.406+0000] {subprocess.py:93} INFO - {'elapsed_time_seconds': 0.007031,
[2026-05-04T06:11:35.407+0000] {subprocess.py:93} INFO -  'feedexport/success_count/FileFeedStorage': 1,
[2026-05-04T06:11:35.407+0000] {subprocess.py:93} INFO -  'finish_reason': 'finished',
[2026-05-04T06:11:35.407+0000] {subprocess.py:93} INFO -  'finish_time': datetime.datetime(2026, 5, 4, 6, 11, 35, 405142, tzinfo=datetime.timezone.utc),
[2026-05-04T06:11:35.407+0000] {subprocess.py:93} INFO -  'log_count/ERROR': 1,
[2026-05-04T06:11:35.407+0000] {subprocess.py:93} INFO -  'log_count/INFO': 11,
[2026-05-04T06:11:35.407+0000] {subprocess.py:93} INFO -  'memusage/max': 155316224,
[2026-05-04T06:11:35.407+0000] {subprocess.py:93} INFO -  'memusage/startup': 155316224,
[2026-05-04T06:11:35.408+0000] {subprocess.py:93} INFO -  'start_time': datetime.datetime(2026, 5, 4, 6, 11, 35, 398111, tzinfo=datetime.timezone.utc)}
[2026-05-04T06:11:35.411+0000] {subprocess.py:93} INFO - 2026-05-04 06:11:35 [scrapy.core.engine] INFO: Spider closed (finished)
[2026-05-04T06:11:35.544+0000] {subprocess.py:97} INFO - Command exited with return code 0
[2026-05-04T06:11:35.570+0000] {taskinstance.py:1138} INFO - Marking task as SUCCESS. dag_id=market_intelligence_platform, task_id=parallel_scraping.scrape_cosmos_tech, execution_date=20260504T061133, start_date=20260504T061134, end_date=20260504T061135
[2026-05-04T06:11:35.600+0000] {local_task_job_runner.py:234} INFO - Task exited with return code 0
[2026-05-04T06:11:35.623+0000] {taskinstance.py:3280} INFO - 0 downstream tasks scheduled from follow-on schedule check
