[2026-05-04T14:29:51.919+0000] {taskinstance.py:1956} INFO - Dependencies all met for dep_context=non-requeueable deps ti=<TaskInstance: market_intelligence_platform.parallel_scraping.scrape_uno manual__2026-05-04T14:29:51.584299+00:00 [queued]>
[2026-05-04T14:29:51.925+0000] {taskinstance.py:1956} INFO - Dependencies all met for dep_context=requeueable deps ti=<TaskInstance: market_intelligence_platform.parallel_scraping.scrape_uno manual__2026-05-04T14:29:51.584299+00:00 [queued]>
[2026-05-04T14:29:51.926+0000] {taskinstance.py:2170} INFO - Starting attempt 1 of 2
[2026-05-04T14:29:51.937+0000] {taskinstance.py:2191} INFO - Executing <Task(BashOperator): parallel_scraping.scrape_uno> on 2026-05-04 14:29:51.584299+00:00
[2026-05-04T14:29:51.943+0000] {standard_task_runner.py:60} INFO - Started process 40066 to run task
[2026-05-04T14:29:51.946+0000] {standard_task_runner.py:87} INFO - Running: ['***', 'tasks', 'run', 'market_intelligence_platform', 'parallel_scraping.scrape_uno', 'manual__2026-05-04T14:29:51.584299+00:00', '--job-id', '392', '--raw', '--subdir', 'DAGS_FOLDER/jumia_scraper_dag.py', '--cfg-path', '/tmp/tmpxfnbv97u']
[2026-05-04T14:29:51.948+0000] {standard_task_runner.py:88} INFO - Job 392: Subtask parallel_scraping.scrape_uno
[2026-05-04T14:29:51.994+0000] {task_command.py:423} INFO - Running <TaskInstance: market_intelligence_platform.parallel_scraping.scrape_uno manual__2026-05-04T14:29:51.584299+00:00 [running]> on host c1627dbb6835
[2026-05-04T14:29:52.085+0000] {taskinstance.py:2480} INFO - Exporting env vars: AIRFLOW_CTX_DAG_OWNER='abdel' AIRFLOW_CTX_DAG_ID='market_intelligence_platform' AIRFLOW_CTX_TASK_ID='parallel_scraping.scrape_uno' AIRFLOW_CTX_EXECUTION_DATE='2026-05-04T14:29:51.584299+00:00' AIRFLOW_CTX_TRY_NUMBER='1' AIRFLOW_CTX_DAG_RUN_ID='manual__2026-05-04T14:29:51.584299+00:00'
[2026-05-04T14:29:52.086+0000] {subprocess.py:63} INFO - Tmp dir root location: /tmp
[2026-05-04T14:29:52.087+0000] {subprocess.py:75} INFO - Running command: ['/usr/bin/bash', '-c', 'mkdir -p /opt/***/scrapers/market_bot/data && cd /opt/***/scrapers/market_bot && PYTHONPATH=/opt/***/scrapers/market_bot SCRAPY_SETTINGS_MODULE=market_bot.settings /home/***/.local/bin/scrapy crawl uno -s LOG_LEVEL=INFO -o /opt/***/scrapers/market_bot/data/uno_2026-05-04.jsonl']
[2026-05-04T14:29:52.097+0000] {subprocess.py:86} INFO - Output:
[2026-05-04T14:29:52.523+0000] {subprocess.py:93} INFO - 2026-05-04 14:29:52 [scrapy.utils.log] INFO: Scrapy 2.11.2 started (bot: market_bot)
[2026-05-04T14:29:52.524+0000] {subprocess.py:93} INFO - 2026-05-04 14:29:52 [scrapy.utils.log] INFO: Versions: lxml 5.1.0.0, libxml2 2.12.3, cssselect 1.2.0, parsel 1.9.1, w3lib 2.2.1, Twisted 25.5.0, Python 3.8.18 (default, Feb 13 2024, 11:06:24) - [GCC 12.2.0], pyOpenSSL 23.3.0 (OpenSSL 3.1.4 24 Oct 2023), cryptography 41.0.7, Platform Linux-6.19.11+kali-amd64-x86_64-with-glibc2.34
[2026-05-04T14:29:52.525+0000] {subprocess.py:93} INFO - 2026-05-04 14:29:52 [scrapy.addons] INFO: Enabled addons:
[2026-05-04T14:29:52.526+0000] {subprocess.py:93} INFO - []
[2026-05-04T14:29:52.534+0000] {subprocess.py:93} INFO - 2026-05-04 14:29:52 [scrapy.extensions.telnet] INFO: Telnet Password: 97917aaa80b808f9
[2026-05-04T14:29:52.659+0000] {subprocess.py:93} INFO - 2026-05-04 14:29:52 [scrapy.middleware] INFO: Enabled extensions:
[2026-05-04T14:29:52.660+0000] {subprocess.py:93} INFO - ['scrapy.extensions.corestats.CoreStats',
[2026-05-04T14:29:52.660+0000] {subprocess.py:93} INFO -  'scrapy.extensions.telnet.TelnetConsole',
[2026-05-04T14:29:52.660+0000] {subprocess.py:93} INFO -  'scrapy.extensions.memusage.MemoryUsage',
[2026-05-04T14:29:52.660+0000] {subprocess.py:93} INFO -  'scrapy.extensions.closespider.CloseSpider',
[2026-05-04T14:29:52.660+0000] {subprocess.py:93} INFO -  'scrapy.extensions.feedexport.FeedExporter',
[2026-05-04T14:29:52.660+0000] {subprocess.py:93} INFO -  'scrapy.extensions.logstats.LogStats']
[2026-05-04T14:29:52.661+0000] {subprocess.py:93} INFO - 2026-05-04 14:29:52 [scrapy.crawler] INFO: Overridden settings:
[2026-05-04T14:29:52.661+0000] {subprocess.py:93} INFO - {'BOT_NAME': 'market_bot',
[2026-05-04T14:29:52.661+0000] {subprocess.py:93} INFO -  'CLOSESPIDER_ITEMCOUNT': 50000,
[2026-05-04T14:29:52.661+0000] {subprocess.py:93} INFO -  'CLOSESPIDER_PAGECOUNT': 5000,
[2026-05-04T14:29:52.661+0000] {subprocess.py:93} INFO -  'CONCURRENT_REQUESTS': 1,
[2026-05-04T14:29:52.661+0000] {subprocess.py:93} INFO -  'CONCURRENT_REQUESTS_PER_DOMAIN': 1,
[2026-05-04T14:29:52.661+0000] {subprocess.py:93} INFO -  'DOWNLOAD_DELAY': 2.0,
[2026-05-04T14:29:52.662+0000] {subprocess.py:93} INFO -  'DOWNLOAD_TIMEOUT': 90,
[2026-05-04T14:29:52.662+0000] {subprocess.py:93} INFO -  'FEED_EXPORT_ENCODING': 'utf-8',
[2026-05-04T14:29:52.662+0000] {subprocess.py:93} INFO -  'LOG_LEVEL': 'INFO',
[2026-05-04T14:29:52.662+0000] {subprocess.py:93} INFO -  'NEWSPIDER_MODULE': 'market_bot.spiders',
[2026-05-04T14:29:52.662+0000] {subprocess.py:93} INFO -  'REQUEST_FINGERPRINTER_IMPLEMENTATION': '2.7',
[2026-05-04T14:29:52.662+0000] {subprocess.py:93} INFO -  'RETRY_HTTP_CODES': [500, 502, 503, 504, 408, 429],
[2026-05-04T14:29:52.662+0000] {subprocess.py:93} INFO -  'RETRY_TIMES': 5,
[2026-05-04T14:29:52.662+0000] {subprocess.py:93} INFO -  'SPIDER_MODULES': ['market_bot.spiders'],
[2026-05-04T14:29:52.663+0000] {subprocess.py:93} INFO -  'TWISTED_REACTOR': 'twisted.internet.asyncioreactor.AsyncioSelectorReactor',
[2026-05-04T14:29:52.663+0000] {subprocess.py:93} INFO -  'USER_AGENT': 'Mozilla/5.0 (Windows NT 10.0; Win64; x64) AppleWebKit/537.36 '
[2026-05-04T14:29:52.663+0000] {subprocess.py:93} INFO -                '(KHTML, like Gecko) Chrome/124.0.0.0 Safari/537.36'}
[2026-05-04T14:29:52.731+0000] {subprocess.py:93} INFO - 2026-05-04 14:29:52 [scrapy.middleware] INFO: Enabled downloader middlewares:
[2026-05-04T14:29:52.732+0000] {subprocess.py:93} INFO - ['scrapy.downloadermiddlewares.offsite.OffsiteMiddleware',
[2026-05-04T14:29:52.732+0000] {subprocess.py:93} INFO -  'scrapy.downloadermiddlewares.httpauth.HttpAuthMiddleware',
[2026-05-04T14:29:52.732+0000] {subprocess.py:93} INFO -  'scrapy.downloadermiddlewares.downloadtimeout.DownloadTimeoutMiddleware',
[2026-05-04T14:29:52.732+0000] {subprocess.py:93} INFO -  'scrapy.downloadermiddlewares.defaultheaders.DefaultHeadersMiddleware',
[2026-05-04T14:29:52.732+0000] {subprocess.py:93} INFO -  'scrapy.downloadermiddlewares.useragent.UserAgentMiddleware',
[2026-05-04T14:29:52.732+0000] {subprocess.py:93} INFO -  'scrapy.downloadermiddlewares.retry.RetryMiddleware',
[2026-05-04T14:29:52.733+0000] {subprocess.py:93} INFO -  'scrapy.downloadermiddlewares.redirect.MetaRefreshMiddleware',
[2026-05-04T14:29:52.733+0000] {subprocess.py:93} INFO -  'scrapy.downloadermiddlewares.httpcompression.HttpCompressionMiddleware',
[2026-05-04T14:29:52.733+0000] {subprocess.py:93} INFO -  'scrapy.downloadermiddlewares.redirect.RedirectMiddleware',
[2026-05-04T14:29:52.733+0000] {subprocess.py:93} INFO -  'scrapy.downloadermiddlewares.cookies.CookiesMiddleware',
[2026-05-04T14:29:52.733+0000] {subprocess.py:93} INFO -  'scrapy.downloadermiddlewares.httpproxy.HttpProxyMiddleware',
[2026-05-04T14:29:52.733+0000] {subprocess.py:93} INFO -  'scrapy.downloadermiddlewares.stats.DownloaderStats']
[2026-05-04T14:29:52.733+0000] {subprocess.py:93} INFO - 2026-05-04 14:29:52 [scrapy.middleware] INFO: Enabled spider middlewares:
[2026-05-04T14:29:52.733+0000] {subprocess.py:93} INFO - ['scrapy.spidermiddlewares.httperror.HttpErrorMiddleware',
[2026-05-04T14:29:52.734+0000] {subprocess.py:93} INFO -  'scrapy.spidermiddlewares.referer.RefererMiddleware',
[2026-05-04T14:29:52.734+0000] {subprocess.py:93} INFO -  'scrapy.spidermiddlewares.urllength.UrlLengthMiddleware',
[2026-05-04T14:29:52.734+0000] {subprocess.py:93} INFO -  'scrapy.spidermiddlewares.depth.DepthMiddleware']
[2026-05-04T14:29:52.738+0000] {subprocess.py:93} INFO - 2026-05-04 14:29:52 [scrapy.middleware] INFO: Enabled item pipelines:
[2026-05-04T14:29:52.738+0000] {subprocess.py:93} INFO - ['market_bot.pipelines.KafkaPipeline']
[2026-05-04T14:29:52.739+0000] {subprocess.py:93} INFO - 2026-05-04 14:29:52 [scrapy.core.engine] INFO: Spider opened
[2026-05-04T14:29:52.744+0000] {subprocess.py:93} INFO - 2026-05-04 14:29:52 [scrapy.extensions.logstats] INFO: Crawled 0 pages (at 0 pages/min), scraped 0 items (at 0 items/min)
[2026-05-04T14:29:52.745+0000] {subprocess.py:93} INFO - 2026-05-04 14:29:52 [scrapy.extensions.telnet] INFO: Telnet console listening on 127.0.0.1:6024
[2026-05-04T14:29:52.746+0000] {subprocess.py:93} INFO - 2026-05-04 14:29:52 [scrapy-playwright] INFO: Starting download handler
[2026-05-04T14:29:52.746+0000] {subprocess.py:93} INFO - 2026-05-04 14:29:52 [scrapy-playwright] INFO: Starting download handler
[2026-05-04T14:29:53.015+0000] {subprocess.py:93} INFO - 2026-05-04 14:29:53 [scrapy-playwright] INFO: Launching 1 startup context(s)
[2026-05-04T14:29:53.016+0000] {subprocess.py:93} INFO - 2026-05-04 14:29:53 [scrapy-playwright] INFO: Launching browser chromium
[2026-05-04T14:29:53.053+0000] {subprocess.py:93} INFO - 2026-05-04 14:29:53 [scrapy-playwright] INFO: Launching 1 startup context(s)
[2026-05-04T14:29:53.054+0000] {subprocess.py:93} INFO - 2026-05-04 14:29:53 [scrapy-playwright] INFO: Launching browser chromium
[2026-05-04T14:29:53.139+0000] {subprocess.py:93} INFO - 2026-05-04 14:29:53 [scrapy-playwright] INFO: Browser chromium launched
[2026-05-04T14:29:53.145+0000] {subprocess.py:93} INFO - 2026-05-04 14:29:53 [scrapy-playwright] INFO: Startup context(s) launched
[2026-05-04T14:29:53.170+0000] {subprocess.py:93} INFO - 2026-05-04 14:29:53 [scrapy-playwright] INFO: Browser chromium launched
[2026-05-04T14:29:53.175+0000] {subprocess.py:93} INFO - 2026-05-04 14:29:53 [scrapy-playwright] INFO: Startup context(s) launched
[2026-05-04T14:29:57.748+0000] {subprocess.py:93} INFO - 2026-05-04 14:29:57 [scrapy.core.engine] INFO: Closing spider (finished)
[2026-05-04T14:29:57.748+0000] {subprocess.py:93} INFO - 2026-05-04 14:29:57 [scrapy.core.engine] ERROR: Scraper close failure
[2026-05-04T14:29:57.749+0000] {subprocess.py:93} INFO - Traceback (most recent call last):
[2026-05-04T14:29:57.749+0000] {subprocess.py:93} INFO -   File "/home/***/.local/lib/python3.8/site-packages/twisted/internet/defer.py", line 1092, in _runCallbacks
[2026-05-04T14:29:57.749+0000] {subprocess.py:93} INFO -     current.result = callback(  # type: ignore[misc]
[2026-05-04T14:29:57.750+0000] {subprocess.py:93} INFO - TypeError: close_spider() takes 1 positional argument but 2 were given
[2026-05-04T14:29:57.750+0000] {subprocess.py:93} INFO - 2026-05-04 14:29:57 [scrapy.extensions.feedexport] INFO: Stored jsonl feed (0 items) in: /opt/***/scrapers/market_bot/data/uno_2026-05-04.jsonl
[2026-05-04T14:29:57.750+0000] {subprocess.py:93} INFO - 2026-05-04 14:29:57 [scrapy.statscollectors] INFO: Dumping Scrapy stats:
[2026-05-04T14:29:57.751+0000] {subprocess.py:93} INFO - {'elapsed_time_seconds': 5.005247,
[2026-05-04T14:29:57.751+0000] {subprocess.py:93} INFO -  'feedexport/success_count/FileFeedStorage': 1,
[2026-05-04T14:29:57.751+0000] {subprocess.py:93} INFO -  'finish_reason': 'finished',
[2026-05-04T14:29:57.751+0000] {subprocess.py:93} INFO -  'finish_time': datetime.datetime(2026, 5, 4, 14, 29, 57, 749087, tzinfo=datetime.timezone.utc),
[2026-05-04T14:29:57.752+0000] {subprocess.py:93} INFO -  'log_count/ERROR': 1,
[2026-05-04T14:29:57.752+0000] {subprocess.py:93} INFO -  'log_count/INFO': 21,
[2026-05-04T14:29:57.752+0000] {subprocess.py:93} INFO -  'memusage/max': 155303936,
[2026-05-04T14:29:57.752+0000] {subprocess.py:93} INFO -  'memusage/startup': 155303936,
[2026-05-04T14:29:57.753+0000] {subprocess.py:93} INFO -  'playwright/browser_count': 2,
[2026-05-04T14:29:57.753+0000] {subprocess.py:93} INFO -  'playwright/context_count': 2,
[2026-05-04T14:29:57.753+0000] {subprocess.py:93} INFO -  'playwright/context_count/max_concurrent': 1,
[2026-05-04T14:29:57.754+0000] {subprocess.py:93} INFO -  'playwright/context_count/persistent/False': 2,
[2026-05-04T14:29:57.754+0000] {subprocess.py:93} INFO -  'playwright/context_count/remote/False': 2,
[2026-05-04T14:29:57.754+0000] {subprocess.py:93} INFO -  'playwright/page_count': 0,
[2026-05-04T14:29:57.755+0000] {subprocess.py:93} INFO -  'start_time': datetime.datetime(2026, 5, 4, 14, 29, 52, 743840, tzinfo=datetime.timezone.utc)}
[2026-05-04T14:29:57.755+0000] {subprocess.py:93} INFO - 2026-05-04 14:29:57 [scrapy.core.engine] INFO: Spider closed (finished)
[2026-05-04T14:29:57.755+0000] {subprocess.py:93} INFO - 2026-05-04 14:29:57 [scrapy-playwright] INFO: Closing download handler
[2026-05-04T14:29:57.762+0000] {subprocess.py:93} INFO - 2026-05-04 14:29:57 [scrapy-playwright] INFO: Closing browser
[2026-05-04T14:29:57.778+0000] {subprocess.py:93} INFO - 2026-05-04 14:29:57 [scrapy-playwright] INFO: Closing download handler
[2026-05-04T14:29:57.782+0000] {subprocess.py:93} INFO - 2026-05-04 14:29:57 [scrapy-playwright] INFO: Closing browser
[2026-05-04T14:29:57.920+0000] {subprocess.py:97} INFO - Command exited with return code 0
[2026-05-04T14:29:57.942+0000] {taskinstance.py:1138} INFO - Marking task as SUCCESS. dag_id=market_intelligence_platform, task_id=parallel_scraping.scrape_uno, execution_date=20260504T142951, start_date=20260504T142951, end_date=20260504T142957
[2026-05-04T14:29:57.978+0000] {local_task_job_runner.py:234} INFO - Task exited with return code 0
[2026-05-04T14:29:57.996+0000] {taskinstance.py:3280} INFO - 0 downstream tasks scheduled from follow-on schedule check
