[2026-04-27T09:53:57.884+0000] {taskinstance.py:1956} INFO - Dependencies all met for dep_context=non-requeueable deps ti=<TaskInstance: market_intelligence_platform.parallel_scraping.scrape_uno scheduled__2026-04-26T03:00:00+00:00 [queued]>
[2026-04-27T09:53:57.890+0000] {taskinstance.py:1956} INFO - Dependencies all met for dep_context=requeueable deps ti=<TaskInstance: market_intelligence_platform.parallel_scraping.scrape_uno scheduled__2026-04-26T03:00:00+00:00 [queued]>
[2026-04-27T09:53:57.890+0000] {taskinstance.py:2170} INFO - Starting attempt 1 of 2
[2026-04-27T09:53:57.902+0000] {taskinstance.py:2191} INFO - Executing <Task(BashOperator): parallel_scraping.scrape_uno> on 2026-04-26 03:00:00+00:00
[2026-04-27T09:53:57.906+0000] {standard_task_runner.py:60} INFO - Started process 1015 to run task
[2026-04-27T09:53:57.908+0000] {standard_task_runner.py:87} INFO - Running: ['***', 'tasks', 'run', 'market_intelligence_platform', 'parallel_scraping.scrape_uno', 'scheduled__2026-04-26T03:00:00+00:00', '--job-id', '2', '--raw', '--subdir', 'DAGS_FOLDER/jumia_scraper_dag.py', '--cfg-path', '/tmp/tmp7aulindi']
[2026-04-27T09:53:57.909+0000] {standard_task_runner.py:88} INFO - Job 2: Subtask parallel_scraping.scrape_uno
[2026-04-27T09:53:57.950+0000] {task_command.py:423} INFO - Running <TaskInstance: market_intelligence_platform.parallel_scraping.scrape_uno scheduled__2026-04-26T03:00:00+00:00 [running]> on host 472865914fc9
[2026-04-27T09:53:58.012+0000] {taskinstance.py:2480} INFO - Exporting env vars: AIRFLOW_CTX_DAG_OWNER='abdel' AIRFLOW_CTX_DAG_ID='market_intelligence_platform' AIRFLOW_CTX_TASK_ID='parallel_scraping.scrape_uno' AIRFLOW_CTX_EXECUTION_DATE='2026-04-26T03:00:00+00:00' AIRFLOW_CTX_TRY_NUMBER='1' AIRFLOW_CTX_DAG_RUN_ID='scheduled__2026-04-26T03:00:00+00:00'
[2026-04-27T09:53:58.013+0000] {subprocess.py:63} INFO - Tmp dir root location: /tmp
[2026-04-27T09:53:58.013+0000] {subprocess.py:75} INFO - Running command: ['/usr/bin/bash', '-c', 'rm -f /opt/***/scrapers/market_bot/data/uno_2026-04-26.jsonl && cd /opt/***/scrapers/market_bot && scrapy crawl uno -s LOG_LEVEL=INFO -o /opt/***/scrapers/market_bot/data/uno_2026-04-26.jsonl']
[2026-04-27T09:53:58.019+0000] {subprocess.py:86} INFO - Output:
[2026-04-27T09:53:58.504+0000] {subprocess.py:93} INFO - 2026-04-27 09:53:58 [scrapy.utils.log] INFO: Scrapy 2.11.2 started (bot: market_bot)
[2026-04-27T09:53:58.505+0000] {subprocess.py:93} INFO - 2026-04-27 09:53:58 [scrapy.utils.log] INFO: Versions: lxml 5.1.0.0, libxml2 2.12.3, cssselect 1.2.0, parsel 1.9.1, w3lib 2.2.1, Twisted 25.5.0, Python 3.8.18 (default, Feb 13 2024, 11:06:24) - [GCC 12.2.0], pyOpenSSL 23.3.0 (OpenSSL 3.1.4 24 Oct 2023), cryptography 41.0.7, Platform Linux-6.19.11+kali-amd64-x86_64-with-glibc2.34
[2026-04-27T09:53:58.507+0000] {subprocess.py:93} INFO - 2026-04-27 09:53:58 [scrapy.addons] INFO: Enabled addons:
[2026-04-27T09:53:58.507+0000] {subprocess.py:93} INFO - []
[2026-04-27T09:53:58.516+0000] {subprocess.py:93} INFO - 2026-04-27 09:53:58 [scrapy.extensions.telnet] INFO: Telnet Password: 5eaf09e43d28ddcf
[2026-04-27T09:53:58.752+0000] {subprocess.py:93} INFO - 2026-04-27 09:53:58 [scrapy.middleware] INFO: Enabled extensions:
[2026-04-27T09:53:58.752+0000] {subprocess.py:93} INFO - ['scrapy.extensions.corestats.CoreStats',
[2026-04-27T09:53:58.752+0000] {subprocess.py:93} INFO -  'scrapy.extensions.telnet.TelnetConsole',
[2026-04-27T09:53:58.752+0000] {subprocess.py:93} INFO -  'scrapy.extensions.memusage.MemoryUsage',
[2026-04-27T09:53:58.752+0000] {subprocess.py:93} INFO -  'scrapy.extensions.closespider.CloseSpider',
[2026-04-27T09:53:58.752+0000] {subprocess.py:93} INFO -  'scrapy.extensions.feedexport.FeedExporter',
[2026-04-27T09:53:58.753+0000] {subprocess.py:93} INFO -  'scrapy.extensions.logstats.LogStats',
[2026-04-27T09:53:58.753+0000] {subprocess.py:93} INFO -  'scrapy.extensions.throttle.AutoThrottle']
[2026-04-27T09:53:58.753+0000] {subprocess.py:93} INFO - 2026-04-27 09:53:58 [scrapy.crawler] INFO: Overridden settings:
[2026-04-27T09:53:58.753+0000] {subprocess.py:93} INFO - {'AUTOTHROTTLE_ENABLED': True,
[2026-04-27T09:53:58.753+0000] {subprocess.py:93} INFO -  'AUTOTHROTTLE_START_DELAY': 2.0,
[2026-04-27T09:53:58.753+0000] {subprocess.py:93} INFO -  'AUTOTHROTTLE_TARGET_CONCURRENCY': 2.0,
[2026-04-27T09:53:58.753+0000] {subprocess.py:93} INFO -  'BOT_NAME': 'market_bot',
[2026-04-27T09:53:58.754+0000] {subprocess.py:93} INFO -  'CLOSESPIDER_ITEMCOUNT': 50000,
[2026-04-27T09:53:58.754+0000] {subprocess.py:93} INFO -  'CLOSESPIDER_PAGECOUNT': 5000,
[2026-04-27T09:53:58.754+0000] {subprocess.py:93} INFO -  'CONCURRENT_REQUESTS': 12,
[2026-04-27T09:53:58.754+0000] {subprocess.py:93} INFO -  'CONCURRENT_REQUESTS_PER_DOMAIN': 6,
[2026-04-27T09:53:58.754+0000] {subprocess.py:93} INFO -  'DOWNLOAD_TIMEOUT': 90,
[2026-04-27T09:53:58.754+0000] {subprocess.py:93} INFO -  'FEED_EXPORT_ENCODING': 'utf-8',
[2026-04-27T09:53:58.754+0000] {subprocess.py:93} INFO -  'LOG_LEVEL': 'INFO',
[2026-04-27T09:53:58.754+0000] {subprocess.py:93} INFO -  'NEWSPIDER_MODULE': 'market_bot.spiders',
[2026-04-27T09:53:58.755+0000] {subprocess.py:93} INFO -  'REQUEST_FINGERPRINTER_IMPLEMENTATION': '2.7',
[2026-04-27T09:53:58.755+0000] {subprocess.py:93} INFO -  'RETRY_HTTP_CODES': [500, 502, 503, 504, 408, 429],
[2026-04-27T09:53:58.755+0000] {subprocess.py:93} INFO -  'RETRY_TIMES': 5,
[2026-04-27T09:53:58.755+0000] {subprocess.py:93} INFO -  'SPIDER_MODULES': ['market_bot.spiders'],
[2026-04-27T09:53:58.755+0000] {subprocess.py:93} INFO -  'TWISTED_REACTOR': 'twisted.internet.asyncioreactor.AsyncioSelectorReactor',
[2026-04-27T09:53:58.755+0000] {subprocess.py:93} INFO -  'USER_AGENT': 'Mozilla/5.0 (Windows NT 10.0; Win64; x64) AppleWebKit/537.36 '
[2026-04-27T09:53:58.755+0000] {subprocess.py:93} INFO -                '(KHTML, like Gecko) Chrome/124.0.0.0 Safari/537.36'}
[2026-04-27T09:53:58.833+0000] {subprocess.py:93} INFO - 2026-04-27 09:53:58 [scrapy.middleware] INFO: Enabled downloader middlewares:
[2026-04-27T09:53:58.833+0000] {subprocess.py:93} INFO - ['scrapy.downloadermiddlewares.offsite.OffsiteMiddleware',
[2026-04-27T09:53:58.833+0000] {subprocess.py:93} INFO -  'scrapy.downloadermiddlewares.httpauth.HttpAuthMiddleware',
[2026-04-27T09:53:58.833+0000] {subprocess.py:93} INFO -  'scrapy.downloadermiddlewares.downloadtimeout.DownloadTimeoutMiddleware',
[2026-04-27T09:53:58.833+0000] {subprocess.py:93} INFO -  'scrapy.downloadermiddlewares.defaultheaders.DefaultHeadersMiddleware',
[2026-04-27T09:53:58.834+0000] {subprocess.py:93} INFO -  'scrapy.downloadermiddlewares.useragent.UserAgentMiddleware',
[2026-04-27T09:53:58.834+0000] {subprocess.py:93} INFO -  'scrapy.downloadermiddlewares.retry.RetryMiddleware',
[2026-04-27T09:53:58.834+0000] {subprocess.py:93} INFO -  'scrapy.downloadermiddlewares.redirect.MetaRefreshMiddleware',
[2026-04-27T09:53:58.834+0000] {subprocess.py:93} INFO -  'scrapy.downloadermiddlewares.httpcompression.HttpCompressionMiddleware',
[2026-04-27T09:53:58.834+0000] {subprocess.py:93} INFO -  'scrapy.downloadermiddlewares.redirect.RedirectMiddleware',
[2026-04-27T09:53:58.834+0000] {subprocess.py:93} INFO -  'scrapy.downloadermiddlewares.cookies.CookiesMiddleware',
[2026-04-27T09:53:58.834+0000] {subprocess.py:93} INFO -  'scrapy.downloadermiddlewares.httpproxy.HttpProxyMiddleware',
[2026-04-27T09:53:58.835+0000] {subprocess.py:93} INFO -  'scrapy.downloadermiddlewares.stats.DownloaderStats']
[2026-04-27T09:53:58.835+0000] {subprocess.py:93} INFO - 2026-04-27 09:53:58 [scrapy.middleware] INFO: Enabled spider middlewares:
[2026-04-27T09:53:58.835+0000] {subprocess.py:93} INFO - ['scrapy.spidermiddlewares.httperror.HttpErrorMiddleware',
[2026-04-27T09:53:58.836+0000] {subprocess.py:93} INFO -  'scrapy.spidermiddlewares.referer.RefererMiddleware',
[2026-04-27T09:53:58.836+0000] {subprocess.py:93} INFO -  'scrapy.spidermiddlewares.urllength.UrlLengthMiddleware',
[2026-04-27T09:53:58.836+0000] {subprocess.py:93} INFO -  'scrapy.spidermiddlewares.depth.DepthMiddleware']
[2026-04-27T09:53:58.850+0000] {subprocess.py:93} INFO - %4|1777283638.850|CONFWARN|scrapy-bot#producer-1| [thrd:app]: Configuration property api.version.request is deprecated: **Post-deprecation actions: remove this configuration property, brokers < 0.10.0 won't be supported anymore in librdkafka 3.x.** Request broker's supported API versions to adjust functionality to available protocol features. If set to false, or the ApiVersionRequest fails, the fallback version `broker.version.fallback` will be used. **NOTE**: Depends on broker version >=0.10.0. If the request is not supported by (an older) broker the `broker.version.fallback` fallback is used.
[2026-04-27T09:53:58.851+0000] {subprocess.py:93} INFO - %4|1777283638.850|CONFWARN|scrapy-bot#producer-1| [thrd:app]: Configuration property broker.version.fallback is deprecated: **Post-deprecation actions: remove this configuration property, brokers < 0.10.0 won't be supported anymore in librdkafka 3.x.** Older broker versions (before 0.10.0) provide no way for a client to query for supported protocol features (ApiVersionRequest, see `api.version.request`) making it impossible for the client to know what features it may use. As a workaround a user may set this property to the expected broker version and the client will automatically adjust its feature set accordingly if the ApiVersionRequest fails (or is disabled). The fallback broker version will be used for `api.version.fallback.ms`. Valid values are: 0.9.0, 0.8.2, 0.8.1, 0.8.0. Any other value >= 0.10, such as 0.10.2.1, enables ApiVersionRequests.
[2026-04-27T09:53:58.851+0000] {subprocess.py:93} INFO - 2026-04-27 09:53:58 [scrapy.middleware] INFO: Enabled item pipelines:
[2026-04-27T09:53:58.851+0000] {subprocess.py:93} INFO - ['market_bot.pipelines.KafkaPipeline']
[2026-04-27T09:53:58.851+0000] {subprocess.py:93} INFO - 2026-04-27 09:53:58 [scrapy.core.engine] INFO: Spider opened
[2026-04-27T09:53:58.856+0000] {subprocess.py:93} INFO - 2026-04-27 09:53:58 [scrapy.extensions.logstats] INFO: Crawled 0 pages (at 0 pages/min), scraped 0 items (at 0 items/min)
[2026-04-27T09:53:58.857+0000] {subprocess.py:93} INFO - 2026-04-27 09:53:58 [scrapy.extensions.telnet] INFO: Telnet console listening on 127.0.0.1:6023
[2026-04-27T09:53:58.857+0000] {subprocess.py:93} INFO - 2026-04-27 09:53:58 [scrapy-playwright] INFO: Starting download handler
[2026-04-27T09:53:58.857+0000] {subprocess.py:93} INFO - 2026-04-27 09:53:58 [scrapy-playwright] INFO: Starting download handler
[2026-04-27T09:54:03.863+0000] {subprocess.py:93} INFO - 2026-04-27 09:54:03 [scrapy-playwright] INFO: Launching browser chromium
[2026-04-27T09:54:04.150+0000] {subprocess.py:93} INFO - 2026-04-27 09:54:04 [scrapy-playwright] INFO: Browser chromium launched
[2026-04-27T09:54:25.177+0000] {subprocess.py:93} INFO - 2026-04-27 09:54:25 [uno] INFO: 📊 Extraction Uno (smartphone) : 0 produits détectés.
[2026-04-27T09:54:27.505+0000] {subprocess.py:93} INFO - 2026-04-27 09:54:27 [uno] INFO: 📊 Extraction Uno (laptop) : 0 produits détectés.
[2026-04-27T09:54:29.510+0000] {subprocess.py:93} INFO - 2026-04-27 09:54:29 [uno] INFO: 📊 Extraction Uno (tablet) : 0 produits détectés.
[2026-04-27T09:54:29.511+0000] {subprocess.py:93} INFO - 2026-04-27 09:54:29 [scrapy.core.engine] INFO: Closing spider (finished)
[2026-04-27T09:54:29.512+0000] {subprocess.py:93} INFO - 2026-04-27 09:54:29 [uno] INFO: Flushing Kafka Producer...
[2026-04-27T09:54:29.512+0000] {subprocess.py:93} INFO - 2026-04-27 09:54:29 [scrapy.extensions.feedexport] INFO: Stored jsonl feed (0 items) in: /opt/***/scrapers/market_bot/data/uno_2026-04-26.jsonl
[2026-04-27T09:54:29.512+0000] {subprocess.py:93} INFO - 2026-04-27 09:54:29 [scrapy.statscollectors] INFO: Dumping Scrapy stats:
[2026-04-27T09:54:29.513+0000] {subprocess.py:93} INFO - {'downloader/request_bytes': 880,
[2026-04-27T09:54:29.513+0000] {subprocess.py:93} INFO -  'downloader/request_count': 3,
[2026-04-27T09:54:29.513+0000] {subprocess.py:93} INFO -  'downloader/request_method_count/GET': 3,
[2026-04-27T09:54:29.513+0000] {subprocess.py:93} INFO -  'downloader/response_bytes': 603858,
[2026-04-27T09:54:29.513+0000] {subprocess.py:93} INFO -  'downloader/response_count': 3,
[2026-04-27T09:54:29.513+0000] {subprocess.py:93} INFO -  'downloader/response_status_count/200': 3,
[2026-04-27T09:54:29.513+0000] {subprocess.py:93} INFO -  'elapsed_time_seconds': 30.656165,
[2026-04-27T09:54:29.513+0000] {subprocess.py:93} INFO -  'feedexport/success_count/FileFeedStorage': 1,
[2026-04-27T09:54:29.513+0000] {subprocess.py:93} INFO -  'finish_reason': 'finished',
[2026-04-27T09:54:29.513+0000] {subprocess.py:93} INFO -  'finish_time': datetime.datetime(2026, 4, 27, 9, 54, 29, 512076, tzinfo=datetime.timezone.utc),
[2026-04-27T09:54:29.513+0000] {subprocess.py:93} INFO -  'log_count/INFO': 19,
[2026-04-27T09:54:29.513+0000] {subprocess.py:93} INFO -  'memusage/max': 155340800,
[2026-04-27T09:54:29.513+0000] {subprocess.py:93} INFO -  'memusage/startup': 155340800,
[2026-04-27T09:54:29.513+0000] {subprocess.py:93} INFO -  'playwright/browser_count': 1,
[2026-04-27T09:54:29.514+0000] {subprocess.py:93} INFO -  'playwright/context_count': 1,
[2026-04-27T09:54:29.514+0000] {subprocess.py:93} INFO -  'playwright/context_count/max_concurrent': 1,
[2026-04-27T09:54:29.514+0000] {subprocess.py:93} INFO -  'playwright/context_count/persistent/False': 1,
[2026-04-27T09:54:29.514+0000] {subprocess.py:93} INFO -  'playwright/context_count/remote/False': 1,
[2026-04-27T09:54:29.514+0000] {subprocess.py:93} INFO -  'playwright/page_count': 3,
[2026-04-27T09:54:29.514+0000] {subprocess.py:93} INFO -  'playwright/page_count/max_concurrent': 3,
[2026-04-27T09:54:29.514+0000] {subprocess.py:93} INFO -  'playwright/request_count': 1020,
[2026-04-27T09:54:29.514+0000] {subprocess.py:93} INFO -  'playwright/request_count/method/GET': 962,
[2026-04-27T09:54:29.514+0000] {subprocess.py:93} INFO -  'playwright/request_count/method/POST': 58,
[2026-04-27T09:54:29.514+0000] {subprocess.py:93} INFO -  'playwright/request_count/navigation': 5,
[2026-04-27T09:54:29.514+0000] {subprocess.py:93} INFO -  'playwright/request_count/resource_type/document': 5,
[2026-04-27T09:54:29.514+0000] {subprocess.py:93} INFO -  'playwright/request_count/resource_type/fetch': 7,
[2026-04-27T09:54:29.514+0000] {subprocess.py:93} INFO -  'playwright/request_count/resource_type/font': 39,
[2026-04-27T09:54:29.514+0000] {subprocess.py:93} INFO -  'playwright/request_count/resource_type/image': 64,
[2026-04-27T09:54:29.515+0000] {subprocess.py:93} INFO -  'playwright/request_count/resource_type/other': 4,
[2026-04-27T09:54:29.515+0000] {subprocess.py:93} INFO -  'playwright/request_count/resource_type/ping': 44,
[2026-04-27T09:54:29.515+0000] {subprocess.py:93} INFO -  'playwright/request_count/resource_type/script': 747,
[2026-04-27T09:54:29.515+0000] {subprocess.py:93} INFO -  'playwright/request_count/resource_type/stylesheet': 64,
[2026-04-27T09:54:29.515+0000] {subprocess.py:93} INFO -  'playwright/request_count/resource_type/xhr': 46,
[2026-04-27T09:54:29.515+0000] {subprocess.py:93} INFO -  'playwright/response_count': 1020,
[2026-04-27T09:54:29.515+0000] {subprocess.py:93} INFO -  'playwright/response_count/method/GET': 962,
[2026-04-27T09:54:29.515+0000] {subprocess.py:93} INFO -  'playwright/response_count/method/POST': 58,
[2026-04-27T09:54:29.515+0000] {subprocess.py:93} INFO -  'playwright/response_count/resource_type/document': 5,
[2026-04-27T09:54:29.515+0000] {subprocess.py:93} INFO -  'playwright/response_count/resource_type/fetch': 7,
[2026-04-27T09:54:29.515+0000] {subprocess.py:93} INFO -  'playwright/response_count/resource_type/font': 39,
[2026-04-27T09:54:29.516+0000] {subprocess.py:93} INFO -  'playwright/response_count/resource_type/image': 64,
[2026-04-27T09:54:29.516+0000] {subprocess.py:93} INFO -  'playwright/response_count/resource_type/other': 4,
[2026-04-27T09:54:29.516+0000] {subprocess.py:93} INFO -  'playwright/response_count/resource_type/ping': 44,
[2026-04-27T09:54:29.516+0000] {subprocess.py:93} INFO -  'playwright/response_count/resource_type/script': 747,
[2026-04-27T09:54:29.516+0000] {subprocess.py:93} INFO -  'playwright/response_count/resource_type/stylesheet': 64,
[2026-04-27T09:54:29.516+0000] {subprocess.py:93} INFO -  'playwright/response_count/resource_type/xhr': 46,
[2026-04-27T09:54:29.516+0000] {subprocess.py:93} INFO -  'response_received_count': 3,
[2026-04-27T09:54:29.516+0000] {subprocess.py:93} INFO -  'scheduler/dequeued': 3,
[2026-04-27T09:54:29.516+0000] {subprocess.py:93} INFO -  'scheduler/dequeued/memory': 3,
[2026-04-27T09:54:29.516+0000] {subprocess.py:93} INFO -  'scheduler/enqueued': 3,
[2026-04-27T09:54:29.516+0000] {subprocess.py:93} INFO -  'scheduler/enqueued/memory': 3,
[2026-04-27T09:54:29.517+0000] {subprocess.py:93} INFO -  'start_time': datetime.datetime(2026, 4, 27, 9, 53, 58, 855911, tzinfo=datetime.timezone.utc)}
[2026-04-27T09:54:29.517+0000] {subprocess.py:93} INFO - 2026-04-27 09:54:29 [scrapy.core.engine] INFO: Spider closed (finished)
[2026-04-27T09:54:29.517+0000] {subprocess.py:93} INFO - 2026-04-27 09:54:29 [scrapy-playwright] INFO: Closing download handler
[2026-04-27T09:54:29.517+0000] {subprocess.py:93} INFO - 2026-04-27 09:54:29 [scrapy-playwright] INFO: Closing download handler
[2026-04-27T09:54:29.532+0000] {subprocess.py:93} INFO - 2026-04-27 09:54:29 [scrapy-playwright] INFO: Closing browser
[2026-04-27T09:54:29.672+0000] {subprocess.py:97} INFO - Command exited with return code 0
[2026-04-27T09:54:29.693+0000] {taskinstance.py:1138} INFO - Marking task as SUCCESS. dag_id=market_intelligence_platform, task_id=parallel_scraping.scrape_uno, execution_date=20260426T030000, start_date=20260427T095357, end_date=20260427T095429
[2026-04-27T09:54:29.740+0000] {local_task_job_runner.py:234} INFO - Task exited with return code 0
[2026-04-27T09:54:29.750+0000] {taskinstance.py:3280} INFO - 0 downstream tasks scheduled from follow-on schedule check
[2026-04-27T19:34:35.013+0000] {taskinstance.py:1956} INFO - Dependencies all met for dep_context=non-requeueable deps ti=<TaskInstance: market_intelligence_platform.parallel_scraping.scrape_uno scheduled__2026-04-26T03:00:00+00:00 [queued]>
[2026-04-27T19:34:35.019+0000] {taskinstance.py:1956} INFO - Dependencies all met for dep_context=requeueable deps ti=<TaskInstance: market_intelligence_platform.parallel_scraping.scrape_uno scheduled__2026-04-26T03:00:00+00:00 [queued]>
[2026-04-27T19:34:35.019+0000] {taskinstance.py:2170} INFO - Starting attempt 1 of 2
[2026-04-27T19:34:35.034+0000] {taskinstance.py:2191} INFO - Executing <Task(BashOperator): parallel_scraping.scrape_uno> on 2026-04-26 03:00:00+00:00
[2026-04-27T19:34:35.039+0000] {standard_task_runner.py:60} INFO - Started process 668 to run task
[2026-04-27T19:34:35.042+0000] {standard_task_runner.py:87} INFO - Running: ['***', 'tasks', 'run', 'market_intelligence_platform', 'parallel_scraping.scrape_uno', 'scheduled__2026-04-26T03:00:00+00:00', '--job-id', '6', '--raw', '--subdir', 'DAGS_FOLDER/jumia_scraper_dag.py', '--cfg-path', '/tmp/tmp2wn89ih1']
[2026-04-27T19:34:35.043+0000] {standard_task_runner.py:88} INFO - Job 6: Subtask parallel_scraping.scrape_uno
[2026-04-27T19:34:35.082+0000] {task_command.py:423} INFO - Running <TaskInstance: market_intelligence_platform.parallel_scraping.scrape_uno scheduled__2026-04-26T03:00:00+00:00 [running]> on host 06d840fa1869
[2026-04-27T19:34:35.146+0000] {taskinstance.py:2480} INFO - Exporting env vars: AIRFLOW_CTX_DAG_OWNER='abdel' AIRFLOW_CTX_DAG_ID='market_intelligence_platform' AIRFLOW_CTX_TASK_ID='parallel_scraping.scrape_uno' AIRFLOW_CTX_EXECUTION_DATE='2026-04-26T03:00:00+00:00' AIRFLOW_CTX_TRY_NUMBER='1' AIRFLOW_CTX_DAG_RUN_ID='scheduled__2026-04-26T03:00:00+00:00'
[2026-04-27T19:34:35.147+0000] {subprocess.py:63} INFO - Tmp dir root location: /tmp
[2026-04-27T19:34:35.147+0000] {subprocess.py:75} INFO - Running command: ['/usr/bin/bash', '-c', 'rm -f /opt/***/scrapers/market_bot/data/uno_2026-04-26.jsonl && cd /opt/***/scrapers/market_bot && scrapy crawl uno -s LOG_LEVEL=INFO -o /opt/***/scrapers/market_bot/data/uno_2026-04-26.jsonl']
[2026-04-27T19:34:35.155+0000] {subprocess.py:86} INFO - Output:
[2026-04-27T19:34:35.604+0000] {subprocess.py:93} INFO - 2026-04-27 19:34:35 [scrapy.utils.log] INFO: Scrapy 2.11.2 started (bot: market_bot)
[2026-04-27T19:34:35.604+0000] {subprocess.py:93} INFO - 2026-04-27 19:34:35 [scrapy.utils.log] INFO: Versions: lxml 5.1.0.0, libxml2 2.12.3, cssselect 1.2.0, parsel 1.9.1, w3lib 2.2.1, Twisted 25.5.0, Python 3.8.18 (default, Feb 13 2024, 11:06:24) - [GCC 12.2.0], pyOpenSSL 23.3.0 (OpenSSL 3.1.4 24 Oct 2023), cryptography 41.0.7, Platform Linux-6.19.11+kali-amd64-x86_64-with-glibc2.34
[2026-04-27T19:34:35.606+0000] {subprocess.py:93} INFO - 2026-04-27 19:34:35 [scrapy.addons] INFO: Enabled addons:
[2026-04-27T19:34:35.606+0000] {subprocess.py:93} INFO - []
[2026-04-27T19:34:35.614+0000] {subprocess.py:93} INFO - 2026-04-27 19:34:35 [scrapy.extensions.telnet] INFO: Telnet Password: 2e46b02114125cc4
[2026-04-27T19:34:35.852+0000] {subprocess.py:93} INFO - 2026-04-27 19:34:35 [scrapy.middleware] INFO: Enabled extensions:
[2026-04-27T19:34:35.852+0000] {subprocess.py:93} INFO - ['scrapy.extensions.corestats.CoreStats',
[2026-04-27T19:34:35.852+0000] {subprocess.py:93} INFO -  'scrapy.extensions.telnet.TelnetConsole',
[2026-04-27T19:34:35.852+0000] {subprocess.py:93} INFO -  'scrapy.extensions.memusage.MemoryUsage',
[2026-04-27T19:34:35.852+0000] {subprocess.py:93} INFO -  'scrapy.extensions.closespider.CloseSpider',
[2026-04-27T19:34:35.853+0000] {subprocess.py:93} INFO -  'scrapy.extensions.feedexport.FeedExporter',
[2026-04-27T19:34:35.853+0000] {subprocess.py:93} INFO -  'scrapy.extensions.logstats.LogStats',
[2026-04-27T19:34:35.853+0000] {subprocess.py:93} INFO -  'scrapy.extensions.throttle.AutoThrottle']
[2026-04-27T19:34:35.853+0000] {subprocess.py:93} INFO - 2026-04-27 19:34:35 [scrapy.crawler] INFO: Overridden settings:
[2026-04-27T19:34:35.853+0000] {subprocess.py:93} INFO - {'ASYNCIO_EVENT_LOOP': 'asyncio.selector_events.BaseSelectorEventLoop',
[2026-04-27T19:34:35.853+0000] {subprocess.py:93} INFO -  'AUTOTHROTTLE_ENABLED': True,
[2026-04-27T19:34:35.853+0000] {subprocess.py:93} INFO -  'AUTOTHROTTLE_START_DELAY': 2.0,
[2026-04-27T19:34:35.853+0000] {subprocess.py:93} INFO -  'AUTOTHROTTLE_TARGET_CONCURRENCY': 2.0,
[2026-04-27T19:34:35.854+0000] {subprocess.py:93} INFO -  'BOT_NAME': 'market_bot',
[2026-04-27T19:34:35.854+0000] {subprocess.py:93} INFO -  'CLOSESPIDER_ITEMCOUNT': 50000,
[2026-04-27T19:34:35.854+0000] {subprocess.py:93} INFO -  'CLOSESPIDER_PAGECOUNT': 5000,
[2026-04-27T19:34:35.854+0000] {subprocess.py:93} INFO -  'CONCURRENT_REQUESTS': 32,
[2026-04-27T19:34:35.854+0000] {subprocess.py:93} INFO -  'CONCURRENT_REQUESTS_PER_DOMAIN': 16,
[2026-04-27T19:34:35.854+0000] {subprocess.py:93} INFO -  'DOWNLOAD_TIMEOUT': 90,
[2026-04-27T19:34:35.854+0000] {subprocess.py:93} INFO -  'FEED_EXPORT_ENCODING': 'utf-8',
[2026-04-27T19:34:35.854+0000] {subprocess.py:93} INFO -  'LOG_LEVEL': 'INFO',
[2026-04-27T19:34:35.855+0000] {subprocess.py:93} INFO -  'NEWSPIDER_MODULE': 'market_bot.spiders',
[2026-04-27T19:34:35.855+0000] {subprocess.py:93} INFO -  'REQUEST_FINGERPRINTER_IMPLEMENTATION': '2.7',
[2026-04-27T19:34:35.855+0000] {subprocess.py:93} INFO -  'RETRY_HTTP_CODES': [500, 502, 503, 504, 408, 429],
[2026-04-27T19:34:35.855+0000] {subprocess.py:93} INFO -  'RETRY_TIMES': 5,
[2026-04-27T19:34:35.855+0000] {subprocess.py:93} INFO -  'SPIDER_MODULES': ['market_bot.spiders'],
[2026-04-27T19:34:35.855+0000] {subprocess.py:93} INFO -  'TWISTED_REACTOR': 'twisted.internet.asyncioreactor.AsyncioSelectorReactor',
[2026-04-27T19:34:35.855+0000] {subprocess.py:93} INFO -  'USER_AGENT': 'Mozilla/5.0 (Windows NT 10.0; Win64; x64) AppleWebKit/537.36 '
[2026-04-27T19:34:35.856+0000] {subprocess.py:93} INFO -                '(KHTML, like Gecko) Chrome/124.0.0.0 Safari/537.36'}
[2026-04-27T19:34:35.927+0000] {subprocess.py:93} INFO - 2026-04-27 19:34:35 [scrapy.middleware] INFO: Enabled downloader middlewares:
[2026-04-27T19:34:35.927+0000] {subprocess.py:93} INFO - ['scrapy.downloadermiddlewares.offsite.OffsiteMiddleware',
[2026-04-27T19:34:35.927+0000] {subprocess.py:93} INFO -  'scrapy.downloadermiddlewares.httpauth.HttpAuthMiddleware',
[2026-04-27T19:34:35.927+0000] {subprocess.py:93} INFO -  'scrapy.downloadermiddlewares.downloadtimeout.DownloadTimeoutMiddleware',
[2026-04-27T19:34:35.927+0000] {subprocess.py:93} INFO -  'scrapy.downloadermiddlewares.defaultheaders.DefaultHeadersMiddleware',
[2026-04-27T19:34:35.927+0000] {subprocess.py:93} INFO -  'scrapy.downloadermiddlewares.useragent.UserAgentMiddleware',
[2026-04-27T19:34:35.927+0000] {subprocess.py:93} INFO -  'scrapy.downloadermiddlewares.retry.RetryMiddleware',
[2026-04-27T19:34:35.928+0000] {subprocess.py:93} INFO -  'scrapy.downloadermiddlewares.redirect.MetaRefreshMiddleware',
[2026-04-27T19:34:35.928+0000] {subprocess.py:93} INFO -  'scrapy.downloadermiddlewares.httpcompression.HttpCompressionMiddleware',
[2026-04-27T19:34:35.928+0000] {subprocess.py:93} INFO -  'scrapy.downloadermiddlewares.redirect.RedirectMiddleware',
[2026-04-27T19:34:35.928+0000] {subprocess.py:93} INFO -  'scrapy.downloadermiddlewares.cookies.CookiesMiddleware',
[2026-04-27T19:34:35.928+0000] {subprocess.py:93} INFO -  'scrapy.downloadermiddlewares.httpproxy.HttpProxyMiddleware',
[2026-04-27T19:34:35.928+0000] {subprocess.py:93} INFO -  'scrapy.downloadermiddlewares.stats.DownloaderStats']
[2026-04-27T19:34:35.929+0000] {subprocess.py:93} INFO - 2026-04-27 19:34:35 [scrapy.middleware] INFO: Enabled spider middlewares:
[2026-04-27T19:34:35.929+0000] {subprocess.py:93} INFO - ['scrapy.spidermiddlewares.httperror.HttpErrorMiddleware',
[2026-04-27T19:34:35.929+0000] {subprocess.py:93} INFO -  'scrapy.spidermiddlewares.referer.RefererMiddleware',
[2026-04-27T19:34:35.929+0000] {subprocess.py:93} INFO -  'scrapy.spidermiddlewares.urllength.UrlLengthMiddleware',
[2026-04-27T19:34:35.929+0000] {subprocess.py:93} INFO -  'scrapy.spidermiddlewares.depth.DepthMiddleware']
[2026-04-27T19:34:35.939+0000] {subprocess.py:93} INFO - %4|1777318475.939|CONFWARN|scrapy-bot#producer-1| [thrd:app]: Configuration property api.version.request is deprecated: **Post-deprecation actions: remove this configuration property, brokers < 0.10.0 won't be supported anymore in librdkafka 3.x.** Request broker's supported API versions to adjust functionality to available protocol features. If set to false, or the ApiVersionRequest fails, the fallback version `broker.version.fallback` will be used. **NOTE**: Depends on broker version >=0.10.0. If the request is not supported by (an older) broker the `broker.version.fallback` fallback is used.
[2026-04-27T19:34:35.943+0000] {subprocess.py:93} INFO - %4|1777318475.939|CONFWARN|scrapy-bot#producer-1| [thrd:app]: Configuration property broker.version.fallback is deprecated: **Post-deprecation actions: remove this configuration property, brokers < 0.10.0 won't be supported anymore in librdkafka 3.x.** Older broker versions (before 0.10.0) provide no way for a client to query for supported protocol features (ApiVersionRequest, see `api.version.request`) making it impossible for the client to know what features it may use. As a workaround a user may set this property to the expected broker version and the client will automatically adjust its feature set accordingly if the ApiVersionRequest fails (or is disabled). The fallback broker version will be used for `api.version.fallback.ms`. Valid values are: 0.9.0, 0.8.2, 0.8.1, 0.8.0. Any other value >= 0.10, such as 0.10.2.1, enables ApiVersionRequests.
[2026-04-27T19:34:35.943+0000] {subprocess.py:93} INFO - 2026-04-27 19:34:35 [scrapy.middleware] INFO: Enabled item pipelines:
[2026-04-27T19:34:35.943+0000] {subprocess.py:93} INFO - ['market_bot.pipelines.KafkaPipeline']
[2026-04-27T19:34:35.943+0000] {subprocess.py:93} INFO - 2026-04-27 19:34:35 [scrapy.core.engine] INFO: Spider opened
[2026-04-27T19:34:35.946+0000] {subprocess.py:93} INFO - 2026-04-27 19:34:35 [scrapy.extensions.logstats] INFO: Crawled 0 pages (at 0 pages/min), scraped 0 items (at 0 items/min)
[2026-04-27T19:34:35.948+0000] {subprocess.py:93} INFO - 2026-04-27 19:34:35 [scrapy.extensions.telnet] INFO: Telnet console listening on 127.0.0.1:6027
[2026-04-27T19:34:35.949+0000] {subprocess.py:93} INFO - 2026-04-27 19:34:35 [scrapy-playwright] INFO: Starting download handler
[2026-04-27T19:34:35.950+0000] {subprocess.py:93} INFO - 2026-04-27 19:34:35 [scrapy-playwright] INFO: Starting download handler
[2026-04-27T19:34:35.951+0000] {subprocess.py:93} INFO - 2026-04-27 19:34:35 [asyncio] ERROR: Task exception was never retrieved
[2026-04-27T19:34:35.952+0000] {subprocess.py:93} INFO - future: <Task finished name='Task-3' coro=<Connection.run() done, defined at /home/***/.local/lib/python3.8/site-packages/playwright/_impl/_connection.py:269> exception=NotImplementedError()>
[2026-04-27T19:34:35.952+0000] {subprocess.py:93} INFO - Traceback (most recent call last):
[2026-04-27T19:34:35.952+0000] {subprocess.py:93} INFO -   File "/home/***/.local/lib/python3.8/site-packages/playwright/_impl/_connection.py", line 276, in run
[2026-04-27T19:34:35.952+0000] {subprocess.py:93} INFO -     await self._transport.connect()
[2026-04-27T19:34:35.952+0000] {subprocess.py:93} INFO -   File "/home/***/.local/lib/python3.8/site-packages/playwright/_impl/_transport.py", line 133, in connect
[2026-04-27T19:34:35.952+0000] {subprocess.py:93} INFO -     raise exc
[2026-04-27T19:34:35.953+0000] {subprocess.py:93} INFO -   File "/home/***/.local/lib/python3.8/site-packages/playwright/_impl/_transport.py", line 120, in connect
[2026-04-27T19:34:35.953+0000] {subprocess.py:93} INFO -     self._proc = await asyncio.create_subprocess_exec(
[2026-04-27T19:34:35.953+0000] {subprocess.py:93} INFO -   File "/usr/local/lib/python3.8/asyncio/subprocess.py", line 236, in create_subprocess_exec
[2026-04-27T19:34:35.953+0000] {subprocess.py:93} INFO -     transport, protocol = await loop.subprocess_exec(
[2026-04-27T19:34:35.953+0000] {subprocess.py:93} INFO -   File "/usr/local/lib/python3.8/asyncio/base_events.py", line 1630, in subprocess_exec
[2026-04-27T19:34:35.953+0000] {subprocess.py:93} INFO -     transport = await self._make_subprocess_transport(
[2026-04-27T19:34:35.953+0000] {subprocess.py:93} INFO -   File "/usr/local/lib/python3.8/asyncio/base_events.py", line 491, in _make_subprocess_transport
[2026-04-27T19:34:35.953+0000] {subprocess.py:93} INFO -     raise NotImplementedError
[2026-04-27T19:34:35.953+0000] {subprocess.py:93} INFO - NotImplementedError
[2026-04-27T19:34:35.955+0000] {subprocess.py:93} INFO - 2026-04-27 19:34:35 [asyncio] ERROR: Task exception was never retrieved
[2026-04-27T19:34:35.955+0000] {subprocess.py:93} INFO - future: <Task finished name='Task-4' coro=<Connection.run() done, defined at /home/***/.local/lib/python3.8/site-packages/playwright/_impl/_connection.py:269> exception=NotImplementedError()>
[2026-04-27T19:34:35.955+0000] {subprocess.py:93} INFO - Traceback (most recent call last):
[2026-04-27T19:34:35.955+0000] {subprocess.py:93} INFO -   File "/home/***/.local/lib/python3.8/site-packages/playwright/_impl/_connection.py", line 276, in run
[2026-04-27T19:34:35.955+0000] {subprocess.py:93} INFO -     await self._transport.connect()
[2026-04-27T19:34:35.955+0000] {subprocess.py:93} INFO -   File "/home/***/.local/lib/python3.8/site-packages/playwright/_impl/_transport.py", line 133, in connect
[2026-04-27T19:34:35.955+0000] {subprocess.py:93} INFO -     raise exc
[2026-04-27T19:34:35.955+0000] {subprocess.py:93} INFO -   File "/home/***/.local/lib/python3.8/site-packages/playwright/_impl/_transport.py", line 120, in connect
[2026-04-27T19:34:35.955+0000] {subprocess.py:93} INFO -     self._proc = await asyncio.create_subprocess_exec(
[2026-04-27T19:34:35.955+0000] {subprocess.py:93} INFO -   File "/usr/local/lib/python3.8/asyncio/subprocess.py", line 236, in create_subprocess_exec
[2026-04-27T19:34:35.956+0000] {subprocess.py:93} INFO -     transport, protocol = await loop.subprocess_exec(
[2026-04-27T19:34:35.956+0000] {subprocess.py:93} INFO -   File "/usr/local/lib/python3.8/asyncio/base_events.py", line 1630, in subprocess_exec
[2026-04-27T19:34:35.956+0000] {subprocess.py:93} INFO -     transport = await self._make_subprocess_transport(
[2026-04-27T19:34:35.956+0000] {subprocess.py:93} INFO -   File "/usr/local/lib/python3.8/asyncio/base_events.py", line 491, in _make_subprocess_transport
[2026-04-27T19:34:35.956+0000] {subprocess.py:93} INFO -     raise NotImplementedError
[2026-04-27T19:34:35.956+0000] {subprocess.py:93} INFO - NotImplementedError
[2026-04-27T19:34:35.956+0000] {subprocess.py:93} INFO - 2026-04-27 19:34:35 [scrapy.utils.signal] ERROR: Error caught on signal handler: <bound method ScrapyPlaywrightDownloadHandler._engine_started of <scrapy_playwright.handler.ScrapyPlaywrightDownloadHandler object at 0x7feea810fd60>>
[2026-04-27T19:34:35.956+0000] {subprocess.py:93} INFO - Traceback (most recent call last):
[2026-04-27T19:34:35.956+0000] {subprocess.py:93} INFO -   File "/home/***/.local/lib/python3.8/site-packages/twisted/internet/defer.py", line 1257, in adapt
[2026-04-27T19:34:35.956+0000] {subprocess.py:93} INFO -     extracted: _SelfResultT | Failure = result.result()
[2026-04-27T19:34:35.956+0000] {subprocess.py:93} INFO -   File "/home/***/.local/lib/python3.8/site-packages/scrapy_playwright/handler.py", line 188, in _launch
[2026-04-27T19:34:35.956+0000] {subprocess.py:93} INFO -     self.playwright = await self.playwright_context_manager.start()
[2026-04-27T19:34:35.956+0000] {subprocess.py:93} INFO -   File "/home/***/.local/lib/python3.8/site-packages/playwright/async_api/_context_manager.py", line 51, in start
[2026-04-27T19:34:35.957+0000] {subprocess.py:93} INFO -     return await self.__aenter__()
[2026-04-27T19:34:35.957+0000] {subprocess.py:93} INFO -   File "/home/***/.local/lib/python3.8/site-packages/playwright/async_api/_context_manager.py", line 46, in __aenter__
[2026-04-27T19:34:35.957+0000] {subprocess.py:93} INFO -     playwright = AsyncPlaywright(next(iter(done)).result())
[2026-04-27T19:34:35.957+0000] {subprocess.py:93} INFO -   File "/home/***/.local/lib/python3.8/site-packages/playwright/_impl/_connection.py", line 276, in run
[2026-04-27T19:34:35.957+0000] {subprocess.py:93} INFO -     await self._transport.connect()
[2026-04-27T19:34:35.957+0000] {subprocess.py:93} INFO -   File "/home/***/.local/lib/python3.8/site-packages/playwright/_impl/_transport.py", line 133, in connect
[2026-04-27T19:34:35.957+0000] {subprocess.py:93} INFO -     raise exc
[2026-04-27T19:34:35.957+0000] {subprocess.py:93} INFO -   File "/home/***/.local/lib/python3.8/site-packages/playwright/_impl/_transport.py", line 120, in connect
[2026-04-27T19:34:35.957+0000] {subprocess.py:93} INFO -     self._proc = await asyncio.create_subprocess_exec(
[2026-04-27T19:34:35.957+0000] {subprocess.py:93} INFO -   File "/usr/local/lib/python3.8/asyncio/subprocess.py", line 236, in create_subprocess_exec
[2026-04-27T19:34:35.957+0000] {subprocess.py:93} INFO -     transport, protocol = await loop.subprocess_exec(
[2026-04-27T19:34:35.957+0000] {subprocess.py:93} INFO -   File "/usr/local/lib/python3.8/asyncio/base_events.py", line 1630, in subprocess_exec
[2026-04-27T19:34:35.957+0000] {subprocess.py:93} INFO -     transport = await self._make_subprocess_transport(
[2026-04-27T19:34:35.958+0000] {subprocess.py:93} INFO -   File "/usr/local/lib/python3.8/asyncio/base_events.py", line 491, in _make_subprocess_transport
[2026-04-27T19:34:35.958+0000] {subprocess.py:93} INFO -     raise NotImplementedError
[2026-04-27T19:34:35.958+0000] {subprocess.py:93} INFO - NotImplementedError
[2026-04-27T19:34:35.958+0000] {subprocess.py:93} INFO - 2026-04-27 19:34:35 [scrapy.utils.signal] ERROR: Error caught on signal handler: <bound method ScrapyPlaywrightDownloadHandler._engine_started of <scrapy_playwright.handler.ScrapyPlaywrightDownloadHandler object at 0x7feea7772b50>>
[2026-04-27T19:34:35.958+0000] {subprocess.py:93} INFO - Traceback (most recent call last):
[2026-04-27T19:34:35.958+0000] {subprocess.py:93} INFO -   File "/home/***/.local/lib/python3.8/site-packages/twisted/internet/defer.py", line 1257, in adapt
[2026-04-27T19:34:35.958+0000] {subprocess.py:93} INFO -     extracted: _SelfResultT | Failure = result.result()
[2026-04-27T19:34:35.958+0000] {subprocess.py:93} INFO -   File "/home/***/.local/lib/python3.8/site-packages/scrapy_playwright/handler.py", line 188, in _launch
[2026-04-27T19:34:35.958+0000] {subprocess.py:93} INFO -     self.playwright = await self.playwright_context_manager.start()
[2026-04-27T19:34:35.958+0000] {subprocess.py:93} INFO -   File "/home/***/.local/lib/python3.8/site-packages/playwright/async_api/_context_manager.py", line 51, in start
[2026-04-27T19:34:35.958+0000] {subprocess.py:93} INFO -     return await self.__aenter__()
[2026-04-27T19:34:35.958+0000] {subprocess.py:93} INFO -   File "/home/***/.local/lib/python3.8/site-packages/playwright/async_api/_context_manager.py", line 46, in __aenter__
[2026-04-27T19:34:35.958+0000] {subprocess.py:93} INFO -     playwright = AsyncPlaywright(next(iter(done)).result())
[2026-04-27T19:34:35.959+0000] {subprocess.py:93} INFO -   File "/home/***/.local/lib/python3.8/site-packages/playwright/_impl/_connection.py", line 276, in run
[2026-04-27T19:34:35.959+0000] {subprocess.py:93} INFO -     await self._transport.connect()
[2026-04-27T19:34:35.959+0000] {subprocess.py:93} INFO -   File "/home/***/.local/lib/python3.8/site-packages/playwright/_impl/_transport.py", line 133, in connect
[2026-04-27T19:34:35.959+0000] {subprocess.py:93} INFO -     raise exc
[2026-04-27T19:34:35.959+0000] {subprocess.py:93} INFO -   File "/home/***/.local/lib/python3.8/site-packages/playwright/_impl/_transport.py", line 120, in connect
[2026-04-27T19:34:35.959+0000] {subprocess.py:93} INFO -     self._proc = await asyncio.create_subprocess_exec(
[2026-04-27T19:34:35.959+0000] {subprocess.py:93} INFO -   File "/usr/local/lib/python3.8/asyncio/subprocess.py", line 236, in create_subprocess_exec
[2026-04-27T19:34:35.960+0000] {subprocess.py:93} INFO -     transport, protocol = await loop.subprocess_exec(
[2026-04-27T19:34:35.960+0000] {subprocess.py:93} INFO -   File "/usr/local/lib/python3.8/asyncio/base_events.py", line 1630, in subprocess_exec
[2026-04-27T19:34:35.960+0000] {subprocess.py:93} INFO -     transport = await self._make_subprocess_transport(
[2026-04-27T19:34:35.960+0000] {subprocess.py:93} INFO -   File "/usr/local/lib/python3.8/asyncio/base_events.py", line 491, in _make_subprocess_transport
[2026-04-27T19:34:35.960+0000] {subprocess.py:93} INFO -     raise NotImplementedError
[2026-04-27T19:34:35.960+0000] {subprocess.py:93} INFO - NotImplementedError
[2026-04-27T19:34:36.454+0000] {subprocess.py:93} INFO - %3|1777318476.454|FAIL|scrapy-bot#producer-1| [thrd:localhost:9092/1]: localhost:9092/1: Connect to ipv4#127.0.0.1:9092 failed: Connection refused (after 0ms in state CONNECT)
[2026-04-27T19:34:37.441+0000] {subprocess.py:93} INFO - %3|1777318477.441|FAIL|scrapy-bot#producer-1| [thrd:localhost:9092/1]: localhost:9092/1: Connect to ipv4#127.0.0.1:9092 failed: Connection refused (after 0ms in state CONNECT, 1 identical error(s) suppressed)
[2026-04-27T19:34:41.053+0000] {subprocess.py:93} INFO - 2026-04-27 19:34:41 [scrapy.core.scraper] ERROR: Error downloading <GET https://uno.ma/mac-maroc>
[2026-04-27T19:34:41.053+0000] {subprocess.py:93} INFO - Traceback (most recent call last):
[2026-04-27T19:34:41.053+0000] {subprocess.py:93} INFO -   File "/home/***/.local/lib/python3.8/site-packages/twisted/internet/defer.py", line 1853, in _inlineCallbacks
[2026-04-27T19:34:41.054+0000] {subprocess.py:93} INFO -     result = context.run(
[2026-04-27T19:34:41.054+0000] {subprocess.py:93} INFO -   File "/home/***/.local/lib/python3.8/site-packages/twisted/python/failure.py", line 467, in throwExceptionIntoGenerator
[2026-04-27T19:34:41.054+0000] {subprocess.py:93} INFO -     return g.throw(self.value.with_traceback(self.tb))
[2026-04-27T19:34:41.054+0000] {subprocess.py:93} INFO -   File "/home/***/.local/lib/python3.8/site-packages/scrapy/core/downloader/middleware.py", line 54, in process_request
[2026-04-27T19:34:41.054+0000] {subprocess.py:93} INFO -     return (yield download_func(request=request, spider=spider))
[2026-04-27T19:34:41.054+0000] {subprocess.py:93} INFO -   File "/home/***/.local/lib/python3.8/site-packages/twisted/internet/defer.py", line 1257, in adapt
[2026-04-27T19:34:41.054+0000] {subprocess.py:93} INFO -     extracted: _SelfResultT | Failure = result.result()
[2026-04-27T19:34:41.054+0000] {subprocess.py:93} INFO -   File "/home/***/.local/lib/python3.8/site-packages/scrapy_playwright/handler.py", line 380, in _download_request
[2026-04-27T19:34:41.054+0000] {subprocess.py:93} INFO -     return await self._download_request_with_retry(request=request, spider=spider)
[2026-04-27T19:34:41.054+0000] {subprocess.py:93} INFO -   File "/home/***/.local/lib/python3.8/site-packages/scrapy_playwright/handler.py", line 399, in _download_request_with_retry
[2026-04-27T19:34:41.054+0000] {subprocess.py:93} INFO -     page = await self._create_page(request=request, spider=spider)
[2026-04-27T19:34:41.054+0000] {subprocess.py:93} INFO -   File "/home/***/.local/lib/python3.8/site-packages/scrapy_playwright/handler.py", line 297, in _create_page
[2026-04-27T19:34:41.054+0000] {subprocess.py:93} INFO -     ctx_wrapper = await self._create_browser_context(
[2026-04-27T19:34:41.055+0000] {subprocess.py:93} INFO -   File "/home/***/.local/lib/python3.8/site-packages/scrapy_playwright/handler.py", line 258, in _create_browser_context
[2026-04-27T19:34:41.055+0000] {subprocess.py:93} INFO -     await self._maybe_launch_browser()
[2026-04-27T19:34:41.055+0000] {subprocess.py:93} INFO -   File "/home/***/.local/lib/python3.8/site-packages/scrapy_playwright/handler.py", line 205, in _maybe_launch_browser
[2026-04-27T19:34:41.055+0000] {subprocess.py:93} INFO -     logger.info("Launching browser %s", self.browser_type.name)
[2026-04-27T19:34:41.055+0000] {subprocess.py:93} INFO - AttributeError: 'ScrapyPlaywrightDownloadHandler' object has no attribute 'browser_type'
[2026-04-27T19:34:42.916+0000] {subprocess.py:93} INFO - 2026-04-27 19:34:42 [scrapy.core.scraper] ERROR: Error downloading <GET https://uno.ma/iphone-maroc>
[2026-04-27T19:34:42.917+0000] {subprocess.py:93} INFO - Traceback (most recent call last):
[2026-04-27T19:34:42.917+0000] {subprocess.py:93} INFO -   File "/home/***/.local/lib/python3.8/site-packages/twisted/internet/defer.py", line 1853, in _inlineCallbacks
[2026-04-27T19:34:42.918+0000] {subprocess.py:93} INFO -     result = context.run(
[2026-04-27T19:34:42.918+0000] {subprocess.py:93} INFO -   File "/home/***/.local/lib/python3.8/site-packages/twisted/python/failure.py", line 467, in throwExceptionIntoGenerator
[2026-04-27T19:34:42.918+0000] {subprocess.py:93} INFO -     return g.throw(self.value.with_traceback(self.tb))
[2026-04-27T19:34:42.919+0000] {subprocess.py:93} INFO -   File "/home/***/.local/lib/python3.8/site-packages/scrapy/core/downloader/middleware.py", line 54, in process_request
[2026-04-27T19:34:42.919+0000] {subprocess.py:93} INFO -     return (yield download_func(request=request, spider=spider))
[2026-04-27T19:34:42.919+0000] {subprocess.py:93} INFO -   File "/home/***/.local/lib/python3.8/site-packages/twisted/internet/defer.py", line 1257, in adapt
[2026-04-27T19:34:42.919+0000] {subprocess.py:93} INFO -     extracted: _SelfResultT | Failure = result.result()
[2026-04-27T19:34:42.920+0000] {subprocess.py:93} INFO -   File "/home/***/.local/lib/python3.8/site-packages/scrapy_playwright/handler.py", line 380, in _download_request
[2026-04-27T19:34:42.920+0000] {subprocess.py:93} INFO -     return await self._download_request_with_retry(request=request, spider=spider)
[2026-04-27T19:34:42.920+0000] {subprocess.py:93} INFO -   File "/home/***/.local/lib/python3.8/site-packages/scrapy_playwright/handler.py", line 399, in _download_request_with_retry
[2026-04-27T19:34:42.921+0000] {subprocess.py:93} INFO -     page = await self._create_page(request=request, spider=spider)
[2026-04-27T19:34:42.921+0000] {subprocess.py:93} INFO -   File "/home/***/.local/lib/python3.8/site-packages/scrapy_playwright/handler.py", line 297, in _create_page
[2026-04-27T19:34:42.921+0000] {subprocess.py:93} INFO -     ctx_wrapper = await self._create_browser_context(
[2026-04-27T19:34:42.921+0000] {subprocess.py:93} INFO -   File "/home/***/.local/lib/python3.8/site-packages/scrapy_playwright/handler.py", line 258, in _create_browser_context
[2026-04-27T19:34:42.921+0000] {subprocess.py:93} INFO -     await self._maybe_launch_browser()
[2026-04-27T19:34:42.921+0000] {subprocess.py:93} INFO -   File "/home/***/.local/lib/python3.8/site-packages/scrapy_playwright/handler.py", line 205, in _maybe_launch_browser
[2026-04-27T19:34:42.921+0000] {subprocess.py:93} INFO -     logger.info("Launching browser %s", self.browser_type.name)
[2026-04-27T19:34:42.921+0000] {subprocess.py:93} INFO - AttributeError: 'ScrapyPlaywrightDownloadHandler' object has no attribute 'browser_type'
[2026-04-27T19:34:45.609+0000] {subprocess.py:93} INFO - 2026-04-27 19:34:45 [scrapy.core.scraper] ERROR: Error downloading <GET https://uno.ma/ipad-maroc>
[2026-04-27T19:34:45.609+0000] {subprocess.py:93} INFO - Traceback (most recent call last):
[2026-04-27T19:34:45.609+0000] {subprocess.py:93} INFO -   File "/home/***/.local/lib/python3.8/site-packages/twisted/internet/defer.py", line 1853, in _inlineCallbacks
[2026-04-27T19:34:45.609+0000] {subprocess.py:93} INFO -     result = context.run(
[2026-04-27T19:34:45.609+0000] {subprocess.py:93} INFO -   File "/home/***/.local/lib/python3.8/site-packages/twisted/python/failure.py", line 467, in throwExceptionIntoGenerator
[2026-04-27T19:34:45.609+0000] {subprocess.py:93} INFO -     return g.throw(self.value.with_traceback(self.tb))
[2026-04-27T19:34:45.609+0000] {subprocess.py:93} INFO -   File "/home/***/.local/lib/python3.8/site-packages/scrapy/core/downloader/middleware.py", line 54, in process_request
[2026-04-27T19:34:45.609+0000] {subprocess.py:93} INFO -     return (yield download_func(request=request, spider=spider))
[2026-04-27T19:34:45.609+0000] {subprocess.py:93} INFO -   File "/home/***/.local/lib/python3.8/site-packages/twisted/internet/defer.py", line 1257, in adapt
[2026-04-27T19:34:45.610+0000] {subprocess.py:93} INFO -     extracted: _SelfResultT | Failure = result.result()
[2026-04-27T19:34:45.610+0000] {subprocess.py:93} INFO -   File "/home/***/.local/lib/python3.8/site-packages/scrapy_playwright/handler.py", line 380, in _download_request
[2026-04-27T19:34:45.610+0000] {subprocess.py:93} INFO -     return await self._download_request_with_retry(request=request, spider=spider)
[2026-04-27T19:34:45.610+0000] {subprocess.py:93} INFO -   File "/home/***/.local/lib/python3.8/site-packages/scrapy_playwright/handler.py", line 399, in _download_request_with_retry
[2026-04-27T19:34:45.610+0000] {subprocess.py:93} INFO -     page = await self._create_page(request=request, spider=spider)
[2026-04-27T19:34:45.610+0000] {subprocess.py:93} INFO -   File "/home/***/.local/lib/python3.8/site-packages/scrapy_playwright/handler.py", line 297, in _create_page
[2026-04-27T19:34:45.610+0000] {subprocess.py:93} INFO -     ctx_wrapper = await self._create_browser_context(
[2026-04-27T19:34:45.610+0000] {subprocess.py:93} INFO -   File "/home/***/.local/lib/python3.8/site-packages/scrapy_playwright/handler.py", line 258, in _create_browser_context
[2026-04-27T19:34:45.610+0000] {subprocess.py:93} INFO -     await self._maybe_launch_browser()
[2026-04-27T19:34:45.610+0000] {subprocess.py:93} INFO -   File "/home/***/.local/lib/python3.8/site-packages/scrapy_playwright/handler.py", line 205, in _maybe_launch_browser
[2026-04-27T19:34:45.610+0000] {subprocess.py:93} INFO -     logger.info("Launching browser %s", self.browser_type.name)
[2026-04-27T19:34:45.611+0000] {subprocess.py:93} INFO - AttributeError: 'ScrapyPlaywrightDownloadHandler' object has no attribute 'browser_type'
[2026-04-27T19:34:45.710+0000] {subprocess.py:93} INFO - 2026-04-27 19:34:45 [scrapy.core.engine] INFO: Closing spider (finished)
[2026-04-27T19:34:45.710+0000] {subprocess.py:93} INFO - 2026-04-27 19:34:45 [uno] INFO: Finalizing Kafka: 0 items produced. Flushing...
[2026-04-27T19:34:45.711+0000] {subprocess.py:93} INFO - 2026-04-27 19:34:45 [uno] INFO: 🚀 Tous les messages ont été envoyés avec succès.
[2026-04-27T19:34:45.712+0000] {subprocess.py:93} INFO - 2026-04-27 19:34:45 [scrapy.extensions.feedexport] INFO: Stored jsonl feed (0 items) in: /opt/***/scrapers/market_bot/data/uno_2026-04-26.jsonl
[2026-04-27T19:34:45.713+0000] {subprocess.py:93} INFO - 2026-04-27 19:34:45 [scrapy.statscollectors] INFO: Dumping Scrapy stats:
[2026-04-27T19:34:45.713+0000] {subprocess.py:93} INFO - {'downloader/exception_count': 3,
[2026-04-27T19:34:45.713+0000] {subprocess.py:93} INFO -  'downloader/exception_type_count/builtins.AttributeError': 3,
[2026-04-27T19:34:45.714+0000] {subprocess.py:93} INFO -  'downloader/request_bytes': 979,
[2026-04-27T19:34:45.714+0000] {subprocess.py:93} INFO -  'downloader/request_count': 3,
[2026-04-27T19:34:45.714+0000] {subprocess.py:93} INFO -  'downloader/request_method_count/GET': 3,
[2026-04-27T19:34:45.715+0000] {subprocess.py:93} INFO -  'elapsed_time_seconds': 9.764578,
[2026-04-27T19:34:45.715+0000] {subprocess.py:93} INFO -  'feedexport/success_count/FileFeedStorage': 1,
[2026-04-27T19:34:45.715+0000] {subprocess.py:93} INFO -  'finish_reason': 'finished',
[2026-04-27T19:34:45.715+0000] {subprocess.py:93} INFO -  'finish_time': datetime.datetime(2026, 4, 27, 19, 34, 45, 710838, tzinfo=datetime.timezone.utc),
[2026-04-27T19:34:45.716+0000] {subprocess.py:93} INFO -  'log_count/ERROR': 7,
[2026-04-27T19:34:45.716+0000] {subprocess.py:93} INFO -  'log_count/INFO': 15,
[2026-04-27T19:34:45.716+0000] {subprocess.py:93} INFO -  'memusage/max': 155336704,
[2026-04-27T19:34:45.716+0000] {subprocess.py:93} INFO -  'memusage/startup': 155336704,
[2026-04-27T19:34:45.717+0000] {subprocess.py:93} INFO -  'scheduler/dequeued': 3,
[2026-04-27T19:34:45.717+0000] {subprocess.py:93} INFO -  'scheduler/dequeued/memory': 3,
[2026-04-27T19:34:45.717+0000] {subprocess.py:93} INFO -  'scheduler/enqueued': 3,
[2026-04-27T19:34:45.717+0000] {subprocess.py:93} INFO -  'scheduler/enqueued/memory': 3,
[2026-04-27T19:34:45.717+0000] {subprocess.py:93} INFO -  'start_time': datetime.datetime(2026, 4, 27, 19, 34, 35, 946260, tzinfo=datetime.timezone.utc)}
[2026-04-27T19:34:45.718+0000] {subprocess.py:93} INFO - 2026-04-27 19:34:45 [scrapy.core.engine] INFO: Spider closed (finished)
[2026-04-27T19:34:45.718+0000] {subprocess.py:93} INFO - 2026-04-27 19:34:45 [scrapy-playwright] INFO: Closing download handler
[2026-04-27T19:34:45.718+0000] {subprocess.py:93} INFO - 2026-04-27 19:34:45 [scrapy.utils.signal] ERROR: Error caught on signal handler: <bound method DownloadHandlers._close of <scrapy.core.downloader.handlers.DownloadHandlers object at 0x7feea8d5aa60>>
[2026-04-27T19:34:45.718+0000] {subprocess.py:93} INFO - Traceback (most recent call last):
[2026-04-27T19:34:45.719+0000] {subprocess.py:93} INFO -   File "/home/***/.local/lib/python3.8/site-packages/twisted/internet/defer.py", line 1853, in _inlineCallbacks
[2026-04-27T19:34:45.719+0000] {subprocess.py:93} INFO -     result = context.run(
[2026-04-27T19:34:45.720+0000] {subprocess.py:93} INFO -   File "/home/***/.local/lib/python3.8/site-packages/twisted/python/failure.py", line 467, in throwExceptionIntoGenerator
[2026-04-27T19:34:45.720+0000] {subprocess.py:93} INFO -     return g.throw(self.value.with_traceback(self.tb))
[2026-04-27T19:34:45.720+0000] {subprocess.py:93} INFO -   File "/home/***/.local/lib/python3.8/site-packages/scrapy/core/downloader/handlers/__init__.py", line 92, in _close
[2026-04-27T19:34:45.720+0000] {subprocess.py:93} INFO -     yield dh.close()
[2026-04-27T19:34:45.721+0000] {subprocess.py:93} INFO -   File "/home/***/.local/lib/python3.8/site-packages/twisted/internet/defer.py", line 1853, in _inlineCallbacks
[2026-04-27T19:34:45.721+0000] {subprocess.py:93} INFO -     result = context.run(
[2026-04-27T19:34:45.721+0000] {subprocess.py:93} INFO -   File "/home/***/.local/lib/python3.8/site-packages/twisted/python/failure.py", line 467, in throwExceptionIntoGenerator
[2026-04-27T19:34:45.721+0000] {subprocess.py:93} INFO -     return g.throw(self.value.with_traceback(self.tb))
[2026-04-27T19:34:45.722+0000] {subprocess.py:93} INFO -   File "/home/***/.local/lib/python3.8/site-packages/scrapy_playwright/handler.py", line 355, in close
[2026-04-27T19:34:45.722+0000] {subprocess.py:93} INFO -     yield self._deferred_from_coro(self._close())
[2026-04-27T19:34:45.722+0000] {subprocess.py:93} INFO -   File "/home/***/.local/lib/python3.8/site-packages/twisted/internet/defer.py", line 1257, in adapt
[2026-04-27T19:34:45.722+0000] {subprocess.py:93} INFO -     extracted: _SelfResultT | Failure = result.result()
[2026-04-27T19:34:45.723+0000] {subprocess.py:93} INFO -   File "/home/***/.local/lib/python3.8/site-packages/scrapy_playwright/handler.py", line 367, in _close
[2026-04-27T19:34:45.723+0000] {subprocess.py:93} INFO -     await self.playwright_context_manager.__aexit__()
[2026-04-27T19:34:45.723+0000] {subprocess.py:93} INFO -   File "/home/***/.local/lib/python3.8/site-packages/playwright/async_api/_context_manager.py", line 57, in __aexit__
[2026-04-27T19:34:45.723+0000] {subprocess.py:93} INFO -     await self._connection.stop_async()
[2026-04-27T19:34:45.724+0000] {subprocess.py:93} INFO -   File "/home/***/.local/lib/python3.8/site-packages/playwright/_impl/_connection.py", line 287, in stop_async
[2026-04-27T19:34:45.724+0000] {subprocess.py:93} INFO -     self._transport.request_stop()
[2026-04-27T19:34:45.724+0000] {subprocess.py:93} INFO -   File "/home/***/.local/lib/python3.8/site-packages/playwright/_impl/_transport.py", line 97, in request_stop
[2026-04-27T19:34:45.724+0000] {subprocess.py:93} INFO -     assert self._output
[2026-04-27T19:34:45.724+0000] {subprocess.py:93} INFO - AttributeError: 'PipeTransport' object has no attribute '_output'
[2026-04-27T19:34:45.778+0000] {subprocess.py:97} INFO - Command exited with return code 0
[2026-04-27T19:34:45.797+0000] {taskinstance.py:1138} INFO - Marking task as SUCCESS. dag_id=market_intelligence_platform, task_id=parallel_scraping.scrape_uno, execution_date=20260426T030000, start_date=20260427T193435, end_date=20260427T193445
[2026-04-27T19:34:45.835+0000] {local_task_job_runner.py:234} INFO - Task exited with return code 0
[2026-04-27T19:34:45.864+0000] {taskinstance.py:3280} INFO - 0 downstream tasks scheduled from follow-on schedule check
[2026-04-27T20:38:24.899+0000] {taskinstance.py:1956} INFO - Dependencies all met for dep_context=non-requeueable deps ti=<TaskInstance: market_intelligence_platform.parallel_scraping.scrape_uno scheduled__2026-04-26T03:00:00+00:00 [queued]>
[2026-04-27T20:38:24.905+0000] {taskinstance.py:1956} INFO - Dependencies all met for dep_context=requeueable deps ti=<TaskInstance: market_intelligence_platform.parallel_scraping.scrape_uno scheduled__2026-04-26T03:00:00+00:00 [queued]>
[2026-04-27T20:38:24.905+0000] {taskinstance.py:2170} INFO - Starting attempt 1 of 2
[2026-04-27T20:38:24.921+0000] {taskinstance.py:2191} INFO - Executing <Task(BashOperator): parallel_scraping.scrape_uno> on 2026-04-26 03:00:00+00:00
[2026-04-27T20:38:24.926+0000] {standard_task_runner.py:60} INFO - Started process 222 to run task
[2026-04-27T20:38:24.929+0000] {standard_task_runner.py:87} INFO - Running: ['***', 'tasks', 'run', 'market_intelligence_platform', 'parallel_scraping.scrape_uno', 'scheduled__2026-04-26T03:00:00+00:00', '--job-id', '4', '--raw', '--subdir', 'DAGS_FOLDER/jumia_scraper_dag.py', '--cfg-path', '/tmp/tmpcf40mqgy']
[2026-04-27T20:38:24.931+0000] {standard_task_runner.py:88} INFO - Job 4: Subtask parallel_scraping.scrape_uno
[2026-04-27T20:38:24.979+0000] {task_command.py:423} INFO - Running <TaskInstance: market_intelligence_platform.parallel_scraping.scrape_uno scheduled__2026-04-26T03:00:00+00:00 [running]> on host 843c5187474d
[2026-04-27T20:38:25.050+0000] {taskinstance.py:2480} INFO - Exporting env vars: AIRFLOW_CTX_DAG_OWNER='abdel' AIRFLOW_CTX_DAG_ID='market_intelligence_platform' AIRFLOW_CTX_TASK_ID='parallel_scraping.scrape_uno' AIRFLOW_CTX_EXECUTION_DATE='2026-04-26T03:00:00+00:00' AIRFLOW_CTX_TRY_NUMBER='1' AIRFLOW_CTX_DAG_RUN_ID='scheduled__2026-04-26T03:00:00+00:00'
[2026-04-27T20:38:25.051+0000] {subprocess.py:63} INFO - Tmp dir root location: /tmp
[2026-04-27T20:38:25.052+0000] {subprocess.py:75} INFO - Running command: ['/usr/bin/bash', '-c', 'mkdir -p /opt/***/scrapers/market_bot/data && rm -f /opt/***/scrapers/market_bot/data/uno_2026-04-26.jsonl && cd /opt/***/scrapers/market_bot && scrapy crawl uno -s LOG_LEVEL=INFO -o /opt/***/scrapers/market_bot/data/uno_2026-04-26.jsonl']
[2026-04-27T20:38:25.063+0000] {subprocess.py:86} INFO - Output:
[2026-04-27T20:38:25.491+0000] {subprocess.py:93} INFO - Traceback (most recent call last):
[2026-04-27T20:38:25.491+0000] {subprocess.py:93} INFO -   File "/home/***/.local/bin/scrapy", line 8, in <module>
[2026-04-27T20:38:25.492+0000] {subprocess.py:93} INFO -     sys.exit(execute())
[2026-04-27T20:38:25.492+0000] {subprocess.py:93} INFO -   File "/home/***/.local/lib/python3.8/site-packages/scrapy/cmdline.py", line 128, in execute
[2026-04-27T20:38:25.492+0000] {subprocess.py:93} INFO -     settings = get_project_settings()
[2026-04-27T20:38:25.492+0000] {subprocess.py:93} INFO -   File "/home/***/.local/lib/python3.8/site-packages/scrapy/utils/project.py", line 71, in get_project_settings
[2026-04-27T20:38:25.492+0000] {subprocess.py:93} INFO -     settings.setmodule(settings_module_path, priority="project")
[2026-04-27T20:38:25.493+0000] {subprocess.py:93} INFO -   File "/home/***/.local/lib/python3.8/site-packages/scrapy/settings/__init__.py", line 385, in setmodule
[2026-04-27T20:38:25.493+0000] {subprocess.py:93} INFO -     module = import_module(module)
[2026-04-27T20:38:25.493+0000] {subprocess.py:93} INFO -   File "/usr/local/lib/python3.8/importlib/__init__.py", line 127, in import_module
[2026-04-27T20:38:25.493+0000] {subprocess.py:93} INFO -     return _bootstrap._gcd_import(name[level:], package, level)
[2026-04-27T20:38:25.493+0000] {subprocess.py:93} INFO -   File "<frozen importlib._bootstrap>", line 1014, in _gcd_import
[2026-04-27T20:38:25.493+0000] {subprocess.py:93} INFO -   File "<frozen importlib._bootstrap>", line 991, in _find_and_load
[2026-04-27T20:38:25.493+0000] {subprocess.py:93} INFO -   File "<frozen importlib._bootstrap>", line 961, in _find_and_load_unlocked
[2026-04-27T20:38:25.494+0000] {subprocess.py:93} INFO -   File "<frozen importlib._bootstrap>", line 219, in _call_with_frames_removed
[2026-04-27T20:38:25.494+0000] {subprocess.py:93} INFO -   File "<frozen importlib._bootstrap>", line 1014, in _gcd_import
[2026-04-27T20:38:25.494+0000] {subprocess.py:93} INFO -   File "<frozen importlib._bootstrap>", line 991, in _find_and_load
[2026-04-27T20:38:25.494+0000] {subprocess.py:93} INFO -   File "<frozen importlib._bootstrap>", line 973, in _find_and_load_unlocked
[2026-04-27T20:38:25.494+0000] {subprocess.py:93} INFO - ModuleNotFoundError: No module named 'market_bot'
[2026-04-27T20:38:25.569+0000] {subprocess.py:97} INFO - Command exited with return code 1
[2026-04-27T20:38:25.579+0000] {taskinstance.py:2698} ERROR - Task failed with exception
Traceback (most recent call last):
  File "/home/airflow/.local/lib/python3.8/site-packages/airflow/models/taskinstance.py", line 428, in _execute_task
    result = execute_callable(context=context, **execute_callable_kwargs)
  File "/home/airflow/.local/lib/python3.8/site-packages/airflow/operators/bash.py", line 212, in execute
    raise AirflowException(
airflow.exceptions.AirflowException: Bash command failed. The command returned a non-zero exit code 1.
[2026-04-27T20:38:25.582+0000] {taskinstance.py:1138} INFO - Marking task as UP_FOR_RETRY. dag_id=market_intelligence_platform, task_id=parallel_scraping.scrape_uno, execution_date=20260426T030000, start_date=20260427T203824, end_date=20260427T203825
[2026-04-27T20:38:25.593+0000] {standard_task_runner.py:107} ERROR - Failed to execute job 4 for task parallel_scraping.scrape_uno (Bash command failed. The command returned a non-zero exit code 1.; 222)
[2026-04-27T20:38:25.622+0000] {local_task_job_runner.py:234} INFO - Task exited with return code 1
[2026-04-27T20:38:25.637+0000] {taskinstance.py:3280} INFO - 0 downstream tasks scheduled from follow-on schedule check
