[2026-04-27T15:16:18.849+0000] {taskinstance.py:1956} INFO - Dependencies all met for dep_context=non-requeueable deps ti=<TaskInstance: market_intelligence_platform.parallel_scraping.scrape_jumia manual__2026-04-27T15:16:17.853722+00:00 [queued]>
[2026-04-27T15:16:18.855+0000] {taskinstance.py:1956} INFO - Dependencies all met for dep_context=requeueable deps ti=<TaskInstance: market_intelligence_platform.parallel_scraping.scrape_jumia manual__2026-04-27T15:16:17.853722+00:00 [queued]>
[2026-04-27T15:16:18.855+0000] {taskinstance.py:2170} INFO - Starting attempt 1 of 2
[2026-04-27T15:16:18.863+0000] {taskinstance.py:2191} INFO - Executing <Task(BashOperator): parallel_scraping.scrape_jumia> on 2026-04-27 15:16:17.853722+00:00
[2026-04-27T15:16:18.867+0000] {standard_task_runner.py:60} INFO - Started process 1504 to run task
[2026-04-27T15:16:18.869+0000] {standard_task_runner.py:87} INFO - Running: ['***', 'tasks', 'run', 'market_intelligence_platform', 'parallel_scraping.scrape_jumia', 'manual__2026-04-27T15:16:17.853722+00:00', '--job-id', '35', '--raw', '--subdir', 'DAGS_FOLDER/jumia_scraper_dag.py', '--cfg-path', '/tmp/tmpdua9unqw']
[2026-04-27T15:16:18.870+0000] {standard_task_runner.py:88} INFO - Job 35: Subtask parallel_scraping.scrape_jumia
[2026-04-27T15:16:18.900+0000] {task_command.py:423} INFO - Running <TaskInstance: market_intelligence_platform.parallel_scraping.scrape_jumia manual__2026-04-27T15:16:17.853722+00:00 [running]> on host 1f11c0d8bf92
[2026-04-27T15:16:18.953+0000] {taskinstance.py:2480} INFO - Exporting env vars: AIRFLOW_CTX_DAG_OWNER='abdel' AIRFLOW_CTX_DAG_ID='market_intelligence_platform' AIRFLOW_CTX_TASK_ID='parallel_scraping.scrape_jumia' AIRFLOW_CTX_EXECUTION_DATE='2026-04-27T15:16:17.853722+00:00' AIRFLOW_CTX_TRY_NUMBER='1' AIRFLOW_CTX_DAG_RUN_ID='manual__2026-04-27T15:16:17.853722+00:00'
[2026-04-27T15:16:18.953+0000] {subprocess.py:63} INFO - Tmp dir root location: /tmp
[2026-04-27T15:16:18.954+0000] {subprocess.py:75} INFO - Running command: ['/usr/bin/bash', '-c', 'rm -f /opt/***/scrapers/market_bot/data/jumia_2026-04-27.jsonl && cd /opt/***/scrapers/market_bot && scrapy crawl jumia -s LOG_LEVEL=INFO -o /opt/***/scrapers/market_bot/data/jumia_2026-04-27.jsonl']
[2026-04-27T15:16:18.961+0000] {subprocess.py:86} INFO - Output:
[2026-04-27T15:16:19.312+0000] {subprocess.py:93} INFO - 2026-04-27 15:16:19 [scrapy.utils.log] INFO: Scrapy 2.11.2 started (bot: market_bot)
[2026-04-27T15:16:19.313+0000] {subprocess.py:93} INFO - 2026-04-27 15:16:19 [scrapy.utils.log] INFO: Versions: lxml 5.1.0.0, libxml2 2.12.3, cssselect 1.2.0, parsel 1.9.1, w3lib 2.2.1, Twisted 25.5.0, Python 3.8.18 (default, Feb 13 2024, 11:06:24) - [GCC 12.2.0], pyOpenSSL 23.3.0 (OpenSSL 3.1.4 24 Oct 2023), cryptography 41.0.7, Platform Linux-6.19.11+kali-amd64-x86_64-with-glibc2.34
[2026-04-27T15:16:19.315+0000] {subprocess.py:93} INFO - 2026-04-27 15:16:19 [scrapy.addons] INFO: Enabled addons:
[2026-04-27T15:16:19.315+0000] {subprocess.py:93} INFO - []
[2026-04-27T15:16:19.325+0000] {subprocess.py:93} INFO - 2026-04-27 15:16:19 [scrapy.extensions.telnet] INFO: Telnet Password: 4077ad5aeb63cb98
[2026-04-27T15:16:19.455+0000] {subprocess.py:93} INFO - 2026-04-27 15:16:19 [scrapy.middleware] INFO: Enabled extensions:
[2026-04-27T15:16:19.455+0000] {subprocess.py:93} INFO - ['scrapy.extensions.corestats.CoreStats',
[2026-04-27T15:16:19.455+0000] {subprocess.py:93} INFO -  'scrapy.extensions.telnet.TelnetConsole',
[2026-04-27T15:16:19.455+0000] {subprocess.py:93} INFO -  'scrapy.extensions.memusage.MemoryUsage',
[2026-04-27T15:16:19.455+0000] {subprocess.py:93} INFO -  'scrapy.extensions.closespider.CloseSpider',
[2026-04-27T15:16:19.455+0000] {subprocess.py:93} INFO -  'scrapy.extensions.feedexport.FeedExporter',
[2026-04-27T15:16:19.455+0000] {subprocess.py:93} INFO -  'scrapy.extensions.logstats.LogStats',
[2026-04-27T15:16:19.456+0000] {subprocess.py:93} INFO -  'scrapy.extensions.throttle.AutoThrottle']
[2026-04-27T15:16:19.456+0000] {subprocess.py:93} INFO - 2026-04-27 15:16:19 [scrapy.crawler] INFO: Overridden settings:
[2026-04-27T15:16:19.456+0000] {subprocess.py:93} INFO - {'AUTOTHROTTLE_ENABLED': True,
[2026-04-27T15:16:19.456+0000] {subprocess.py:93} INFO -  'AUTOTHROTTLE_START_DELAY': 2.0,
[2026-04-27T15:16:19.456+0000] {subprocess.py:93} INFO -  'AUTOTHROTTLE_TARGET_CONCURRENCY': 2.0,
[2026-04-27T15:16:19.456+0000] {subprocess.py:93} INFO -  'BOT_NAME': 'market_bot',
[2026-04-27T15:16:19.456+0000] {subprocess.py:93} INFO -  'CLOSESPIDER_ITEMCOUNT': 50000,
[2026-04-27T15:16:19.457+0000] {subprocess.py:93} INFO -  'CLOSESPIDER_PAGECOUNT': 5000,
[2026-04-27T15:16:19.457+0000] {subprocess.py:93} INFO -  'CONCURRENT_REQUESTS': 12,
[2026-04-27T15:16:19.457+0000] {subprocess.py:93} INFO -  'CONCURRENT_REQUESTS_PER_DOMAIN': 6,
[2026-04-27T15:16:19.457+0000] {subprocess.py:93} INFO -  'DOWNLOAD_TIMEOUT': 90,
[2026-04-27T15:16:19.457+0000] {subprocess.py:93} INFO -  'FEED_EXPORT_ENCODING': 'utf-8',
[2026-04-27T15:16:19.457+0000] {subprocess.py:93} INFO -  'LOG_LEVEL': 'INFO',
[2026-04-27T15:16:19.457+0000] {subprocess.py:93} INFO -  'NEWSPIDER_MODULE': 'market_bot.spiders',
[2026-04-27T15:16:19.457+0000] {subprocess.py:93} INFO -  'REQUEST_FINGERPRINTER_IMPLEMENTATION': '2.7',
[2026-04-27T15:16:19.457+0000] {subprocess.py:93} INFO -  'RETRY_HTTP_CODES': [500, 502, 503, 504, 408, 429],
[2026-04-27T15:16:19.457+0000] {subprocess.py:93} INFO -  'RETRY_TIMES': 5,
[2026-04-27T15:16:19.457+0000] {subprocess.py:93} INFO -  'SPIDER_MODULES': ['market_bot.spiders'],
[2026-04-27T15:16:19.457+0000] {subprocess.py:93} INFO -  'TWISTED_REACTOR': 'twisted.internet.asyncioreactor.AsyncioSelectorReactor',
[2026-04-27T15:16:19.457+0000] {subprocess.py:93} INFO -  'USER_AGENT': 'Mozilla/5.0 (Windows NT 10.0; Win64; x64) AppleWebKit/537.36 '
[2026-04-27T15:16:19.458+0000] {subprocess.py:93} INFO -                '(KHTML, like Gecko) Chrome/124.0.0.0 Safari/537.36'}
[2026-04-27T15:16:19.525+0000] {subprocess.py:93} INFO - 2026-04-27 15:16:19 [scrapy.middleware] INFO: Enabled downloader middlewares:
[2026-04-27T15:16:19.526+0000] {subprocess.py:93} INFO - ['scrapy.downloadermiddlewares.offsite.OffsiteMiddleware',
[2026-04-27T15:16:19.526+0000] {subprocess.py:93} INFO -  'scrapy.downloadermiddlewares.httpauth.HttpAuthMiddleware',
[2026-04-27T15:16:19.526+0000] {subprocess.py:93} INFO -  'scrapy.downloadermiddlewares.downloadtimeout.DownloadTimeoutMiddleware',
[2026-04-27T15:16:19.526+0000] {subprocess.py:93} INFO -  'scrapy.downloadermiddlewares.defaultheaders.DefaultHeadersMiddleware',
[2026-04-27T15:16:19.526+0000] {subprocess.py:93} INFO -  'scrapy.downloadermiddlewares.useragent.UserAgentMiddleware',
[2026-04-27T15:16:19.526+0000] {subprocess.py:93} INFO -  'scrapy.downloadermiddlewares.retry.RetryMiddleware',
[2026-04-27T15:16:19.526+0000] {subprocess.py:93} INFO -  'scrapy.downloadermiddlewares.redirect.MetaRefreshMiddleware',
[2026-04-27T15:16:19.526+0000] {subprocess.py:93} INFO -  'scrapy.downloadermiddlewares.httpcompression.HttpCompressionMiddleware',
[2026-04-27T15:16:19.527+0000] {subprocess.py:93} INFO -  'scrapy.downloadermiddlewares.redirect.RedirectMiddleware',
[2026-04-27T15:16:19.527+0000] {subprocess.py:93} INFO -  'scrapy.downloadermiddlewares.cookies.CookiesMiddleware',
[2026-04-27T15:16:19.527+0000] {subprocess.py:93} INFO -  'scrapy.downloadermiddlewares.httpproxy.HttpProxyMiddleware',
[2026-04-27T15:16:19.527+0000] {subprocess.py:93} INFO -  'scrapy.downloadermiddlewares.stats.DownloaderStats']
[2026-04-27T15:16:19.527+0000] {subprocess.py:93} INFO - 2026-04-27 15:16:19 [scrapy.middleware] INFO: Enabled spider middlewares:
[2026-04-27T15:16:19.527+0000] {subprocess.py:93} INFO - ['scrapy.spidermiddlewares.httperror.HttpErrorMiddleware',
[2026-04-27T15:16:19.527+0000] {subprocess.py:93} INFO -  'scrapy.spidermiddlewares.referer.RefererMiddleware',
[2026-04-27T15:16:19.527+0000] {subprocess.py:93} INFO -  'scrapy.spidermiddlewares.urllength.UrlLengthMiddleware',
[2026-04-27T15:16:19.527+0000] {subprocess.py:93} INFO -  'scrapy.spidermiddlewares.depth.DepthMiddleware']
[2026-04-27T15:16:19.533+0000] {subprocess.py:93} INFO - %4|1777302979.533|CONFWARN|scrapy-bot#producer-1| [thrd:app]: Configuration property api.version.request is deprecated: **Post-deprecation actions: remove this configuration property, brokers < 0.10.0 won't be supported anymore in librdkafka 3.x.** Request broker's supported API versions to adjust functionality to available protocol features. If set to false, or the ApiVersionRequest fails, the fallback version `broker.version.fallback` will be used. **NOTE**: Depends on broker version >=0.10.0. If the request is not supported by (an older) broker the `broker.version.fallback` fallback is used.
[2026-04-27T15:16:19.533+0000] {subprocess.py:93} INFO - %4|1777302979.533|CONFWARN|scrapy-bot#producer-1| [thrd:app]: Configuration property broker.version.fallback is deprecated: **Post-deprecation actions: remove this configuration property, brokers < 0.10.0 won't be supported anymore in librdkafka 3.x.** Older broker versions (before 0.10.0) provide no way for a client to query for supported protocol features (ApiVersionRequest, see `api.version.request`) making it impossible for the client to know what features it may use. As a workaround a user may set this property to the expected broker version and the client will automatically adjust its feature set accordingly if the ApiVersionRequest fails (or is disabled). The fallback broker version will be used for `api.version.fallback.ms`. Valid values are: 0.9.0, 0.8.2, 0.8.1, 0.8.0. Any other value >= 0.10, such as 0.10.2.1, enables ApiVersionRequests.
[2026-04-27T15:16:19.533+0000] {subprocess.py:93} INFO - 2026-04-27 15:16:19 [scrapy.middleware] INFO: Enabled item pipelines:
[2026-04-27T15:16:19.533+0000] {subprocess.py:93} INFO - ['market_bot.pipelines.KafkaPipeline']
[2026-04-27T15:16:19.534+0000] {subprocess.py:93} INFO - 2026-04-27 15:16:19 [scrapy.core.engine] INFO: Spider opened
[2026-04-27T15:16:19.538+0000] {subprocess.py:93} INFO - 2026-04-27 15:16:19 [scrapy.extensions.logstats] INFO: Crawled 0 pages (at 0 pages/min), scraped 0 items (at 0 items/min)
[2026-04-27T15:16:19.539+0000] {subprocess.py:93} INFO - 2026-04-27 15:16:19 [scrapy.extensions.telnet] INFO: Telnet console listening on 127.0.0.1:6023
[2026-04-27T15:16:19.540+0000] {subprocess.py:93} INFO - 2026-04-27 15:16:19 [scrapy-playwright] INFO: Starting download handler
[2026-04-27T15:16:19.540+0000] {subprocess.py:93} INFO - 2026-04-27 15:16:19 [scrapy-playwright] INFO: Starting download handler
[2026-04-27T15:16:25.826+0000] {subprocess.py:93} INFO - 2026-04-27 15:16:25 [tldextract.cache] WARNING: unable to cache publicsuffix.org-tlds.{'urls': ('https://publicsuffix.org/list/public_suffix_list.dat', 'https://raw.githubusercontent.com/publicsuffix/list/master/public_suffix_list.dat'), 'fallback_to_snapshot': True} in /home/***/.cache/python-tldextract/3.8.18.final__local__ecb11d__tldextract-5.1.2/publicsuffix.org-tlds/de84b5ca2167d4c83e38fb162f2e8738.tldextract.json. This could refresh the Public Suffix List over HTTP every app startup. Construct your `TLDExtract` with a writable `cache_dir` or set `cache_dir=None` to silence this warning. [Errno 13] Permission denied: '/home/***/.cache/python-tldextract'
[2026-04-27T15:16:26.227+0000] {subprocess.py:93} INFO - 2026-04-27 15:16:26 [jumia] INFO: 🚀 Jumia | laptop | 70 produits trouvés.
[2026-04-27T15:16:28.218+0000] {subprocess.py:93} INFO - 2026-04-27 15:16:28 [jumia] INFO: 🚀 Jumia | smartphone | 43 produits trouvés.
[2026-04-27T15:16:30.694+0000] {subprocess.py:93} INFO - 2026-04-27 15:16:30 [jumia] INFO: 🚀 Jumia | laptop | 40 produits trouvés.
[2026-04-27T15:16:31.810+0000] {subprocess.py:93} INFO - 2026-04-27 15:16:31 [jumia] INFO: 🚀 Jumia | smartphone | 40 produits trouvés.
[2026-04-27T15:16:33.454+0000] {subprocess.py:93} INFO - 2026-04-27 15:16:33 [jumia] INFO: 🚀 Jumia | smartphone | 40 produits trouvés.
[2026-04-27T15:16:33.534+0000] {subprocess.py:93} INFO - 2026-04-27 15:16:33 [jumia] INFO: 🚀 Jumia | laptop | 40 produits trouvés.
[2026-04-27T15:16:33.972+0000] {subprocess.py:93} INFO - 2026-04-27 15:16:33 [jumia] INFO: 🚀 Jumia | tablet | 49 produits trouvés.
[2026-04-27T15:16:34.099+0000] {subprocess.py:93} INFO - 2026-04-27 15:16:34 [jumia] INFO: 🚀 Jumia | smartphone | 40 produits trouvés.
[2026-04-27T15:16:35.570+0000] {subprocess.py:93} INFO - 2026-04-27 15:16:35 [jumia] INFO: 🚀 Jumia | smartphone | 40 produits trouvés.
[2026-04-27T15:16:35.596+0000] {subprocess.py:93} INFO - 2026-04-27 15:16:35 [jumia] INFO: 🚀 Jumia | tablet | 40 produits trouvés.
[2026-04-27T15:16:36.243+0000] {subprocess.py:93} INFO - 2026-04-27 15:16:36 [jumia] INFO: 🚀 Jumia | laptop | 40 produits trouvés.
[2026-04-27T15:16:37.790+0000] {subprocess.py:93} INFO - 2026-04-27 15:16:37 [jumia] INFO: 🚀 Jumia | tablet | 40 produits trouvés.
[2026-04-27T15:16:38.536+0000] {subprocess.py:93} INFO - 2026-04-27 15:16:38 [jumia] INFO: 🚀 Jumia | smartphone | 40 produits trouvés.
[2026-04-27T15:16:38.562+0000] {subprocess.py:93} INFO - 2026-04-27 15:16:38 [jumia] INFO: 🚀 Jumia | laptop | 40 produits trouvés.
[2026-04-27T15:16:39.727+0000] {subprocess.py:93} INFO - 2026-04-27 15:16:39 [jumia] INFO: 🚀 Jumia | tablet | 40 produits trouvés.
[2026-04-27T15:16:40.559+0000] {subprocess.py:93} INFO - 2026-04-27 15:16:40 [jumia] INFO: 🚀 Jumia | smartphone | 40 produits trouvés.
[2026-04-27T15:16:41.202+0000] {subprocess.py:93} INFO - 2026-04-27 15:16:41 [jumia] INFO: 🚀 Jumia | laptop | 40 produits trouvés.
[2026-04-27T15:16:41.666+0000] {subprocess.py:93} INFO - 2026-04-27 15:16:41 [jumia] INFO: 🚀 Jumia | tablet | 22 produits trouvés.
[2026-04-27T15:16:42.313+0000] {subprocess.py:93} INFO - 2026-04-27 15:16:42 [jumia] INFO: 🚀 Jumia | smartphone | 40 produits trouvés.
[2026-04-27T15:16:42.948+0000] {subprocess.py:93} INFO - 2026-04-27 15:16:42 [jumia] INFO: 🚀 Jumia | laptop | 40 produits trouvés.
[2026-04-27T15:16:43.127+0000] {subprocess.py:93} INFO - 2026-04-27 15:16:43 [jumia] INFO: 🚀 Jumia | smartphone | 40 produits trouvés.
[2026-04-27T15:16:43.713+0000] {subprocess.py:93} INFO - 2026-04-27 15:16:43 [jumia] INFO: 🚀 Jumia | laptop | 40 produits trouvés.
[2026-04-27T15:16:44.658+0000] {subprocess.py:93} INFO - 2026-04-27 15:16:44 [jumia] INFO: 🚀 Jumia | smartphone | 40 produits trouvés.
[2026-04-27T15:16:44.981+0000] {subprocess.py:93} INFO - 2026-04-27 15:16:44 [jumia] INFO: 🚀 Jumia | laptop | 40 produits trouvés.
[2026-04-27T15:16:45.390+0000] {subprocess.py:93} INFO - 2026-04-27 15:16:45 [jumia] INFO: 🚀 Jumia | smartphone | 40 produits trouvés.
[2026-04-27T15:16:46.189+0000] {subprocess.py:93} INFO - 2026-04-27 15:16:46 [jumia] INFO: 🚀 Jumia | laptop | 40 produits trouvés.
[2026-04-27T15:16:46.555+0000] {subprocess.py:93} INFO - 2026-04-27 15:16:46 [jumia] INFO: 🚀 Jumia | smartphone | 40 produits trouvés.
[2026-04-27T15:16:46.919+0000] {subprocess.py:93} INFO - 2026-04-27 15:16:46 [jumia] INFO: 🚀 Jumia | laptop | 40 produits trouvés.
[2026-04-27T15:16:47.272+0000] {subprocess.py:93} INFO - 2026-04-27 15:16:47 [jumia] INFO: 🚀 Jumia | smartphone | 40 produits trouvés.
[2026-04-27T15:16:47.916+0000] {subprocess.py:93} INFO - 2026-04-27 15:16:47 [jumia] INFO: 🚀 Jumia | smartphone | 40 produits trouvés.
[2026-04-27T15:16:48.711+0000] {subprocess.py:93} INFO - 2026-04-27 15:16:48 [jumia] INFO: 🚀 Jumia | smartphone | 40 produits trouvés.
[2026-04-27T15:16:48.815+0000] {subprocess.py:93} INFO - 2026-04-27 15:16:48 [jumia] INFO: 🚀 Jumia | laptop | 40 produits trouvés.
[2026-04-27T15:16:49.531+0000] {subprocess.py:93} INFO - 2026-04-27 15:16:49 [jumia] INFO: 🚀 Jumia | smartphone | 40 produits trouvés.
[2026-04-27T15:16:49.941+0000] {subprocess.py:93} INFO - 2026-04-27 15:16:49 [jumia] INFO: 🚀 Jumia | laptop | 40 produits trouvés.
[2026-04-27T15:16:50.693+0000] {subprocess.py:93} INFO - 2026-04-27 15:16:50 [jumia] INFO: 🚀 Jumia | smartphone | 40 produits trouvés.
[2026-04-27T15:16:51.441+0000] {subprocess.py:93} INFO - 2026-04-27 15:16:51 [jumia] INFO: 🚀 Jumia | smartphone | 40 produits trouvés.
[2026-04-27T15:16:51.843+0000] {subprocess.py:93} INFO - 2026-04-27 15:16:51 [jumia] INFO: 🚀 Jumia | laptop | 40 produits trouvés.
[2026-04-27T15:16:52.227+0000] {subprocess.py:93} INFO - 2026-04-27 15:16:52 [jumia] INFO: 🚀 Jumia | smartphone | 40 produits trouvés.
[2026-04-27T15:16:52.990+0000] {subprocess.py:93} INFO - 2026-04-27 15:16:52 [jumia] INFO: 🚀 Jumia | laptop | 40 produits trouvés.
[2026-04-27T15:16:53.730+0000] {subprocess.py:93} INFO - 2026-04-27 15:16:53 [jumia] INFO: 🚀 Jumia | smartphone | 40 produits trouvés.
[2026-04-27T15:16:53.955+0000] {subprocess.py:93} INFO - 2026-04-27 15:16:53 [jumia] INFO: 🚀 Jumia | laptop | 40 produits trouvés.
[2026-04-27T15:16:54.670+0000] {subprocess.py:93} INFO - 2026-04-27 15:16:54 [jumia] INFO: 🚀 Jumia | smartphone | 40 produits trouvés.
[2026-04-27T15:16:54.847+0000] {subprocess.py:93} INFO - 2026-04-27 15:16:54 [jumia] INFO: 🚀 Jumia | laptop | 40 produits trouvés.
[2026-04-27T15:16:56.454+0000] {subprocess.py:93} INFO - 2026-04-27 15:16:56 [jumia] INFO: 🚀 Jumia | laptop | 40 produits trouvés.
[2026-04-27T15:16:57.114+0000] {subprocess.py:93} INFO - 2026-04-27 15:16:57 [jumia] INFO: 🚀 Jumia | laptop | 40 produits trouvés.
[2026-04-27T15:16:58.460+0000] {subprocess.py:93} INFO - 2026-04-27 15:16:58 [jumia] INFO: 🚀 Jumia | smartphone | 40 produits trouvés.
[2026-04-27T15:16:58.587+0000] {subprocess.py:93} INFO - 2026-04-27 15:16:58 [jumia] INFO: 🚀 Jumia | laptop | 40 produits trouvés.
[2026-04-27T15:17:00.295+0000] {subprocess.py:93} INFO - 2026-04-27 15:17:00 [jumia] INFO: 🚀 Jumia | smartphone | 40 produits trouvés.
[2026-04-27T15:17:02.034+0000] {subprocess.py:93} INFO - 2026-04-27 15:17:02 [jumia] INFO: 🚀 Jumia | laptop | 40 produits trouvés.
[2026-04-27T15:17:02.812+0000] {subprocess.py:93} INFO - 2026-04-27 15:17:02 [jumia] INFO: 🚀 Jumia | smartphone | 37 produits trouvés.
[2026-04-27T15:17:03.656+0000] {subprocess.py:93} INFO - 2026-04-27 15:17:03 [jumia] INFO: 🚀 Jumia | laptop | 40 produits trouvés.
[2026-04-27T15:17:04.334+0000] {subprocess.py:93} INFO - 2026-04-27 15:17:04 [jumia] INFO: 🚀 Jumia | laptop | 5 produits trouvés.
[2026-04-27T15:17:04.340+0000] {subprocess.py:93} INFO - 2026-04-27 15:17:04 [scrapy.core.engine] INFO: Closing spider (finished)
[2026-04-27T15:17:04.341+0000] {subprocess.py:93} INFO - 2026-04-27 15:17:04 [jumia] INFO: Finalizing Kafka: 2024 items produced. Flushing...
[2026-04-27T15:17:04.341+0000] {subprocess.py:93} INFO - 2026-04-27 15:17:04 [jumia] INFO: 🚀 Tous les messages ont été envoyés avec succès.
[2026-04-27T15:17:04.341+0000] {subprocess.py:93} INFO - 2026-04-27 15:17:04 [scrapy.extensions.feedexport] INFO: Stored jsonl feed (2024 items) in: /opt/***/scrapers/market_bot/data/jumia_2026-04-27.jsonl
[2026-04-27T15:17:04.342+0000] {subprocess.py:93} INFO - 2026-04-27 15:17:04 [scrapy.statscollectors] INFO: Dumping Scrapy stats:
[2026-04-27T15:17:04.342+0000] {subprocess.py:93} INFO - {'downloader/request_bytes': 59177,
[2026-04-27T15:17:04.342+0000] {subprocess.py:93} INFO -  'downloader/request_count': 54,
[2026-04-27T15:17:04.343+0000] {subprocess.py:93} INFO -  'downloader/request_method_count/GET': 54,
[2026-04-27T15:17:04.343+0000] {subprocess.py:93} INFO -  'downloader/response_bytes': 3607336,
[2026-04-27T15:17:04.343+0000] {subprocess.py:93} INFO -  'downloader/response_count': 54,
[2026-04-27T15:17:04.343+0000] {subprocess.py:93} INFO -  'downloader/response_status_count/200': 52,
[2026-04-27T15:17:04.343+0000] {subprocess.py:93} INFO -  'downloader/response_status_count/301': 2,
[2026-04-27T15:17:04.343+0000] {subprocess.py:93} INFO -  'elapsed_time_seconds': 44.803086,
[2026-04-27T15:17:04.343+0000] {subprocess.py:93} INFO -  'feedexport/success_count/FileFeedStorage': 1,
[2026-04-27T15:17:04.344+0000] {subprocess.py:93} INFO -  'finish_reason': 'finished',
[2026-04-27T15:17:04.344+0000] {subprocess.py:93} INFO -  'finish_time': datetime.datetime(2026, 4, 27, 15, 17, 4, 341372, tzinfo=datetime.timezone.utc),
[2026-04-27T15:17:04.344+0000] {subprocess.py:93} INFO -  'httpcompression/response_bytes': 25095469,
[2026-04-27T15:17:04.344+0000] {subprocess.py:93} INFO -  'httpcompression/response_count': 52,
[2026-04-27T15:17:04.344+0000] {subprocess.py:93} INFO -  'item_scraped_count': 2024,
[2026-04-27T15:17:04.344+0000] {subprocess.py:93} INFO -  'log_count/INFO': 67,
[2026-04-27T15:17:04.344+0000] {subprocess.py:93} INFO -  'log_count/WARNING': 1,
[2026-04-27T15:17:04.345+0000] {subprocess.py:93} INFO -  'memusage/max': 155385856,
[2026-04-27T15:17:04.345+0000] {subprocess.py:93} INFO -  'memusage/startup': 155385856,
[2026-04-27T15:17:04.345+0000] {subprocess.py:93} INFO -  'request_depth_max': 23,
[2026-04-27T15:17:04.345+0000] {subprocess.py:93} INFO -  'response_received_count': 52,
[2026-04-27T15:17:04.345+0000] {subprocess.py:93} INFO -  'scheduler/dequeued': 54,
[2026-04-27T15:17:04.345+0000] {subprocess.py:93} INFO -  'scheduler/dequeued/memory': 54,
[2026-04-27T15:17:04.345+0000] {subprocess.py:93} INFO -  'scheduler/enqueued': 54,
[2026-04-27T15:17:04.346+0000] {subprocess.py:93} INFO -  'scheduler/enqueued/memory': 54,
[2026-04-27T15:17:04.346+0000] {subprocess.py:93} INFO -  'start_time': datetime.datetime(2026, 4, 27, 15, 16, 19, 538286, tzinfo=datetime.timezone.utc)}
[2026-04-27T15:17:04.346+0000] {subprocess.py:93} INFO - 2026-04-27 15:17:04 [scrapy.core.engine] INFO: Spider closed (finished)
[2026-04-27T15:17:04.346+0000] {subprocess.py:93} INFO - 2026-04-27 15:17:04 [scrapy-playwright] INFO: Closing download handler
[2026-04-27T15:17:04.348+0000] {subprocess.py:93} INFO - 2026-04-27 15:17:04 [scrapy-playwright] INFO: Closing download handler
[2026-04-27T15:17:04.576+0000] {subprocess.py:97} INFO - Command exited with return code 0
[2026-04-27T15:17:04.608+0000] {taskinstance.py:1138} INFO - Marking task as SUCCESS. dag_id=market_intelligence_platform, task_id=parallel_scraping.scrape_jumia, execution_date=20260427T151617, start_date=20260427T151618, end_date=20260427T151704
[2026-04-27T15:17:04.656+0000] {local_task_job_runner.py:234} INFO - Task exited with return code 0
[2026-04-27T15:17:04.673+0000] {taskinstance.py:3280} INFO - 0 downstream tasks scheduled from follow-on schedule check
