[2026-05-04T06:19:50.308+0000] {taskinstance.py:1956} INFO - Dependencies all met for dep_context=non-requeueable deps ti=<TaskInstance: market_intelligence_platform.parallel_scraping.scrape_iris manual__2026-05-04T06:19:49.634817+00:00 [queued]>
[2026-05-04T06:19:50.320+0000] {taskinstance.py:1956} INFO - Dependencies all met for dep_context=requeueable deps ti=<TaskInstance: market_intelligence_platform.parallel_scraping.scrape_iris manual__2026-05-04T06:19:49.634817+00:00 [queued]>
[2026-05-04T06:19:50.321+0000] {taskinstance.py:2170} INFO - Starting attempt 1 of 2
[2026-05-04T06:19:50.343+0000] {taskinstance.py:2191} INFO - Executing <Task(BashOperator): parallel_scraping.scrape_iris> on 2026-05-04 06:19:49.634817+00:00
[2026-05-04T06:19:50.351+0000] {standard_task_runner.py:60} INFO - Started process 28296 to run task
[2026-05-04T06:19:50.355+0000] {standard_task_runner.py:87} INFO - Running: ['***', 'tasks', 'run', 'market_intelligence_platform', 'parallel_scraping.scrape_iris', 'manual__2026-05-04T06:19:49.634817+00:00', '--job-id', '321', '--raw', '--subdir', 'DAGS_FOLDER/jumia_scraper_dag.py', '--cfg-path', '/tmp/tmp91e3dfii']
[2026-05-04T06:19:50.358+0000] {standard_task_runner.py:88} INFO - Job 321: Subtask parallel_scraping.scrape_iris
[2026-05-04T06:19:50.450+0000] {task_command.py:423} INFO - Running <TaskInstance: market_intelligence_platform.parallel_scraping.scrape_iris manual__2026-05-04T06:19:49.634817+00:00 [running]> on host c1627dbb6835
[2026-05-04T06:19:50.623+0000] {taskinstance.py:2480} INFO - Exporting env vars: AIRFLOW_CTX_DAG_OWNER='abdel' AIRFLOW_CTX_DAG_ID='market_intelligence_platform' AIRFLOW_CTX_TASK_ID='parallel_scraping.scrape_iris' AIRFLOW_CTX_EXECUTION_DATE='2026-05-04T06:19:49.634817+00:00' AIRFLOW_CTX_TRY_NUMBER='1' AIRFLOW_CTX_DAG_RUN_ID='manual__2026-05-04T06:19:49.634817+00:00'
[2026-05-04T06:19:50.624+0000] {subprocess.py:63} INFO - Tmp dir root location: /tmp
[2026-05-04T06:19:50.625+0000] {subprocess.py:75} INFO - Running command: ['/usr/bin/bash', '-c', 'mkdir -p /opt/***/scrapers/market_bot/data && cd /opt/***/scrapers/market_bot && PYTHONPATH=/opt/***/scrapers/market_bot SCRAPY_SETTINGS_MODULE=market_bot.settings /home/***/.local/bin/scrapy crawl iris -s LOG_LEVEL=INFO -o /opt/***/scrapers/market_bot/data/iris_2026-05-04.jsonl']
[2026-05-04T06:19:50.642+0000] {subprocess.py:86} INFO - Output:
[2026-05-04T06:19:51.437+0000] {subprocess.py:93} INFO - 2026-05-04 06:19:51 [scrapy.utils.log] INFO: Scrapy 2.11.2 started (bot: market_bot)
[2026-05-04T06:19:51.438+0000] {subprocess.py:93} INFO - 2026-05-04 06:19:51 [scrapy.utils.log] INFO: Versions: lxml 5.1.0.0, libxml2 2.12.3, cssselect 1.2.0, parsel 1.9.1, w3lib 2.2.1, Twisted 25.5.0, Python 3.8.18 (default, Feb 13 2024, 11:06:24) - [GCC 12.2.0], pyOpenSSL 23.3.0 (OpenSSL 3.1.4 24 Oct 2023), cryptography 41.0.7, Platform Linux-6.19.11+kali-amd64-x86_64-with-glibc2.34
[2026-05-04T06:19:51.443+0000] {subprocess.py:93} INFO - 2026-05-04 06:19:51 [scrapy.addons] INFO: Enabled addons:
[2026-05-04T06:19:51.445+0000] {subprocess.py:93} INFO - []
[2026-05-04T06:19:51.462+0000] {subprocess.py:93} INFO - 2026-05-04 06:19:51 [scrapy.extensions.telnet] INFO: Telnet Password: fc8c6c6a6b507872
[2026-05-04T06:19:51.719+0000] {subprocess.py:93} INFO - 2026-05-04 06:19:51 [scrapy.middleware] INFO: Enabled extensions:
[2026-05-04T06:19:51.720+0000] {subprocess.py:93} INFO - ['scrapy.extensions.corestats.CoreStats',
[2026-05-04T06:19:51.720+0000] {subprocess.py:93} INFO -  'scrapy.extensions.telnet.TelnetConsole',
[2026-05-04T06:19:51.720+0000] {subprocess.py:93} INFO -  'scrapy.extensions.memusage.MemoryUsage',
[2026-05-04T06:19:51.720+0000] {subprocess.py:93} INFO -  'scrapy.extensions.closespider.CloseSpider',
[2026-05-04T06:19:51.721+0000] {subprocess.py:93} INFO -  'scrapy.extensions.feedexport.FeedExporter',
[2026-05-04T06:19:51.721+0000] {subprocess.py:93} INFO -  'scrapy.extensions.logstats.LogStats']
[2026-05-04T06:19:51.726+0000] {subprocess.py:93} INFO - 2026-05-04 06:19:51 [scrapy.crawler] INFO: Overridden settings:
[2026-05-04T06:19:51.727+0000] {subprocess.py:93} INFO - {'BOT_NAME': 'market_bot',
[2026-05-04T06:19:51.727+0000] {subprocess.py:93} INFO -  'CLOSESPIDER_ITEMCOUNT': 50000,
[2026-05-04T06:19:51.727+0000] {subprocess.py:93} INFO -  'CLOSESPIDER_PAGECOUNT': 5000,
[2026-05-04T06:19:51.727+0000] {subprocess.py:93} INFO -  'CONCURRENT_REQUESTS': 1,
[2026-05-04T06:19:51.727+0000] {subprocess.py:93} INFO -  'CONCURRENT_REQUESTS_PER_DOMAIN': 1,
[2026-05-04T06:19:51.727+0000] {subprocess.py:93} INFO -  'DOWNLOAD_DELAY': 3.0,
[2026-05-04T06:19:51.728+0000] {subprocess.py:93} INFO -  'DOWNLOAD_TIMEOUT': 90,
[2026-05-04T06:19:51.728+0000] {subprocess.py:93} INFO -  'FEED_EXPORT_ENCODING': 'utf-8',
[2026-05-04T06:19:51.728+0000] {subprocess.py:93} INFO -  'LOG_LEVEL': 'INFO',
[2026-05-04T06:19:51.729+0000] {subprocess.py:93} INFO -  'NEWSPIDER_MODULE': 'market_bot.spiders',
[2026-05-04T06:19:51.729+0000] {subprocess.py:93} INFO -  'REQUEST_FINGERPRINTER_IMPLEMENTATION': '2.7',
[2026-05-04T06:19:51.729+0000] {subprocess.py:93} INFO -  'RETRY_HTTP_CODES': [500, 502, 503, 504, 408, 429],
[2026-05-04T06:19:51.729+0000] {subprocess.py:93} INFO -  'RETRY_TIMES': 5,
[2026-05-04T06:19:51.729+0000] {subprocess.py:93} INFO -  'SPIDER_MODULES': ['market_bot.spiders'],
[2026-05-04T06:19:51.729+0000] {subprocess.py:93} INFO -  'TWISTED_REACTOR': 'twisted.internet.asyncioreactor.AsyncioSelectorReactor',
[2026-05-04T06:19:51.730+0000] {subprocess.py:93} INFO -  'USER_AGENT': 'Mozilla/5.0 (Windows NT 10.0; Win64; x64) AppleWebKit/537.36 '
[2026-05-04T06:19:51.730+0000] {subprocess.py:93} INFO -                '(KHTML, like Gecko) Chrome/124.0.0.0 Safari/537.36'}
[2026-05-04T06:19:51.854+0000] {subprocess.py:93} INFO - 2026-05-04 06:19:51 [scrapy.middleware] INFO: Enabled downloader middlewares:
[2026-05-04T06:19:51.854+0000] {subprocess.py:93} INFO - ['scrapy.downloadermiddlewares.offsite.OffsiteMiddleware',
[2026-05-04T06:19:51.854+0000] {subprocess.py:93} INFO -  'scrapy.downloadermiddlewares.httpauth.HttpAuthMiddleware',
[2026-05-04T06:19:51.855+0000] {subprocess.py:93} INFO -  'scrapy.downloadermiddlewares.downloadtimeout.DownloadTimeoutMiddleware',
[2026-05-04T06:19:51.855+0000] {subprocess.py:93} INFO -  'scrapy.downloadermiddlewares.defaultheaders.DefaultHeadersMiddleware',
[2026-05-04T06:19:51.855+0000] {subprocess.py:93} INFO -  'scrapy.downloadermiddlewares.useragent.UserAgentMiddleware',
[2026-05-04T06:19:51.855+0000] {subprocess.py:93} INFO -  'scrapy.downloadermiddlewares.retry.RetryMiddleware',
[2026-05-04T06:19:51.855+0000] {subprocess.py:93} INFO -  'scrapy.downloadermiddlewares.redirect.MetaRefreshMiddleware',
[2026-05-04T06:19:51.855+0000] {subprocess.py:93} INFO -  'scrapy.downloadermiddlewares.httpcompression.HttpCompressionMiddleware',
[2026-05-04T06:19:51.856+0000] {subprocess.py:93} INFO -  'scrapy.downloadermiddlewares.redirect.RedirectMiddleware',
[2026-05-04T06:19:51.856+0000] {subprocess.py:93} INFO -  'scrapy.downloadermiddlewares.cookies.CookiesMiddleware',
[2026-05-04T06:19:51.856+0000] {subprocess.py:93} INFO -  'scrapy.downloadermiddlewares.httpproxy.HttpProxyMiddleware',
[2026-05-04T06:19:51.856+0000] {subprocess.py:93} INFO -  'scrapy.downloadermiddlewares.stats.DownloaderStats']
[2026-05-04T06:19:51.859+0000] {subprocess.py:93} INFO - 2026-05-04 06:19:51 [scrapy.middleware] INFO: Enabled spider middlewares:
[2026-05-04T06:19:51.859+0000] {subprocess.py:93} INFO - ['scrapy.spidermiddlewares.httperror.HttpErrorMiddleware',
[2026-05-04T06:19:51.860+0000] {subprocess.py:93} INFO -  'scrapy.spidermiddlewares.referer.RefererMiddleware',
[2026-05-04T06:19:51.860+0000] {subprocess.py:93} INFO -  'scrapy.spidermiddlewares.urllength.UrlLengthMiddleware',
[2026-05-04T06:19:51.860+0000] {subprocess.py:93} INFO -  'scrapy.spidermiddlewares.depth.DepthMiddleware']
[2026-05-04T06:19:51.871+0000] {subprocess.py:93} INFO - 2026-05-04 06:19:51 [scrapy.middleware] INFO: Enabled item pipelines:
[2026-05-04T06:19:51.872+0000] {subprocess.py:93} INFO - ['market_bot.pipelines.KafkaPipeline']
[2026-05-04T06:19:51.875+0000] {subprocess.py:93} INFO - 2026-05-04 06:19:51 [scrapy.core.engine] INFO: Spider opened
[2026-05-04T06:19:51.881+0000] {subprocess.py:93} INFO - 2026-05-04 06:19:51 [scrapy.extensions.logstats] INFO: Crawled 0 pages (at 0 pages/min), scraped 0 items (at 0 items/min)
[2026-05-04T06:19:51.883+0000] {subprocess.py:93} INFO - 2026-05-04 06:19:51 [scrapy.extensions.telnet] INFO: Telnet console listening on 127.0.0.1:6023
[2026-05-04T06:19:51.885+0000] {subprocess.py:93} INFO - 2026-05-04 06:19:51 [scrapy-playwright] INFO: Starting download handler
[2026-05-04T06:19:51.885+0000] {subprocess.py:93} INFO - 2026-05-04 06:19:51 [scrapy-playwright] INFO: Starting download handler
[2026-05-04T06:19:52.346+0000] {subprocess.py:93} INFO - 2026-05-04 06:19:52 [scrapy-playwright] INFO: Launching 1 startup context(s)
[2026-05-04T06:19:52.355+0000] {subprocess.py:93} INFO - 2026-05-04 06:19:52 [scrapy-playwright] INFO: Launching browser chromium
[2026-05-04T06:19:52.507+0000] {subprocess.py:93} INFO - 2026-05-04 06:19:52 [scrapy-playwright] INFO: Launching 1 startup context(s)
[2026-05-04T06:19:52.508+0000] {subprocess.py:93} INFO - 2026-05-04 06:19:52 [scrapy-playwright] INFO: Launching browser chromium
[2026-05-04T06:19:52.604+0000] {subprocess.py:93} INFO - 2026-05-04 06:19:52 [scrapy-playwright] INFO: Browser chromium launched
[2026-05-04T06:19:52.639+0000] {subprocess.py:93} INFO - 2026-05-04 06:19:52 [scrapy-playwright] INFO: Startup context(s) launched
[2026-05-04T06:19:52.725+0000] {subprocess.py:93} INFO - 2026-05-04 06:19:52 [scrapy-playwright] INFO: Browser chromium launched
[2026-05-04T06:19:52.746+0000] {subprocess.py:93} INFO - 2026-05-04 06:19:52 [scrapy-playwright] INFO: Startup context(s) launched
[2026-05-04T06:19:56.883+0000] {subprocess.py:93} INFO - 2026-05-04 06:19:56 [scrapy.core.engine] INFO: Closing spider (finished)
[2026-05-04T06:19:56.884+0000] {subprocess.py:93} INFO - 2026-05-04 06:19:56 [scrapy.core.engine] ERROR: Scraper close failure
[2026-05-04T06:19:56.884+0000] {subprocess.py:93} INFO - Traceback (most recent call last):
[2026-05-04T06:19:56.884+0000] {subprocess.py:93} INFO -   File "/home/***/.local/lib/python3.8/site-packages/twisted/internet/defer.py", line 1092, in _runCallbacks
[2026-05-04T06:19:56.885+0000] {subprocess.py:93} INFO -     current.result = callback(  # type: ignore[misc]
[2026-05-04T06:19:56.885+0000] {subprocess.py:93} INFO - TypeError: close_spider() takes 1 positional argument but 2 were given
[2026-05-04T06:19:56.885+0000] {subprocess.py:93} INFO - 2026-05-04 06:19:56 [scrapy.extensions.feedexport] INFO: Stored jsonl feed (0 items) in: /opt/***/scrapers/market_bot/data/iris_2026-05-04.jsonl
[2026-05-04T06:19:56.885+0000] {subprocess.py:93} INFO - 2026-05-04 06:19:56 [scrapy.statscollectors] INFO: Dumping Scrapy stats:
[2026-05-04T06:19:56.886+0000] {subprocess.py:93} INFO - {'elapsed_time_seconds': 5.003738,
[2026-05-04T06:19:56.886+0000] {subprocess.py:93} INFO -  'feedexport/success_count/FileFeedStorage': 1,
[2026-05-04T06:19:56.886+0000] {subprocess.py:93} INFO -  'finish_reason': 'finished',
[2026-05-04T06:19:56.886+0000] {subprocess.py:93} INFO -  'finish_time': datetime.datetime(2026, 5, 4, 6, 19, 56, 884582, tzinfo=datetime.timezone.utc),
[2026-05-04T06:19:56.886+0000] {subprocess.py:93} INFO -  'log_count/ERROR': 1,
[2026-05-04T06:19:56.886+0000] {subprocess.py:93} INFO -  'log_count/INFO': 21,
[2026-05-04T06:19:56.886+0000] {subprocess.py:93} INFO -  'memusage/max': 155303936,
[2026-05-04T06:19:56.886+0000] {subprocess.py:93} INFO -  'memusage/startup': 155303936,
[2026-05-04T06:19:56.887+0000] {subprocess.py:93} INFO -  'playwright/browser_count': 2,
[2026-05-04T06:19:56.887+0000] {subprocess.py:93} INFO -  'playwright/context_count': 2,
[2026-05-04T06:19:56.887+0000] {subprocess.py:93} INFO -  'playwright/context_count/max_concurrent': 1,
[2026-05-04T06:19:56.887+0000] {subprocess.py:93} INFO -  'playwright/context_count/persistent/False': 2,
[2026-05-04T06:19:56.887+0000] {subprocess.py:93} INFO -  'playwright/context_count/remote/False': 2,
[2026-05-04T06:19:56.887+0000] {subprocess.py:93} INFO -  'playwright/page_count': 0,
[2026-05-04T06:19:56.887+0000] {subprocess.py:93} INFO -  'start_time': datetime.datetime(2026, 5, 4, 6, 19, 51, 880844, tzinfo=datetime.timezone.utc)}
[2026-05-04T06:19:56.888+0000] {subprocess.py:93} INFO - 2026-05-04 06:19:56 [scrapy.core.engine] INFO: Spider closed (finished)
[2026-05-04T06:19:56.888+0000] {subprocess.py:93} INFO - 2026-05-04 06:19:56 [scrapy-playwright] INFO: Closing download handler
[2026-05-04T06:19:56.895+0000] {subprocess.py:93} INFO - 2026-05-04 06:19:56 [scrapy-playwright] INFO: Closing browser
[2026-05-04T06:19:56.939+0000] {subprocess.py:93} INFO - 2026-05-04 06:19:56 [scrapy-playwright] INFO: Closing download handler
[2026-05-04T06:19:56.946+0000] {subprocess.py:93} INFO - 2026-05-04 06:19:56 [scrapy-playwright] INFO: Closing browser
[2026-05-04T06:19:57.178+0000] {subprocess.py:97} INFO - Command exited with return code 0
[2026-05-04T06:19:57.202+0000] {taskinstance.py:1138} INFO - Marking task as SUCCESS. dag_id=market_intelligence_platform, task_id=parallel_scraping.scrape_iris, execution_date=20260504T061949, start_date=20260504T061950, end_date=20260504T061957
[2026-05-04T06:19:57.257+0000] {local_task_job_runner.py:234} INFO - Task exited with return code 0
[2026-05-04T06:19:57.279+0000] {taskinstance.py:3280} INFO - 0 downstream tasks scheduled from follow-on schedule check
