[2026-05-02T19:58:17.464+0000] {taskinstance.py:1956} INFO - Dependencies all met for dep_context=non-requeueable deps ti=<TaskInstance: market_intelligence_platform.parallel_scraping.scrape_iris manual__2026-05-02T19:58:16.935813+00:00 [queued]>
[2026-05-02T19:58:17.472+0000] {taskinstance.py:1956} INFO - Dependencies all met for dep_context=requeueable deps ti=<TaskInstance: market_intelligence_platform.parallel_scraping.scrape_iris manual__2026-05-02T19:58:16.935813+00:00 [queued]>
[2026-05-02T19:58:17.473+0000] {taskinstance.py:2170} INFO - Starting attempt 1 of 2
[2026-05-02T19:58:17.487+0000] {taskinstance.py:2191} INFO - Executing <Task(BashOperator): parallel_scraping.scrape_iris> on 2026-05-02 19:58:16.935813+00:00
[2026-05-02T19:58:17.492+0000] {standard_task_runner.py:60} INFO - Started process 23228 to run task
[2026-05-02T19:58:17.495+0000] {standard_task_runner.py:87} INFO - Running: ['***', 'tasks', 'run', 'market_intelligence_platform', 'parallel_scraping.scrape_iris', 'manual__2026-05-02T19:58:16.935813+00:00', '--job-id', '56', '--raw', '--subdir', 'DAGS_FOLDER/jumia_scraper_dag.py', '--cfg-path', '/tmp/tmpvggnryzv']
[2026-05-02T19:58:17.498+0000] {standard_task_runner.py:88} INFO - Job 56: Subtask parallel_scraping.scrape_iris
[2026-05-02T19:58:17.541+0000] {task_command.py:423} INFO - Running <TaskInstance: market_intelligence_platform.parallel_scraping.scrape_iris manual__2026-05-02T19:58:16.935813+00:00 [running]> on host c1627dbb6835
[2026-05-02T19:58:17.617+0000] {taskinstance.py:2480} INFO - Exporting env vars: AIRFLOW_CTX_DAG_OWNER='abdel' AIRFLOW_CTX_DAG_ID='market_intelligence_platform' AIRFLOW_CTX_TASK_ID='parallel_scraping.scrape_iris' AIRFLOW_CTX_EXECUTION_DATE='2026-05-02T19:58:16.935813+00:00' AIRFLOW_CTX_TRY_NUMBER='1' AIRFLOW_CTX_DAG_RUN_ID='manual__2026-05-02T19:58:16.935813+00:00'
[2026-05-02T19:58:17.618+0000] {subprocess.py:63} INFO - Tmp dir root location: /tmp
[2026-05-02T19:58:17.618+0000] {subprocess.py:75} INFO - Running command: ['/usr/bin/bash', '-c', 'mkdir -p /opt/***/scrapers/market_bot/data && cd /opt/***/scrapers/market_bot && python3 -m scrapy crawl iris -s LOG_LEVEL=INFO -o /opt/***/scrapers/market_bot/data/iris_2026-05-02.jsonl']
[2026-05-02T19:58:17.626+0000] {subprocess.py:86} INFO - Output:
[2026-05-02T19:58:18.027+0000] {subprocess.py:93} INFO - 2026-05-02 19:58:18 [scrapy.utils.log] INFO: Scrapy 2.11.2 started (bot: market_bot)
[2026-05-02T19:58:18.028+0000] {subprocess.py:93} INFO - 2026-05-02 19:58:18 [scrapy.utils.log] INFO: Versions: lxml 5.1.0.0, libxml2 2.12.3, cssselect 1.2.0, parsel 1.9.1, w3lib 2.2.1, Twisted 25.5.0, Python 3.8.18 (default, Feb 13 2024, 11:06:24) - [GCC 12.2.0], pyOpenSSL 23.3.0 (OpenSSL 3.1.4 24 Oct 2023), cryptography 41.0.7, Platform Linux-6.19.11+kali-amd64-x86_64-with-glibc2.34
[2026-05-02T19:58:18.030+0000] {subprocess.py:93} INFO - 2026-05-02 19:58:18 [scrapy.addons] INFO: Enabled addons:
[2026-05-02T19:58:18.031+0000] {subprocess.py:93} INFO - []
[2026-05-02T19:58:18.039+0000] {subprocess.py:93} INFO - 2026-05-02 19:58:18 [scrapy.extensions.telnet] INFO: Telnet Password: 798a32a3dc643340
[2026-05-02T19:58:18.167+0000] {subprocess.py:93} INFO - 2026-05-02 19:58:18 [scrapy.middleware] INFO: Enabled extensions:
[2026-05-02T19:58:18.168+0000] {subprocess.py:93} INFO - ['scrapy.extensions.corestats.CoreStats',
[2026-05-02T19:58:18.168+0000] {subprocess.py:93} INFO -  'scrapy.extensions.telnet.TelnetConsole',
[2026-05-02T19:58:18.168+0000] {subprocess.py:93} INFO -  'scrapy.extensions.memusage.MemoryUsage',
[2026-05-02T19:58:18.168+0000] {subprocess.py:93} INFO -  'scrapy.extensions.closespider.CloseSpider',
[2026-05-02T19:58:18.168+0000] {subprocess.py:93} INFO -  'scrapy.extensions.feedexport.FeedExporter',
[2026-05-02T19:58:18.168+0000] {subprocess.py:93} INFO -  'scrapy.extensions.logstats.LogStats',
[2026-05-02T19:58:18.168+0000] {subprocess.py:93} INFO -  'scrapy.extensions.throttle.AutoThrottle']
[2026-05-02T19:58:18.168+0000] {subprocess.py:93} INFO - 2026-05-02 19:58:18 [scrapy.crawler] INFO: Overridden settings:
[2026-05-02T19:58:18.168+0000] {subprocess.py:93} INFO - {'ASYNCIO_EVENT_LOOP': 'asyncio.SelectorEventLoop',
[2026-05-02T19:58:18.168+0000] {subprocess.py:93} INFO -  'AUTOTHROTTLE_ENABLED': True,
[2026-05-02T19:58:18.169+0000] {subprocess.py:93} INFO -  'AUTOTHROTTLE_MAX_DELAY': 10,
[2026-05-02T19:58:18.169+0000] {subprocess.py:93} INFO -  'AUTOTHROTTLE_START_DELAY': 1,
[2026-05-02T19:58:18.169+0000] {subprocess.py:93} INFO -  'BOT_NAME': 'market_bot',
[2026-05-02T19:58:18.169+0000] {subprocess.py:93} INFO -  'CLOSESPIDER_ITEMCOUNT': 50000,
[2026-05-02T19:58:18.169+0000] {subprocess.py:93} INFO -  'CLOSESPIDER_PAGECOUNT': 5000,
[2026-05-02T19:58:18.169+0000] {subprocess.py:93} INFO -  'CONCURRENT_REQUESTS': 2,
[2026-05-02T19:58:18.169+0000] {subprocess.py:93} INFO -  'CONCURRENT_REQUESTS_PER_DOMAIN': 1,
[2026-05-02T19:58:18.169+0000] {subprocess.py:93} INFO -  'COOKIES_ENABLED': False,
[2026-05-02T19:58:18.169+0000] {subprocess.py:93} INFO -  'DOWNLOAD_DELAY': 2.0,
[2026-05-02T19:58:18.169+0000] {subprocess.py:93} INFO -  'DOWNLOAD_TIMEOUT': 90,
[2026-05-02T19:58:18.169+0000] {subprocess.py:93} INFO -  'FEED_EXPORT_ENCODING': 'utf-8',
[2026-05-02T19:58:18.169+0000] {subprocess.py:93} INFO -  'LOG_LEVEL': 'INFO',
[2026-05-02T19:58:18.170+0000] {subprocess.py:93} INFO -  'NEWSPIDER_MODULE': 'market_bot.spiders',
[2026-05-02T19:58:18.170+0000] {subprocess.py:93} INFO -  'REQUEST_FINGERPRINTER_IMPLEMENTATION': '2.7',
[2026-05-02T19:58:18.170+0000] {subprocess.py:93} INFO -  'RETRY_HTTP_CODES': [500, 502, 503, 504, 408, 429],
[2026-05-02T19:58:18.170+0000] {subprocess.py:93} INFO -  'RETRY_TIMES': 5,
[2026-05-02T19:58:18.170+0000] {subprocess.py:93} INFO -  'ROBOTSTXT_OBEY': True,
[2026-05-02T19:58:18.170+0000] {subprocess.py:93} INFO -  'SPIDER_MODULES': ['market_bot.spiders'],
[2026-05-02T19:58:18.170+0000] {subprocess.py:93} INFO -  'TWISTED_REACTOR': 'twisted.internet.asyncioreactor.AsyncioSelectorReactor',
[2026-05-02T19:58:18.170+0000] {subprocess.py:93} INFO -  'USER_AGENT': 'Mozilla/5.0 (Windows NT 10.0; Win64; x64) AppleWebKit/537.36 '
[2026-05-02T19:58:18.170+0000] {subprocess.py:93} INFO -                '(KHTML, like Gecko) Chrome/124.0.0.0 Safari/537.36'}
[2026-05-02T19:58:18.235+0000] {subprocess.py:93} INFO - 2026-05-02 19:58:18 [scrapy.middleware] INFO: Enabled downloader middlewares:
[2026-05-02T19:58:18.236+0000] {subprocess.py:93} INFO - ['scrapy.downloadermiddlewares.offsite.OffsiteMiddleware',
[2026-05-02T19:58:18.236+0000] {subprocess.py:93} INFO -  'scrapy.downloadermiddlewares.robotstxt.RobotsTxtMiddleware',
[2026-05-02T19:58:18.236+0000] {subprocess.py:93} INFO -  'scrapy.downloadermiddlewares.httpauth.HttpAuthMiddleware',
[2026-05-02T19:58:18.236+0000] {subprocess.py:93} INFO -  'scrapy.downloadermiddlewares.downloadtimeout.DownloadTimeoutMiddleware',
[2026-05-02T19:58:18.236+0000] {subprocess.py:93} INFO -  'scrapy.downloadermiddlewares.defaultheaders.DefaultHeadersMiddleware',
[2026-05-02T19:58:18.237+0000] {subprocess.py:93} INFO -  'scrapy.downloadermiddlewares.useragent.UserAgentMiddleware',
[2026-05-02T19:58:18.237+0000] {subprocess.py:93} INFO -  'scrapy.downloadermiddlewares.retry.RetryMiddleware',
[2026-05-02T19:58:18.237+0000] {subprocess.py:93} INFO -  'scrapy.downloadermiddlewares.redirect.MetaRefreshMiddleware',
[2026-05-02T19:58:18.237+0000] {subprocess.py:93} INFO -  'scrapy.downloadermiddlewares.httpcompression.HttpCompressionMiddleware',
[2026-05-02T19:58:18.237+0000] {subprocess.py:93} INFO -  'scrapy.downloadermiddlewares.redirect.RedirectMiddleware',
[2026-05-02T19:58:18.237+0000] {subprocess.py:93} INFO -  'scrapy.downloadermiddlewares.httpproxy.HttpProxyMiddleware',
[2026-05-02T19:58:18.237+0000] {subprocess.py:93} INFO -  'scrapy.downloadermiddlewares.stats.DownloaderStats']
[2026-05-02T19:58:18.237+0000] {subprocess.py:93} INFO - 2026-05-02 19:58:18 [scrapy.middleware] INFO: Enabled spider middlewares:
[2026-05-02T19:58:18.237+0000] {subprocess.py:93} INFO - ['scrapy.spidermiddlewares.httperror.HttpErrorMiddleware',
[2026-05-02T19:58:18.238+0000] {subprocess.py:93} INFO -  'scrapy.spidermiddlewares.referer.RefererMiddleware',
[2026-05-02T19:58:18.238+0000] {subprocess.py:93} INFO -  'scrapy.spidermiddlewares.urllength.UrlLengthMiddleware',
[2026-05-02T19:58:18.238+0000] {subprocess.py:93} INFO -  'scrapy.spidermiddlewares.depth.DepthMiddleware']
[2026-05-02T19:58:18.244+0000] {subprocess.py:93} INFO - %4|1777751898.242|CONFWARN|scrapy-bot#producer-1| [thrd:app]: Configuration property api.version.request is deprecated: **Post-deprecation actions: remove this configuration property, brokers < 0.10.0 won't be supported anymore in librdkafka 3.x.** Request broker's supported API versions to adjust functionality to available protocol features. If set to false, or the ApiVersionRequest fails, the fallback version `broker.version.fallback` will be used. **NOTE**: Depends on broker version >=0.10.0. If the request is not supported by (an older) broker the `broker.version.fallback` fallback is used.
[2026-05-02T19:58:18.245+0000] {subprocess.py:93} INFO - %4|1777751898.242|CONFWARN|scrapy-bot#producer-1| [thrd:app]: Configuration property broker.version.fallback is deprecated: **Post-deprecation actions: remove this configuration property, brokers < 0.10.0 won't be supported anymore in librdkafka 3.x.** Older broker versions (before 0.10.0) provide no way for a client to query for supported protocol features (ApiVersionRequest, see `api.version.request`) making it impossible for the client to know what features it may use. As a workaround a user may set this property to the expected broker version and the client will automatically adjust its feature set accordingly if the ApiVersionRequest fails (or is disabled). The fallback broker version will be used for `api.version.fallback.ms`. Valid values are: 0.9.0, 0.8.2, 0.8.1, 0.8.0. Any other value >= 0.10, such as 0.10.2.1, enables ApiVersionRequests.
[2026-05-02T19:58:18.245+0000] {subprocess.py:93} INFO - 2026-05-02 19:58:18 [scrapy.middleware] INFO: Enabled item pipelines:
[2026-05-02T19:58:18.245+0000] {subprocess.py:93} INFO - ['market_bot.pipelines.KafkaPipeline']
[2026-05-02T19:58:18.245+0000] {subprocess.py:93} INFO - 2026-05-02 19:58:18 [scrapy.core.engine] INFO: Spider opened
[2026-05-02T19:58:18.248+0000] {subprocess.py:93} INFO - 2026-05-02 19:58:18 [scrapy.extensions.logstats] INFO: Crawled 0 pages (at 0 pages/min), scraped 0 items (at 0 items/min)
[2026-05-02T19:58:18.250+0000] {subprocess.py:93} INFO - 2026-05-02 19:58:18 [scrapy.extensions.telnet] INFO: Telnet console listening on 127.0.0.1:6027
[2026-05-02T19:58:18.251+0000] {subprocess.py:93} INFO - 2026-05-02 19:58:18 [scrapy-playwright] INFO: Starting download handler
[2026-05-02T19:58:18.251+0000] {subprocess.py:93} INFO - 2026-05-02 19:58:18 [scrapy-playwright] INFO: Starting download handler
[2026-05-02T19:58:25.587+0000] {subprocess.py:93} INFO - 2026-05-02 19:58:25 [scrapy-playwright] INFO: Launching browser chromium
[2026-05-02T19:58:25.760+0000] {subprocess.py:93} INFO - 2026-05-02 19:58:25 [scrapy-playwright] INFO: Browser chromium launched
[2026-05-02T19:58:33.024+0000] {subprocess.py:93} INFO - 2026-05-02 19:58:33 [iris] INFO: Iris [laptop]: 43 products on https://www.iris.ma/45-ordinateur-pc-fixe
[2026-05-02T19:58:37.974+0000] {subprocess.py:93} INFO - 2026-05-02 19:58:37 [iris] ERROR: 403 Forbidden: https://www.iris.ma/13-smartphone (category: smartphone). Site blocked the request — check PLAYWRIGHT_CONTEXT_ARGS / rate limiting.
[2026-05-02T19:58:47.278+0000] {subprocess.py:93} INFO - 2026-05-02 19:58:47 [iris] ERROR: 403 Forbidden: https://www.iris.ma/266-tablette (category: tablet). Site blocked the request — check PLAYWRIGHT_CONTEXT_ARGS / rate limiting.
[2026-05-02T19:58:56.354+0000] {subprocess.py:93} INFO - 2026-05-02 19:58:56 [iris] ERROR: 403 Forbidden: https://www.iris.ma/45-ordinateur-pc-fixe?page=2 (category: laptop). Site blocked the request — check PLAYWRIGHT_CONTEXT_ARGS / rate limiting.
[2026-05-02T19:59:06.893+0000] {subprocess.py:93} INFO - 2026-05-02 19:59:06 [iris] ERROR: 403 Forbidden: https://www.iris.ma/18-imprimante-multifonction (category: imprimante). Site blocked the request — check PLAYWRIGHT_CONTEXT_ARGS / rate limiting.
[2026-05-02T19:59:18.249+0000] {subprocess.py:93} INFO - 2026-05-02 19:59:18 [scrapy.extensions.logstats] INFO: Crawled 6 pages (at 6 pages/min), scraped 47 items (at 47 items/min)
[2026-05-02T20:00:18.249+0000] {subprocess.py:93} INFO - 2026-05-02 20:00:18 [scrapy.extensions.logstats] INFO: Crawled 6 pages (at 0 pages/min), scraped 47 items (at 0 items/min)
[2026-05-02T20:01:18.249+0000] {subprocess.py:93} INFO - 2026-05-02 20:01:18 [scrapy.extensions.logstats] INFO: Crawled 6 pages (at 0 pages/min), scraped 47 items (at 0 items/min)
[2026-05-02T20:02:18.249+0000] {subprocess.py:93} INFO - 2026-05-02 20:02:18 [scrapy.extensions.logstats] INFO: Crawled 6 pages (at 0 pages/min), scraped 47 items (at 0 items/min)
[2026-05-02T20:03:18.249+0000] {subprocess.py:93} INFO - 2026-05-02 20:03:18 [scrapy.extensions.logstats] INFO: Crawled 6 pages (at 0 pages/min), scraped 47 items (at 0 items/min)
[2026-05-02T20:04:18.249+0000] {subprocess.py:93} INFO - 2026-05-02 20:04:18 [scrapy.extensions.logstats] INFO: Crawled 6 pages (at 0 pages/min), scraped 47 items (at 0 items/min)
[2026-05-02T20:05:18.249+0000] {subprocess.py:93} INFO - 2026-05-02 20:05:18 [scrapy.extensions.logstats] INFO: Crawled 6 pages (at 0 pages/min), scraped 47 items (at 0 items/min)
[2026-05-02T20:06:18.249+0000] {subprocess.py:93} INFO - 2026-05-02 20:06:18 [scrapy.extensions.logstats] INFO: Crawled 6 pages (at 0 pages/min), scraped 47 items (at 0 items/min)
[2026-05-02T20:07:18.249+0000] {subprocess.py:93} INFO - 2026-05-02 20:07:18 [scrapy.extensions.logstats] INFO: Crawled 6 pages (at 0 pages/min), scraped 47 items (at 0 items/min)
[2026-05-02T20:08:18.249+0000] {subprocess.py:93} INFO - 2026-05-02 20:08:18 [scrapy.extensions.logstats] INFO: Crawled 6 pages (at 0 pages/min), scraped 47 items (at 0 items/min)
[2026-05-02T20:09:18.249+0000] {subprocess.py:93} INFO - 2026-05-02 20:09:18 [scrapy.extensions.logstats] INFO: Crawled 6 pages (at 0 pages/min), scraped 47 items (at 0 items/min)
[2026-05-02T20:10:18.249+0000] {subprocess.py:93} INFO - 2026-05-02 20:10:18 [scrapy.extensions.logstats] INFO: Crawled 6 pages (at 0 pages/min), scraped 47 items (at 0 items/min)
[2026-05-02T20:11:18.250+0000] {subprocess.py:93} INFO - 2026-05-02 20:11:18 [scrapy.extensions.logstats] INFO: Crawled 6 pages (at 0 pages/min), scraped 47 items (at 0 items/min)
[2026-05-02T20:12:18.249+0000] {subprocess.py:93} INFO - 2026-05-02 20:12:18 [scrapy.extensions.logstats] INFO: Crawled 6 pages (at 0 pages/min), scraped 47 items (at 0 items/min)
[2026-05-02T20:13:18.249+0000] {subprocess.py:93} INFO - 2026-05-02 20:13:18 [scrapy.extensions.logstats] INFO: Crawled 6 pages (at 0 pages/min), scraped 47 items (at 0 items/min)
[2026-05-02T20:14:18.249+0000] {subprocess.py:93} INFO - 2026-05-02 20:14:18 [scrapy.extensions.logstats] INFO: Crawled 6 pages (at 0 pages/min), scraped 47 items (at 0 items/min)
[2026-05-02T20:15:18.249+0000] {subprocess.py:93} INFO - 2026-05-02 20:15:18 [scrapy.extensions.logstats] INFO: Crawled 6 pages (at 0 pages/min), scraped 47 items (at 0 items/min)
[2026-05-02T20:16:18.249+0000] {subprocess.py:93} INFO - 2026-05-02 20:16:18 [scrapy.extensions.logstats] INFO: Crawled 6 pages (at 0 pages/min), scraped 47 items (at 0 items/min)
[2026-05-02T20:17:18.249+0000] {subprocess.py:93} INFO - 2026-05-02 20:17:18 [scrapy.extensions.logstats] INFO: Crawled 6 pages (at 0 pages/min), scraped 47 items (at 0 items/min)
[2026-05-02T20:18:18.249+0000] {subprocess.py:93} INFO - 2026-05-02 20:18:18 [scrapy.extensions.logstats] INFO: Crawled 6 pages (at 0 pages/min), scraped 47 items (at 0 items/min)
[2026-05-02T20:19:18.249+0000] {subprocess.py:93} INFO - 2026-05-02 20:19:18 [scrapy.extensions.logstats] INFO: Crawled 6 pages (at 0 pages/min), scraped 47 items (at 0 items/min)
[2026-05-02T20:20:18.249+0000] {subprocess.py:93} INFO - 2026-05-02 20:20:18 [scrapy.extensions.logstats] INFO: Crawled 6 pages (at 0 pages/min), scraped 47 items (at 0 items/min)
[2026-05-02T20:21:18.248+0000] {subprocess.py:93} INFO - 2026-05-02 20:21:18 [scrapy.extensions.logstats] INFO: Crawled 6 pages (at 0 pages/min), scraped 47 items (at 0 items/min)
[2026-05-02T20:22:18.249+0000] {subprocess.py:93} INFO - 2026-05-02 20:22:18 [scrapy.extensions.logstats] INFO: Crawled 6 pages (at 0 pages/min), scraped 47 items (at 0 items/min)
[2026-05-02T20:23:18.249+0000] {subprocess.py:93} INFO - 2026-05-02 20:23:18 [scrapy.extensions.logstats] INFO: Crawled 6 pages (at 0 pages/min), scraped 47 items (at 0 items/min)
[2026-05-02T20:24:18.249+0000] {subprocess.py:93} INFO - 2026-05-02 20:24:18 [scrapy.extensions.logstats] INFO: Crawled 6 pages (at 0 pages/min), scraped 47 items (at 0 items/min)
[2026-05-02T20:25:18.249+0000] {subprocess.py:93} INFO - 2026-05-02 20:25:18 [scrapy.extensions.logstats] INFO: Crawled 6 pages (at 0 pages/min), scraped 47 items (at 0 items/min)
[2026-05-02T20:26:18.249+0000] {subprocess.py:93} INFO - 2026-05-02 20:26:18 [scrapy.extensions.logstats] INFO: Crawled 6 pages (at 0 pages/min), scraped 47 items (at 0 items/min)
[2026-05-02T20:27:18.249+0000] {subprocess.py:93} INFO - 2026-05-02 20:27:18 [scrapy.extensions.logstats] INFO: Crawled 6 pages (at 0 pages/min), scraped 47 items (at 0 items/min)
[2026-05-02T20:28:18.249+0000] {subprocess.py:93} INFO - 2026-05-02 20:28:18 [scrapy.extensions.logstats] INFO: Crawled 6 pages (at 0 pages/min), scraped 47 items (at 0 items/min)
[2026-05-02T20:29:18.249+0000] {subprocess.py:93} INFO - 2026-05-02 20:29:18 [scrapy.extensions.logstats] INFO: Crawled 6 pages (at 0 pages/min), scraped 47 items (at 0 items/min)
[2026-05-02T20:30:18.249+0000] {subprocess.py:93} INFO - 2026-05-02 20:30:18 [scrapy.extensions.logstats] INFO: Crawled 6 pages (at 0 pages/min), scraped 47 items (at 0 items/min)
[2026-05-02T20:31:18.249+0000] {subprocess.py:93} INFO - 2026-05-02 20:31:18 [scrapy.extensions.logstats] INFO: Crawled 6 pages (at 0 pages/min), scraped 47 items (at 0 items/min)
[2026-05-02T20:32:18.249+0000] {subprocess.py:93} INFO - 2026-05-02 20:32:18 [scrapy.extensions.logstats] INFO: Crawled 6 pages (at 0 pages/min), scraped 47 items (at 0 items/min)
[2026-05-02T20:33:18.249+0000] {subprocess.py:93} INFO - 2026-05-02 20:33:18 [scrapy.extensions.logstats] INFO: Crawled 6 pages (at 0 pages/min), scraped 47 items (at 0 items/min)
[2026-05-02T20:34:18.249+0000] {subprocess.py:93} INFO - 2026-05-02 20:34:18 [scrapy.extensions.logstats] INFO: Crawled 6 pages (at 0 pages/min), scraped 47 items (at 0 items/min)
[2026-05-02T20:35:18.249+0000] {subprocess.py:93} INFO - 2026-05-02 20:35:18 [scrapy.extensions.logstats] INFO: Crawled 6 pages (at 0 pages/min), scraped 47 items (at 0 items/min)
[2026-05-02T20:36:18.249+0000] {subprocess.py:93} INFO - 2026-05-02 20:36:18 [scrapy.extensions.logstats] INFO: Crawled 6 pages (at 0 pages/min), scraped 47 items (at 0 items/min)
[2026-05-02T20:37:18.249+0000] {subprocess.py:93} INFO - 2026-05-02 20:37:18 [scrapy.extensions.logstats] INFO: Crawled 6 pages (at 0 pages/min), scraped 47 items (at 0 items/min)
[2026-05-02T20:38:18.249+0000] {subprocess.py:93} INFO - 2026-05-02 20:38:18 [scrapy.extensions.logstats] INFO: Crawled 6 pages (at 0 pages/min), scraped 47 items (at 0 items/min)
[2026-05-02T20:39:18.249+0000] {subprocess.py:93} INFO - 2026-05-02 20:39:18 [scrapy.extensions.logstats] INFO: Crawled 6 pages (at 0 pages/min), scraped 47 items (at 0 items/min)
[2026-05-02T20:40:18.249+0000] {subprocess.py:93} INFO - 2026-05-02 20:40:18 [scrapy.extensions.logstats] INFO: Crawled 6 pages (at 0 pages/min), scraped 47 items (at 0 items/min)
[2026-05-02T20:41:18.249+0000] {subprocess.py:93} INFO - 2026-05-02 20:41:18 [scrapy.extensions.logstats] INFO: Crawled 6 pages (at 0 pages/min), scraped 47 items (at 0 items/min)
[2026-05-02T20:42:18.248+0000] {subprocess.py:93} INFO - 2026-05-02 20:42:18 [scrapy.extensions.logstats] INFO: Crawled 6 pages (at 0 pages/min), scraped 47 items (at 0 items/min)
[2026-05-02T20:43:18.249+0000] {subprocess.py:93} INFO - 2026-05-02 20:43:18 [scrapy.extensions.logstats] INFO: Crawled 6 pages (at 0 pages/min), scraped 47 items (at 0 items/min)
[2026-05-02T20:44:18.249+0000] {subprocess.py:93} INFO - 2026-05-02 20:44:18 [scrapy.extensions.logstats] INFO: Crawled 6 pages (at 0 pages/min), scraped 47 items (at 0 items/min)
[2026-05-02T20:45:18.249+0000] {subprocess.py:93} INFO - 2026-05-02 20:45:18 [scrapy.extensions.logstats] INFO: Crawled 6 pages (at 0 pages/min), scraped 47 items (at 0 items/min)
[2026-05-02T20:46:18.249+0000] {subprocess.py:93} INFO - 2026-05-02 20:46:18 [scrapy.extensions.logstats] INFO: Crawled 6 pages (at 0 pages/min), scraped 47 items (at 0 items/min)
[2026-05-02T20:47:18.249+0000] {subprocess.py:93} INFO - 2026-05-02 20:47:18 [scrapy.extensions.logstats] INFO: Crawled 6 pages (at 0 pages/min), scraped 47 items (at 0 items/min)
[2026-05-02T20:48:18.249+0000] {subprocess.py:93} INFO - 2026-05-02 20:48:18 [scrapy.extensions.logstats] INFO: Crawled 6 pages (at 0 pages/min), scraped 47 items (at 0 items/min)
[2026-05-02T20:49:18.250+0000] {subprocess.py:93} INFO - 2026-05-02 20:49:18 [scrapy.extensions.logstats] INFO: Crawled 6 pages (at 0 pages/min), scraped 47 items (at 0 items/min)
[2026-05-02T20:50:18.249+0000] {subprocess.py:93} INFO - 2026-05-02 20:50:18 [scrapy.extensions.logstats] INFO: Crawled 6 pages (at 0 pages/min), scraped 47 items (at 0 items/min)
[2026-05-02T20:51:18.249+0000] {subprocess.py:93} INFO - 2026-05-02 20:51:18 [scrapy.extensions.logstats] INFO: Crawled 6 pages (at 0 pages/min), scraped 47 items (at 0 items/min)
[2026-05-02T20:52:18.249+0000] {subprocess.py:93} INFO - 2026-05-02 20:52:18 [scrapy.extensions.logstats] INFO: Crawled 6 pages (at 0 pages/min), scraped 47 items (at 0 items/min)
[2026-05-02T20:53:18.249+0000] {subprocess.py:93} INFO - 2026-05-02 20:53:18 [scrapy.extensions.logstats] INFO: Crawled 6 pages (at 0 pages/min), scraped 47 items (at 0 items/min)
[2026-05-02T20:54:18.249+0000] {subprocess.py:93} INFO - 2026-05-02 20:54:18 [scrapy.extensions.logstats] INFO: Crawled 6 pages (at 0 pages/min), scraped 47 items (at 0 items/min)
[2026-05-02T20:55:18.249+0000] {subprocess.py:93} INFO - 2026-05-02 20:55:18 [scrapy.extensions.logstats] INFO: Crawled 6 pages (at 0 pages/min), scraped 47 items (at 0 items/min)
[2026-05-02T20:56:18.249+0000] {subprocess.py:93} INFO - 2026-05-02 20:56:18 [scrapy.extensions.logstats] INFO: Crawled 6 pages (at 0 pages/min), scraped 47 items (at 0 items/min)
[2026-05-02T20:57:18.248+0000] {subprocess.py:93} INFO - 2026-05-02 20:57:18 [scrapy.extensions.logstats] INFO: Crawled 6 pages (at 0 pages/min), scraped 47 items (at 0 items/min)
[2026-05-02T20:58:18.249+0000] {subprocess.py:93} INFO - 2026-05-02 20:58:18 [scrapy.extensions.logstats] INFO: Crawled 6 pages (at 0 pages/min), scraped 47 items (at 0 items/min)
[2026-05-02T20:59:18.249+0000] {subprocess.py:93} INFO - 2026-05-02 20:59:18 [scrapy.extensions.logstats] INFO: Crawled 6 pages (at 0 pages/min), scraped 47 items (at 0 items/min)
[2026-05-02T21:00:18.249+0000] {subprocess.py:93} INFO - 2026-05-02 21:00:18 [scrapy.extensions.logstats] INFO: Crawled 6 pages (at 0 pages/min), scraped 47 items (at 0 items/min)
[2026-05-02T21:01:18.249+0000] {subprocess.py:93} INFO - 2026-05-02 21:01:18 [scrapy.extensions.logstats] INFO: Crawled 6 pages (at 0 pages/min), scraped 47 items (at 0 items/min)
[2026-05-02T21:02:18.249+0000] {subprocess.py:93} INFO - 2026-05-02 21:02:18 [scrapy.extensions.logstats] INFO: Crawled 6 pages (at 0 pages/min), scraped 47 items (at 0 items/min)
[2026-05-02T21:03:18.249+0000] {subprocess.py:93} INFO - 2026-05-02 21:03:18 [scrapy.extensions.logstats] INFO: Crawled 6 pages (at 0 pages/min), scraped 47 items (at 0 items/min)
[2026-05-02T21:04:18.249+0000] {subprocess.py:93} INFO - 2026-05-02 21:04:18 [scrapy.extensions.logstats] INFO: Crawled 6 pages (at 0 pages/min), scraped 47 items (at 0 items/min)
[2026-05-02T21:05:18.249+0000] {subprocess.py:93} INFO - 2026-05-02 21:05:18 [scrapy.extensions.logstats] INFO: Crawled 6 pages (at 0 pages/min), scraped 47 items (at 0 items/min)
[2026-05-02T21:06:18.249+0000] {subprocess.py:93} INFO - 2026-05-02 21:06:18 [scrapy.extensions.logstats] INFO: Crawled 6 pages (at 0 pages/min), scraped 47 items (at 0 items/min)
[2026-05-02T21:07:18.249+0000] {subprocess.py:93} INFO - 2026-05-02 21:07:18 [scrapy.extensions.logstats] INFO: Crawled 6 pages (at 0 pages/min), scraped 47 items (at 0 items/min)
[2026-05-02T21:08:18.249+0000] {subprocess.py:93} INFO - 2026-05-02 21:08:18 [scrapy.extensions.logstats] INFO: Crawled 6 pages (at 0 pages/min), scraped 47 items (at 0 items/min)
[2026-05-02T21:09:18.249+0000] {subprocess.py:93} INFO - 2026-05-02 21:09:18 [scrapy.extensions.logstats] INFO: Crawled 6 pages (at 0 pages/min), scraped 47 items (at 0 items/min)
[2026-05-02T21:10:18.249+0000] {subprocess.py:93} INFO - 2026-05-02 21:10:18 [scrapy.extensions.logstats] INFO: Crawled 6 pages (at 0 pages/min), scraped 47 items (at 0 items/min)
[2026-05-02T21:11:18.249+0000] {subprocess.py:93} INFO - 2026-05-02 21:11:18 [scrapy.extensions.logstats] INFO: Crawled 6 pages (at 0 pages/min), scraped 47 items (at 0 items/min)
[2026-05-02T21:12:18.249+0000] {subprocess.py:93} INFO - 2026-05-02 21:12:18 [scrapy.extensions.logstats] INFO: Crawled 6 pages (at 0 pages/min), scraped 47 items (at 0 items/min)
[2026-05-02T21:13:18.249+0000] {subprocess.py:93} INFO - 2026-05-02 21:13:18 [scrapy.extensions.logstats] INFO: Crawled 6 pages (at 0 pages/min), scraped 47 items (at 0 items/min)
[2026-05-02T21:14:18.249+0000] {subprocess.py:93} INFO - 2026-05-02 21:14:18 [scrapy.extensions.logstats] INFO: Crawled 6 pages (at 0 pages/min), scraped 47 items (at 0 items/min)
[2026-05-02T21:15:18.249+0000] {subprocess.py:93} INFO - 2026-05-02 21:15:18 [scrapy.extensions.logstats] INFO: Crawled 6 pages (at 0 pages/min), scraped 47 items (at 0 items/min)
[2026-05-02T21:16:18.248+0000] {subprocess.py:93} INFO - 2026-05-02 21:16:18 [scrapy.extensions.logstats] INFO: Crawled 6 pages (at 0 pages/min), scraped 47 items (at 0 items/min)
[2026-05-02T21:17:18.249+0000] {subprocess.py:93} INFO - 2026-05-02 21:17:18 [scrapy.extensions.logstats] INFO: Crawled 6 pages (at 0 pages/min), scraped 47 items (at 0 items/min)
[2026-05-02T21:18:18.249+0000] {subprocess.py:93} INFO - 2026-05-02 21:18:18 [scrapy.extensions.logstats] INFO: Crawled 6 pages (at 0 pages/min), scraped 47 items (at 0 items/min)
[2026-05-02T21:19:18.249+0000] {subprocess.py:93} INFO - 2026-05-02 21:19:18 [scrapy.extensions.logstats] INFO: Crawled 6 pages (at 0 pages/min), scraped 47 items (at 0 items/min)
[2026-05-02T21:20:18.249+0000] {subprocess.py:93} INFO - 2026-05-02 21:20:18 [scrapy.extensions.logstats] INFO: Crawled 6 pages (at 0 pages/min), scraped 47 items (at 0 items/min)
[2026-05-02T21:21:18.249+0000] {subprocess.py:93} INFO - 2026-05-02 21:21:18 [scrapy.extensions.logstats] INFO: Crawled 6 pages (at 0 pages/min), scraped 47 items (at 0 items/min)
[2026-05-02T21:22:18.249+0000] {subprocess.py:93} INFO - 2026-05-02 21:22:18 [scrapy.extensions.logstats] INFO: Crawled 6 pages (at 0 pages/min), scraped 47 items (at 0 items/min)
[2026-05-02T21:23:18.249+0000] {subprocess.py:93} INFO - 2026-05-02 21:23:18 [scrapy.extensions.logstats] INFO: Crawled 6 pages (at 0 pages/min), scraped 47 items (at 0 items/min)
[2026-05-02T21:24:18.249+0000] {subprocess.py:93} INFO - 2026-05-02 21:24:18 [scrapy.extensions.logstats] INFO: Crawled 6 pages (at 0 pages/min), scraped 47 items (at 0 items/min)
[2026-05-02T21:25:18.249+0000] {subprocess.py:93} INFO - 2026-05-02 21:25:18 [scrapy.extensions.logstats] INFO: Crawled 6 pages (at 0 pages/min), scraped 47 items (at 0 items/min)
[2026-05-02T21:26:18.249+0000] {subprocess.py:93} INFO - 2026-05-02 21:26:18 [scrapy.extensions.logstats] INFO: Crawled 6 pages (at 0 pages/min), scraped 47 items (at 0 items/min)
[2026-05-02T21:27:18.249+0000] {subprocess.py:93} INFO - 2026-05-02 21:27:18 [scrapy.extensions.logstats] INFO: Crawled 6 pages (at 0 pages/min), scraped 47 items (at 0 items/min)
[2026-05-02T21:28:18.249+0000] {subprocess.py:93} INFO - 2026-05-02 21:28:18 [scrapy.extensions.logstats] INFO: Crawled 6 pages (at 0 pages/min), scraped 47 items (at 0 items/min)
[2026-05-02T21:29:18.249+0000] {subprocess.py:93} INFO - 2026-05-02 21:29:18 [scrapy.extensions.logstats] INFO: Crawled 6 pages (at 0 pages/min), scraped 47 items (at 0 items/min)
[2026-05-02T21:30:18.249+0000] {subprocess.py:93} INFO - 2026-05-02 21:30:18 [scrapy.extensions.logstats] INFO: Crawled 6 pages (at 0 pages/min), scraped 47 items (at 0 items/min)
[2026-05-02T21:31:18.249+0000] {subprocess.py:93} INFO - 2026-05-02 21:31:18 [scrapy.extensions.logstats] INFO: Crawled 6 pages (at 0 pages/min), scraped 47 items (at 0 items/min)
[2026-05-02T21:32:18.248+0000] {subprocess.py:93} INFO - 2026-05-02 21:32:18 [scrapy.extensions.logstats] INFO: Crawled 6 pages (at 0 pages/min), scraped 47 items (at 0 items/min)
[2026-05-02T21:33:18.248+0000] {subprocess.py:93} INFO - 2026-05-02 21:33:18 [scrapy.extensions.logstats] INFO: Crawled 6 pages (at 0 pages/min), scraped 47 items (at 0 items/min)
[2026-05-02T21:34:18.249+0000] {subprocess.py:93} INFO - 2026-05-02 21:34:18 [scrapy.extensions.logstats] INFO: Crawled 6 pages (at 0 pages/min), scraped 47 items (at 0 items/min)
[2026-05-02T21:35:18.249+0000] {subprocess.py:93} INFO - 2026-05-02 21:35:18 [scrapy.extensions.logstats] INFO: Crawled 6 pages (at 0 pages/min), scraped 47 items (at 0 items/min)
[2026-05-02T21:36:18.249+0000] {subprocess.py:93} INFO - 2026-05-02 21:36:18 [scrapy.extensions.logstats] INFO: Crawled 6 pages (at 0 pages/min), scraped 47 items (at 0 items/min)
[2026-05-02T21:37:18.249+0000] {subprocess.py:93} INFO - 2026-05-02 21:37:18 [scrapy.extensions.logstats] INFO: Crawled 6 pages (at 0 pages/min), scraped 47 items (at 0 items/min)
[2026-05-02T21:38:18.249+0000] {subprocess.py:93} INFO - 2026-05-02 21:38:18 [scrapy.extensions.logstats] INFO: Crawled 6 pages (at 0 pages/min), scraped 47 items (at 0 items/min)
[2026-05-02T21:39:18.249+0000] {subprocess.py:93} INFO - 2026-05-02 21:39:18 [scrapy.extensions.logstats] INFO: Crawled 6 pages (at 0 pages/min), scraped 47 items (at 0 items/min)
[2026-05-02T21:40:18.249+0000] {subprocess.py:93} INFO - 2026-05-02 21:40:18 [scrapy.extensions.logstats] INFO: Crawled 6 pages (at 0 pages/min), scraped 47 items (at 0 items/min)
[2026-05-02T21:41:18.249+0000] {subprocess.py:93} INFO - 2026-05-02 21:41:18 [scrapy.extensions.logstats] INFO: Crawled 6 pages (at 0 pages/min), scraped 47 items (at 0 items/min)
[2026-05-02T21:42:18.249+0000] {subprocess.py:93} INFO - 2026-05-02 21:42:18 [scrapy.extensions.logstats] INFO: Crawled 6 pages (at 0 pages/min), scraped 47 items (at 0 items/min)
[2026-05-02T21:43:18.248+0000] {subprocess.py:93} INFO - 2026-05-02 21:43:18 [scrapy.extensions.logstats] INFO: Crawled 6 pages (at 0 pages/min), scraped 47 items (at 0 items/min)
[2026-05-02T21:44:18.249+0000] {subprocess.py:93} INFO - 2026-05-02 21:44:18 [scrapy.extensions.logstats] INFO: Crawled 6 pages (at 0 pages/min), scraped 47 items (at 0 items/min)
[2026-05-02T21:45:18.249+0000] {subprocess.py:93} INFO - 2026-05-02 21:45:18 [scrapy.extensions.logstats] INFO: Crawled 6 pages (at 0 pages/min), scraped 47 items (at 0 items/min)
[2026-05-02T21:46:18.249+0000] {subprocess.py:93} INFO - 2026-05-02 21:46:18 [scrapy.extensions.logstats] INFO: Crawled 6 pages (at 0 pages/min), scraped 47 items (at 0 items/min)
[2026-05-02T21:47:18.249+0000] {subprocess.py:93} INFO - 2026-05-02 21:47:18 [scrapy.extensions.logstats] INFO: Crawled 6 pages (at 0 pages/min), scraped 47 items (at 0 items/min)
[2026-05-02T21:48:18.249+0000] {subprocess.py:93} INFO - 2026-05-02 21:48:18 [scrapy.extensions.logstats] INFO: Crawled 6 pages (at 0 pages/min), scraped 47 items (at 0 items/min)
[2026-05-02T21:49:18.249+0000] {subprocess.py:93} INFO - 2026-05-02 21:49:18 [scrapy.extensions.logstats] INFO: Crawled 6 pages (at 0 pages/min), scraped 47 items (at 0 items/min)
[2026-05-02T21:50:18.248+0000] {subprocess.py:93} INFO - 2026-05-02 21:50:18 [scrapy.extensions.logstats] INFO: Crawled 6 pages (at 0 pages/min), scraped 47 items (at 0 items/min)
[2026-05-02T21:51:18.249+0000] {subprocess.py:93} INFO - 2026-05-02 21:51:18 [scrapy.extensions.logstats] INFO: Crawled 6 pages (at 0 pages/min), scraped 47 items (at 0 items/min)
[2026-05-02T21:52:18.249+0000] {subprocess.py:93} INFO - 2026-05-02 21:52:18 [scrapy.extensions.logstats] INFO: Crawled 6 pages (at 0 pages/min), scraped 47 items (at 0 items/min)
[2026-05-02T21:53:18.248+0000] {subprocess.py:93} INFO - 2026-05-02 21:53:18 [scrapy.extensions.logstats] INFO: Crawled 6 pages (at 0 pages/min), scraped 47 items (at 0 items/min)
[2026-05-02T21:54:18.249+0000] {subprocess.py:93} INFO - 2026-05-02 21:54:18 [scrapy.extensions.logstats] INFO: Crawled 6 pages (at 0 pages/min), scraped 47 items (at 0 items/min)
[2026-05-02T21:55:18.249+0000] {subprocess.py:93} INFO - 2026-05-02 21:55:18 [scrapy.extensions.logstats] INFO: Crawled 6 pages (at 0 pages/min), scraped 47 items (at 0 items/min)
[2026-05-02T21:56:18.248+0000] {subprocess.py:93} INFO - 2026-05-02 21:56:18 [scrapy.extensions.logstats] INFO: Crawled 6 pages (at 0 pages/min), scraped 47 items (at 0 items/min)
[2026-05-02T21:57:18.249+0000] {subprocess.py:93} INFO - 2026-05-02 21:57:18 [scrapy.extensions.logstats] INFO: Crawled 6 pages (at 0 pages/min), scraped 47 items (at 0 items/min)
[2026-05-02T21:58:17.617+0000] {timeout.py:68} ERROR - Process timed out, PID: 23228
[2026-05-02T21:58:17.618+0000] {subprocess.py:104} INFO - Sending SIGTERM signal to process group
[2026-05-02T21:58:17.629+0000] {taskinstance.py:2698} ERROR - Task failed with exception
Traceback (most recent call last):
  File "/home/airflow/.local/lib/python3.8/site-packages/airflow/models/taskinstance.py", line 428, in _execute_task
    result = execute_callable(context=context, **execute_callable_kwargs)
  File "/home/airflow/.local/lib/python3.8/site-packages/airflow/operators/bash.py", line 203, in execute
    result = self.subprocess_hook.run_command(
  File "/home/airflow/.local/lib/python3.8/site-packages/airflow/hooks/subprocess.py", line 91, in run_command
    for raw_line in iter(self.sub_process.stdout.readline, b""):
  File "/home/airflow/.local/lib/python3.8/site-packages/airflow/utils/timeout.py", line 69, in handle_timeout
    raise AirflowTaskTimeout(self.error_message)
airflow.exceptions.AirflowTaskTimeout: Timeout, PID: 23228
[2026-05-02T21:58:17.632+0000] {taskinstance.py:1138} INFO - Marking task as UP_FOR_RETRY. dag_id=market_intelligence_platform, task_id=parallel_scraping.scrape_iris, execution_date=20260502T195816, start_date=20260502T195817, end_date=20260502T215817
[2026-05-02T21:58:17.645+0000] {standard_task_runner.py:107} ERROR - Failed to execute job 56 for task parallel_scraping.scrape_iris (Timeout, PID: 23228; 23228)
[2026-05-02T21:58:17.673+0000] {local_task_job_runner.py:234} INFO - Task exited with return code 1
[2026-05-02T21:58:17.684+0000] {taskinstance.py:3280} INFO - 0 downstream tasks scheduled from follow-on schedule check
