[2026-05-04T14:07:32.349+0000] {taskinstance.py:1956} INFO - Dependencies all met for dep_context=non-requeueable deps ti=<TaskInstance: market_intelligence_platform.parallel_scraping.scrape_cosmos_tech manual__2026-05-04T14:07:31.559169+00:00 [queued]>
[2026-05-04T14:07:32.361+0000] {taskinstance.py:1956} INFO - Dependencies all met for dep_context=requeueable deps ti=<TaskInstance: market_intelligence_platform.parallel_scraping.scrape_cosmos_tech manual__2026-05-04T14:07:31.559169+00:00 [queued]>
[2026-05-04T14:07:32.361+0000] {taskinstance.py:2170} INFO - Starting attempt 1 of 2
[2026-05-04T14:07:32.385+0000] {taskinstance.py:2191} INFO - Executing <Task(BashOperator): parallel_scraping.scrape_cosmos_tech> on 2026-05-04 14:07:31.559169+00:00
[2026-05-04T14:07:32.392+0000] {standard_task_runner.py:60} INFO - Started process 39225 to run task
[2026-05-04T14:07:32.401+0000] {standard_task_runner.py:87} INFO - Running: ['***', 'tasks', 'run', 'market_intelligence_platform', 'parallel_scraping.scrape_cosmos_tech', 'manual__2026-05-04T14:07:31.559169+00:00', '--job-id', '387', '--raw', '--subdir', 'DAGS_FOLDER/jumia_scraper_dag.py', '--cfg-path', '/tmp/tmp18z548r5']
[2026-05-04T14:07:32.403+0000] {standard_task_runner.py:88} INFO - Job 387: Subtask parallel_scraping.scrape_cosmos_tech
[2026-05-04T14:07:32.485+0000] {task_command.py:423} INFO - Running <TaskInstance: market_intelligence_platform.parallel_scraping.scrape_cosmos_tech manual__2026-05-04T14:07:31.559169+00:00 [running]> on host c1627dbb6835
[2026-05-04T14:07:32.655+0000] {taskinstance.py:2480} INFO - Exporting env vars: AIRFLOW_CTX_DAG_OWNER='abdel' AIRFLOW_CTX_DAG_ID='market_intelligence_platform' AIRFLOW_CTX_TASK_ID='parallel_scraping.scrape_cosmos_tech' AIRFLOW_CTX_EXECUTION_DATE='2026-05-04T14:07:31.559169+00:00' AIRFLOW_CTX_TRY_NUMBER='1' AIRFLOW_CTX_DAG_RUN_ID='manual__2026-05-04T14:07:31.559169+00:00'
[2026-05-04T14:07:32.656+0000] {subprocess.py:63} INFO - Tmp dir root location: /tmp
[2026-05-04T14:07:32.657+0000] {subprocess.py:75} INFO - Running command: ['/usr/bin/bash', '-c', 'mkdir -p /opt/***/scrapers/market_bot/data && cd /opt/***/scrapers/market_bot && PYTHONPATH=/opt/***/scrapers/market_bot SCRAPY_SETTINGS_MODULE=market_bot.settings /home/***/.local/bin/scrapy crawl cosmos_tech -s LOG_LEVEL=INFO -o /opt/***/scrapers/market_bot/data/cosmos_tech_2026-05-04.jsonl']
[2026-05-04T14:07:32.671+0000] {subprocess.py:86} INFO - Output:
[2026-05-04T14:07:33.475+0000] {subprocess.py:93} INFO - 2026-05-04 14:07:33 [scrapy.utils.log] INFO: Scrapy 2.11.2 started (bot: market_bot)
[2026-05-04T14:07:33.475+0000] {subprocess.py:93} INFO - 2026-05-04 14:07:33 [scrapy.utils.log] INFO: Versions: lxml 5.1.0.0, libxml2 2.12.3, cssselect 1.2.0, parsel 1.9.1, w3lib 2.2.1, Twisted 25.5.0, Python 3.8.18 (default, Feb 13 2024, 11:06:24) - [GCC 12.2.0], pyOpenSSL 23.3.0 (OpenSSL 3.1.4 24 Oct 2023), cryptography 41.0.7, Platform Linux-6.19.11+kali-amd64-x86_64-with-glibc2.34
[2026-05-04T14:07:33.478+0000] {subprocess.py:93} INFO - 2026-05-04 14:07:33 [scrapy.addons] INFO: Enabled addons:
[2026-05-04T14:07:33.478+0000] {subprocess.py:93} INFO - []
[2026-05-04T14:07:33.493+0000] {subprocess.py:93} INFO - 2026-05-04 14:07:33 [scrapy.extensions.telnet] INFO: Telnet Password: 9555e233748ab0f3
[2026-05-04T14:07:33.774+0000] {subprocess.py:93} INFO - 2026-05-04 14:07:33 [scrapy.middleware] INFO: Enabled extensions:
[2026-05-04T14:07:33.774+0000] {subprocess.py:93} INFO - ['scrapy.extensions.corestats.CoreStats',
[2026-05-04T14:07:33.774+0000] {subprocess.py:93} INFO -  'scrapy.extensions.telnet.TelnetConsole',
[2026-05-04T14:07:33.774+0000] {subprocess.py:93} INFO -  'scrapy.extensions.memusage.MemoryUsage',
[2026-05-04T14:07:33.775+0000] {subprocess.py:93} INFO -  'scrapy.extensions.closespider.CloseSpider',
[2026-05-04T14:07:33.775+0000] {subprocess.py:93} INFO -  'scrapy.extensions.feedexport.FeedExporter',
[2026-05-04T14:07:33.775+0000] {subprocess.py:93} INFO -  'scrapy.extensions.logstats.LogStats',
[2026-05-04T14:07:33.775+0000] {subprocess.py:93} INFO -  'scrapy.extensions.throttle.AutoThrottle']
[2026-05-04T14:07:33.776+0000] {subprocess.py:93} INFO - 2026-05-04 14:07:33 [scrapy.crawler] INFO: Overridden settings:
[2026-05-04T14:07:33.777+0000] {subprocess.py:93} INFO - {'AUTOTHROTTLE_ENABLED': True,
[2026-05-04T14:07:33.777+0000] {subprocess.py:93} INFO -  'AUTOTHROTTLE_MAX_DELAY': 10,
[2026-05-04T14:07:33.777+0000] {subprocess.py:93} INFO -  'AUTOTHROTTLE_START_DELAY': 1,
[2026-05-04T14:07:33.777+0000] {subprocess.py:93} INFO -  'AUTOTHROTTLE_TARGET_CONCURRENCY': 2.0,
[2026-05-04T14:07:33.777+0000] {subprocess.py:93} INFO -  'BOT_NAME': 'market_bot',
[2026-05-04T14:07:33.777+0000] {subprocess.py:93} INFO -  'CLOSESPIDER_ITEMCOUNT': 50000,
[2026-05-04T14:07:33.778+0000] {subprocess.py:93} INFO -  'CLOSESPIDER_PAGECOUNT': 5000,
[2026-05-04T14:07:33.778+0000] {subprocess.py:93} INFO -  'CONCURRENT_REQUESTS': 4,
[2026-05-04T14:07:33.780+0000] {subprocess.py:93} INFO -  'CONCURRENT_REQUESTS_PER_DOMAIN': 2,
[2026-05-04T14:07:33.780+0000] {subprocess.py:93} INFO -  'DOWNLOAD_DELAY': 1.0,
[2026-05-04T14:07:33.783+0000] {subprocess.py:93} INFO -  'DOWNLOAD_TIMEOUT': 90,
[2026-05-04T14:07:33.783+0000] {subprocess.py:93} INFO -  'FEED_EXPORT_ENCODING': 'utf-8',
[2026-05-04T14:07:33.783+0000] {subprocess.py:93} INFO -  'LOG_LEVEL': 'INFO',
[2026-05-04T14:07:33.783+0000] {subprocess.py:93} INFO -  'NEWSPIDER_MODULE': 'market_bot.spiders',
[2026-05-04T14:07:33.783+0000] {subprocess.py:93} INFO -  'REQUEST_FINGERPRINTER_IMPLEMENTATION': '2.7',
[2026-05-04T14:07:33.783+0000] {subprocess.py:93} INFO -  'RETRY_HTTP_CODES': [500, 502, 503, 504, 408, 429],
[2026-05-04T14:07:33.784+0000] {subprocess.py:93} INFO -  'RETRY_TIMES': 5,
[2026-05-04T14:07:33.784+0000] {subprocess.py:93} INFO -  'SPIDER_MODULES': ['market_bot.spiders'],
[2026-05-04T14:07:33.784+0000] {subprocess.py:93} INFO -  'TWISTED_REACTOR': 'twisted.internet.asyncioreactor.AsyncioSelectorReactor',
[2026-05-04T14:07:33.784+0000] {subprocess.py:93} INFO -  'USER_AGENT': 'Mozilla/5.0 (Windows NT 10.0; Win64; x64) AppleWebKit/537.36 '
[2026-05-04T14:07:33.784+0000] {subprocess.py:93} INFO -                '(KHTML, like Gecko) Chrome/124.0.0.0 Safari/537.36'}
[2026-05-04T14:07:33.861+0000] {subprocess.py:93} INFO - 2026-05-04 14:07:33 [scrapy.middleware] INFO: Enabled downloader middlewares:
[2026-05-04T14:07:33.862+0000] {subprocess.py:93} INFO - ['scrapy.downloadermiddlewares.offsite.OffsiteMiddleware',
[2026-05-04T14:07:33.867+0000] {subprocess.py:93} INFO -  'scrapy.downloadermiddlewares.httpauth.HttpAuthMiddleware',
[2026-05-04T14:07:33.867+0000] {subprocess.py:93} INFO -  'scrapy.downloadermiddlewares.downloadtimeout.DownloadTimeoutMiddleware',
[2026-05-04T14:07:33.867+0000] {subprocess.py:93} INFO -  'scrapy.downloadermiddlewares.defaultheaders.DefaultHeadersMiddleware',
[2026-05-04T14:07:33.868+0000] {subprocess.py:93} INFO -  'scrapy.downloadermiddlewares.useragent.UserAgentMiddleware',
[2026-05-04T14:07:33.868+0000] {subprocess.py:93} INFO -  'scrapy.downloadermiddlewares.retry.RetryMiddleware',
[2026-05-04T14:07:33.868+0000] {subprocess.py:93} INFO -  'scrapy.downloadermiddlewares.redirect.MetaRefreshMiddleware',
[2026-05-04T14:07:33.868+0000] {subprocess.py:93} INFO -  'scrapy.downloadermiddlewares.httpcompression.HttpCompressionMiddleware',
[2026-05-04T14:07:33.868+0000] {subprocess.py:93} INFO -  'scrapy.downloadermiddlewares.redirect.RedirectMiddleware',
[2026-05-04T14:07:33.868+0000] {subprocess.py:93} INFO -  'scrapy.downloadermiddlewares.cookies.CookiesMiddleware',
[2026-05-04T14:07:33.869+0000] {subprocess.py:93} INFO -  'scrapy.downloadermiddlewares.httpproxy.HttpProxyMiddleware',
[2026-05-04T14:07:33.869+0000] {subprocess.py:93} INFO -  'scrapy.downloadermiddlewares.stats.DownloaderStats']
[2026-05-04T14:07:33.869+0000] {subprocess.py:93} INFO - 2026-05-04 14:07:33 [scrapy.middleware] INFO: Enabled spider middlewares:
[2026-05-04T14:07:33.869+0000] {subprocess.py:93} INFO - ['scrapy.spidermiddlewares.httperror.HttpErrorMiddleware',
[2026-05-04T14:07:33.869+0000] {subprocess.py:93} INFO -  'scrapy.spidermiddlewares.referer.RefererMiddleware',
[2026-05-04T14:07:33.869+0000] {subprocess.py:93} INFO -  'scrapy.spidermiddlewares.urllength.UrlLengthMiddleware',
[2026-05-04T14:07:33.869+0000] {subprocess.py:93} INFO -  'scrapy.spidermiddlewares.depth.DepthMiddleware']
[2026-05-04T14:07:33.877+0000] {subprocess.py:93} INFO - 2026-05-04 14:07:33 [scrapy.middleware] INFO: Enabled item pipelines:
[2026-05-04T14:07:33.877+0000] {subprocess.py:93} INFO - ['market_bot.pipelines.KafkaPipeline']
[2026-05-04T14:07:33.877+0000] {subprocess.py:93} INFO - 2026-05-04 14:07:33 [scrapy.core.engine] INFO: Spider opened
[2026-05-04T14:07:33.885+0000] {subprocess.py:93} INFO - 2026-05-04 14:07:33 [scrapy.extensions.logstats] INFO: Crawled 0 pages (at 0 pages/min), scraped 0 items (at 0 items/min)
[2026-05-04T14:07:33.888+0000] {subprocess.py:93} INFO - 2026-05-04 14:07:33 [scrapy.extensions.telnet] INFO: Telnet console listening on 127.0.0.1:6023
[2026-05-04T14:07:33.889+0000] {subprocess.py:93} INFO - 2026-05-04 14:07:33 [scrapy.core.engine] INFO: Closing spider (finished)
[2026-05-04T14:07:33.890+0000] {subprocess.py:93} INFO - 2026-05-04 14:07:33 [scrapy.core.engine] ERROR: Scraper close failure
[2026-05-04T14:07:33.890+0000] {subprocess.py:93} INFO - Traceback (most recent call last):
[2026-05-04T14:07:33.891+0000] {subprocess.py:93} INFO -   File "/home/***/.local/lib/python3.8/site-packages/twisted/internet/defer.py", line 1092, in _runCallbacks
[2026-05-04T14:07:33.891+0000] {subprocess.py:93} INFO -     current.result = callback(  # type: ignore[misc]
[2026-05-04T14:07:33.891+0000] {subprocess.py:93} INFO - TypeError: close_spider() takes 1 positional argument but 2 were given
[2026-05-04T14:07:33.895+0000] {subprocess.py:93} INFO - 2026-05-04 14:07:33 [scrapy.extensions.feedexport] INFO: Stored jsonl feed (0 items) in: /opt/***/scrapers/market_bot/data/cosmos_tech_2026-05-04.jsonl
[2026-05-04T14:07:33.895+0000] {subprocess.py:93} INFO - 2026-05-04 14:07:33 [scrapy.statscollectors] INFO: Dumping Scrapy stats:
[2026-05-04T14:07:33.896+0000] {subprocess.py:93} INFO - {'elapsed_time_seconds': 0.007299,
[2026-05-04T14:07:33.896+0000] {subprocess.py:93} INFO -  'feedexport/success_count/FileFeedStorage': 1,
[2026-05-04T14:07:33.896+0000] {subprocess.py:93} INFO -  'finish_reason': 'finished',
[2026-05-04T14:07:33.896+0000] {subprocess.py:93} INFO -  'finish_time': datetime.datetime(2026, 5, 4, 14, 7, 33, 891803, tzinfo=datetime.timezone.utc),
[2026-05-04T14:07:33.896+0000] {subprocess.py:93} INFO -  'log_count/ERROR': 1,
[2026-05-04T14:07:33.896+0000] {subprocess.py:93} INFO -  'log_count/INFO': 11,
[2026-05-04T14:07:33.897+0000] {subprocess.py:93} INFO -  'memusage/max': 155312128,
[2026-05-04T14:07:33.897+0000] {subprocess.py:93} INFO -  'memusage/startup': 155312128,
[2026-05-04T14:07:33.897+0000] {subprocess.py:93} INFO -  'start_time': datetime.datetime(2026, 5, 4, 14, 7, 33, 884504, tzinfo=datetime.timezone.utc)}
[2026-05-04T14:07:33.897+0000] {subprocess.py:93} INFO - 2026-05-04 14:07:33 [scrapy.core.engine] INFO: Spider closed (finished)
[2026-05-04T14:07:34.147+0000] {subprocess.py:97} INFO - Command exited with return code 0
[2026-05-04T14:07:34.193+0000] {taskinstance.py:1138} INFO - Marking task as SUCCESS. dag_id=market_intelligence_platform, task_id=parallel_scraping.scrape_cosmos_tech, execution_date=20260504T140731, start_date=20260504T140732, end_date=20260504T140734
[2026-05-04T14:07:34.228+0000] {local_task_job_runner.py:234} INFO - Task exited with return code 0
[2026-05-04T14:07:34.291+0000] {taskinstance.py:3280} INFO - 0 downstream tasks scheduled from follow-on schedule check
