[2026-04-27T19:34:35.009+0000] {taskinstance.py:1956} INFO - Dependencies all met for dep_context=non-requeueable deps ti=<TaskInstance: market_intelligence_platform.parallel_scraping.scrape_uno manual__2026-04-27T19:34:33.814973+00:00 [queued]>
[2026-04-27T19:34:35.014+0000] {taskinstance.py:1956} INFO - Dependencies all met for dep_context=requeueable deps ti=<TaskInstance: market_intelligence_platform.parallel_scraping.scrape_uno manual__2026-04-27T19:34:33.814973+00:00 [queued]>
[2026-04-27T19:34:35.015+0000] {taskinstance.py:2170} INFO - Starting attempt 1 of 2
[2026-04-27T19:34:35.025+0000] {taskinstance.py:2191} INFO - Executing <Task(BashOperator): parallel_scraping.scrape_uno> on 2026-04-27 19:34:33.814973+00:00
[2026-04-27T19:34:35.030+0000] {standard_task_runner.py:60} INFO - Started process 664 to run task
[2026-04-27T19:34:35.032+0000] {standard_task_runner.py:87} INFO - Running: ['***', 'tasks', 'run', 'market_intelligence_platform', 'parallel_scraping.scrape_uno', 'manual__2026-04-27T19:34:33.814973+00:00', '--job-id', '3', '--raw', '--subdir', 'DAGS_FOLDER/jumia_scraper_dag.py', '--cfg-path', '/tmp/tmpso2o9k1w']
[2026-04-27T19:34:35.033+0000] {standard_task_runner.py:88} INFO - Job 3: Subtask parallel_scraping.scrape_uno
[2026-04-27T19:34:35.074+0000] {task_command.py:423} INFO - Running <TaskInstance: market_intelligence_platform.parallel_scraping.scrape_uno manual__2026-04-27T19:34:33.814973+00:00 [running]> on host 06d840fa1869
[2026-04-27T19:34:35.147+0000] {taskinstance.py:2480} INFO - Exporting env vars: AIRFLOW_CTX_DAG_OWNER='abdel' AIRFLOW_CTX_DAG_ID='market_intelligence_platform' AIRFLOW_CTX_TASK_ID='parallel_scraping.scrape_uno' AIRFLOW_CTX_EXECUTION_DATE='2026-04-27T19:34:33.814973+00:00' AIRFLOW_CTX_TRY_NUMBER='1' AIRFLOW_CTX_DAG_RUN_ID='manual__2026-04-27T19:34:33.814973+00:00'
[2026-04-27T19:34:35.148+0000] {subprocess.py:63} INFO - Tmp dir root location: /tmp
[2026-04-27T19:34:35.148+0000] {subprocess.py:75} INFO - Running command: ['/usr/bin/bash', '-c', 'rm -f /opt/***/scrapers/market_bot/data/uno_2026-04-27.jsonl && cd /opt/***/scrapers/market_bot && scrapy crawl uno -s LOG_LEVEL=INFO -o /opt/***/scrapers/market_bot/data/uno_2026-04-27.jsonl']
[2026-04-27T19:34:35.155+0000] {subprocess.py:86} INFO - Output:
[2026-04-27T19:34:35.626+0000] {subprocess.py:93} INFO - 2026-04-27 19:34:35 [scrapy.utils.log] INFO: Scrapy 2.11.2 started (bot: market_bot)
[2026-04-27T19:34:35.627+0000] {subprocess.py:93} INFO - 2026-04-27 19:34:35 [scrapy.utils.log] INFO: Versions: lxml 5.1.0.0, libxml2 2.12.3, cssselect 1.2.0, parsel 1.9.1, w3lib 2.2.1, Twisted 25.5.0, Python 3.8.18 (default, Feb 13 2024, 11:06:24) - [GCC 12.2.0], pyOpenSSL 23.3.0 (OpenSSL 3.1.4 24 Oct 2023), cryptography 41.0.7, Platform Linux-6.19.11+kali-amd64-x86_64-with-glibc2.34
[2026-04-27T19:34:35.629+0000] {subprocess.py:93} INFO - 2026-04-27 19:34:35 [scrapy.addons] INFO: Enabled addons:
[2026-04-27T19:34:35.629+0000] {subprocess.py:93} INFO - []
[2026-04-27T19:34:35.636+0000] {subprocess.py:93} INFO - 2026-04-27 19:34:35 [scrapy.extensions.telnet] INFO: Telnet Password: a85080923b0295f3
[2026-04-27T19:34:35.853+0000] {subprocess.py:93} INFO - 2026-04-27 19:34:35 [scrapy.middleware] INFO: Enabled extensions:
[2026-04-27T19:34:35.854+0000] {subprocess.py:93} INFO - ['scrapy.extensions.corestats.CoreStats',
[2026-04-27T19:34:35.854+0000] {subprocess.py:93} INFO -  'scrapy.extensions.telnet.TelnetConsole',
[2026-04-27T19:34:35.854+0000] {subprocess.py:93} INFO -  'scrapy.extensions.memusage.MemoryUsage',
[2026-04-27T19:34:35.854+0000] {subprocess.py:93} INFO -  'scrapy.extensions.closespider.CloseSpider',
[2026-04-27T19:34:35.854+0000] {subprocess.py:93} INFO -  'scrapy.extensions.feedexport.FeedExporter',
[2026-04-27T19:34:35.854+0000] {subprocess.py:93} INFO -  'scrapy.extensions.logstats.LogStats',
[2026-04-27T19:34:35.855+0000] {subprocess.py:93} INFO -  'scrapy.extensions.throttle.AutoThrottle']
[2026-04-27T19:34:35.855+0000] {subprocess.py:93} INFO - 2026-04-27 19:34:35 [scrapy.crawler] INFO: Overridden settings:
[2026-04-27T19:34:35.855+0000] {subprocess.py:93} INFO - {'ASYNCIO_EVENT_LOOP': 'asyncio.selector_events.BaseSelectorEventLoop',
[2026-04-27T19:34:35.855+0000] {subprocess.py:93} INFO -  'AUTOTHROTTLE_ENABLED': True,
[2026-04-27T19:34:35.855+0000] {subprocess.py:93} INFO -  'AUTOTHROTTLE_START_DELAY': 2.0,
[2026-04-27T19:34:35.855+0000] {subprocess.py:93} INFO -  'AUTOTHROTTLE_TARGET_CONCURRENCY': 2.0,
[2026-04-27T19:34:35.855+0000] {subprocess.py:93} INFO -  'BOT_NAME': 'market_bot',
[2026-04-27T19:34:35.855+0000] {subprocess.py:93} INFO -  'CLOSESPIDER_ITEMCOUNT': 50000,
[2026-04-27T19:34:35.856+0000] {subprocess.py:93} INFO -  'CLOSESPIDER_PAGECOUNT': 5000,
[2026-04-27T19:34:35.856+0000] {subprocess.py:93} INFO -  'CONCURRENT_REQUESTS': 32,
[2026-04-27T19:34:35.856+0000] {subprocess.py:93} INFO -  'CONCURRENT_REQUESTS_PER_DOMAIN': 16,
[2026-04-27T19:34:35.856+0000] {subprocess.py:93} INFO -  'DOWNLOAD_TIMEOUT': 90,
[2026-04-27T19:34:35.856+0000] {subprocess.py:93} INFO -  'FEED_EXPORT_ENCODING': 'utf-8',
[2026-04-27T19:34:35.856+0000] {subprocess.py:93} INFO -  'LOG_LEVEL': 'INFO',
[2026-04-27T19:34:35.856+0000] {subprocess.py:93} INFO -  'NEWSPIDER_MODULE': 'market_bot.spiders',
[2026-04-27T19:34:35.857+0000] {subprocess.py:93} INFO -  'REQUEST_FINGERPRINTER_IMPLEMENTATION': '2.7',
[2026-04-27T19:34:35.857+0000] {subprocess.py:93} INFO -  'RETRY_HTTP_CODES': [500, 502, 503, 504, 408, 429],
[2026-04-27T19:34:35.857+0000] {subprocess.py:93} INFO -  'RETRY_TIMES': 5,
[2026-04-27T19:34:35.857+0000] {subprocess.py:93} INFO -  'SPIDER_MODULES': ['market_bot.spiders'],
[2026-04-27T19:34:35.857+0000] {subprocess.py:93} INFO -  'TWISTED_REACTOR': 'twisted.internet.asyncioreactor.AsyncioSelectorReactor',
[2026-04-27T19:34:35.857+0000] {subprocess.py:93} INFO -  'USER_AGENT': 'Mozilla/5.0 (Windows NT 10.0; Win64; x64) AppleWebKit/537.36 '
[2026-04-27T19:34:35.857+0000] {subprocess.py:93} INFO -                '(KHTML, like Gecko) Chrome/124.0.0.0 Safari/537.36'}
[2026-04-27T19:34:35.925+0000] {subprocess.py:93} INFO - 2026-04-27 19:34:35 [scrapy.middleware] INFO: Enabled downloader middlewares:
[2026-04-27T19:34:35.925+0000] {subprocess.py:93} INFO - ['scrapy.downloadermiddlewares.offsite.OffsiteMiddleware',
[2026-04-27T19:34:35.925+0000] {subprocess.py:93} INFO -  'scrapy.downloadermiddlewares.httpauth.HttpAuthMiddleware',
[2026-04-27T19:34:35.925+0000] {subprocess.py:93} INFO -  'scrapy.downloadermiddlewares.downloadtimeout.DownloadTimeoutMiddleware',
[2026-04-27T19:34:35.925+0000] {subprocess.py:93} INFO -  'scrapy.downloadermiddlewares.defaultheaders.DefaultHeadersMiddleware',
[2026-04-27T19:34:35.926+0000] {subprocess.py:93} INFO -  'scrapy.downloadermiddlewares.useragent.UserAgentMiddleware',
[2026-04-27T19:34:35.926+0000] {subprocess.py:93} INFO -  'scrapy.downloadermiddlewares.retry.RetryMiddleware',
[2026-04-27T19:34:35.926+0000] {subprocess.py:93} INFO -  'scrapy.downloadermiddlewares.redirect.MetaRefreshMiddleware',
[2026-04-27T19:34:35.926+0000] {subprocess.py:93} INFO -  'scrapy.downloadermiddlewares.httpcompression.HttpCompressionMiddleware',
[2026-04-27T19:34:35.926+0000] {subprocess.py:93} INFO -  'scrapy.downloadermiddlewares.redirect.RedirectMiddleware',
[2026-04-27T19:34:35.926+0000] {subprocess.py:93} INFO -  'scrapy.downloadermiddlewares.cookies.CookiesMiddleware',
[2026-04-27T19:34:35.926+0000] {subprocess.py:93} INFO -  'scrapy.downloadermiddlewares.httpproxy.HttpProxyMiddleware',
[2026-04-27T19:34:35.927+0000] {subprocess.py:93} INFO -  'scrapy.downloadermiddlewares.stats.DownloaderStats']
[2026-04-27T19:34:35.927+0000] {subprocess.py:93} INFO - 2026-04-27 19:34:35 [scrapy.middleware] INFO: Enabled spider middlewares:
[2026-04-27T19:34:35.927+0000] {subprocess.py:93} INFO - ['scrapy.spidermiddlewares.httperror.HttpErrorMiddleware',
[2026-04-27T19:34:35.927+0000] {subprocess.py:93} INFO -  'scrapy.spidermiddlewares.referer.RefererMiddleware',
[2026-04-27T19:34:35.927+0000] {subprocess.py:93} INFO -  'scrapy.spidermiddlewares.urllength.UrlLengthMiddleware',
[2026-04-27T19:34:35.927+0000] {subprocess.py:93} INFO -  'scrapy.spidermiddlewares.depth.DepthMiddleware']
[2026-04-27T19:34:35.934+0000] {subprocess.py:93} INFO - %4|1777318475.934|CONFWARN|scrapy-bot#producer-1| [thrd:app]: Configuration property api.version.request is deprecated: **Post-deprecation actions: remove this configuration property, brokers < 0.10.0 won't be supported anymore in librdkafka 3.x.** Request broker's supported API versions to adjust functionality to available protocol features. If set to false, or the ApiVersionRequest fails, the fallback version `broker.version.fallback` will be used. **NOTE**: Depends on broker version >=0.10.0. If the request is not supported by (an older) broker the `broker.version.fallback` fallback is used.
[2026-04-27T19:34:35.935+0000] {subprocess.py:93} INFO - %4|1777318475.934|CONFWARN|scrapy-bot#producer-1| [thrd:app]: Configuration property broker.version.fallback is deprecated: **Post-deprecation actions: remove this configuration property, brokers < 0.10.0 won't be supported anymore in librdkafka 3.x.** Older broker versions (before 0.10.0) provide no way for a client to query for supported protocol features (ApiVersionRequest, see `api.version.request`) making it impossible for the client to know what features it may use. As a workaround a user may set this property to the expected broker version and the client will automatically adjust its feature set accordingly if the ApiVersionRequest fails (or is disabled). The fallback broker version will be used for `api.version.fallback.ms`. Valid values are: 0.9.0, 0.8.2, 0.8.1, 0.8.0. Any other value >= 0.10, such as 0.10.2.1, enables ApiVersionRequests.
[2026-04-27T19:34:35.935+0000] {subprocess.py:93} INFO - 2026-04-27 19:34:35 [scrapy.middleware] INFO: Enabled item pipelines:
[2026-04-27T19:34:35.935+0000] {subprocess.py:93} INFO - ['market_bot.pipelines.KafkaPipeline']
[2026-04-27T19:34:35.935+0000] {subprocess.py:93} INFO - 2026-04-27 19:34:35 [scrapy.core.engine] INFO: Spider opened
[2026-04-27T19:34:35.940+0000] {subprocess.py:93} INFO - 2026-04-27 19:34:35 [scrapy.extensions.logstats] INFO: Crawled 0 pages (at 0 pages/min), scraped 0 items (at 0 items/min)
[2026-04-27T19:34:35.941+0000] {subprocess.py:93} INFO - 2026-04-27 19:34:35 [scrapy.extensions.telnet] INFO: Telnet console listening on 127.0.0.1:6026
[2026-04-27T19:34:35.941+0000] {subprocess.py:93} INFO - 2026-04-27 19:34:35 [scrapy-playwright] INFO: Starting download handler
[2026-04-27T19:34:35.941+0000] {subprocess.py:93} INFO - 2026-04-27 19:34:35 [scrapy-playwright] INFO: Starting download handler
[2026-04-27T19:34:35.942+0000] {subprocess.py:93} INFO - 2026-04-27 19:34:35 [asyncio] ERROR: Task exception was never retrieved
[2026-04-27T19:34:35.942+0000] {subprocess.py:93} INFO - future: <Task finished name='Task-3' coro=<Connection.run() done, defined at /home/***/.local/lib/python3.8/site-packages/playwright/_impl/_connection.py:269> exception=NotImplementedError()>
[2026-04-27T19:34:35.943+0000] {subprocess.py:93} INFO - Traceback (most recent call last):
[2026-04-27T19:34:35.943+0000] {subprocess.py:93} INFO -   File "/home/***/.local/lib/python3.8/site-packages/playwright/_impl/_connection.py", line 276, in run
[2026-04-27T19:34:35.943+0000] {subprocess.py:93} INFO -     await self._transport.connect()
[2026-04-27T19:34:35.943+0000] {subprocess.py:93} INFO -   File "/home/***/.local/lib/python3.8/site-packages/playwright/_impl/_transport.py", line 133, in connect
[2026-04-27T19:34:35.943+0000] {subprocess.py:93} INFO -     raise exc
[2026-04-27T19:34:35.943+0000] {subprocess.py:93} INFO -   File "/home/***/.local/lib/python3.8/site-packages/playwright/_impl/_transport.py", line 120, in connect
[2026-04-27T19:34:35.943+0000] {subprocess.py:93} INFO -     self._proc = await asyncio.create_subprocess_exec(
[2026-04-27T19:34:35.944+0000] {subprocess.py:93} INFO -   File "/usr/local/lib/python3.8/asyncio/subprocess.py", line 236, in create_subprocess_exec
[2026-04-27T19:34:35.944+0000] {subprocess.py:93} INFO -     transport, protocol = await loop.subprocess_exec(
[2026-04-27T19:34:35.944+0000] {subprocess.py:93} INFO -   File "/usr/local/lib/python3.8/asyncio/base_events.py", line 1630, in subprocess_exec
[2026-04-27T19:34:35.944+0000] {subprocess.py:93} INFO -     transport = await self._make_subprocess_transport(
[2026-04-27T19:34:35.944+0000] {subprocess.py:93} INFO -   File "/usr/local/lib/python3.8/asyncio/base_events.py", line 491, in _make_subprocess_transport
[2026-04-27T19:34:35.944+0000] {subprocess.py:93} INFO -     raise NotImplementedError
[2026-04-27T19:34:35.944+0000] {subprocess.py:93} INFO - NotImplementedError
[2026-04-27T19:34:35.944+0000] {subprocess.py:93} INFO - 2026-04-27 19:34:35 [asyncio] ERROR: Task exception was never retrieved
[2026-04-27T19:34:35.945+0000] {subprocess.py:93} INFO - future: <Task finished name='Task-4' coro=<Connection.run() done, defined at /home/***/.local/lib/python3.8/site-packages/playwright/_impl/_connection.py:269> exception=NotImplementedError()>
[2026-04-27T19:34:35.945+0000] {subprocess.py:93} INFO - Traceback (most recent call last):
[2026-04-27T19:34:35.945+0000] {subprocess.py:93} INFO -   File "/home/***/.local/lib/python3.8/site-packages/playwright/_impl/_connection.py", line 276, in run
[2026-04-27T19:34:35.945+0000] {subprocess.py:93} INFO -     await self._transport.connect()
[2026-04-27T19:34:35.946+0000] {subprocess.py:93} INFO -   File "/home/***/.local/lib/python3.8/site-packages/playwright/_impl/_transport.py", line 133, in connect
[2026-04-27T19:34:35.946+0000] {subprocess.py:93} INFO -     raise exc
[2026-04-27T19:34:35.946+0000] {subprocess.py:93} INFO -   File "/home/***/.local/lib/python3.8/site-packages/playwright/_impl/_transport.py", line 120, in connect
[2026-04-27T19:34:35.946+0000] {subprocess.py:93} INFO -     self._proc = await asyncio.create_subprocess_exec(
[2026-04-27T19:34:35.946+0000] {subprocess.py:93} INFO -   File "/usr/local/lib/python3.8/asyncio/subprocess.py", line 236, in create_subprocess_exec
[2026-04-27T19:34:35.947+0000] {subprocess.py:93} INFO -     transport, protocol = await loop.subprocess_exec(
[2026-04-27T19:34:35.947+0000] {subprocess.py:93} INFO -   File "/usr/local/lib/python3.8/asyncio/base_events.py", line 1630, in subprocess_exec
[2026-04-27T19:34:35.947+0000] {subprocess.py:93} INFO -     transport = await self._make_subprocess_transport(
[2026-04-27T19:34:35.947+0000] {subprocess.py:93} INFO -   File "/usr/local/lib/python3.8/asyncio/base_events.py", line 491, in _make_subprocess_transport
[2026-04-27T19:34:35.947+0000] {subprocess.py:93} INFO -     raise NotImplementedError
[2026-04-27T19:34:35.947+0000] {subprocess.py:93} INFO - NotImplementedError
[2026-04-27T19:34:35.947+0000] {subprocess.py:93} INFO - 2026-04-27 19:34:35 [scrapy.utils.signal] ERROR: Error caught on signal handler: <bound method ScrapyPlaywrightDownloadHandler._engine_started of <scrapy_playwright.handler.ScrapyPlaywrightDownloadHandler object at 0x7f86416a4ca0>>
[2026-04-27T19:34:35.947+0000] {subprocess.py:93} INFO - Traceback (most recent call last):
[2026-04-27T19:34:35.948+0000] {subprocess.py:93} INFO -   File "/home/***/.local/lib/python3.8/site-packages/twisted/internet/defer.py", line 1257, in adapt
[2026-04-27T19:34:35.948+0000] {subprocess.py:93} INFO -     extracted: _SelfResultT | Failure = result.result()
[2026-04-27T19:34:35.948+0000] {subprocess.py:93} INFO -   File "/home/***/.local/lib/python3.8/site-packages/scrapy_playwright/handler.py", line 188, in _launch
[2026-04-27T19:34:35.948+0000] {subprocess.py:93} INFO -     self.playwright = await self.playwright_context_manager.start()
[2026-04-27T19:34:35.948+0000] {subprocess.py:93} INFO -   File "/home/***/.local/lib/python3.8/site-packages/playwright/async_api/_context_manager.py", line 51, in start
[2026-04-27T19:34:35.948+0000] {subprocess.py:93} INFO -     return await self.__aenter__()
[2026-04-27T19:34:35.948+0000] {subprocess.py:93} INFO -   File "/home/***/.local/lib/python3.8/site-packages/playwright/async_api/_context_manager.py", line 46, in __aenter__
[2026-04-27T19:34:35.948+0000] {subprocess.py:93} INFO -     playwright = AsyncPlaywright(next(iter(done)).result())
[2026-04-27T19:34:35.949+0000] {subprocess.py:93} INFO -   File "/home/***/.local/lib/python3.8/site-packages/playwright/_impl/_connection.py", line 276, in run
[2026-04-27T19:34:35.949+0000] {subprocess.py:93} INFO -     await self._transport.connect()
[2026-04-27T19:34:35.949+0000] {subprocess.py:93} INFO -   File "/home/***/.local/lib/python3.8/site-packages/playwright/_impl/_transport.py", line 133, in connect
[2026-04-27T19:34:35.949+0000] {subprocess.py:93} INFO -     raise exc
[2026-04-27T19:34:35.949+0000] {subprocess.py:93} INFO -   File "/home/***/.local/lib/python3.8/site-packages/playwright/_impl/_transport.py", line 120, in connect
[2026-04-27T19:34:35.949+0000] {subprocess.py:93} INFO -     self._proc = await asyncio.create_subprocess_exec(
[2026-04-27T19:34:35.949+0000] {subprocess.py:93} INFO -   File "/usr/local/lib/python3.8/asyncio/subprocess.py", line 236, in create_subprocess_exec
[2026-04-27T19:34:35.949+0000] {subprocess.py:93} INFO -     transport, protocol = await loop.subprocess_exec(
[2026-04-27T19:34:35.949+0000] {subprocess.py:93} INFO -   File "/usr/local/lib/python3.8/asyncio/base_events.py", line 1630, in subprocess_exec
[2026-04-27T19:34:35.949+0000] {subprocess.py:93} INFO -     transport = await self._make_subprocess_transport(
[2026-04-27T19:34:35.949+0000] {subprocess.py:93} INFO -   File "/usr/local/lib/python3.8/asyncio/base_events.py", line 491, in _make_subprocess_transport
[2026-04-27T19:34:35.950+0000] {subprocess.py:93} INFO -     raise NotImplementedError
[2026-04-27T19:34:35.950+0000] {subprocess.py:93} INFO - NotImplementedError
[2026-04-27T19:34:35.950+0000] {subprocess.py:93} INFO - 2026-04-27 19:34:35 [scrapy.utils.signal] ERROR: Error caught on signal handler: <bound method ScrapyPlaywrightDownloadHandler._engine_started of <scrapy_playwright.handler.ScrapyPlaywrightDownloadHandler object at 0x7f8641112ac0>>
[2026-04-27T19:34:35.950+0000] {subprocess.py:93} INFO - Traceback (most recent call last):
[2026-04-27T19:34:35.950+0000] {subprocess.py:93} INFO -   File "/home/***/.local/lib/python3.8/site-packages/twisted/internet/defer.py", line 1257, in adapt
[2026-04-27T19:34:35.950+0000] {subprocess.py:93} INFO -     extracted: _SelfResultT | Failure = result.result()
[2026-04-27T19:34:35.950+0000] {subprocess.py:93} INFO -   File "/home/***/.local/lib/python3.8/site-packages/scrapy_playwright/handler.py", line 188, in _launch
[2026-04-27T19:34:35.950+0000] {subprocess.py:93} INFO -     self.playwright = await self.playwright_context_manager.start()
[2026-04-27T19:34:35.950+0000] {subprocess.py:93} INFO -   File "/home/***/.local/lib/python3.8/site-packages/playwright/async_api/_context_manager.py", line 51, in start
[2026-04-27T19:34:35.950+0000] {subprocess.py:93} INFO -     return await self.__aenter__()
[2026-04-27T19:34:35.951+0000] {subprocess.py:93} INFO -   File "/home/***/.local/lib/python3.8/site-packages/playwright/async_api/_context_manager.py", line 46, in __aenter__
[2026-04-27T19:34:35.951+0000] {subprocess.py:93} INFO -     playwright = AsyncPlaywright(next(iter(done)).result())
[2026-04-27T19:34:35.951+0000] {subprocess.py:93} INFO -   File "/home/***/.local/lib/python3.8/site-packages/playwright/_impl/_connection.py", line 276, in run
[2026-04-27T19:34:35.951+0000] {subprocess.py:93} INFO -     await self._transport.connect()
[2026-04-27T19:34:35.951+0000] {subprocess.py:93} INFO -   File "/home/***/.local/lib/python3.8/site-packages/playwright/_impl/_transport.py", line 133, in connect
[2026-04-27T19:34:35.951+0000] {subprocess.py:93} INFO -     raise exc
[2026-04-27T19:34:35.952+0000] {subprocess.py:93} INFO -   File "/home/***/.local/lib/python3.8/site-packages/playwright/_impl/_transport.py", line 120, in connect
[2026-04-27T19:34:35.952+0000] {subprocess.py:93} INFO -     self._proc = await asyncio.create_subprocess_exec(
[2026-04-27T19:34:35.952+0000] {subprocess.py:93} INFO -   File "/usr/local/lib/python3.8/asyncio/subprocess.py", line 236, in create_subprocess_exec
[2026-04-27T19:34:35.952+0000] {subprocess.py:93} INFO -     transport, protocol = await loop.subprocess_exec(
[2026-04-27T19:34:35.952+0000] {subprocess.py:93} INFO -   File "/usr/local/lib/python3.8/asyncio/base_events.py", line 1630, in subprocess_exec
[2026-04-27T19:34:35.952+0000] {subprocess.py:93} INFO -     transport = await self._make_subprocess_transport(
[2026-04-27T19:34:35.952+0000] {subprocess.py:93} INFO -   File "/usr/local/lib/python3.8/asyncio/base_events.py", line 491, in _make_subprocess_transport
[2026-04-27T19:34:35.952+0000] {subprocess.py:93} INFO -     raise NotImplementedError
[2026-04-27T19:34:35.953+0000] {subprocess.py:93} INFO - NotImplementedError
[2026-04-27T19:34:35.986+0000] {subprocess.py:93} INFO - %3|1777318475.986|FAIL|scrapy-bot#producer-1| [thrd:localhost:9092/1]: localhost:9092/1: Connect to ipv4#127.0.0.1:9092 failed: Connection refused (after 0ms in state CONNECT)
[2026-04-27T19:34:36.935+0000] {subprocess.py:93} INFO - %3|1777318476.935|FAIL|scrapy-bot#producer-1| [thrd:localhost:9092/1]: localhost:9092/1: Connect to ipv4#127.0.0.1:9092 failed: Connection refused (after 0ms in state CONNECT, 1 identical error(s) suppressed)
[2026-04-27T19:34:40.938+0000] {subprocess.py:93} INFO - %4|1777318480.938|GETPID|scrapy-bot#producer-1| [thrd:main]: Failed to acquire idempotence PID from broker kafka:9092/bootstrap: Local: Broker handle destroyed without termination: retrying
[2026-04-27T19:34:41.047+0000] {subprocess.py:93} INFO - 2026-04-27 19:34:41 [scrapy.core.scraper] ERROR: Error downloading <GET https://uno.ma/mac-maroc>
[2026-04-27T19:34:41.047+0000] {subprocess.py:93} INFO - Traceback (most recent call last):
[2026-04-27T19:34:41.047+0000] {subprocess.py:93} INFO -   File "/home/***/.local/lib/python3.8/site-packages/twisted/internet/defer.py", line 1853, in _inlineCallbacks
[2026-04-27T19:34:41.047+0000] {subprocess.py:93} INFO -     result = context.run(
[2026-04-27T19:34:41.047+0000] {subprocess.py:93} INFO -   File "/home/***/.local/lib/python3.8/site-packages/twisted/python/failure.py", line 467, in throwExceptionIntoGenerator
[2026-04-27T19:34:41.047+0000] {subprocess.py:93} INFO -     return g.throw(self.value.with_traceback(self.tb))
[2026-04-27T19:34:41.048+0000] {subprocess.py:93} INFO -   File "/home/***/.local/lib/python3.8/site-packages/scrapy/core/downloader/middleware.py", line 54, in process_request
[2026-04-27T19:34:41.048+0000] {subprocess.py:93} INFO -     return (yield download_func(request=request, spider=spider))
[2026-04-27T19:34:41.048+0000] {subprocess.py:93} INFO -   File "/home/***/.local/lib/python3.8/site-packages/twisted/internet/defer.py", line 1257, in adapt
[2026-04-27T19:34:41.048+0000] {subprocess.py:93} INFO -     extracted: _SelfResultT | Failure = result.result()
[2026-04-27T19:34:41.048+0000] {subprocess.py:93} INFO -   File "/home/***/.local/lib/python3.8/site-packages/scrapy_playwright/handler.py", line 380, in _download_request
[2026-04-27T19:34:41.048+0000] {subprocess.py:93} INFO -     return await self._download_request_with_retry(request=request, spider=spider)
[2026-04-27T19:34:41.048+0000] {subprocess.py:93} INFO -   File "/home/***/.local/lib/python3.8/site-packages/scrapy_playwright/handler.py", line 399, in _download_request_with_retry
[2026-04-27T19:34:41.048+0000] {subprocess.py:93} INFO -     page = await self._create_page(request=request, spider=spider)
[2026-04-27T19:34:41.048+0000] {subprocess.py:93} INFO -   File "/home/***/.local/lib/python3.8/site-packages/scrapy_playwright/handler.py", line 297, in _create_page
[2026-04-27T19:34:41.048+0000] {subprocess.py:93} INFO -     ctx_wrapper = await self._create_browser_context(
[2026-04-27T19:34:41.048+0000] {subprocess.py:93} INFO -   File "/home/***/.local/lib/python3.8/site-packages/scrapy_playwright/handler.py", line 258, in _create_browser_context
[2026-04-27T19:34:41.048+0000] {subprocess.py:93} INFO -     await self._maybe_launch_browser()
[2026-04-27T19:34:41.048+0000] {subprocess.py:93} INFO -   File "/home/***/.local/lib/python3.8/site-packages/scrapy_playwright/handler.py", line 205, in _maybe_launch_browser
[2026-04-27T19:34:41.049+0000] {subprocess.py:93} INFO -     logger.info("Launching browser %s", self.browser_type.name)
[2026-04-27T19:34:41.049+0000] {subprocess.py:93} INFO - AttributeError: 'ScrapyPlaywrightDownloadHandler' object has no attribute 'browser_type'
[2026-04-27T19:34:41.938+0000] {subprocess.py:93} INFO - %4|1777318481.938|GETPID|scrapy-bot#producer-1| [thrd:main]: Failed to acquire idempotence PID from broker kafka:9092/bootstrap: Local: Broker handle destroyed without termination: retrying
[2026-04-27T19:34:43.378+0000] {subprocess.py:93} INFO - 2026-04-27 19:34:43 [scrapy.core.scraper] ERROR: Error downloading <GET https://uno.ma/iphone-maroc>
[2026-04-27T19:34:43.379+0000] {subprocess.py:93} INFO - Traceback (most recent call last):
[2026-04-27T19:34:43.379+0000] {subprocess.py:93} INFO -   File "/home/***/.local/lib/python3.8/site-packages/twisted/internet/defer.py", line 1853, in _inlineCallbacks
[2026-04-27T19:34:43.379+0000] {subprocess.py:93} INFO -     result = context.run(
[2026-04-27T19:34:43.379+0000] {subprocess.py:93} INFO -   File "/home/***/.local/lib/python3.8/site-packages/twisted/python/failure.py", line 467, in throwExceptionIntoGenerator
[2026-04-27T19:34:43.379+0000] {subprocess.py:93} INFO -     return g.throw(self.value.with_traceback(self.tb))
[2026-04-27T19:34:43.379+0000] {subprocess.py:93} INFO -   File "/home/***/.local/lib/python3.8/site-packages/scrapy/core/downloader/middleware.py", line 54, in process_request
[2026-04-27T19:34:43.379+0000] {subprocess.py:93} INFO -     return (yield download_func(request=request, spider=spider))
[2026-04-27T19:34:43.379+0000] {subprocess.py:93} INFO -   File "/home/***/.local/lib/python3.8/site-packages/twisted/internet/defer.py", line 1257, in adapt
[2026-04-27T19:34:43.379+0000] {subprocess.py:93} INFO -     extracted: _SelfResultT | Failure = result.result()
[2026-04-27T19:34:43.379+0000] {subprocess.py:93} INFO -   File "/home/***/.local/lib/python3.8/site-packages/scrapy_playwright/handler.py", line 380, in _download_request
[2026-04-27T19:34:43.379+0000] {subprocess.py:93} INFO -     return await self._download_request_with_retry(request=request, spider=spider)
[2026-04-27T19:34:43.379+0000] {subprocess.py:93} INFO -   File "/home/***/.local/lib/python3.8/site-packages/scrapy_playwright/handler.py", line 399, in _download_request_with_retry
[2026-04-27T19:34:43.379+0000] {subprocess.py:93} INFO -     page = await self._create_page(request=request, spider=spider)
[2026-04-27T19:34:43.380+0000] {subprocess.py:93} INFO -   File "/home/***/.local/lib/python3.8/site-packages/scrapy_playwright/handler.py", line 297, in _create_page
[2026-04-27T19:34:43.380+0000] {subprocess.py:93} INFO -     ctx_wrapper = await self._create_browser_context(
[2026-04-27T19:34:43.380+0000] {subprocess.py:93} INFO -   File "/home/***/.local/lib/python3.8/site-packages/scrapy_playwright/handler.py", line 258, in _create_browser_context
[2026-04-27T19:34:43.380+0000] {subprocess.py:93} INFO -     await self._maybe_launch_browser()
[2026-04-27T19:34:43.380+0000] {subprocess.py:93} INFO -   File "/home/***/.local/lib/python3.8/site-packages/scrapy_playwright/handler.py", line 205, in _maybe_launch_browser
[2026-04-27T19:34:43.380+0000] {subprocess.py:93} INFO -     logger.info("Launching browser %s", self.browser_type.name)
[2026-04-27T19:34:43.380+0000] {subprocess.py:93} INFO - AttributeError: 'ScrapyPlaywrightDownloadHandler' object has no attribute 'browser_type'
[2026-04-27T19:34:45.431+0000] {subprocess.py:93} INFO - 2026-04-27 19:34:45 [scrapy.core.scraper] ERROR: Error downloading <GET https://uno.ma/ipad-maroc>
[2026-04-27T19:34:45.431+0000] {subprocess.py:93} INFO - Traceback (most recent call last):
[2026-04-27T19:34:45.432+0000] {subprocess.py:93} INFO -   File "/home/***/.local/lib/python3.8/site-packages/twisted/internet/defer.py", line 1853, in _inlineCallbacks
[2026-04-27T19:34:45.432+0000] {subprocess.py:93} INFO -     result = context.run(
[2026-04-27T19:34:45.432+0000] {subprocess.py:93} INFO -   File "/home/***/.local/lib/python3.8/site-packages/twisted/python/failure.py", line 467, in throwExceptionIntoGenerator
[2026-04-27T19:34:45.433+0000] {subprocess.py:93} INFO -     return g.throw(self.value.with_traceback(self.tb))
[2026-04-27T19:34:45.433+0000] {subprocess.py:93} INFO -   File "/home/***/.local/lib/python3.8/site-packages/scrapy/core/downloader/middleware.py", line 54, in process_request
[2026-04-27T19:34:45.433+0000] {subprocess.py:93} INFO -     return (yield download_func(request=request, spider=spider))
[2026-04-27T19:34:45.433+0000] {subprocess.py:93} INFO -   File "/home/***/.local/lib/python3.8/site-packages/twisted/internet/defer.py", line 1257, in adapt
[2026-04-27T19:34:45.434+0000] {subprocess.py:93} INFO -     extracted: _SelfResultT | Failure = result.result()
[2026-04-27T19:34:45.434+0000] {subprocess.py:93} INFO -   File "/home/***/.local/lib/python3.8/site-packages/scrapy_playwright/handler.py", line 380, in _download_request
[2026-04-27T19:34:45.434+0000] {subprocess.py:93} INFO -     return await self._download_request_with_retry(request=request, spider=spider)
[2026-04-27T19:34:45.435+0000] {subprocess.py:93} INFO -   File "/home/***/.local/lib/python3.8/site-packages/scrapy_playwright/handler.py", line 399, in _download_request_with_retry
[2026-04-27T19:34:45.435+0000] {subprocess.py:93} INFO -     page = await self._create_page(request=request, spider=spider)
[2026-04-27T19:34:45.435+0000] {subprocess.py:93} INFO -   File "/home/***/.local/lib/python3.8/site-packages/scrapy_playwright/handler.py", line 297, in _create_page
[2026-04-27T19:34:45.436+0000] {subprocess.py:93} INFO -     ctx_wrapper = await self._create_browser_context(
[2026-04-27T19:34:45.436+0000] {subprocess.py:93} INFO -   File "/home/***/.local/lib/python3.8/site-packages/scrapy_playwright/handler.py", line 258, in _create_browser_context
[2026-04-27T19:34:45.436+0000] {subprocess.py:93} INFO -     await self._maybe_launch_browser()
[2026-04-27T19:34:45.436+0000] {subprocess.py:93} INFO -   File "/home/***/.local/lib/python3.8/site-packages/scrapy_playwright/handler.py", line 205, in _maybe_launch_browser
[2026-04-27T19:34:45.436+0000] {subprocess.py:93} INFO -     logger.info("Launching browser %s", self.browser_type.name)
[2026-04-27T19:34:45.436+0000] {subprocess.py:93} INFO - AttributeError: 'ScrapyPlaywrightDownloadHandler' object has no attribute 'browser_type'
[2026-04-27T19:34:45.532+0000] {subprocess.py:93} INFO - 2026-04-27 19:34:45 [scrapy.core.engine] INFO: Closing spider (finished)
[2026-04-27T19:34:45.532+0000] {subprocess.py:93} INFO - 2026-04-27 19:34:45 [uno] INFO: Finalizing Kafka: 0 items produced. Flushing...
[2026-04-27T19:34:45.533+0000] {subprocess.py:93} INFO - 2026-04-27 19:34:45 [uno] INFO: 🚀 Tous les messages ont été envoyés avec succès.
[2026-04-27T19:34:45.534+0000] {subprocess.py:93} INFO - 2026-04-27 19:34:45 [scrapy.extensions.feedexport] INFO: Stored jsonl feed (0 items) in: /opt/***/scrapers/market_bot/data/uno_2026-04-27.jsonl
[2026-04-27T19:34:45.535+0000] {subprocess.py:93} INFO - 2026-04-27 19:34:45 [scrapy.statscollectors] INFO: Dumping Scrapy stats:
[2026-04-27T19:34:45.535+0000] {subprocess.py:93} INFO - {'downloader/exception_count': 3,
[2026-04-27T19:34:45.535+0000] {subprocess.py:93} INFO -  'downloader/exception_type_count/builtins.AttributeError': 3,
[2026-04-27T19:34:45.535+0000] {subprocess.py:93} INFO -  'downloader/request_bytes': 979,
[2026-04-27T19:34:45.535+0000] {subprocess.py:93} INFO -  'downloader/request_count': 3,
[2026-04-27T19:34:45.535+0000] {subprocess.py:93} INFO -  'downloader/request_method_count/GET': 3,
[2026-04-27T19:34:45.535+0000] {subprocess.py:93} INFO -  'elapsed_time_seconds': 9.593347,
[2026-04-27T19:34:45.535+0000] {subprocess.py:93} INFO -  'feedexport/success_count/FileFeedStorage': 1,
[2026-04-27T19:34:45.536+0000] {subprocess.py:93} INFO -  'finish_reason': 'finished',
[2026-04-27T19:34:45.536+0000] {subprocess.py:93} INFO -  'finish_time': datetime.datetime(2026, 4, 27, 19, 34, 45, 533112, tzinfo=datetime.timezone.utc),
[2026-04-27T19:34:45.536+0000] {subprocess.py:93} INFO -  'log_count/ERROR': 7,
[2026-04-27T19:34:45.536+0000] {subprocess.py:93} INFO -  'log_count/INFO': 15,
[2026-04-27T19:34:45.536+0000] {subprocess.py:93} INFO -  'memusage/max': 155500544,
[2026-04-27T19:34:45.536+0000] {subprocess.py:93} INFO -  'memusage/startup': 155500544,
[2026-04-27T19:34:45.536+0000] {subprocess.py:93} INFO -  'scheduler/dequeued': 3,
[2026-04-27T19:34:45.536+0000] {subprocess.py:93} INFO -  'scheduler/dequeued/memory': 3,
[2026-04-27T19:34:45.536+0000] {subprocess.py:93} INFO -  'scheduler/enqueued': 3,
[2026-04-27T19:34:45.536+0000] {subprocess.py:93} INFO -  'scheduler/enqueued/memory': 3,
[2026-04-27T19:34:45.536+0000] {subprocess.py:93} INFO -  'start_time': datetime.datetime(2026, 4, 27, 19, 34, 35, 939765, tzinfo=datetime.timezone.utc)}
[2026-04-27T19:34:45.536+0000] {subprocess.py:93} INFO - 2026-04-27 19:34:45 [scrapy.core.engine] INFO: Spider closed (finished)
[2026-04-27T19:34:45.536+0000] {subprocess.py:93} INFO - 2026-04-27 19:34:45 [scrapy-playwright] INFO: Closing download handler
[2026-04-27T19:34:45.536+0000] {subprocess.py:93} INFO - 2026-04-27 19:34:45 [scrapy.utils.signal] ERROR: Error caught on signal handler: <bound method DownloadHandlers._close of <scrapy.core.downloader.handlers.DownloadHandlers object at 0x7f8641b258e0>>
[2026-04-27T19:34:45.536+0000] {subprocess.py:93} INFO - Traceback (most recent call last):
[2026-04-27T19:34:45.536+0000] {subprocess.py:93} INFO -   File "/home/***/.local/lib/python3.8/site-packages/twisted/internet/defer.py", line 1853, in _inlineCallbacks
[2026-04-27T19:34:45.537+0000] {subprocess.py:93} INFO -     result = context.run(
[2026-04-27T19:34:45.537+0000] {subprocess.py:93} INFO -   File "/home/***/.local/lib/python3.8/site-packages/twisted/python/failure.py", line 467, in throwExceptionIntoGenerator
[2026-04-27T19:34:45.537+0000] {subprocess.py:93} INFO -     return g.throw(self.value.with_traceback(self.tb))
[2026-04-27T19:34:45.537+0000] {subprocess.py:93} INFO -   File "/home/***/.local/lib/python3.8/site-packages/scrapy/core/downloader/handlers/__init__.py", line 92, in _close
[2026-04-27T19:34:45.537+0000] {subprocess.py:93} INFO -     yield dh.close()
[2026-04-27T19:34:45.537+0000] {subprocess.py:93} INFO -   File "/home/***/.local/lib/python3.8/site-packages/twisted/internet/defer.py", line 1853, in _inlineCallbacks
[2026-04-27T19:34:45.537+0000] {subprocess.py:93} INFO -     result = context.run(
[2026-04-27T19:34:45.537+0000] {subprocess.py:93} INFO -   File "/home/***/.local/lib/python3.8/site-packages/twisted/python/failure.py", line 467, in throwExceptionIntoGenerator
[2026-04-27T19:34:45.537+0000] {subprocess.py:93} INFO -     return g.throw(self.value.with_traceback(self.tb))
[2026-04-27T19:34:45.537+0000] {subprocess.py:93} INFO -   File "/home/***/.local/lib/python3.8/site-packages/scrapy_playwright/handler.py", line 355, in close
[2026-04-27T19:34:45.537+0000] {subprocess.py:93} INFO -     yield self._deferred_from_coro(self._close())
[2026-04-27T19:34:45.537+0000] {subprocess.py:93} INFO -   File "/home/***/.local/lib/python3.8/site-packages/twisted/internet/defer.py", line 1257, in adapt
[2026-04-27T19:34:45.537+0000] {subprocess.py:93} INFO -     extracted: _SelfResultT | Failure = result.result()
[2026-04-27T19:34:45.537+0000] {subprocess.py:93} INFO -   File "/home/***/.local/lib/python3.8/site-packages/scrapy_playwright/handler.py", line 367, in _close
[2026-04-27T19:34:45.538+0000] {subprocess.py:93} INFO -     await self.playwright_context_manager.__aexit__()
[2026-04-27T19:34:45.538+0000] {subprocess.py:93} INFO -   File "/home/***/.local/lib/python3.8/site-packages/playwright/async_api/_context_manager.py", line 57, in __aexit__
[2026-04-27T19:34:45.538+0000] {subprocess.py:93} INFO -     await self._connection.stop_async()
[2026-04-27T19:34:45.538+0000] {subprocess.py:93} INFO -   File "/home/***/.local/lib/python3.8/site-packages/playwright/_impl/_connection.py", line 287, in stop_async
[2026-04-27T19:34:45.538+0000] {subprocess.py:93} INFO -     self._transport.request_stop()
[2026-04-27T19:34:45.538+0000] {subprocess.py:93} INFO -   File "/home/***/.local/lib/python3.8/site-packages/playwright/_impl/_transport.py", line 97, in request_stop
[2026-04-27T19:34:45.538+0000] {subprocess.py:93} INFO -     assert self._output
[2026-04-27T19:34:45.538+0000] {subprocess.py:93} INFO - AttributeError: 'PipeTransport' object has no attribute '_output'
[2026-04-27T19:34:45.590+0000] {subprocess.py:97} INFO - Command exited with return code 0
[2026-04-27T19:34:45.609+0000] {taskinstance.py:1138} INFO - Marking task as SUCCESS. dag_id=market_intelligence_platform, task_id=parallel_scraping.scrape_uno, execution_date=20260427T193433, start_date=20260427T193435, end_date=20260427T193445
[2026-04-27T19:34:45.631+0000] {local_task_job_runner.py:234} INFO - Task exited with return code 0
[2026-04-27T19:34:45.645+0000] {taskinstance.py:3280} INFO - 0 downstream tasks scheduled from follow-on schedule check
