[2026-05-04T14:07:32.451+0000] {taskinstance.py:1956} INFO - Dependencies all met for dep_context=non-requeueable deps ti=<TaskInstance: market_intelligence_platform.parallel_scraping.scrape_iris manual__2026-05-04T14:07:31.559169+00:00 [queued]>
[2026-05-04T14:07:32.467+0000] {taskinstance.py:1956} INFO - Dependencies all met for dep_context=requeueable deps ti=<TaskInstance: market_intelligence_platform.parallel_scraping.scrape_iris manual__2026-05-04T14:07:31.559169+00:00 [queued]>
[2026-05-04T14:07:32.468+0000] {taskinstance.py:2170} INFO - Starting attempt 1 of 2
[2026-05-04T14:07:32.491+0000] {taskinstance.py:2191} INFO - Executing <Task(BashOperator): parallel_scraping.scrape_iris> on 2026-05-04 14:07:31.559169+00:00
[2026-05-04T14:07:32.500+0000] {standard_task_runner.py:60} INFO - Started process 39229 to run task
[2026-05-04T14:07:32.507+0000] {standard_task_runner.py:87} INFO - Running: ['***', 'tasks', 'run', 'market_intelligence_platform', 'parallel_scraping.scrape_iris', 'manual__2026-05-04T14:07:31.559169+00:00', '--job-id', '390', '--raw', '--subdir', 'DAGS_FOLDER/jumia_scraper_dag.py', '--cfg-path', '/tmp/tmpsqd81unb']
[2026-05-04T14:07:32.510+0000] {standard_task_runner.py:88} INFO - Job 390: Subtask parallel_scraping.scrape_iris
[2026-05-04T14:07:32.602+0000] {task_command.py:423} INFO - Running <TaskInstance: market_intelligence_platform.parallel_scraping.scrape_iris manual__2026-05-04T14:07:31.559169+00:00 [running]> on host c1627dbb6835
[2026-05-04T14:07:32.797+0000] {taskinstance.py:2480} INFO - Exporting env vars: AIRFLOW_CTX_DAG_OWNER='abdel' AIRFLOW_CTX_DAG_ID='market_intelligence_platform' AIRFLOW_CTX_TASK_ID='parallel_scraping.scrape_iris' AIRFLOW_CTX_EXECUTION_DATE='2026-05-04T14:07:31.559169+00:00' AIRFLOW_CTX_TRY_NUMBER='1' AIRFLOW_CTX_DAG_RUN_ID='manual__2026-05-04T14:07:31.559169+00:00'
[2026-05-04T14:07:32.799+0000] {subprocess.py:63} INFO - Tmp dir root location: /tmp
[2026-05-04T14:07:32.799+0000] {subprocess.py:75} INFO - Running command: ['/usr/bin/bash', '-c', 'mkdir -p /opt/***/scrapers/market_bot/data && cd /opt/***/scrapers/market_bot && PYTHONPATH=/opt/***/scrapers/market_bot SCRAPY_SETTINGS_MODULE=market_bot.settings /home/***/.local/bin/scrapy crawl iris -s LOG_LEVEL=INFO -o /opt/***/scrapers/market_bot/data/iris_2026-05-04.jsonl']
[2026-05-04T14:07:32.818+0000] {subprocess.py:86} INFO - Output:
[2026-05-04T14:07:33.666+0000] {subprocess.py:93} INFO - 2026-05-04 14:07:33 [scrapy.utils.log] INFO: Scrapy 2.11.2 started (bot: market_bot)
[2026-05-04T14:07:33.668+0000] {subprocess.py:93} INFO - 2026-05-04 14:07:33 [scrapy.utils.log] INFO: Versions: lxml 5.1.0.0, libxml2 2.12.3, cssselect 1.2.0, parsel 1.9.1, w3lib 2.2.1, Twisted 25.5.0, Python 3.8.18 (default, Feb 13 2024, 11:06:24) - [GCC 12.2.0], pyOpenSSL 23.3.0 (OpenSSL 3.1.4 24 Oct 2023), cryptography 41.0.7, Platform Linux-6.19.11+kali-amd64-x86_64-with-glibc2.34
[2026-05-04T14:07:33.675+0000] {subprocess.py:93} INFO - 2026-05-04 14:07:33 [scrapy.addons] INFO: Enabled addons:
[2026-05-04T14:07:33.677+0000] {subprocess.py:93} INFO - []
[2026-05-04T14:07:33.699+0000] {subprocess.py:93} INFO - 2026-05-04 14:07:33 [scrapy.extensions.telnet] INFO: Telnet Password: 21118f9dadb84146
[2026-05-04T14:07:33.957+0000] {subprocess.py:93} INFO - 2026-05-04 14:07:33 [scrapy.middleware] INFO: Enabled extensions:
[2026-05-04T14:07:33.958+0000] {subprocess.py:93} INFO - ['scrapy.extensions.corestats.CoreStats',
[2026-05-04T14:07:33.958+0000] {subprocess.py:93} INFO -  'scrapy.extensions.telnet.TelnetConsole',
[2026-05-04T14:07:33.958+0000] {subprocess.py:93} INFO -  'scrapy.extensions.memusage.MemoryUsage',
[2026-05-04T14:07:33.960+0000] {subprocess.py:93} INFO -  'scrapy.extensions.closespider.CloseSpider',
[2026-05-04T14:07:33.960+0000] {subprocess.py:93} INFO -  'scrapy.extensions.feedexport.FeedExporter',
[2026-05-04T14:07:33.962+0000] {subprocess.py:93} INFO -  'scrapy.extensions.logstats.LogStats']
[2026-05-04T14:07:33.962+0000] {subprocess.py:93} INFO - 2026-05-04 14:07:33 [scrapy.crawler] INFO: Overridden settings:
[2026-05-04T14:07:33.964+0000] {subprocess.py:93} INFO - {'BOT_NAME': 'market_bot',
[2026-05-04T14:07:33.965+0000] {subprocess.py:93} INFO -  'CLOSESPIDER_ITEMCOUNT': 50000,
[2026-05-04T14:07:33.966+0000] {subprocess.py:93} INFO -  'CLOSESPIDER_PAGECOUNT': 5000,
[2026-05-04T14:07:33.966+0000] {subprocess.py:93} INFO -  'CONCURRENT_REQUESTS': 1,
[2026-05-04T14:07:33.968+0000] {subprocess.py:93} INFO -  'CONCURRENT_REQUESTS_PER_DOMAIN': 1,
[2026-05-04T14:07:33.968+0000] {subprocess.py:93} INFO -  'DOWNLOAD_DELAY': 3.0,
[2026-05-04T14:07:33.968+0000] {subprocess.py:93} INFO -  'DOWNLOAD_TIMEOUT': 90,
[2026-05-04T14:07:33.970+0000] {subprocess.py:93} INFO -  'FEED_EXPORT_ENCODING': 'utf-8',
[2026-05-04T14:07:33.970+0000] {subprocess.py:93} INFO -  'LOG_LEVEL': 'INFO',
[2026-05-04T14:07:33.970+0000] {subprocess.py:93} INFO -  'NEWSPIDER_MODULE': 'market_bot.spiders',
[2026-05-04T14:07:33.970+0000] {subprocess.py:93} INFO -  'REQUEST_FINGERPRINTER_IMPLEMENTATION': '2.7',
[2026-05-04T14:07:33.974+0000] {subprocess.py:93} INFO -  'RETRY_HTTP_CODES': [500, 502, 503, 504, 408, 429],
[2026-05-04T14:07:33.975+0000] {subprocess.py:93} INFO -  'RETRY_TIMES': 5,
[2026-05-04T14:07:33.975+0000] {subprocess.py:93} INFO -  'SPIDER_MODULES': ['market_bot.spiders'],
[2026-05-04T14:07:33.975+0000] {subprocess.py:93} INFO -  'TWISTED_REACTOR': 'twisted.internet.asyncioreactor.AsyncioSelectorReactor',
[2026-05-04T14:07:33.976+0000] {subprocess.py:93} INFO -  'USER_AGENT': 'Mozilla/5.0 (Windows NT 10.0; Win64; x64) AppleWebKit/537.36 '
[2026-05-04T14:07:33.976+0000] {subprocess.py:93} INFO -                '(KHTML, like Gecko) Chrome/124.0.0.0 Safari/537.36'}
[2026-05-04T14:07:34.126+0000] {subprocess.py:93} INFO - 2026-05-04 14:07:34 [scrapy.middleware] INFO: Enabled downloader middlewares:
[2026-05-04T14:07:34.126+0000] {subprocess.py:93} INFO - ['scrapy.downloadermiddlewares.offsite.OffsiteMiddleware',
[2026-05-04T14:07:34.127+0000] {subprocess.py:93} INFO -  'scrapy.downloadermiddlewares.httpauth.HttpAuthMiddleware',
[2026-05-04T14:07:34.127+0000] {subprocess.py:93} INFO -  'scrapy.downloadermiddlewares.downloadtimeout.DownloadTimeoutMiddleware',
[2026-05-04T14:07:34.127+0000] {subprocess.py:93} INFO -  'scrapy.downloadermiddlewares.defaultheaders.DefaultHeadersMiddleware',
[2026-05-04T14:07:34.127+0000] {subprocess.py:93} INFO -  'scrapy.downloadermiddlewares.useragent.UserAgentMiddleware',
[2026-05-04T14:07:34.127+0000] {subprocess.py:93} INFO -  'scrapy.downloadermiddlewares.retry.RetryMiddleware',
[2026-05-04T14:07:34.127+0000] {subprocess.py:93} INFO -  'scrapy.downloadermiddlewares.redirect.MetaRefreshMiddleware',
[2026-05-04T14:07:34.128+0000] {subprocess.py:93} INFO -  'scrapy.downloadermiddlewares.httpcompression.HttpCompressionMiddleware',
[2026-05-04T14:07:34.128+0000] {subprocess.py:93} INFO -  'scrapy.downloadermiddlewares.redirect.RedirectMiddleware',
[2026-05-04T14:07:34.128+0000] {subprocess.py:93} INFO -  'scrapy.downloadermiddlewares.cookies.CookiesMiddleware',
[2026-05-04T14:07:34.128+0000] {subprocess.py:93} INFO -  'scrapy.downloadermiddlewares.httpproxy.HttpProxyMiddleware',
[2026-05-04T14:07:34.128+0000] {subprocess.py:93} INFO -  'scrapy.downloadermiddlewares.stats.DownloaderStats']
[2026-05-04T14:07:34.131+0000] {subprocess.py:93} INFO - 2026-05-04 14:07:34 [scrapy.middleware] INFO: Enabled spider middlewares:
[2026-05-04T14:07:34.132+0000] {subprocess.py:93} INFO - ['scrapy.spidermiddlewares.httperror.HttpErrorMiddleware',
[2026-05-04T14:07:34.132+0000] {subprocess.py:93} INFO -  'scrapy.spidermiddlewares.referer.RefererMiddleware',
[2026-05-04T14:07:34.132+0000] {subprocess.py:93} INFO -  'scrapy.spidermiddlewares.urllength.UrlLengthMiddleware',
[2026-05-04T14:07:34.132+0000] {subprocess.py:93} INFO -  'scrapy.spidermiddlewares.depth.DepthMiddleware']
[2026-05-04T14:07:34.147+0000] {subprocess.py:93} INFO - 2026-05-04 14:07:34 [scrapy.middleware] INFO: Enabled item pipelines:
[2026-05-04T14:07:34.148+0000] {subprocess.py:93} INFO - ['market_bot.pipelines.KafkaPipeline']
[2026-05-04T14:07:34.148+0000] {subprocess.py:93} INFO - 2026-05-04 14:07:34 [scrapy.core.engine] INFO: Spider opened
[2026-05-04T14:07:34.154+0000] {subprocess.py:93} INFO - 2026-05-04 14:07:34 [scrapy.extensions.logstats] INFO: Crawled 0 pages (at 0 pages/min), scraped 0 items (at 0 items/min)
[2026-05-04T14:07:34.156+0000] {subprocess.py:93} INFO - 2026-05-04 14:07:34 [scrapy.extensions.telnet] INFO: Telnet console listening on 127.0.0.1:6026
[2026-05-04T14:07:34.157+0000] {subprocess.py:93} INFO - 2026-05-04 14:07:34 [scrapy-playwright] INFO: Starting download handler
[2026-05-04T14:07:34.158+0000] {subprocess.py:93} INFO - 2026-05-04 14:07:34 [scrapy-playwright] INFO: Starting download handler
[2026-05-04T14:07:34.591+0000] {subprocess.py:93} INFO - 2026-05-04 14:07:34 [scrapy-playwright] INFO: Launching 1 startup context(s)
[2026-05-04T14:07:34.593+0000] {subprocess.py:93} INFO - 2026-05-04 14:07:34 [scrapy-playwright] INFO: Launching browser chromium
[2026-05-04T14:07:34.694+0000] {subprocess.py:93} INFO - 2026-05-04 14:07:34 [scrapy-playwright] INFO: Launching 1 startup context(s)
[2026-05-04T14:07:34.695+0000] {subprocess.py:93} INFO - 2026-05-04 14:07:34 [scrapy-playwright] INFO: Launching browser chromium
[2026-05-04T14:07:34.744+0000] {subprocess.py:93} INFO - 2026-05-04 14:07:34 [scrapy-playwright] INFO: Browser chromium launched
[2026-05-04T14:07:34.758+0000] {subprocess.py:93} INFO - 2026-05-04 14:07:34 [scrapy-playwright] INFO: Startup context(s) launched
[2026-05-04T14:07:34.816+0000] {subprocess.py:93} INFO - 2026-05-04 14:07:34 [scrapy-playwright] INFO: Browser chromium launched
[2026-05-04T14:07:34.824+0000] {subprocess.py:93} INFO - 2026-05-04 14:07:34 [scrapy-playwright] INFO: Startup context(s) launched
[2026-05-04T14:07:39.162+0000] {subprocess.py:93} INFO - 2026-05-04 14:07:39 [scrapy.core.engine] INFO: Closing spider (finished)
[2026-05-04T14:07:39.164+0000] {subprocess.py:93} INFO - 2026-05-04 14:07:39 [scrapy.core.engine] ERROR: Scraper close failure
[2026-05-04T14:07:39.164+0000] {subprocess.py:93} INFO - Traceback (most recent call last):
[2026-05-04T14:07:39.164+0000] {subprocess.py:93} INFO -   File "/home/***/.local/lib/python3.8/site-packages/twisted/internet/defer.py", line 1092, in _runCallbacks
[2026-05-04T14:07:39.165+0000] {subprocess.py:93} INFO -     current.result = callback(  # type: ignore[misc]
[2026-05-04T14:07:39.165+0000] {subprocess.py:93} INFO - TypeError: close_spider() takes 1 positional argument but 2 were given
[2026-05-04T14:07:39.165+0000] {subprocess.py:93} INFO - 2026-05-04 14:07:39 [scrapy.extensions.feedexport] INFO: Stored jsonl feed (0 items) in: /opt/***/scrapers/market_bot/data/iris_2026-05-04.jsonl
[2026-05-04T14:07:39.165+0000] {subprocess.py:93} INFO - 2026-05-04 14:07:39 [scrapy.statscollectors] INFO: Dumping Scrapy stats:
[2026-05-04T14:07:39.165+0000] {subprocess.py:93} INFO - {'elapsed_time_seconds': 5.010955,
[2026-05-04T14:07:39.165+0000] {subprocess.py:93} INFO -  'feedexport/success_count/FileFeedStorage': 1,
[2026-05-04T14:07:39.166+0000] {subprocess.py:93} INFO -  'finish_reason': 'finished',
[2026-05-04T14:07:39.166+0000] {subprocess.py:93} INFO -  'finish_time': datetime.datetime(2026, 5, 4, 14, 7, 39, 163928, tzinfo=datetime.timezone.utc),
[2026-05-04T14:07:39.166+0000] {subprocess.py:93} INFO -  'log_count/ERROR': 1,
[2026-05-04T14:07:39.166+0000] {subprocess.py:93} INFO -  'log_count/INFO': 21,
[2026-05-04T14:07:39.166+0000] {subprocess.py:93} INFO -  'memusage/max': 155299840,
[2026-05-04T14:07:39.166+0000] {subprocess.py:93} INFO -  'memusage/startup': 155299840,
[2026-05-04T14:07:39.166+0000] {subprocess.py:93} INFO -  'playwright/browser_count': 2,
[2026-05-04T14:07:39.167+0000] {subprocess.py:93} INFO -  'playwright/context_count': 2,
[2026-05-04T14:07:39.167+0000] {subprocess.py:93} INFO -  'playwright/context_count/max_concurrent': 1,
[2026-05-04T14:07:39.167+0000] {subprocess.py:93} INFO -  'playwright/context_count/persistent/False': 2,
[2026-05-04T14:07:39.167+0000] {subprocess.py:93} INFO -  'playwright/context_count/remote/False': 2,
[2026-05-04T14:07:39.167+0000] {subprocess.py:93} INFO -  'playwright/page_count': 0,
[2026-05-04T14:07:39.167+0000] {subprocess.py:93} INFO -  'start_time': datetime.datetime(2026, 5, 4, 14, 7, 34, 152973, tzinfo=datetime.timezone.utc)}
[2026-05-04T14:07:39.167+0000] {subprocess.py:93} INFO - 2026-05-04 14:07:39 [scrapy.core.engine] INFO: Spider closed (finished)
[2026-05-04T14:07:39.168+0000] {subprocess.py:93} INFO - 2026-05-04 14:07:39 [scrapy-playwright] INFO: Closing download handler
[2026-05-04T14:07:39.184+0000] {subprocess.py:93} INFO - 2026-05-04 14:07:39 [scrapy-playwright] INFO: Closing browser
[2026-05-04T14:07:39.232+0000] {subprocess.py:93} INFO - 2026-05-04 14:07:39 [scrapy-playwright] INFO: Closing download handler
[2026-05-04T14:07:39.245+0000] {subprocess.py:93} INFO - 2026-05-04 14:07:39 [scrapy-playwright] INFO: Closing browser
[2026-05-04T14:07:39.464+0000] {subprocess.py:97} INFO - Command exited with return code 0
[2026-05-04T14:07:39.490+0000] {taskinstance.py:1138} INFO - Marking task as SUCCESS. dag_id=market_intelligence_platform, task_id=parallel_scraping.scrape_iris, execution_date=20260504T140731, start_date=20260504T140732, end_date=20260504T140739
[2026-05-04T14:07:39.538+0000] {local_task_job_runner.py:234} INFO - Task exited with return code 0
[2026-05-04T14:07:39.552+0000] {taskinstance.py:3280} INFO - 0 downstream tasks scheduled from follow-on schedule check
