[2026-04-28T20:59:58.753+0000] {taskinstance.py:1956} INFO - Dependencies all met for dep_context=non-requeueable deps ti=<TaskInstance: market_intelligence_platform.parallel_scraping.scrape_jumia scheduled__2026-04-27T03:00:00+00:00 [queued]>
[2026-04-28T20:59:58.760+0000] {taskinstance.py:1956} INFO - Dependencies all met for dep_context=requeueable deps ti=<TaskInstance: market_intelligence_platform.parallel_scraping.scrape_jumia scheduled__2026-04-27T03:00:00+00:00 [queued]>
[2026-04-28T20:59:58.761+0000] {taskinstance.py:2170} INFO - Starting attempt 1 of 2
[2026-04-28T20:59:58.772+0000] {taskinstance.py:2191} INFO - Executing <Task(BashOperator): parallel_scraping.scrape_jumia> on 2026-04-27 03:00:00+00:00
[2026-04-28T20:59:58.775+0000] {standard_task_runner.py:60} INFO - Started process 184 to run task
[2026-04-28T20:59:58.777+0000] {standard_task_runner.py:87} INFO - Running: ['***', 'tasks', 'run', 'market_intelligence_platform', 'parallel_scraping.scrape_jumia', 'scheduled__2026-04-27T03:00:00+00:00', '--job-id', '67', '--raw', '--subdir', 'DAGS_FOLDER/jumia_scraper_dag.py', '--cfg-path', '/tmp/tmprdxgd9f_']
[2026-04-28T20:59:58.779+0000] {standard_task_runner.py:88} INFO - Job 67: Subtask parallel_scraping.scrape_jumia
[2026-04-28T20:59:58.819+0000] {task_command.py:423} INFO - Running <TaskInstance: market_intelligence_platform.parallel_scraping.scrape_jumia scheduled__2026-04-27T03:00:00+00:00 [running]> on host 843c5187474d
[2026-04-28T20:59:58.903+0000] {taskinstance.py:2480} INFO - Exporting env vars: AIRFLOW_CTX_DAG_OWNER='abdel' AIRFLOW_CTX_DAG_ID='market_intelligence_platform' AIRFLOW_CTX_TASK_ID='parallel_scraping.scrape_jumia' AIRFLOW_CTX_EXECUTION_DATE='2026-04-27T03:00:00+00:00' AIRFLOW_CTX_TRY_NUMBER='1' AIRFLOW_CTX_DAG_RUN_ID='scheduled__2026-04-27T03:00:00+00:00'
[2026-04-28T20:59:58.903+0000] {subprocess.py:63} INFO - Tmp dir root location: /tmp
[2026-04-28T20:59:58.904+0000] {subprocess.py:75} INFO - Running command: ['/usr/bin/bash', '-c', 'mkdir -p /opt/***/scrapers/market_bot/data && cd /opt/***/scrapers/market_bot && python3 -m scrapy crawl jumia -s LOG_LEVEL=INFO -o /opt/***/scrapers/market_bot/data/jumia_2026-04-27.jsonl']
[2026-04-28T20:59:58.910+0000] {subprocess.py:86} INFO - Output:
[2026-04-28T20:59:59.378+0000] {subprocess.py:93} INFO - 2026-04-28 20:59:59 [scrapy.utils.log] INFO: Scrapy 2.11.2 started (bot: market_bot)
[2026-04-28T20:59:59.378+0000] {subprocess.py:93} INFO - 2026-04-28 20:59:59 [scrapy.utils.log] INFO: Versions: lxml 5.1.0.0, libxml2 2.12.3, cssselect 1.2.0, parsel 1.9.1, w3lib 2.2.1, Twisted 25.5.0, Python 3.8.18 (default, Feb 13 2024, 11:06:24) - [GCC 12.2.0], pyOpenSSL 23.3.0 (OpenSSL 3.1.4 24 Oct 2023), cryptography 41.0.7, Platform Linux-6.19.11+kali-amd64-x86_64-with-glibc2.34
[2026-04-28T20:59:59.380+0000] {subprocess.py:93} INFO - 2026-04-28 20:59:59 [scrapy.addons] INFO: Enabled addons:
[2026-04-28T20:59:59.380+0000] {subprocess.py:93} INFO - []
[2026-04-28T20:59:59.391+0000] {subprocess.py:93} INFO - 2026-04-28 20:59:59 [scrapy.extensions.telnet] INFO: Telnet Password: df55b775c03dc971
[2026-04-28T20:59:59.571+0000] {subprocess.py:93} INFO - 2026-04-28 20:59:59 [scrapy.middleware] INFO: Enabled extensions:
[2026-04-28T20:59:59.571+0000] {subprocess.py:93} INFO - ['scrapy.extensions.corestats.CoreStats',
[2026-04-28T20:59:59.571+0000] {subprocess.py:93} INFO -  'scrapy.extensions.telnet.TelnetConsole',
[2026-04-28T20:59:59.571+0000] {subprocess.py:93} INFO -  'scrapy.extensions.memusage.MemoryUsage',
[2026-04-28T20:59:59.572+0000] {subprocess.py:93} INFO -  'scrapy.extensions.closespider.CloseSpider',
[2026-04-28T20:59:59.572+0000] {subprocess.py:93} INFO -  'scrapy.extensions.feedexport.FeedExporter',
[2026-04-28T20:59:59.572+0000] {subprocess.py:93} INFO -  'scrapy.extensions.logstats.LogStats',
[2026-04-28T20:59:59.572+0000] {subprocess.py:93} INFO -  'scrapy.extensions.throttle.AutoThrottle']
[2026-04-28T20:59:59.572+0000] {subprocess.py:93} INFO - 2026-04-28 20:59:59 [scrapy.crawler] INFO: Overridden settings:
[2026-04-28T20:59:59.572+0000] {subprocess.py:93} INFO - {'ASYNCIO_EVENT_LOOP': 'asyncio.SelectorEventLoop',
[2026-04-28T20:59:59.572+0000] {subprocess.py:93} INFO -  'AUTOTHROTTLE_ENABLED': True,
[2026-04-28T20:59:59.572+0000] {subprocess.py:93} INFO -  'AUTOTHROTTLE_MAX_DELAY': 30.0,
[2026-04-28T20:59:59.573+0000] {subprocess.py:93} INFO -  'AUTOTHROTTLE_START_DELAY': 1.0,
[2026-04-28T20:59:59.573+0000] {subprocess.py:93} INFO -  'AUTOTHROTTLE_TARGET_CONCURRENCY': 4.0,
[2026-04-28T20:59:59.573+0000] {subprocess.py:93} INFO -  'BOT_NAME': 'market_bot',
[2026-04-28T20:59:59.573+0000] {subprocess.py:93} INFO -  'CLOSESPIDER_ITEMCOUNT': 50000,
[2026-04-28T20:59:59.573+0000] {subprocess.py:93} INFO -  'CLOSESPIDER_PAGECOUNT': 5000,
[2026-04-28T20:59:59.573+0000] {subprocess.py:93} INFO -  'CONCURRENT_REQUESTS': 32,
[2026-04-28T20:59:59.573+0000] {subprocess.py:93} INFO -  'CONCURRENT_REQUESTS_PER_DOMAIN': 16,
[2026-04-28T20:59:59.574+0000] {subprocess.py:93} INFO -  'COOKIES_ENABLED': False,
[2026-04-28T20:59:59.574+0000] {subprocess.py:93} INFO -  'DOWNLOAD_TIMEOUT': 60,
[2026-04-28T20:59:59.574+0000] {subprocess.py:93} INFO -  'FEED_EXPORT_ENCODING': 'utf-8',
[2026-04-28T20:59:59.574+0000] {subprocess.py:93} INFO -  'LOG_LEVEL': 'INFO',
[2026-04-28T20:59:59.574+0000] {subprocess.py:93} INFO -  'NEWSPIDER_MODULE': 'market_bot.spiders',
[2026-04-28T20:59:59.574+0000] {subprocess.py:93} INFO -  'REQUEST_FINGERPRINTER_IMPLEMENTATION': '2.7',
[2026-04-28T20:59:59.574+0000] {subprocess.py:93} INFO -  'RETRY_HTTP_CODES': [500, 502, 503, 504, 408, 429],
[2026-04-28T20:59:59.574+0000] {subprocess.py:93} INFO -  'RETRY_TIMES': 5,
[2026-04-28T20:59:59.575+0000] {subprocess.py:93} INFO -  'SPIDER_MODULES': ['market_bot.spiders'],
[2026-04-28T20:59:59.575+0000] {subprocess.py:93} INFO -  'TWISTED_REACTOR': 'twisted.internet.asyncioreactor.AsyncioSelectorReactor',
[2026-04-28T20:59:59.575+0000] {subprocess.py:93} INFO -  'USER_AGENT': 'Mozilla/5.0 (Windows NT 10.0; Win64; x64) AppleWebKit/537.36 '
[2026-04-28T20:59:59.575+0000] {subprocess.py:93} INFO -                '(KHTML, like Gecko) Chrome/124.0.0.0 Safari/537.36'}
[2026-04-28T20:59:59.644+0000] {subprocess.py:93} INFO - 2026-04-28 20:59:59 [scrapy.middleware] INFO: Enabled downloader middlewares:
[2026-04-28T20:59:59.644+0000] {subprocess.py:93} INFO - ['scrapy.downloadermiddlewares.offsite.OffsiteMiddleware',
[2026-04-28T20:59:59.644+0000] {subprocess.py:93} INFO -  'scrapy.downloadermiddlewares.httpauth.HttpAuthMiddleware',
[2026-04-28T20:59:59.644+0000] {subprocess.py:93} INFO -  'scrapy.downloadermiddlewares.downloadtimeout.DownloadTimeoutMiddleware',
[2026-04-28T20:59:59.644+0000] {subprocess.py:93} INFO -  'scrapy.downloadermiddlewares.defaultheaders.DefaultHeadersMiddleware',
[2026-04-28T20:59:59.644+0000] {subprocess.py:93} INFO -  'scrapy.downloadermiddlewares.useragent.UserAgentMiddleware',
[2026-04-28T20:59:59.645+0000] {subprocess.py:93} INFO -  'scrapy.downloadermiddlewares.retry.RetryMiddleware',
[2026-04-28T20:59:59.645+0000] {subprocess.py:93} INFO -  'scrapy.downloadermiddlewares.redirect.MetaRefreshMiddleware',
[2026-04-28T20:59:59.645+0000] {subprocess.py:93} INFO -  'scrapy.downloadermiddlewares.httpcompression.HttpCompressionMiddleware',
[2026-04-28T20:59:59.645+0000] {subprocess.py:93} INFO -  'scrapy.downloadermiddlewares.redirect.RedirectMiddleware',
[2026-04-28T20:59:59.645+0000] {subprocess.py:93} INFO -  'scrapy.downloadermiddlewares.httpproxy.HttpProxyMiddleware',
[2026-04-28T20:59:59.645+0000] {subprocess.py:93} INFO -  'scrapy.downloadermiddlewares.stats.DownloaderStats']
[2026-04-28T20:59:59.645+0000] {subprocess.py:93} INFO - 2026-04-28 20:59:59 [scrapy.middleware] INFO: Enabled spider middlewares:
[2026-04-28T20:59:59.645+0000] {subprocess.py:93} INFO - ['scrapy.spidermiddlewares.httperror.HttpErrorMiddleware',
[2026-04-28T20:59:59.645+0000] {subprocess.py:93} INFO -  'scrapy.spidermiddlewares.referer.RefererMiddleware',
[2026-04-28T20:59:59.645+0000] {subprocess.py:93} INFO -  'scrapy.spidermiddlewares.urllength.UrlLengthMiddleware',
[2026-04-28T20:59:59.645+0000] {subprocess.py:93} INFO -  'scrapy.spidermiddlewares.depth.DepthMiddleware']
[2026-04-28T20:59:59.659+0000] {subprocess.py:93} INFO - %4|1777409999.659|CONFWARN|scrapy-bot#producer-1| [thrd:app]: Configuration property api.version.request is deprecated: **Post-deprecation actions: remove this configuration property, brokers < 0.10.0 won't be supported anymore in librdkafka 3.x.** Request broker's supported API versions to adjust functionality to available protocol features. If set to false, or the ApiVersionRequest fails, the fallback version `broker.version.fallback` will be used. **NOTE**: Depends on broker version >=0.10.0. If the request is not supported by (an older) broker the `broker.version.fallback` fallback is used.
[2026-04-28T20:59:59.659+0000] {subprocess.py:93} INFO - %4|1777409999.659|CONFWARN|scrapy-bot#producer-1| [thrd:app]: Configuration property broker.version.fallback is deprecated: **Post-deprecation actions: remove this configuration property, brokers < 0.10.0 won't be supported anymore in librdkafka 3.x.** Older broker versions (before 0.10.0) provide no way for a client to query for supported protocol features (ApiVersionRequest, see `api.version.request`) making it impossible for the client to know what features it may use. As a workaround a user may set this property to the expected broker version and the client will automatically adjust its feature set accordingly if the ApiVersionRequest fails (or is disabled). The fallback broker version will be used for `api.version.fallback.ms`. Valid values are: 0.9.0, 0.8.2, 0.8.1, 0.8.0. Any other value >= 0.10, such as 0.10.2.1, enables ApiVersionRequests.
[2026-04-28T20:59:59.659+0000] {subprocess.py:93} INFO - 2026-04-28 20:59:59 [scrapy.middleware] INFO: Enabled item pipelines:
[2026-04-28T20:59:59.660+0000] {subprocess.py:93} INFO - ['market_bot.pipelines.KafkaPipeline']
[2026-04-28T20:59:59.660+0000] {subprocess.py:93} INFO - 2026-04-28 20:59:59 [scrapy.core.engine] INFO: Spider opened
[2026-04-28T20:59:59.666+0000] {subprocess.py:93} INFO - 2026-04-28 20:59:59 [scrapy.extensions.logstats] INFO: Crawled 0 pages (at 0 pages/min), scraped 0 items (at 0 items/min)
[2026-04-28T20:59:59.667+0000] {subprocess.py:93} INFO - 2026-04-28 20:59:59 [scrapy.extensions.telnet] INFO: Telnet console listening on 127.0.0.1:6023
[2026-04-28T20:59:59.667+0000] {subprocess.py:93} INFO - 2026-04-28 20:59:59 [scrapy-playwright] INFO: Starting download handler
[2026-04-28T20:59:59.668+0000] {subprocess.py:93} INFO - 2026-04-28 20:59:59 [scrapy-playwright] INFO: Starting download handler
[2026-04-28T21:00:06.129+0000] {subprocess.py:93} INFO - 2026-04-28 21:00:06 [jumia] INFO: 🚀 Jumia | laptop | 70 produits trouvés.
[2026-04-28T21:00:06.872+0000] {subprocess.py:93} INFO - 2026-04-28 21:00:06 [jumia] INFO: 🚀 Jumia | smartphone | 43 produits trouvés.
[2026-04-28T21:00:08.450+0000] {subprocess.py:93} INFO - 2026-04-28 21:00:08 [jumia] INFO: 🚀 Jumia | laptop | 40 produits trouvés.
[2026-04-28T21:00:10.077+0000] {subprocess.py:93} INFO - 2026-04-28 21:00:10 [jumia] INFO: 🚀 Jumia | smartphone | 40 produits trouvés.
[2026-04-28T21:00:10.219+0000] {subprocess.py:93} INFO - 2026-04-28 21:00:10 [jumia] INFO: 🚀 Jumia | tablet | 49 produits trouvés.
[2026-04-28T21:00:10.872+0000] {subprocess.py:93} INFO - 2026-04-28 21:00:10 [jumia] INFO: 🚀 Jumia | laptop | 40 produits trouvés.
[2026-04-28T21:00:12.739+0000] {subprocess.py:93} INFO - 2026-04-28 21:00:12 [jumia] INFO: 🚀 Jumia | smartphone | 40 produits trouvés.
[2026-04-28T21:00:13.129+0000] {subprocess.py:93} INFO - 2026-04-28 21:00:13 [jumia] INFO: 🚀 Jumia | laptop | 40 produits trouvés.
[2026-04-28T21:00:13.163+0000] {subprocess.py:93} INFO - 2026-04-28 21:00:13 [jumia] INFO: 🚀 Jumia | tablet | 40 produits trouvés.
[2026-04-28T21:00:14.374+0000] {subprocess.py:93} INFO - 2026-04-28 21:00:14 [jumia] INFO: 🚀 Jumia | smartphone | 40 produits trouvés.
[2026-04-28T21:00:15.916+0000] {subprocess.py:93} INFO - 2026-04-28 21:00:15 [jumia] INFO: 🚀 Jumia | laptop | 40 produits trouvés.
[2026-04-28T21:00:16.742+0000] {subprocess.py:93} INFO - 2026-04-28 21:00:16 [jumia] INFO: 🚀 Jumia | tablet | 40 produits trouvés.
[2026-04-28T21:00:16.985+0000] {subprocess.py:93} INFO - 2026-04-28 21:00:16 [jumia] INFO: 🚀 Jumia | smartphone | 40 produits trouvés.
[2026-04-28T21:00:38.892+0000] {subprocess.py:93} INFO - 2026-04-28 21:00:38 [jumia] INFO: 🚀 Jumia | smartphone | 40 produits trouvés.
[2026-04-28T21:00:41.120+0000] {subprocess.py:93} INFO - 2026-04-28 21:00:41 [jumia] INFO: 🚀 Jumia | smartphone | 40 produits trouvés.
[2026-04-28T21:00:46.349+0000] {subprocess.py:93} INFO - 2026-04-28 21:00:46 [jumia] INFO: 🚀 Jumia | smartphone | 40 produits trouvés.
[2026-04-28T21:00:48.725+0000] {subprocess.py:93} INFO - 2026-04-28 21:00:48 [jumia] INFO: 🚀 Jumia | smartphone | 40 produits trouvés.
[2026-04-28T21:00:50.803+0000] {subprocess.py:93} INFO - 2026-04-28 21:00:50 [jumia] INFO: 🚀 Jumia | smartphone | 40 produits trouvés.
[2026-04-28T21:00:52.652+0000] {subprocess.py:93} INFO - 2026-04-28 21:00:52 [jumia] INFO: 🚀 Jumia | smartphone | 40 produits trouvés.
[2026-04-28T21:00:54.826+0000] {subprocess.py:93} INFO - 2026-04-28 21:00:54 [jumia] INFO: 🚀 Jumia | smartphone | 40 produits trouvés.
[2026-04-28T21:00:57.351+0000] {subprocess.py:93} INFO - 2026-04-28 21:00:57 [jumia] INFO: 🚀 Jumia | smartphone | 40 produits trouvés.
[2026-04-28T21:00:59.248+0000] {subprocess.py:93} INFO - 2026-04-28 21:00:59 [jumia] INFO: 🚀 Jumia | smartphone | 40 produits trouvés.
[2026-04-28T21:00:59.667+0000] {subprocess.py:93} INFO - 2026-04-28 21:00:59 [scrapy.extensions.logstats] INFO: Crawled 22 pages (at 22 pages/min), scraped 880 items (at 880 items/min)
[2026-04-28T21:01:00.900+0000] {subprocess.py:93} INFO - 2026-04-28 21:01:00 [jumia] INFO: 🚀 Jumia | smartphone | 40 produits trouvés.
[2026-04-28T21:01:02.490+0000] {subprocess.py:93} INFO - 2026-04-28 21:01:02 [jumia] INFO: 🚀 Jumia | smartphone | 40 produits trouvés.
[2026-04-28T21:01:04.366+0000] {subprocess.py:93} INFO - 2026-04-28 21:01:04 [jumia] INFO: 🚀 Jumia | smartphone | 40 produits trouvés.
[2026-04-28T21:01:06.049+0000] {subprocess.py:93} INFO - 2026-04-28 21:01:06 [jumia] INFO: 🚀 Jumia | smartphone | 40 produits trouvés.
[2026-04-28T21:01:07.924+0000] {subprocess.py:93} INFO - 2026-04-28 21:01:07 [jumia] INFO: 🚀 Jumia | smartphone | 40 produits trouvés.
[2026-04-28T21:01:09.911+0000] {subprocess.py:93} INFO - 2026-04-28 21:01:09 [jumia] INFO: 🚀 Jumia | smartphone | 40 produits trouvés.
[2026-04-28T21:01:12.040+0000] {subprocess.py:93} INFO - 2026-04-28 21:01:12 [jumia] INFO: 🚀 Jumia | smartphone | 40 produits trouvés.
[2026-04-28T21:01:13.550+0000] {subprocess.py:93} INFO - 2026-04-28 21:01:13 [jumia] INFO: 🚀 Jumia | smartphone | 40 produits trouvés.
[2026-04-28T21:01:15.036+0000] {subprocess.py:93} INFO - 2026-04-28 21:01:15 [jumia] INFO: 🚀 Jumia | smartphone | 40 produits trouvés.
[2026-04-28T21:01:16.925+0000] {subprocess.py:93} INFO - 2026-04-28 21:01:16 [jumia] INFO: 🚀 Jumia | laptop | 40 produits trouvés.
[2026-04-28T21:01:17.027+0000] {subprocess.py:93} INFO - 2026-04-28 21:01:17 [jumia] INFO: 🚀 Jumia | smartphone | 40 produits trouvés.
[2026-04-28T21:01:18.281+0000] {subprocess.py:93} INFO - 2026-04-28 21:01:18 [jumia] INFO: 🚀 Jumia | tablet | 40 produits trouvés.
[2026-04-28T21:01:18.631+0000] {subprocess.py:93} INFO - 2026-04-28 21:01:18 [jumia] INFO: 🚀 Jumia | smartphone | 4 produits trouvés.
[2026-04-28T21:01:19.062+0000] {subprocess.py:93} INFO - 2026-04-28 21:01:19 [jumia] INFO: 🚀 Jumia | laptop | 40 produits trouvés.
[2026-04-28T21:01:20.062+0000] {subprocess.py:93} INFO - 2026-04-28 21:01:20 [jumia] INFO: 🚀 Jumia | tablet | 26 produits trouvés.
[2026-04-28T21:01:20.995+0000] {subprocess.py:93} INFO - 2026-04-28 21:01:20 [jumia] INFO: 🚀 Jumia | laptop | 40 produits trouvés.
[2026-04-28T21:01:22.629+0000] {subprocess.py:93} INFO - 2026-04-28 21:01:22 [jumia] INFO: 🚀 Jumia | laptop | 40 produits trouvés.
[2026-04-28T21:01:24.326+0000] {subprocess.py:93} INFO - 2026-04-28 21:01:24 [jumia] INFO: 🚀 Jumia | laptop | 40 produits trouvés.
[2026-04-28T21:01:27.081+0000] {subprocess.py:93} INFO - 2026-04-28 21:01:27 [jumia] INFO: 🚀 Jumia | laptop | 40 produits trouvés.
[2026-04-28T21:01:29.515+0000] {subprocess.py:93} INFO - 2026-04-28 21:01:29 [jumia] INFO: 🚀 Jumia | laptop | 40 produits trouvés.
[2026-04-28T21:01:44.281+0000] {subprocess.py:93} INFO - 2026-04-28 21:01:44 [jumia] INFO: 🚀 Jumia | laptop | 40 produits trouvés.
[2026-04-28T21:01:45.909+0000] {subprocess.py:93} INFO - 2026-04-28 21:01:45 [jumia] INFO: 🚀 Jumia | laptop | 40 produits trouvés.
[2026-04-28T21:01:49.744+0000] {subprocess.py:93} INFO - 2026-04-28 21:01:49 [jumia] INFO: 🚀 Jumia | laptop | 40 produits trouvés.
[2026-04-28T21:01:52.495+0000] {subprocess.py:93} INFO - 2026-04-28 21:01:52 [jumia] INFO: 🚀 Jumia | laptop | 40 produits trouvés.
[2026-04-28T21:01:54.369+0000] {subprocess.py:93} INFO - 2026-04-28 21:01:54 [jumia] INFO: 🚀 Jumia | laptop | 40 produits trouvés.
[2026-04-28T21:01:56.603+0000] {subprocess.py:93} INFO - 2026-04-28 21:01:56 [jumia] INFO: 🚀 Jumia | laptop | 40 produits trouvés.
[2026-04-28T21:01:58.443+0000] {subprocess.py:93} INFO - 2026-04-28 21:01:58 [jumia] INFO: 🚀 Jumia | laptop | 40 produits trouvés.
[2026-04-28T21:01:59.667+0000] {subprocess.py:93} INFO - 2026-04-28 21:01:59 [scrapy.extensions.logstats] INFO: Crawled 49 pages (at 27 pages/min), scraped 1910 items (at 1030 items/min)
[2026-04-28T21:02:02.421+0000] {subprocess.py:93} INFO - 2026-04-28 21:02:02 [jumia] INFO: 🚀 Jumia | laptop | 40 produits trouvés.
[2026-04-28T21:02:04.551+0000] {subprocess.py:93} INFO - 2026-04-28 21:02:04 [jumia] INFO: 🚀 Jumia | laptop | 40 produits trouvés.
[2026-04-28T21:02:17.336+0000] {subprocess.py:93} INFO - 2026-04-28 21:02:17 [jumia] INFO: 🚀 Jumia | laptop | 40 produits trouvés.
[2026-04-28T21:02:19.332+0000] {subprocess.py:93} INFO - 2026-04-28 21:02:19 [jumia] INFO: 🚀 Jumia | laptop | 37 produits trouvés.
[2026-04-28T21:02:19.356+0000] {subprocess.py:93} INFO - 2026-04-28 21:02:19 [scrapy.core.engine] INFO: Closing spider (finished)
[2026-04-28T21:02:19.356+0000] {subprocess.py:93} INFO - 2026-04-28 21:02:19 [jumia] INFO: Finalizing Kafka: 2067 items produced. Flushing...
[2026-04-28T21:02:19.359+0000] {subprocess.py:93} INFO - 2026-04-28 21:02:19 [jumia] INFO: 🚀 Tous les messages ont été envoyés avec succès.
[2026-04-28T21:02:19.359+0000] {subprocess.py:93} INFO - 2026-04-28 21:02:19 [scrapy.extensions.feedexport] INFO: Stored jsonl feed (2067 items) in: /opt/***/scrapers/market_bot/data/jumia_2026-04-27.jsonl
[2026-04-28T21:02:19.360+0000] {subprocess.py:93} INFO - 2026-04-28 21:02:19 [scrapy.statscollectors] INFO: Dumping Scrapy stats:
[2026-04-28T21:02:19.360+0000] {subprocess.py:93} INFO - {'downloader/exception_count': 2,
[2026-04-28T21:02:19.360+0000] {subprocess.py:93} INFO -  'downloader/exception_type_count/twisted.internet.error.TimeoutError': 2,
[2026-04-28T21:02:19.360+0000] {subprocess.py:93} INFO -  'downloader/request_bytes': 20521,
[2026-04-28T21:02:19.360+0000] {subprocess.py:93} INFO -  'downloader/request_count': 57,
[2026-04-28T21:02:19.360+0000] {subprocess.py:93} INFO -  'downloader/request_method_count/GET': 57,
[2026-04-28T21:02:19.361+0000] {subprocess.py:93} INFO -  'downloader/response_bytes': 3817428,
[2026-04-28T21:02:19.361+0000] {subprocess.py:93} INFO -  'downloader/response_count': 55,
[2026-04-28T21:02:19.361+0000] {subprocess.py:93} INFO -  'downloader/response_status_count/200': 53,
[2026-04-28T21:02:19.361+0000] {subprocess.py:93} INFO -  'downloader/response_status_count/301': 2,
[2026-04-28T21:02:19.361+0000] {subprocess.py:93} INFO -  'elapsed_time_seconds': 139.6914,
[2026-04-28T21:02:19.361+0000] {subprocess.py:93} INFO -  'feedexport/success_count/FileFeedStorage': 1,
[2026-04-28T21:02:19.361+0000] {subprocess.py:93} INFO -  'finish_reason': 'finished',
[2026-04-28T21:02:19.362+0000] {subprocess.py:93} INFO -  'finish_time': datetime.datetime(2026, 4, 28, 21, 2, 19, 357516, tzinfo=datetime.timezone.utc),
[2026-04-28T21:02:19.362+0000] {subprocess.py:93} INFO -  'httpcompression/response_bytes': 25891966,
[2026-04-28T21:02:19.362+0000] {subprocess.py:93} INFO -  'httpcompression/response_count': 53,
[2026-04-28T21:02:19.362+0000] {subprocess.py:93} INFO -  'item_scraped_count': 2067,
[2026-04-28T21:02:19.362+0000] {subprocess.py:93} INFO -  'log_count/INFO': 70,
[2026-04-28T21:02:19.362+0000] {subprocess.py:93} INFO -  'memusage/max': 155283456,
[2026-04-28T21:02:19.362+0000] {subprocess.py:93} INFO -  'memusage/startup': 155283456,
[2026-04-28T21:02:19.363+0000] {subprocess.py:93} INFO -  'request_depth_max': 24,
[2026-04-28T21:02:19.363+0000] {subprocess.py:93} INFO -  'response_received_count': 53,
[2026-04-28T21:02:19.363+0000] {subprocess.py:93} INFO -  'retry/count': 2,
[2026-04-28T21:02:19.363+0000] {subprocess.py:93} INFO -  'retry/reason_count/twisted.internet.error.TimeoutError': 2,
[2026-04-28T21:02:19.363+0000] {subprocess.py:93} INFO -  'scheduler/dequeued': 57,
[2026-04-28T21:02:19.363+0000] {subprocess.py:93} INFO -  'scheduler/dequeued/memory': 57,
[2026-04-28T21:02:19.363+0000] {subprocess.py:93} INFO -  'scheduler/enqueued': 57,
[2026-04-28T21:02:19.364+0000] {subprocess.py:93} INFO -  'scheduler/enqueued/memory': 57,
[2026-04-28T21:02:19.364+0000] {subprocess.py:93} INFO -  'start_time': datetime.datetime(2026, 4, 28, 20, 59, 59, 666116, tzinfo=datetime.timezone.utc)}
[2026-04-28T21:02:19.364+0000] {subprocess.py:93} INFO - 2026-04-28 21:02:19 [scrapy.core.engine] INFO: Spider closed (finished)
[2026-04-28T21:02:19.364+0000] {subprocess.py:93} INFO - 2026-04-28 21:02:19 [scrapy-playwright] INFO: Closing download handler
[2026-04-28T21:02:19.366+0000] {subprocess.py:93} INFO - 2026-04-28 21:02:19 [scrapy-playwright] INFO: Closing download handler
[2026-04-28T21:02:19.611+0000] {subprocess.py:97} INFO - Command exited with return code 0
[2026-04-28T21:02:19.639+0000] {taskinstance.py:1138} INFO - Marking task as SUCCESS. dag_id=market_intelligence_platform, task_id=parallel_scraping.scrape_jumia, execution_date=20260427T030000, start_date=20260428T205958, end_date=20260428T210219
[2026-04-28T21:02:19.658+0000] {local_task_job_runner.py:234} INFO - Task exited with return code 0
[2026-04-28T21:02:19.677+0000] {taskinstance.py:3280} INFO - 0 downstream tasks scheduled from follow-on schedule check
