[2026-04-27T09:53:57.881+0000] {taskinstance.py:1956} INFO - Dependencies all met for dep_context=non-requeueable deps ti=<TaskInstance: market_intelligence_platform.parallel_scraping.scrape_electroplanet manual__2026-04-27T09:53:56.689367+00:00 [queued]>
[2026-04-27T09:53:57.888+0000] {taskinstance.py:1956} INFO - Dependencies all met for dep_context=requeueable deps ti=<TaskInstance: market_intelligence_platform.parallel_scraping.scrape_electroplanet manual__2026-04-27T09:53:56.689367+00:00 [queued]>
[2026-04-27T09:53:57.888+0000] {taskinstance.py:2170} INFO - Starting attempt 1 of 2
[2026-04-27T09:53:57.898+0000] {taskinstance.py:2191} INFO - Executing <Task(BashOperator): parallel_scraping.scrape_electroplanet> on 2026-04-27 09:53:56.689367+00:00
[2026-04-27T09:53:57.901+0000] {standard_task_runner.py:60} INFO - Started process 1014 to run task
[2026-04-27T09:53:57.903+0000] {standard_task_runner.py:87} INFO - Running: ['***', 'tasks', 'run', 'market_intelligence_platform', 'parallel_scraping.scrape_electroplanet', 'manual__2026-04-27T09:53:56.689367+00:00', '--job-id', '3', '--raw', '--subdir', 'DAGS_FOLDER/jumia_scraper_dag.py', '--cfg-path', '/tmp/tmpol_2y1jx']
[2026-04-27T09:53:57.904+0000] {standard_task_runner.py:88} INFO - Job 3: Subtask parallel_scraping.scrape_electroplanet
[2026-04-27T09:53:57.943+0000] {task_command.py:423} INFO - Running <TaskInstance: market_intelligence_platform.parallel_scraping.scrape_electroplanet manual__2026-04-27T09:53:56.689367+00:00 [running]> on host 472865914fc9
[2026-04-27T09:53:58.011+0000] {taskinstance.py:2480} INFO - Exporting env vars: AIRFLOW_CTX_DAG_OWNER='abdel' AIRFLOW_CTX_DAG_ID='market_intelligence_platform' AIRFLOW_CTX_TASK_ID='parallel_scraping.scrape_electroplanet' AIRFLOW_CTX_EXECUTION_DATE='2026-04-27T09:53:56.689367+00:00' AIRFLOW_CTX_TRY_NUMBER='1' AIRFLOW_CTX_DAG_RUN_ID='manual__2026-04-27T09:53:56.689367+00:00'
[2026-04-27T09:53:58.011+0000] {subprocess.py:63} INFO - Tmp dir root location: /tmp
[2026-04-27T09:53:58.012+0000] {subprocess.py:75} INFO - Running command: ['/usr/bin/bash', '-c', 'rm -f /opt/***/scrapers/market_bot/data/electroplanet_2026-04-27.jsonl && cd /opt/***/scrapers/market_bot && scrapy crawl electroplanet -s LOG_LEVEL=INFO -o /opt/***/scrapers/market_bot/data/electroplanet_2026-04-27.jsonl']
[2026-04-27T09:53:58.019+0000] {subprocess.py:86} INFO - Output:
[2026-04-27T09:53:58.504+0000] {subprocess.py:93} INFO - 2026-04-27 09:53:58 [scrapy.utils.log] INFO: Scrapy 2.11.2 started (bot: market_bot)
[2026-04-27T09:53:58.505+0000] {subprocess.py:93} INFO - 2026-04-27 09:53:58 [scrapy.utils.log] INFO: Versions: lxml 5.1.0.0, libxml2 2.12.3, cssselect 1.2.0, parsel 1.9.1, w3lib 2.2.1, Twisted 25.5.0, Python 3.8.18 (default, Feb 13 2024, 11:06:24) - [GCC 12.2.0], pyOpenSSL 23.3.0 (OpenSSL 3.1.4 24 Oct 2023), cryptography 41.0.7, Platform Linux-6.19.11+kali-amd64-x86_64-with-glibc2.34
[2026-04-27T09:53:58.507+0000] {subprocess.py:93} INFO - 2026-04-27 09:53:58 [scrapy.addons] INFO: Enabled addons:
[2026-04-27T09:53:58.507+0000] {subprocess.py:93} INFO - []
[2026-04-27T09:53:58.516+0000] {subprocess.py:93} INFO - 2026-04-27 09:53:58 [scrapy.extensions.telnet] INFO: Telnet Password: 236b6b8db127d5de
[2026-04-27T09:53:58.751+0000] {subprocess.py:93} INFO - 2026-04-27 09:53:58 [scrapy.middleware] INFO: Enabled extensions:
[2026-04-27T09:53:58.752+0000] {subprocess.py:93} INFO - ['scrapy.extensions.corestats.CoreStats',
[2026-04-27T09:53:58.752+0000] {subprocess.py:93} INFO -  'scrapy.extensions.telnet.TelnetConsole',
[2026-04-27T09:53:58.752+0000] {subprocess.py:93} INFO -  'scrapy.extensions.memusage.MemoryUsage',
[2026-04-27T09:53:58.752+0000] {subprocess.py:93} INFO -  'scrapy.extensions.closespider.CloseSpider',
[2026-04-27T09:53:58.752+0000] {subprocess.py:93} INFO -  'scrapy.extensions.feedexport.FeedExporter',
[2026-04-27T09:53:58.753+0000] {subprocess.py:93} INFO -  'scrapy.extensions.logstats.LogStats',
[2026-04-27T09:53:58.753+0000] {subprocess.py:93} INFO -  'scrapy.extensions.throttle.AutoThrottle']
[2026-04-27T09:53:58.753+0000] {subprocess.py:93} INFO - 2026-04-27 09:53:58 [scrapy.crawler] INFO: Overridden settings:
[2026-04-27T09:53:58.753+0000] {subprocess.py:93} INFO - {'AUTOTHROTTLE_ENABLED': True,
[2026-04-27T09:53:58.753+0000] {subprocess.py:93} INFO -  'AUTOTHROTTLE_START_DELAY': 2.0,
[2026-04-27T09:53:58.753+0000] {subprocess.py:93} INFO -  'AUTOTHROTTLE_TARGET_CONCURRENCY': 2.0,
[2026-04-27T09:53:58.753+0000] {subprocess.py:93} INFO -  'BOT_NAME': 'market_bot',
[2026-04-27T09:53:58.754+0000] {subprocess.py:93} INFO -  'CLOSESPIDER_ITEMCOUNT': 50000,
[2026-04-27T09:53:58.754+0000] {subprocess.py:93} INFO -  'CLOSESPIDER_PAGECOUNT': 5000,
[2026-04-27T09:53:58.754+0000] {subprocess.py:93} INFO -  'CONCURRENT_REQUESTS': 12,
[2026-04-27T09:53:58.754+0000] {subprocess.py:93} INFO -  'CONCURRENT_REQUESTS_PER_DOMAIN': 6,
[2026-04-27T09:53:58.754+0000] {subprocess.py:93} INFO -  'DOWNLOAD_TIMEOUT': 90,
[2026-04-27T09:53:58.754+0000] {subprocess.py:93} INFO -  'FEED_EXPORT_ENCODING': 'utf-8',
[2026-04-27T09:53:58.754+0000] {subprocess.py:93} INFO -  'LOG_LEVEL': 'INFO',
[2026-04-27T09:53:58.754+0000] {subprocess.py:93} INFO -  'NEWSPIDER_MODULE': 'market_bot.spiders',
[2026-04-27T09:53:58.754+0000] {subprocess.py:93} INFO -  'REQUEST_FINGERPRINTER_IMPLEMENTATION': '2.7',
[2026-04-27T09:53:58.755+0000] {subprocess.py:93} INFO -  'RETRY_HTTP_CODES': [500, 502, 503, 504, 408, 429],
[2026-04-27T09:53:58.755+0000] {subprocess.py:93} INFO -  'RETRY_TIMES': 5,
[2026-04-27T09:53:58.755+0000] {subprocess.py:93} INFO -  'SPIDER_MODULES': ['market_bot.spiders'],
[2026-04-27T09:53:58.755+0000] {subprocess.py:93} INFO -  'TWISTED_REACTOR': 'twisted.internet.asyncioreactor.AsyncioSelectorReactor',
[2026-04-27T09:53:58.755+0000] {subprocess.py:93} INFO -  'USER_AGENT': 'Mozilla/5.0 (Windows NT 10.0; Win64; x64) AppleWebKit/537.36 '
[2026-04-27T09:53:58.755+0000] {subprocess.py:93} INFO -                '(KHTML, like Gecko) Chrome/124.0.0.0 Safari/537.36'}
[2026-04-27T09:53:58.833+0000] {subprocess.py:93} INFO - 2026-04-27 09:53:58 [scrapy.middleware] INFO: Enabled downloader middlewares:
[2026-04-27T09:53:58.833+0000] {subprocess.py:93} INFO - ['scrapy.downloadermiddlewares.offsite.OffsiteMiddleware',
[2026-04-27T09:53:58.833+0000] {subprocess.py:93} INFO -  'scrapy.downloadermiddlewares.httpauth.HttpAuthMiddleware',
[2026-04-27T09:53:58.833+0000] {subprocess.py:93} INFO -  'scrapy.downloadermiddlewares.downloadtimeout.DownloadTimeoutMiddleware',
[2026-04-27T09:53:58.833+0000] {subprocess.py:93} INFO -  'scrapy.downloadermiddlewares.defaultheaders.DefaultHeadersMiddleware',
[2026-04-27T09:53:58.834+0000] {subprocess.py:93} INFO -  'scrapy.downloadermiddlewares.useragent.UserAgentMiddleware',
[2026-04-27T09:53:58.834+0000] {subprocess.py:93} INFO -  'scrapy.downloadermiddlewares.retry.RetryMiddleware',
[2026-04-27T09:53:58.834+0000] {subprocess.py:93} INFO -  'scrapy.downloadermiddlewares.redirect.MetaRefreshMiddleware',
[2026-04-27T09:53:58.834+0000] {subprocess.py:93} INFO -  'scrapy.downloadermiddlewares.httpcompression.HttpCompressionMiddleware',
[2026-04-27T09:53:58.834+0000] {subprocess.py:93} INFO -  'scrapy.downloadermiddlewares.redirect.RedirectMiddleware',
[2026-04-27T09:53:58.834+0000] {subprocess.py:93} INFO -  'scrapy.downloadermiddlewares.cookies.CookiesMiddleware',
[2026-04-27T09:53:58.834+0000] {subprocess.py:93} INFO -  'scrapy.downloadermiddlewares.httpproxy.HttpProxyMiddleware',
[2026-04-27T09:53:58.834+0000] {subprocess.py:93} INFO -  'scrapy.downloadermiddlewares.stats.DownloaderStats']
[2026-04-27T09:53:58.835+0000] {subprocess.py:93} INFO - 2026-04-27 09:53:58 [scrapy.middleware] INFO: Enabled spider middlewares:
[2026-04-27T09:53:58.835+0000] {subprocess.py:93} INFO - ['scrapy.spidermiddlewares.httperror.HttpErrorMiddleware',
[2026-04-27T09:53:58.835+0000] {subprocess.py:93} INFO -  'scrapy.spidermiddlewares.referer.RefererMiddleware',
[2026-04-27T09:53:58.835+0000] {subprocess.py:93} INFO -  'scrapy.spidermiddlewares.urllength.UrlLengthMiddleware',
[2026-04-27T09:53:58.835+0000] {subprocess.py:93} INFO -  'scrapy.spidermiddlewares.depth.DepthMiddleware']
[2026-04-27T09:53:58.851+0000] {subprocess.py:93} INFO - %4|1777283638.850|CONFWARN|scrapy-bot#producer-1| [thrd:app]: Configuration property api.version.request is deprecated: **Post-deprecation actions: remove this configuration property, brokers < 0.10.0 won't be supported anymore in librdkafka 3.x.** Request broker's supported API versions to adjust functionality to available protocol features. If set to false, or the ApiVersionRequest fails, the fallback version `broker.version.fallback` will be used. **NOTE**: Depends on broker version >=0.10.0. If the request is not supported by (an older) broker the `broker.version.fallback` fallback is used.
[2026-04-27T09:53:58.851+0000] {subprocess.py:93} INFO - %4|1777283638.850|CONFWARN|scrapy-bot#producer-1| [thrd:app]: Configuration property broker.version.fallback is deprecated: **Post-deprecation actions: remove this configuration property, brokers < 0.10.0 won't be supported anymore in librdkafka 3.x.** Older broker versions (before 0.10.0) provide no way for a client to query for supported protocol features (ApiVersionRequest, see `api.version.request`) making it impossible for the client to know what features it may use. As a workaround a user may set this property to the expected broker version and the client will automatically adjust its feature set accordingly if the ApiVersionRequest fails (or is disabled). The fallback broker version will be used for `api.version.fallback.ms`. Valid values are: 0.9.0, 0.8.2, 0.8.1, 0.8.0. Any other value >= 0.10, such as 0.10.2.1, enables ApiVersionRequests.
[2026-04-27T09:53:58.851+0000] {subprocess.py:93} INFO - 2026-04-27 09:53:58 [scrapy.middleware] INFO: Enabled item pipelines:
[2026-04-27T09:53:58.851+0000] {subprocess.py:93} INFO - ['market_bot.pipelines.KafkaPipeline']
[2026-04-27T09:53:58.852+0000] {subprocess.py:93} INFO - 2026-04-27 09:53:58 [scrapy.core.engine] INFO: Spider opened
[2026-04-27T09:53:58.857+0000] {subprocess.py:93} INFO - 2026-04-27 09:53:58 [scrapy.extensions.logstats] INFO: Crawled 0 pages (at 0 pages/min), scraped 0 items (at 0 items/min)
[2026-04-27T09:53:58.860+0000] {subprocess.py:93} INFO - 2026-04-27 09:53:58 [scrapy.utils.signal] ERROR: Error caught on signal handler: <bound method TelnetConsole.start_listening of <scrapy.extensions.telnet.TelnetConsole object at 0x7f02edce13d0>>
[2026-04-27T09:53:58.861+0000] {subprocess.py:93} INFO - Traceback (most recent call last):
[2026-04-27T09:53:58.861+0000] {subprocess.py:93} INFO -   File "/home/***/.local/lib/python3.8/site-packages/scrapy/utils/defer.py", line 348, in maybeDeferred_coro
[2026-04-27T09:53:58.861+0000] {subprocess.py:93} INFO -     result = f(*args, **kw)
[2026-04-27T09:53:58.861+0000] {subprocess.py:93} INFO -   File "/home/***/.local/lib/python3.8/site-packages/pydispatch/robustapply.py", line 55, in robustApply
[2026-04-27T09:53:58.861+0000] {subprocess.py:93} INFO -     return receiver(*arguments, **named)
[2026-04-27T09:53:58.861+0000] {subprocess.py:93} INFO -   File "/home/***/.local/lib/python3.8/site-packages/scrapy/extensions/telnet.py", line 68, in start_listening
[2026-04-27T09:53:58.861+0000] {subprocess.py:93} INFO -     self.port = listen_tcp(self.portrange, self.host, self)
[2026-04-27T09:53:58.861+0000] {subprocess.py:93} INFO -   File "/home/***/.local/lib/python3.8/site-packages/scrapy/utils/reactor.py", line 29, in listen_tcp
[2026-04-27T09:53:58.862+0000] {subprocess.py:93} INFO -     return reactor.listenTCP(x, factory, interface=host)
[2026-04-27T09:53:58.862+0000] {subprocess.py:93} INFO -   File "/home/***/.local/lib/python3.8/site-packages/twisted/internet/posixbase.py", line 366, in listenTCP
[2026-04-27T09:53:58.862+0000] {subprocess.py:93} INFO -     p.startListening()
[2026-04-27T09:53:58.862+0000] {subprocess.py:93} INFO -   File "/home/***/.local/lib/python3.8/site-packages/twisted/internet/tcp.py", line 1361, in startListening
[2026-04-27T09:53:58.862+0000] {subprocess.py:93} INFO -     skt.listen(self.backlog)
[2026-04-27T09:53:58.862+0000] {subprocess.py:93} INFO - OSError: [Errno 98] Address already in use
[2026-04-27T09:53:58.862+0000] {subprocess.py:93} INFO - 2026-04-27 09:53:58 [scrapy-playwright] INFO: Starting download handler
[2026-04-27T09:53:58.863+0000] {subprocess.py:93} INFO - 2026-04-27 09:53:58 [scrapy-playwright] INFO: Starting download handler
[2026-04-27T09:54:10.001+0000] {subprocess.py:93} INFO - 2026-04-27 09:54:10 [scrapy.core.engine] INFO: Closing spider (finished)
[2026-04-27T09:54:10.001+0000] {subprocess.py:93} INFO - 2026-04-27 09:54:10 [electroplanet] INFO: Flushing Kafka Producer...
[2026-04-27T09:54:10.002+0000] {subprocess.py:93} INFO - 2026-04-27 09:54:10 [scrapy.extensions.feedexport] INFO: Stored jsonl feed (79 items) in: /opt/***/scrapers/market_bot/data/electroplanet_2026-04-27.jsonl
[2026-04-27T09:54:10.002+0000] {subprocess.py:93} INFO - 2026-04-27 09:54:10 [scrapy.statscollectors] INFO: Dumping Scrapy stats:
[2026-04-27T09:54:10.002+0000] {subprocess.py:93} INFO - {'downloader/request_bytes': 4535,
[2026-04-27T09:54:10.002+0000] {subprocess.py:93} INFO -  'downloader/request_count': 10,
[2026-04-27T09:54:10.002+0000] {subprocess.py:93} INFO -  'downloader/request_method_count/GET': 10,
[2026-04-27T09:54:10.002+0000] {subprocess.py:93} INFO -  'downloader/response_bytes': 80705,
[2026-04-27T09:54:10.002+0000] {subprocess.py:93} INFO -  'downloader/response_count': 10,
[2026-04-27T09:54:10.002+0000] {subprocess.py:93} INFO -  'downloader/response_status_count/200': 10,
[2026-04-27T09:54:10.002+0000] {subprocess.py:93} INFO -  'elapsed_time_seconds': 11.144371,
[2026-04-27T09:54:10.002+0000] {subprocess.py:93} INFO -  'feedexport/success_count/FileFeedStorage': 1,
[2026-04-27T09:54:10.002+0000] {subprocess.py:93} INFO -  'finish_reason': 'finished',
[2026-04-27T09:54:10.003+0000] {subprocess.py:93} INFO -  'finish_time': datetime.datetime(2026, 4, 27, 9, 54, 10, 1718, tzinfo=datetime.timezone.utc),
[2026-04-27T09:54:10.003+0000] {subprocess.py:93} INFO -  'httpcompression/response_bytes': 759189,
[2026-04-27T09:54:10.003+0000] {subprocess.py:93} INFO -  'httpcompression/response_count': 10,
[2026-04-27T09:54:10.003+0000] {subprocess.py:93} INFO -  'item_scraped_count': 79,
[2026-04-27T09:54:10.003+0000] {subprocess.py:93} INFO -  'log_count/ERROR': 1,
[2026-04-27T09:54:10.003+0000] {subprocess.py:93} INFO -  'log_count/INFO': 13,
[2026-04-27T09:54:10.003+0000] {subprocess.py:93} INFO -  'memusage/max': 155463680,
[2026-04-27T09:54:10.003+0000] {subprocess.py:93} INFO -  'memusage/startup': 155463680,
[2026-04-27T09:54:10.003+0000] {subprocess.py:93} INFO -  'response_received_count': 10,
[2026-04-27T09:54:10.003+0000] {subprocess.py:93} INFO -  'scheduler/dequeued': 10,
[2026-04-27T09:54:10.003+0000] {subprocess.py:93} INFO -  'scheduler/dequeued/memory': 10,
[2026-04-27T09:54:10.004+0000] {subprocess.py:93} INFO -  'scheduler/enqueued': 10,
[2026-04-27T09:54:10.004+0000] {subprocess.py:93} INFO -  'scheduler/enqueued/memory': 10,
[2026-04-27T09:54:10.004+0000] {subprocess.py:93} INFO -  'start_time': datetime.datetime(2026, 4, 27, 9, 53, 58, 857347, tzinfo=datetime.timezone.utc)}
[2026-04-27T09:54:10.004+0000] {subprocess.py:93} INFO - 2026-04-27 09:54:10 [scrapy.core.engine] INFO: Spider closed (finished)
[2026-04-27T09:54:10.004+0000] {subprocess.py:93} INFO - 2026-04-27 09:54:10 [scrapy.utils.signal] ERROR: Error caught on signal handler: <bound method TelnetConsole.stop_listening of <scrapy.extensions.telnet.TelnetConsole object at 0x7f02edce13d0>>
[2026-04-27T09:54:10.004+0000] {subprocess.py:93} INFO - Traceback (most recent call last):
[2026-04-27T09:54:10.004+0000] {subprocess.py:93} INFO -   File "/home/***/.local/lib/python3.8/site-packages/scrapy/utils/defer.py", line 348, in maybeDeferred_coro
[2026-04-27T09:54:10.004+0000] {subprocess.py:93} INFO -     result = f(*args, **kw)
[2026-04-27T09:54:10.004+0000] {subprocess.py:93} INFO -   File "/home/***/.local/lib/python3.8/site-packages/pydispatch/robustapply.py", line 55, in robustApply
[2026-04-27T09:54:10.004+0000] {subprocess.py:93} INFO -     return receiver(*arguments, **named)
[2026-04-27T09:54:10.004+0000] {subprocess.py:93} INFO -   File "/home/***/.local/lib/python3.8/site-packages/scrapy/extensions/telnet.py", line 77, in stop_listening
[2026-04-27T09:54:10.004+0000] {subprocess.py:93} INFO -     self.port.stopListening()
[2026-04-27T09:54:10.005+0000] {subprocess.py:93} INFO - AttributeError: 'TelnetConsole' object has no attribute 'port'
[2026-04-27T09:54:10.005+0000] {subprocess.py:93} INFO - 2026-04-27 09:54:10 [scrapy-playwright] INFO: Closing download handler
[2026-04-27T09:54:10.006+0000] {subprocess.py:93} INFO - 2026-04-27 09:54:10 [scrapy-playwright] INFO: Closing download handler
[2026-04-27T09:54:10.342+0000] {subprocess.py:97} INFO - Command exited with return code 0
[2026-04-27T09:54:10.361+0000] {taskinstance.py:1138} INFO - Marking task as SUCCESS. dag_id=market_intelligence_platform, task_id=parallel_scraping.scrape_electroplanet, execution_date=20260427T095356, start_date=20260427T095357, end_date=20260427T095410
[2026-04-27T09:54:10.405+0000] {local_task_job_runner.py:234} INFO - Task exited with return code 0
[2026-04-27T09:54:10.419+0000] {taskinstance.py:3280} INFO - 0 downstream tasks scheduled from follow-on schedule check
