[2026-04-30T21:50:51.963+0000] {taskinstance.py:1956} INFO - Dependencies all met for dep_context=non-requeueable deps ti=<TaskInstance: market_intelligence_platform.parallel_scraping.scrape_jumia scheduled__2026-04-29T03:00:00+00:00 [queued]>
[2026-04-30T21:50:51.970+0000] {taskinstance.py:1956} INFO - Dependencies all met for dep_context=requeueable deps ti=<TaskInstance: market_intelligence_platform.parallel_scraping.scrape_jumia scheduled__2026-04-29T03:00:00+00:00 [queued]>
[2026-04-30T21:50:51.970+0000] {taskinstance.py:2170} INFO - Starting attempt 2 of 3
[2026-04-30T21:50:51.983+0000] {taskinstance.py:2191} INFO - Executing <Task(BashOperator): parallel_scraping.scrape_jumia> on 2026-04-29 03:00:00+00:00
[2026-04-30T21:50:51.987+0000] {standard_task_runner.py:60} INFO - Started process 312 to run task
[2026-04-30T21:50:51.989+0000] {standard_task_runner.py:87} INFO - Running: ['***', 'tasks', 'run', 'market_intelligence_platform', 'parallel_scraping.scrape_jumia', 'scheduled__2026-04-29T03:00:00+00:00', '--job-id', '108', '--raw', '--subdir', 'DAGS_FOLDER/jumia_scraper_dag.py', '--cfg-path', '/tmp/tmpyotdyte_']
[2026-04-30T21:50:51.990+0000] {standard_task_runner.py:88} INFO - Job 108: Subtask parallel_scraping.scrape_jumia
[2026-04-30T21:50:52.023+0000] {task_command.py:423} INFO - Running <TaskInstance: market_intelligence_platform.parallel_scraping.scrape_jumia scheduled__2026-04-29T03:00:00+00:00 [running]> on host 843c5187474d
[2026-04-30T21:50:52.088+0000] {taskinstance.py:2480} INFO - Exporting env vars: AIRFLOW_CTX_DAG_OWNER='abdel' AIRFLOW_CTX_DAG_ID='market_intelligence_platform' AIRFLOW_CTX_TASK_ID='parallel_scraping.scrape_jumia' AIRFLOW_CTX_EXECUTION_DATE='2026-04-29T03:00:00+00:00' AIRFLOW_CTX_TRY_NUMBER='2' AIRFLOW_CTX_DAG_RUN_ID='scheduled__2026-04-29T03:00:00+00:00'
[2026-04-30T21:50:52.088+0000] {subprocess.py:63} INFO - Tmp dir root location: /tmp
[2026-04-30T21:50:52.088+0000] {subprocess.py:75} INFO - Running command: ['/usr/bin/bash', '-c', 'mkdir -p /opt/***/scrapers/market_bot/data && python3 -m scrapy crawl jumia -s LOG_LEVEL=INFO -o /opt/***/scrapers/market_bot/data/jumia_2026-04-29.jsonl']
[2026-04-30T21:50:52.094+0000] {subprocess.py:86} INFO - Output:
[2026-04-30T21:50:52.450+0000] {subprocess.py:93} INFO - 2026-04-30 21:50:52 [scrapy.utils.log] INFO: Scrapy 2.11.2 started (bot: market_bot)
[2026-04-30T21:50:52.451+0000] {subprocess.py:93} INFO - Traceback (most recent call last):
[2026-04-30T21:50:52.451+0000] {subprocess.py:93} INFO -   File "/usr/local/lib/python3.8/runpy.py", line 194, in _run_module_as_main
[2026-04-30T21:50:52.451+0000] {subprocess.py:93} INFO -     return _run_code(code, main_globals, None,
[2026-04-30T21:50:52.451+0000] {subprocess.py:93} INFO -   File "/usr/local/lib/python3.8/runpy.py", line 87, in _run_code
[2026-04-30T21:50:52.451+0000] {subprocess.py:93} INFO -     exec(code, run_globals)
[2026-04-30T21:50:52.451+0000] {subprocess.py:93} INFO -   File "/home/***/.local/lib/python3.8/site-packages/scrapy/__main__.py", line 4, in <module>
[2026-04-30T21:50:52.452+0000] {subprocess.py:93} INFO -     execute()
[2026-04-30T21:50:52.452+0000] {subprocess.py:93} INFO -   File "/home/***/.local/lib/python3.8/site-packages/scrapy/cmdline.py", line 160, in execute
[2026-04-30T21:50:52.452+0000] {subprocess.py:93} INFO -     cmd.crawler_process = CrawlerProcess(settings)
[2026-04-30T21:50:52.452+0000] {subprocess.py:93} INFO -   File "/home/***/.local/lib/python3.8/site-packages/scrapy/crawler.py", line 359, in __init__
[2026-04-30T21:50:52.452+0000] {subprocess.py:93} INFO -     log_scrapy_info(self.settings)
[2026-04-30T21:50:52.452+0000] {subprocess.py:93} INFO -   File "/home/***/.local/lib/python3.8/site-packages/scrapy/utils/log.py", line 185, in log_scrapy_info
[2026-04-30T21:50:52.452+0000] {subprocess.py:93} INFO -     for name, version in scrapy_components_versions()
[2026-04-30T21:50:52.452+0000] {subprocess.py:93} INFO -   File "/home/***/.local/lib/python3.8/site-packages/scrapy/utils/versions.py", line 31, in scrapy_components_versions
[2026-04-30T21:50:52.453+0000] {subprocess.py:93} INFO -     ("Platform", platform.platform()),
[2026-04-30T21:50:52.453+0000] {subprocess.py:93} INFO -   File "/usr/local/lib/python3.8/platform.py", line 1206, in platform
[2026-04-30T21:50:52.453+0000] {subprocess.py:93} INFO -     libcname, libcversion = libc_ver(sys.executable)
[2026-04-30T21:50:52.453+0000] {subprocess.py:93} INFO -   File "/usr/local/lib/python3.8/platform.py", line 193, in libc_ver
[2026-04-30T21:50:52.453+0000] {subprocess.py:93} INFO -     with open(executable, 'rb') as f:
[2026-04-30T21:50:52.453+0000] {subprocess.py:93} INFO - IsADirectoryError: [Errno 21] Is a directory: '/tmp/***tmprkpfo48f'
[2026-04-30T21:50:52.519+0000] {subprocess.py:97} INFO - Command exited with return code 1
[2026-04-30T21:50:52.528+0000] {taskinstance.py:2698} ERROR - Task failed with exception
Traceback (most recent call last):
  File "/home/airflow/.local/lib/python3.8/site-packages/airflow/models/taskinstance.py", line 428, in _execute_task
    result = execute_callable(context=context, **execute_callable_kwargs)
  File "/home/airflow/.local/lib/python3.8/site-packages/airflow/operators/bash.py", line 212, in execute
    raise AirflowException(
airflow.exceptions.AirflowException: Bash command failed. The command returned a non-zero exit code 1.
[2026-04-30T21:50:52.530+0000] {taskinstance.py:1138} INFO - Marking task as UP_FOR_RETRY. dag_id=market_intelligence_platform, task_id=parallel_scraping.scrape_jumia, execution_date=20260429T030000, start_date=20260430T215051, end_date=20260430T215052
[2026-04-30T21:50:52.538+0000] {standard_task_runner.py:107} ERROR - Failed to execute job 108 for task parallel_scraping.scrape_jumia (Bash command failed. The command returned a non-zero exit code 1.; 312)
[2026-04-30T21:50:52.562+0000] {local_task_job_runner.py:234} INFO - Task exited with return code 1
[2026-04-30T21:50:52.598+0000] {taskinstance.py:3280} INFO - 0 downstream tasks scheduled from follow-on schedule check
