[2026-05-04T00:18:11.916+0000] {taskinstance.py:1956} INFO - Dependencies all met for dep_context=non-requeueable deps ti=<TaskInstance: market_intelligence_platform.parallel_scraping.scrape_technopro manual__2026-05-04T00:18:10.761135+00:00 [queued]>
[2026-05-04T00:18:11.925+0000] {taskinstance.py:1956} INFO - Dependencies all met for dep_context=requeueable deps ti=<TaskInstance: market_intelligence_platform.parallel_scraping.scrape_technopro manual__2026-05-04T00:18:10.761135+00:00 [queued]>
[2026-05-04T00:18:11.925+0000] {taskinstance.py:2170} INFO - Starting attempt 1 of 2
[2026-05-04T00:18:11.947+0000] {taskinstance.py:2191} INFO - Executing <Task(BashOperator): parallel_scraping.scrape_technopro> on 2026-05-04 00:18:10.761135+00:00
[2026-05-04T00:18:11.953+0000] {standard_task_runner.py:60} INFO - Started process 17607 to run task
[2026-05-04T00:18:11.956+0000] {standard_task_runner.py:87} INFO - Running: ['***', 'tasks', 'run', 'market_intelligence_platform', 'parallel_scraping.scrape_technopro', 'manual__2026-05-04T00:18:10.761135+00:00', '--job-id', '218', '--raw', '--subdir', 'DAGS_FOLDER/jumia_scraper_dag.py', '--cfg-path', '/tmp/tmp0rz5vyqy']
[2026-05-04T00:18:11.958+0000] {standard_task_runner.py:88} INFO - Job 218: Subtask parallel_scraping.scrape_technopro
[2026-05-04T00:18:12.036+0000] {task_command.py:423} INFO - Running <TaskInstance: market_intelligence_platform.parallel_scraping.scrape_technopro manual__2026-05-04T00:18:10.761135+00:00 [running]> on host c1627dbb6835
[2026-05-04T00:18:12.234+0000] {taskinstance.py:2480} INFO - Exporting env vars: AIRFLOW_CTX_DAG_OWNER='abdel' AIRFLOW_CTX_DAG_ID='market_intelligence_platform' AIRFLOW_CTX_TASK_ID='parallel_scraping.scrape_technopro' AIRFLOW_CTX_EXECUTION_DATE='2026-05-04T00:18:10.761135+00:00' AIRFLOW_CTX_TRY_NUMBER='1' AIRFLOW_CTX_DAG_RUN_ID='manual__2026-05-04T00:18:10.761135+00:00'
[2026-05-04T00:18:12.236+0000] {subprocess.py:63} INFO - Tmp dir root location: /tmp
[2026-05-04T00:18:12.237+0000] {subprocess.py:75} INFO - Running command: ['/usr/bin/bash', '-c', 'mkdir -p /opt/***/scrapers/market_bot/data && cd /opt/***/scrapers/market_bot && python3 -m scrapy crawl technopro -s LOG_LEVEL=INFO -o /opt/***/scrapers/market_bot/data/technopro_2026-05-04.jsonl']
[2026-05-04T00:18:12.267+0000] {subprocess.py:86} INFO - Output:
[2026-05-04T00:18:12.965+0000] {subprocess.py:93} INFO - 2026-05-04 00:18:12 [scrapy.utils.log] INFO: Scrapy 2.11.2 started (bot: market_bot)
[2026-05-04T00:18:12.966+0000] {subprocess.py:93} INFO - 2026-05-04 00:18:12 [scrapy.utils.log] INFO: Versions: lxml 5.1.0.0, libxml2 2.12.3, cssselect 1.2.0, parsel 1.9.1, w3lib 2.2.1, Twisted 25.5.0, Python 3.8.18 (default, Feb 13 2024, 11:06:24) - [GCC 12.2.0], pyOpenSSL 23.3.0 (OpenSSL 3.1.4 24 Oct 2023), cryptography 41.0.7, Platform Linux-6.19.11+kali-amd64-x86_64-with-glibc2.34
[2026-05-04T00:18:12.968+0000] {subprocess.py:93} INFO - 2026-05-04 00:18:12 [scrapy.addons] INFO: Enabled addons:
[2026-05-04T00:18:12.968+0000] {subprocess.py:93} INFO - []
[2026-05-04T00:18:12.977+0000] {subprocess.py:93} INFO - 2026-05-04 00:18:12 [scrapy.extensions.telnet] INFO: Telnet Password: 2937dfd2f1d23806
[2026-05-04T00:18:13.113+0000] {subprocess.py:93} INFO - 2026-05-04 00:18:13 [scrapy.middleware] INFO: Enabled extensions:
[2026-05-04T00:18:13.114+0000] {subprocess.py:93} INFO - ['scrapy.extensions.corestats.CoreStats',
[2026-05-04T00:18:13.114+0000] {subprocess.py:93} INFO -  'scrapy.extensions.telnet.TelnetConsole',
[2026-05-04T00:18:13.114+0000] {subprocess.py:93} INFO -  'scrapy.extensions.memusage.MemoryUsage',
[2026-05-04T00:18:13.114+0000] {subprocess.py:93} INFO -  'scrapy.extensions.closespider.CloseSpider',
[2026-05-04T00:18:13.114+0000] {subprocess.py:93} INFO -  'scrapy.extensions.feedexport.FeedExporter',
[2026-05-04T00:18:13.115+0000] {subprocess.py:93} INFO -  'scrapy.extensions.logstats.LogStats',
[2026-05-04T00:18:13.115+0000] {subprocess.py:93} INFO -  'scrapy.extensions.throttle.AutoThrottle']
[2026-05-04T00:18:13.115+0000] {subprocess.py:93} INFO - 2026-05-04 00:18:13 [scrapy.crawler] INFO: Overridden settings:
[2026-05-04T00:18:13.115+0000] {subprocess.py:93} INFO - {'AUTOTHROTTLE_ENABLED': True,
[2026-05-04T00:18:13.115+0000] {subprocess.py:93} INFO -  'AUTOTHROTTLE_MAX_DELAY': 10,
[2026-05-04T00:18:13.115+0000] {subprocess.py:93} INFO -  'AUTOTHROTTLE_START_DELAY': 1,
[2026-05-04T00:18:13.116+0000] {subprocess.py:93} INFO -  'BOT_NAME': 'market_bot',
[2026-05-04T00:18:13.116+0000] {subprocess.py:93} INFO -  'CLOSESPIDER_ITEMCOUNT': 50000,
[2026-05-04T00:18:13.116+0000] {subprocess.py:93} INFO -  'CLOSESPIDER_PAGECOUNT': 5000,
[2026-05-04T00:18:13.116+0000] {subprocess.py:93} INFO -  'CONCURRENT_REQUESTS': 2,
[2026-05-04T00:18:13.116+0000] {subprocess.py:93} INFO -  'CONCURRENT_REQUESTS_PER_DOMAIN': 1,
[2026-05-04T00:18:13.116+0000] {subprocess.py:93} INFO -  'DOWNLOAD_DELAY': 2.0,
[2026-05-04T00:18:13.116+0000] {subprocess.py:93} INFO -  'DOWNLOAD_TIMEOUT': 90,
[2026-05-04T00:18:13.116+0000] {subprocess.py:93} INFO -  'FEED_EXPORT_ENCODING': 'utf-8',
[2026-05-04T00:18:13.117+0000] {subprocess.py:93} INFO -  'LOG_LEVEL': 'INFO',
[2026-05-04T00:18:13.117+0000] {subprocess.py:93} INFO -  'NEWSPIDER_MODULE': 'market_bot.spiders',
[2026-05-04T00:18:13.117+0000] {subprocess.py:93} INFO -  'REQUEST_FINGERPRINTER_IMPLEMENTATION': '2.7',
[2026-05-04T00:18:13.117+0000] {subprocess.py:93} INFO -  'RETRY_HTTP_CODES': [500, 502, 503, 504, 408, 429],
[2026-05-04T00:18:13.117+0000] {subprocess.py:93} INFO -  'RETRY_TIMES': 5,
[2026-05-04T00:18:13.117+0000] {subprocess.py:93} INFO -  'ROBOTSTXT_OBEY': True,
[2026-05-04T00:18:13.117+0000] {subprocess.py:93} INFO -  'SPIDER_MODULES': ['market_bot.spiders'],
[2026-05-04T00:18:13.118+0000] {subprocess.py:93} INFO -  'TWISTED_REACTOR': 'twisted.internet.asyncioreactor.AsyncioSelectorReactor',
[2026-05-04T00:18:13.118+0000] {subprocess.py:93} INFO -  'USER_AGENT': 'Mozilla/5.0 (Windows NT 10.0; Win64; x64) AppleWebKit/537.36 '
[2026-05-04T00:18:13.118+0000] {subprocess.py:93} INFO -                '(KHTML, like Gecko) Chrome/124.0.0.0 Safari/537.36'}
[2026-05-04T00:18:13.211+0000] {subprocess.py:93} INFO - 2026-05-04 00:18:13 [scrapy.middleware] INFO: Enabled downloader middlewares:
[2026-05-04T00:18:13.211+0000] {subprocess.py:93} INFO - ['scrapy.downloadermiddlewares.offsite.OffsiteMiddleware',
[2026-05-04T00:18:13.212+0000] {subprocess.py:93} INFO -  'scrapy.downloadermiddlewares.robotstxt.RobotsTxtMiddleware',
[2026-05-04T00:18:13.212+0000] {subprocess.py:93} INFO -  'scrapy.downloadermiddlewares.httpauth.HttpAuthMiddleware',
[2026-05-04T00:18:13.212+0000] {subprocess.py:93} INFO -  'scrapy.downloadermiddlewares.downloadtimeout.DownloadTimeoutMiddleware',
[2026-05-04T00:18:13.212+0000] {subprocess.py:93} INFO -  'scrapy.downloadermiddlewares.defaultheaders.DefaultHeadersMiddleware',
[2026-05-04T00:18:13.212+0000] {subprocess.py:93} INFO -  'scrapy.downloadermiddlewares.useragent.UserAgentMiddleware',
[2026-05-04T00:18:13.212+0000] {subprocess.py:93} INFO -  'scrapy.downloadermiddlewares.retry.RetryMiddleware',
[2026-05-04T00:18:13.212+0000] {subprocess.py:93} INFO -  'scrapy.downloadermiddlewares.redirect.MetaRefreshMiddleware',
[2026-05-04T00:18:13.213+0000] {subprocess.py:93} INFO -  'scrapy.downloadermiddlewares.httpcompression.HttpCompressionMiddleware',
[2026-05-04T00:18:13.213+0000] {subprocess.py:93} INFO -  'scrapy.downloadermiddlewares.redirect.RedirectMiddleware',
[2026-05-04T00:18:13.213+0000] {subprocess.py:93} INFO -  'scrapy.downloadermiddlewares.cookies.CookiesMiddleware',
[2026-05-04T00:18:13.213+0000] {subprocess.py:93} INFO -  'scrapy.downloadermiddlewares.httpproxy.HttpProxyMiddleware',
[2026-05-04T00:18:13.213+0000] {subprocess.py:93} INFO -  'scrapy.downloadermiddlewares.stats.DownloaderStats']
[2026-05-04T00:18:13.215+0000] {subprocess.py:93} INFO - 2026-05-04 00:18:13 [scrapy.middleware] INFO: Enabled spider middlewares:
[2026-05-04T00:18:13.215+0000] {subprocess.py:93} INFO - ['scrapy.spidermiddlewares.httperror.HttpErrorMiddleware',
[2026-05-04T00:18:13.215+0000] {subprocess.py:93} INFO -  'scrapy.spidermiddlewares.referer.RefererMiddleware',
[2026-05-04T00:18:13.215+0000] {subprocess.py:93} INFO -  'scrapy.spidermiddlewares.urllength.UrlLengthMiddleware',
[2026-05-04T00:18:13.216+0000] {subprocess.py:93} INFO -  'scrapy.spidermiddlewares.depth.DepthMiddleware']
[2026-05-04T00:18:13.223+0000] {subprocess.py:93} INFO - %4|1777853893.223|CONFWARN|scrapy-bot#producer-1| [thrd:app]: Configuration property api.version.request is deprecated: **Post-deprecation actions: remove this configuration property, brokers < 0.10.0 won't be supported anymore in librdkafka 3.x.** Request broker's supported API versions to adjust functionality to available protocol features. If set to false, or the ApiVersionRequest fails, the fallback version `broker.version.fallback` will be used. **NOTE**: Depends on broker version >=0.10.0. If the request is not supported by (an older) broker the `broker.version.fallback` fallback is used.
[2026-05-04T00:18:13.224+0000] {subprocess.py:93} INFO - %4|1777853893.223|CONFWARN|scrapy-bot#producer-1| [thrd:app]: Configuration property broker.version.fallback is deprecated: **Post-deprecation actions: remove this configuration property, brokers < 0.10.0 won't be supported anymore in librdkafka 3.x.** Older broker versions (before 0.10.0) provide no way for a client to query for supported protocol features (ApiVersionRequest, see `api.version.request`) making it impossible for the client to know what features it may use. As a workaround a user may set this property to the expected broker version and the client will automatically adjust its feature set accordingly if the ApiVersionRequest fails (or is disabled). The fallback broker version will be used for `api.version.fallback.ms`. Valid values are: 0.9.0, 0.8.2, 0.8.1, 0.8.0. Any other value >= 0.10, such as 0.10.2.1, enables ApiVersionRequests.
[2026-05-04T00:18:13.224+0000] {subprocess.py:93} INFO - 2026-05-04 00:18:13 [scrapy.middleware] INFO: Enabled item pipelines:
[2026-05-04T00:18:13.224+0000] {subprocess.py:93} INFO - ['market_bot.pipelines.KafkaPipeline']
[2026-05-04T00:18:13.224+0000] {subprocess.py:93} INFO - 2026-05-04 00:18:13 [scrapy.core.engine] INFO: Spider opened
[2026-05-04T00:18:13.230+0000] {subprocess.py:93} INFO - 2026-05-04 00:18:13 [scrapy.extensions.logstats] INFO: Crawled 0 pages (at 0 pages/min), scraped 0 items (at 0 items/min)
[2026-05-04T00:18:13.232+0000] {subprocess.py:93} INFO - 2026-05-04 00:18:13 [scrapy.extensions.telnet] INFO: Telnet console listening on 127.0.0.1:6036
[2026-05-04T00:18:13.233+0000] {subprocess.py:93} INFO - 2026-05-04 00:18:13 [scrapy-playwright] INFO: Starting download handler
[2026-05-04T00:18:13.234+0000] {subprocess.py:93} INFO - 2026-05-04 00:18:13 [scrapy-playwright] INFO: Starting download handler
[2026-05-04T00:18:13.545+0000] {subprocess.py:93} INFO - 2026-05-04 00:18:13 [scrapy-playwright] INFO: Launching 1 startup context(s)
[2026-05-04T00:18:13.549+0000] {subprocess.py:93} INFO - 2026-05-04 00:18:13 [scrapy-playwright] INFO: Launching browser chromium
[2026-05-04T00:18:13.575+0000] {subprocess.py:93} INFO - 2026-05-04 00:18:13 [scrapy-playwright] INFO: Launching 1 startup context(s)
[2026-05-04T00:18:13.576+0000] {subprocess.py:93} INFO - 2026-05-04 00:18:13 [scrapy-playwright] INFO: Launching browser chromium
[2026-05-04T00:18:13.697+0000] {subprocess.py:93} INFO - 2026-05-04 00:18:13 [scrapy-playwright] INFO: Browser chromium launched
[2026-05-04T00:18:13.698+0000] {subprocess.py:93} INFO - 2026-05-04 00:18:13 [scrapy-playwright] INFO: Browser chromium launched
[2026-05-04T00:18:13.706+0000] {subprocess.py:93} INFO - 2026-05-04 00:18:13 [scrapy-playwright] INFO: Startup context(s) launched
[2026-05-04T00:18:13.708+0000] {subprocess.py:93} INFO - 2026-05-04 00:18:13 [scrapy-playwright] INFO: Startup context(s) launched
[2026-05-04T00:18:37.858+0000] {subprocess.py:93} INFO - 2026-05-04 00:18:37 [scrapy.downloadermiddlewares.retry] ERROR: Gave up retrying <GET https://www.technopro.ma/robots.txt> (failed 6 times): DNS lookup failed: no results for hostname lookup: www.technopro.ma.
[2026-05-04T00:18:37.859+0000] {subprocess.py:93} INFO - 2026-05-04 00:18:37 [scrapy.downloadermiddlewares.robotstxt] ERROR: Error downloading <GET https://www.technopro.ma/robots.txt>: DNS lookup failed: no results for hostname lookup: www.technopro.ma.
[2026-05-04T00:18:37.859+0000] {subprocess.py:93} INFO - Traceback (most recent call last):
[2026-05-04T00:18:37.859+0000] {subprocess.py:93} INFO -   File "/home/***/.local/lib/python3.8/site-packages/twisted/internet/defer.py", line 1853, in _inlineCallbacks
[2026-05-04T00:18:37.860+0000] {subprocess.py:93} INFO -     result = context.run(
[2026-05-04T00:18:37.860+0000] {subprocess.py:93} INFO -   File "/home/***/.local/lib/python3.8/site-packages/twisted/python/failure.py", line 467, in throwExceptionIntoGenerator
[2026-05-04T00:18:37.860+0000] {subprocess.py:93} INFO -     return g.throw(self.value.with_traceback(self.tb))
[2026-05-04T00:18:37.860+0000] {subprocess.py:93} INFO -   File "/home/***/.local/lib/python3.8/site-packages/scrapy/core/downloader/middleware.py", line 54, in process_request
[2026-05-04T00:18:37.860+0000] {subprocess.py:93} INFO -     return (yield download_func(request=request, spider=spider))
[2026-05-04T00:18:37.860+0000] {subprocess.py:93} INFO -   File "/home/***/.local/lib/python3.8/site-packages/twisted/internet/defer.py", line 1092, in _runCallbacks
[2026-05-04T00:18:37.861+0000] {subprocess.py:93} INFO -     current.result = callback(  # type: ignore[misc]
[2026-05-04T00:18:37.861+0000] {subprocess.py:93} INFO -   File "/home/***/.local/lib/python3.8/site-packages/twisted/internet/endpoints.py", line 1091, in startConnectionAttempts
[2026-05-04T00:18:37.861+0000] {subprocess.py:93} INFO -     raise error.DNSLookupError(
[2026-05-04T00:18:37.861+0000] {subprocess.py:93} INFO - twisted.internet.error.DNSLookupError: DNS lookup failed: no results for hostname lookup: www.technopro.ma.
[2026-05-04T00:18:40.360+0000] {subprocess.py:93} INFO - 2026-05-04 00:18:40 [technopro] ERROR: ❌ Network error [smartphone] https://www.technopro.ma/smartphones.html: <twisted.python.failure.Failure playwright._impl._errors.Error: Page.goto: net::ERR_NAME_NOT_RESOLVED at https://www.technopro.ma/smartphones.html
[2026-05-04T00:18:40.360+0000] {subprocess.py:93} INFO - Call log:
[2026-05-04T00:18:40.361+0000] {subprocess.py:93} INFO - navigating to "https://www.technopro.ma/smartphones.html", waiting until "load"
[2026-05-04T00:18:40.361+0000] {subprocess.py:93} INFO - >
[2026-05-04T00:18:43.246+0000] {subprocess.py:93} INFO - 2026-05-04 00:18:43 [technopro] ERROR: ❌ Network error [laptop] https://www.technopro.ma/ordinateurs-portables.html: <twisted.python.failure.Failure playwright._impl._errors.Error: Page.goto: net::ERR_NAME_NOT_RESOLVED at https://www.technopro.ma/ordinateurs-portables.html
[2026-05-04T00:18:43.246+0000] {subprocess.py:93} INFO - Call log:
[2026-05-04T00:18:43.247+0000] {subprocess.py:93} INFO - navigating to "https://www.technopro.ma/ordinateurs-portables.html", waiting until "load"
[2026-05-04T00:18:43.247+0000] {subprocess.py:93} INFO - >
[2026-05-04T00:18:43.248+0000] {subprocess.py:93} INFO - 2026-05-04 00:18:43 [scrapy.core.engine] INFO: Closing spider (finished)
[2026-05-04T00:18:43.249+0000] {subprocess.py:93} INFO - 2026-05-04 00:18:43 [technopro] INFO: Finalizing Kafka: 2 items produced. Flushing...
[2026-05-04T00:18:43.250+0000] {subprocess.py:93} INFO - 2026-05-04 00:18:43 [technopro] INFO: 🚀 Tous les messages ont été envoyés avec succès.
[2026-05-04T00:18:43.250+0000] {subprocess.py:93} INFO - 2026-05-04 00:18:43 [scrapy.extensions.feedexport] INFO: Stored jsonl feed (2 items) in: /opt/***/scrapers/market_bot/data/technopro_2026-05-04.jsonl
[2026-05-04T00:18:43.251+0000] {subprocess.py:93} INFO - 2026-05-04 00:18:43 [scrapy.statscollectors] INFO: Dumping Scrapy stats:
[2026-05-04T00:18:43.251+0000] {subprocess.py:93} INFO - {'downloader/exception_count': 8,
[2026-05-04T00:18:43.252+0000] {subprocess.py:93} INFO -  'downloader/exception_type_count/playwright._impl._errors.Error': 2,
[2026-05-04T00:18:43.252+0000] {subprocess.py:93} INFO -  'downloader/exception_type_count/twisted.internet.error.DNSLookupError': 6,
[2026-05-04T00:18:43.252+0000] {subprocess.py:93} INFO -  'downloader/request_bytes': 2446,
[2026-05-04T00:18:43.252+0000] {subprocess.py:93} INFO -  'downloader/request_count': 8,
[2026-05-04T00:18:43.252+0000] {subprocess.py:93} INFO -  'downloader/request_method_count/GET': 8,
[2026-05-04T00:18:43.253+0000] {subprocess.py:93} INFO -  'elapsed_time_seconds': 30.021041,
[2026-05-04T00:18:43.253+0000] {subprocess.py:93} INFO -  'feedexport/success_count/FileFeedStorage': 1,
[2026-05-04T00:18:43.253+0000] {subprocess.py:93} INFO -  'finish_reason': 'finished',
[2026-05-04T00:18:43.253+0000] {subprocess.py:93} INFO -  'finish_time': datetime.datetime(2026, 5, 4, 0, 18, 43, 250322, tzinfo=datetime.timezone.utc),
[2026-05-04T00:18:43.253+0000] {subprocess.py:93} INFO -  'item_scraped_count': 2,
[2026-05-04T00:18:43.253+0000] {subprocess.py:93} INFO -  'log_count/ERROR': 4,
[2026-05-04T00:18:43.253+0000] {subprocess.py:93} INFO -  'log_count/INFO': 23,
[2026-05-04T00:18:43.254+0000] {subprocess.py:93} INFO -  'memusage/max': 155303936,
[2026-05-04T00:18:43.254+0000] {subprocess.py:93} INFO -  'memusage/startup': 155303936,
[2026-05-04T00:18:43.254+0000] {subprocess.py:93} INFO -  'playwright/browser_count': 2,
[2026-05-04T00:18:43.254+0000] {subprocess.py:93} INFO -  'playwright/context_count': 2,
[2026-05-04T00:18:43.254+0000] {subprocess.py:93} INFO -  'playwright/context_count/max_concurrent': 1,
[2026-05-04T00:18:43.254+0000] {subprocess.py:93} INFO -  'playwright/context_count/persistent/False': 2,
[2026-05-04T00:18:43.254+0000] {subprocess.py:93} INFO -  'playwright/context_count/remote/False': 2,
[2026-05-04T00:18:43.255+0000] {subprocess.py:93} INFO -  'playwright/page_count': 2,
[2026-05-04T00:18:43.255+0000] {subprocess.py:93} INFO -  'playwright/page_count/max_concurrent': 2,
[2026-05-04T00:18:43.255+0000] {subprocess.py:93} INFO -  'playwright/request_count': 2,
[2026-05-04T00:18:43.255+0000] {subprocess.py:93} INFO -  'playwright/request_count/method/GET': 2,
[2026-05-04T00:18:43.256+0000] {subprocess.py:93} INFO -  'playwright/request_count/navigation': 2,
[2026-05-04T00:18:43.256+0000] {subprocess.py:93} INFO -  'playwright/request_count/resource_type/document': 2,
[2026-05-04T00:18:43.256+0000] {subprocess.py:93} INFO -  'retry/count': 5,
[2026-05-04T00:18:43.256+0000] {subprocess.py:93} INFO -  'retry/max_reached': 1,
[2026-05-04T00:18:43.256+0000] {subprocess.py:93} INFO -  'retry/reason_count/twisted.internet.error.DNSLookupError': 5,
[2026-05-04T00:18:43.256+0000] {subprocess.py:93} INFO -  "robotstxt/exception_count/<class 'twisted.internet.error.DNSLookupError'>": 1,
[2026-05-04T00:18:43.257+0000] {subprocess.py:93} INFO -  'robotstxt/request_count': 1,
[2026-05-04T00:18:43.257+0000] {subprocess.py:93} INFO -  'scheduler/dequeued': 2,
[2026-05-04T00:18:43.257+0000] {subprocess.py:93} INFO -  'scheduler/dequeued/memory': 2,
[2026-05-04T00:18:43.257+0000] {subprocess.py:93} INFO -  'scheduler/enqueued': 2,
[2026-05-04T00:18:43.257+0000] {subprocess.py:93} INFO -  'scheduler/enqueued/memory': 2,
[2026-05-04T00:18:43.257+0000] {subprocess.py:93} INFO -  'start_time': datetime.datetime(2026, 5, 4, 0, 18, 13, 229281, tzinfo=datetime.timezone.utc)}
[2026-05-04T00:18:43.257+0000] {subprocess.py:93} INFO - 2026-05-04 00:18:43 [scrapy.core.engine] INFO: Spider closed (finished)
[2026-05-04T00:18:43.258+0000] {subprocess.py:93} INFO - 2026-05-04 00:18:43 [scrapy-playwright] INFO: Closing download handler
[2026-05-04T00:18:43.263+0000] {subprocess.py:93} INFO - 2026-05-04 00:18:43 [scrapy-playwright] INFO: Closing browser
[2026-05-04T00:18:43.296+0000] {subprocess.py:93} INFO - 2026-05-04 00:18:43 [scrapy-playwright] INFO: Closing download handler
[2026-05-04T00:18:43.317+0000] {subprocess.py:93} INFO - 2026-05-04 00:18:43 [scrapy-playwright] INFO: Closing browser
[2026-05-04T00:18:43.565+0000] {subprocess.py:97} INFO - Command exited with return code 0
[2026-05-04T00:18:43.598+0000] {taskinstance.py:1138} INFO - Marking task as SUCCESS. dag_id=market_intelligence_platform, task_id=parallel_scraping.scrape_technopro, execution_date=20260504T001810, start_date=20260504T001811, end_date=20260504T001843
[2026-05-04T00:18:43.652+0000] {local_task_job_runner.py:234} INFO - Task exited with return code 0
[2026-05-04T00:18:43.673+0000] {taskinstance.py:3280} INFO - 0 downstream tasks scheduled from follow-on schedule check
