[2026-04-30T22:59:51.562+0000] {taskinstance.py:1956} INFO - Dependencies all met for dep_context=non-requeueable deps ti=<TaskInstance: market_intelligence_platform.parallel_scraping.scrape_iris manual__2026-04-30T22:59:50.992962+00:00 [queued]>
[2026-04-30T22:59:51.591+0000] {taskinstance.py:1956} INFO - Dependencies all met for dep_context=requeueable deps ti=<TaskInstance: market_intelligence_platform.parallel_scraping.scrape_iris manual__2026-04-30T22:59:50.992962+00:00 [queued]>
[2026-04-30T22:59:51.591+0000] {taskinstance.py:2170} INFO - Starting attempt 1 of 2
[2026-04-30T22:59:51.622+0000] {taskinstance.py:2191} INFO - Executing <Task(BashOperator): parallel_scraping.scrape_iris> on 2026-04-30 22:59:50.992962+00:00
[2026-04-30T22:59:51.631+0000] {standard_task_runner.py:60} INFO - Started process 375 to run task
[2026-04-30T22:59:51.634+0000] {standard_task_runner.py:87} INFO - Running: ['***', 'tasks', 'run', 'market_intelligence_platform', 'parallel_scraping.scrape_iris', 'manual__2026-04-30T22:59:50.992962+00:00', '--job-id', '8', '--raw', '--subdir', 'DAGS_FOLDER/jumia_scraper_dag.py', '--cfg-path', '/tmp/tmpwcxw_crp']
[2026-04-30T22:59:51.646+0000] {standard_task_runner.py:88} INFO - Job 8: Subtask parallel_scraping.scrape_iris
[2026-04-30T22:59:51.707+0000] {task_command.py:423} INFO - Running <TaskInstance: market_intelligence_platform.parallel_scraping.scrape_iris manual__2026-04-30T22:59:50.992962+00:00 [running]> on host 99c16236c159
[2026-04-30T22:59:51.799+0000] {taskinstance.py:2480} INFO - Exporting env vars: AIRFLOW_CTX_DAG_OWNER='abdel' AIRFLOW_CTX_DAG_ID='market_intelligence_platform' AIRFLOW_CTX_TASK_ID='parallel_scraping.scrape_iris' AIRFLOW_CTX_EXECUTION_DATE='2026-04-30T22:59:50.992962+00:00' AIRFLOW_CTX_TRY_NUMBER='1' AIRFLOW_CTX_DAG_RUN_ID='manual__2026-04-30T22:59:50.992962+00:00'
[2026-04-30T22:59:51.800+0000] {subprocess.py:63} INFO - Tmp dir root location: /tmp
[2026-04-30T22:59:51.801+0000] {subprocess.py:75} INFO - Running command: ['/usr/bin/bash', '-c', 'mkdir -p /opt/***/scrapers/market_bot/data && cd /opt/***/scrapers/market_bot && export KAFKA_BOOTSTRAP_SERVERS=kafka:29092 && export KAFKA_TOPIC=market_data && python3 -m scrapy crawl iris -s LOG_LEVEL=INFO -o /opt/***/scrapers/market_bot/data/iris_2026-04-30.jsonl']
[2026-04-30T22:59:51.816+0000] {subprocess.py:86} INFO - Output:
[2026-04-30T22:59:52.541+0000] {subprocess.py:93} INFO - 2026-04-30 22:59:52 [scrapy.utils.log] INFO: Scrapy 2.11.2 started (bot: market_bot)
[2026-04-30T22:59:52.543+0000] {subprocess.py:93} INFO - 2026-04-30 22:59:52 [scrapy.utils.log] INFO: Versions: lxml 5.1.0.0, libxml2 2.12.3, cssselect 1.2.0, parsel 1.9.1, w3lib 2.2.1, Twisted 25.5.0, Python 3.8.18 (default, Feb 13 2024, 11:06:24) - [GCC 12.2.0], pyOpenSSL 23.3.0 (OpenSSL 3.1.4 24 Oct 2023), cryptography 41.0.7, Platform Linux-6.19.11+kali-amd64-x86_64-with-glibc2.34
[2026-04-30T22:59:52.547+0000] {subprocess.py:93} INFO - 2026-04-30 22:59:52 [scrapy.addons] INFO: Enabled addons:
[2026-04-30T22:59:52.548+0000] {subprocess.py:93} INFO - []
[2026-04-30T22:59:52.560+0000] {subprocess.py:93} INFO - 2026-04-30 22:59:52 [scrapy.extensions.telnet] INFO: Telnet Password: 41fc73d3d2ba874d
[2026-04-30T22:59:52.798+0000] {subprocess.py:93} INFO - 2026-04-30 22:59:52 [scrapy.middleware] INFO: Enabled extensions:
[2026-04-30T22:59:52.798+0000] {subprocess.py:93} INFO - ['scrapy.extensions.corestats.CoreStats',
[2026-04-30T22:59:52.799+0000] {subprocess.py:93} INFO -  'scrapy.extensions.telnet.TelnetConsole',
[2026-04-30T22:59:52.799+0000] {subprocess.py:93} INFO -  'scrapy.extensions.memusage.MemoryUsage',
[2026-04-30T22:59:52.799+0000] {subprocess.py:93} INFO -  'scrapy.extensions.closespider.CloseSpider',
[2026-04-30T22:59:52.799+0000] {subprocess.py:93} INFO -  'scrapy.extensions.feedexport.FeedExporter',
[2026-04-30T22:59:52.799+0000] {subprocess.py:93} INFO -  'scrapy.extensions.logstats.LogStats',
[2026-04-30T22:59:52.799+0000] {subprocess.py:93} INFO -  'scrapy.extensions.throttle.AutoThrottle']
[2026-04-30T22:59:52.801+0000] {subprocess.py:93} INFO - 2026-04-30 22:59:52 [scrapy.crawler] INFO: Overridden settings:
[2026-04-30T22:59:52.802+0000] {subprocess.py:93} INFO - {'ASYNCIO_EVENT_LOOP': 'asyncio.SelectorEventLoop',
[2026-04-30T22:59:52.802+0000] {subprocess.py:93} INFO -  'AUTOTHROTTLE_ENABLED': True,
[2026-04-30T22:59:52.802+0000] {subprocess.py:93} INFO -  'AUTOTHROTTLE_START_DELAY': 1.5,
[2026-04-30T22:59:52.802+0000] {subprocess.py:93} INFO -  'AUTOTHROTTLE_TARGET_CONCURRENCY': 2.0,
[2026-04-30T22:59:52.802+0000] {subprocess.py:93} INFO -  'BOT_NAME': 'market_bot',
[2026-04-30T22:59:52.802+0000] {subprocess.py:93} INFO -  'CLOSESPIDER_ITEMCOUNT': 50000,
[2026-04-30T22:59:52.803+0000] {subprocess.py:93} INFO -  'CLOSESPIDER_PAGECOUNT': 5000,
[2026-04-30T22:59:52.803+0000] {subprocess.py:93} INFO -  'CONCURRENT_REQUESTS': 1,
[2026-04-30T22:59:52.803+0000] {subprocess.py:93} INFO -  'COOKIES_ENABLED': False,
[2026-04-30T22:59:52.803+0000] {subprocess.py:93} INFO -  'DOWNLOAD_TIMEOUT': 90,
[2026-04-30T22:59:52.803+0000] {subprocess.py:93} INFO -  'FEED_EXPORT_ENCODING': 'utf-8',
[2026-04-30T22:59:52.803+0000] {subprocess.py:93} INFO -  'LOG_LEVEL': 'INFO',
[2026-04-30T22:59:52.803+0000] {subprocess.py:93} INFO -  'NEWSPIDER_MODULE': 'market_bot.spiders',
[2026-04-30T22:59:52.803+0000] {subprocess.py:93} INFO -  'REQUEST_FINGERPRINTER_IMPLEMENTATION': '2.7',
[2026-04-30T22:59:52.804+0000] {subprocess.py:93} INFO -  'RETRY_HTTP_CODES': [500, 502, 503, 504, 408, 429],
[2026-04-30T22:59:52.804+0000] {subprocess.py:93} INFO -  'RETRY_TIMES': 5,
[2026-04-30T22:59:52.804+0000] {subprocess.py:93} INFO -  'SPIDER_MODULES': ['market_bot.spiders'],
[2026-04-30T22:59:52.804+0000] {subprocess.py:93} INFO -  'TWISTED_REACTOR': 'twisted.internet.asyncioreactor.AsyncioSelectorReactor',
[2026-04-30T22:59:52.804+0000] {subprocess.py:93} INFO -  'USER_AGENT': 'Mozilla/5.0 (Windows NT 10.0; Win64; x64) AppleWebKit/537.36 '
[2026-04-30T22:59:52.804+0000] {subprocess.py:93} INFO -                '(KHTML, like Gecko) Chrome/124.0.0.0 Safari/537.36'}
[2026-04-30T22:59:53.034+0000] {subprocess.py:93} INFO - 2026-04-30 22:59:53 [scrapy.middleware] INFO: Enabled downloader middlewares:
[2026-04-30T22:59:53.035+0000] {subprocess.py:93} INFO - ['scrapy.downloadermiddlewares.offsite.OffsiteMiddleware',
[2026-04-30T22:59:53.035+0000] {subprocess.py:93} INFO -  'scrapy.downloadermiddlewares.httpauth.HttpAuthMiddleware',
[2026-04-30T22:59:53.035+0000] {subprocess.py:93} INFO -  'scrapy.downloadermiddlewares.downloadtimeout.DownloadTimeoutMiddleware',
[2026-04-30T22:59:53.035+0000] {subprocess.py:93} INFO -  'scrapy.downloadermiddlewares.defaultheaders.DefaultHeadersMiddleware',
[2026-04-30T22:59:53.036+0000] {subprocess.py:93} INFO -  'scrapy.downloadermiddlewares.useragent.UserAgentMiddleware',
[2026-04-30T22:59:53.036+0000] {subprocess.py:93} INFO -  'scrapy.downloadermiddlewares.retry.RetryMiddleware',
[2026-04-30T22:59:53.036+0000] {subprocess.py:93} INFO -  'scrapy.downloadermiddlewares.redirect.MetaRefreshMiddleware',
[2026-04-30T22:59:53.036+0000] {subprocess.py:93} INFO -  'scrapy.downloadermiddlewares.httpcompression.HttpCompressionMiddleware',
[2026-04-30T22:59:53.036+0000] {subprocess.py:93} INFO -  'scrapy.downloadermiddlewares.redirect.RedirectMiddleware',
[2026-04-30T22:59:53.036+0000] {subprocess.py:93} INFO -  'scrapy.downloadermiddlewares.httpproxy.HttpProxyMiddleware',
[2026-04-30T22:59:53.036+0000] {subprocess.py:93} INFO -  'scrapy.downloadermiddlewares.stats.DownloaderStats']
[2026-04-30T22:59:53.050+0000] {subprocess.py:93} INFO - 2026-04-30 22:59:53 [scrapy.middleware] INFO: Enabled spider middlewares:
[2026-04-30T22:59:53.050+0000] {subprocess.py:93} INFO - ['scrapy.spidermiddlewares.httperror.HttpErrorMiddleware',
[2026-04-30T22:59:53.050+0000] {subprocess.py:93} INFO -  'scrapy.spidermiddlewares.referer.RefererMiddleware',
[2026-04-30T22:59:53.050+0000] {subprocess.py:93} INFO -  'scrapy.spidermiddlewares.urllength.UrlLengthMiddleware',
[2026-04-30T22:59:53.051+0000] {subprocess.py:93} INFO -  'scrapy.spidermiddlewares.depth.DepthMiddleware']
[2026-04-30T22:59:53.086+0000] {subprocess.py:93} INFO - %4|1777589993.081|CONFWARN|scrapy-bot#producer-1| [thrd:app]: Configuration property api.version.request is deprecated: **Post-deprecation actions: remove this configuration property, brokers < 0.10.0 won't be supported anymore in librdkafka 3.x.** Request broker's supported API versions to adjust functionality to available protocol features. If set to false, or the ApiVersionRequest fails, the fallback version `broker.version.fallback` will be used. **NOTE**: Depends on broker version >=0.10.0. If the request is not supported by (an older) broker the `broker.version.fallback` fallback is used.
[2026-04-30T22:59:53.087+0000] {subprocess.py:93} INFO - %4|1777589993.081|CONFWARN|scrapy-bot#producer-1| [thrd:app]: Configuration property broker.version.fallback is deprecated: **Post-deprecation actions: remove this configuration property, brokers < 0.10.0 won't be supported anymore in librdkafka 3.x.** Older broker versions (before 0.10.0) provide no way for a client to query for supported protocol features (ApiVersionRequest, see `api.version.request`) making it impossible for the client to know what features it may use. As a workaround a user may set this property to the expected broker version and the client will automatically adjust its feature set accordingly if the ApiVersionRequest fails (or is disabled). The fallback broker version will be used for `api.version.fallback.ms`. Valid values are: 0.9.0, 0.8.2, 0.8.1, 0.8.0. Any other value >= 0.10, such as 0.10.2.1, enables ApiVersionRequests.
[2026-04-30T22:59:53.087+0000] {subprocess.py:93} INFO - 2026-04-30 22:59:53 [scrapy.middleware] INFO: Enabled item pipelines:
[2026-04-30T22:59:53.087+0000] {subprocess.py:93} INFO - ['market_bot.pipelines.KafkaPipeline']
[2026-04-30T22:59:53.087+0000] {subprocess.py:93} INFO - 2026-04-30 22:59:53 [scrapy.core.engine] INFO: Spider opened
[2026-04-30T22:59:53.096+0000] {subprocess.py:93} INFO - 2026-04-30 22:59:53 [scrapy.extensions.logstats] INFO: Crawled 0 pages (at 0 pages/min), scraped 0 items (at 0 items/min)
[2026-04-30T22:59:53.109+0000] {subprocess.py:93} INFO - 2026-04-30 22:59:53 [scrapy.extensions.telnet] INFO: Telnet console listening on 127.0.0.1:6036
[2026-04-30T22:59:53.114+0000] {subprocess.py:93} INFO - 2026-04-30 22:59:53 [scrapy-playwright] INFO: Starting download handler
[2026-04-30T22:59:53.122+0000] {subprocess.py:93} INFO - 2026-04-30 22:59:53 [scrapy-playwright] INFO: Starting download handler
[2026-04-30T22:59:58.112+0000] {subprocess.py:93} INFO - 2026-04-30 22:59:58 [scrapy-playwright] INFO: Launching browser chromium
[2026-04-30T22:59:58.200+0000] {subprocess.py:93} INFO - 2026-04-30 22:59:58 [scrapy-playwright] INFO: Browser chromium launched
[2026-04-30T23:00:06.307+0000] {subprocess.py:93} INFO - 2026-04-30 23:00:06 [iris] INFO: 📊 Iris (Source: laptop) : 43 produits détectés.
[2026-04-30T23:00:13.294+0000] {subprocess.py:93} INFO - 2026-04-30 23:00:13 [iris] ERROR: ❌ Erreur réseau sur https://www.iris.ma/13-smartphone: <twisted.python.failure.Failure scrapy.spidermiddlewares.httperror.HttpError: Ignoring non-200 response>
[2026-04-30T23:00:53.097+0000] {subprocess.py:93} INFO - 2026-04-30 23:00:53 [scrapy.extensions.logstats] INFO: Crawled 2 pages (at 2 pages/min), scraped 43 items (at 43 items/min)
[2026-04-30T23:01:53.097+0000] {subprocess.py:93} INFO - 2026-04-30 23:01:53 [scrapy.extensions.logstats] INFO: Crawled 2 pages (at 0 pages/min), scraped 43 items (at 0 items/min)
[2026-04-30T23:02:53.097+0000] {subprocess.py:93} INFO - 2026-04-30 23:02:53 [scrapy.extensions.logstats] INFO: Crawled 2 pages (at 0 pages/min), scraped 43 items (at 0 items/min)
[2026-04-30T23:03:53.097+0000] {subprocess.py:93} INFO - 2026-04-30 23:03:53 [scrapy.extensions.logstats] INFO: Crawled 2 pages (at 0 pages/min), scraped 43 items (at 0 items/min)
[2026-04-30T23:04:53.097+0000] {subprocess.py:93} INFO - 2026-04-30 23:04:53 [scrapy.extensions.logstats] INFO: Crawled 2 pages (at 0 pages/min), scraped 43 items (at 0 items/min)
[2026-04-30T23:05:53.097+0000] {subprocess.py:93} INFO - 2026-04-30 23:05:53 [scrapy.extensions.logstats] INFO: Crawled 2 pages (at 0 pages/min), scraped 43 items (at 0 items/min)
[2026-04-30T23:06:53.097+0000] {subprocess.py:93} INFO - 2026-04-30 23:06:53 [scrapy.extensions.logstats] INFO: Crawled 2 pages (at 0 pages/min), scraped 43 items (at 0 items/min)
[2026-04-30T23:07:53.098+0000] {subprocess.py:93} INFO - 2026-04-30 23:07:53 [scrapy.extensions.logstats] INFO: Crawled 2 pages (at 0 pages/min), scraped 43 items (at 0 items/min)
[2026-04-30T23:08:53.097+0000] {subprocess.py:93} INFO - 2026-04-30 23:08:53 [scrapy.extensions.logstats] INFO: Crawled 2 pages (at 0 pages/min), scraped 43 items (at 0 items/min)
[2026-04-30T23:09:53.098+0000] {subprocess.py:93} INFO - 2026-04-30 23:09:53 [scrapy.extensions.logstats] INFO: Crawled 2 pages (at 0 pages/min), scraped 43 items (at 0 items/min)
[2026-04-30T23:10:53.097+0000] {subprocess.py:93} INFO - 2026-04-30 23:10:53 [scrapy.extensions.logstats] INFO: Crawled 2 pages (at 0 pages/min), scraped 43 items (at 0 items/min)
[2026-04-30T23:11:53.097+0000] {subprocess.py:93} INFO - 2026-04-30 23:11:53 [scrapy.extensions.logstats] INFO: Crawled 2 pages (at 0 pages/min), scraped 43 items (at 0 items/min)
[2026-04-30T23:12:53.097+0000] {subprocess.py:93} INFO - 2026-04-30 23:12:53 [scrapy.extensions.logstats] INFO: Crawled 2 pages (at 0 pages/min), scraped 43 items (at 0 items/min)
[2026-04-30T23:13:53.097+0000] {subprocess.py:93} INFO - 2026-04-30 23:13:53 [scrapy.extensions.logstats] INFO: Crawled 2 pages (at 0 pages/min), scraped 43 items (at 0 items/min)
[2026-04-30T23:14:53.097+0000] {subprocess.py:93} INFO - 2026-04-30 23:14:53 [scrapy.extensions.logstats] INFO: Crawled 2 pages (at 0 pages/min), scraped 43 items (at 0 items/min)
[2026-04-30T23:15:53.097+0000] {subprocess.py:93} INFO - 2026-04-30 23:15:53 [scrapy.extensions.logstats] INFO: Crawled 2 pages (at 0 pages/min), scraped 43 items (at 0 items/min)
[2026-04-30T23:16:53.098+0000] {subprocess.py:93} INFO - 2026-04-30 23:16:53 [scrapy.extensions.logstats] INFO: Crawled 2 pages (at 0 pages/min), scraped 43 items (at 0 items/min)
[2026-04-30T23:17:53.097+0000] {subprocess.py:93} INFO - 2026-04-30 23:17:53 [scrapy.extensions.logstats] INFO: Crawled 2 pages (at 0 pages/min), scraped 43 items (at 0 items/min)
[2026-04-30T23:18:53.097+0000] {subprocess.py:93} INFO - 2026-04-30 23:18:53 [scrapy.extensions.logstats] INFO: Crawled 2 pages (at 0 pages/min), scraped 43 items (at 0 items/min)
[2026-04-30T23:19:53.097+0000] {subprocess.py:93} INFO - 2026-04-30 23:19:53 [scrapy.extensions.logstats] INFO: Crawled 2 pages (at 0 pages/min), scraped 43 items (at 0 items/min)
[2026-04-30T23:20:53.097+0000] {subprocess.py:93} INFO - 2026-04-30 23:20:53 [scrapy.extensions.logstats] INFO: Crawled 2 pages (at 0 pages/min), scraped 43 items (at 0 items/min)
[2026-04-30T23:21:53.097+0000] {subprocess.py:93} INFO - 2026-04-30 23:21:53 [scrapy.extensions.logstats] INFO: Crawled 2 pages (at 0 pages/min), scraped 43 items (at 0 items/min)
[2026-04-30T23:22:53.097+0000] {subprocess.py:93} INFO - 2026-04-30 23:22:53 [scrapy.extensions.logstats] INFO: Crawled 2 pages (at 0 pages/min), scraped 43 items (at 0 items/min)
[2026-04-30T23:23:53.098+0000] {subprocess.py:93} INFO - 2026-04-30 23:23:53 [scrapy.extensions.logstats] INFO: Crawled 2 pages (at 0 pages/min), scraped 43 items (at 0 items/min)
[2026-04-30T23:24:53.097+0000] {subprocess.py:93} INFO - 2026-04-30 23:24:53 [scrapy.extensions.logstats] INFO: Crawled 2 pages (at 0 pages/min), scraped 43 items (at 0 items/min)
[2026-04-30T23:25:53.097+0000] {subprocess.py:93} INFO - 2026-04-30 23:25:53 [scrapy.extensions.logstats] INFO: Crawled 2 pages (at 0 pages/min), scraped 43 items (at 0 items/min)
[2026-04-30T23:26:53.097+0000] {subprocess.py:93} INFO - 2026-04-30 23:26:53 [scrapy.extensions.logstats] INFO: Crawled 2 pages (at 0 pages/min), scraped 43 items (at 0 items/min)
[2026-04-30T23:27:53.097+0000] {subprocess.py:93} INFO - 2026-04-30 23:27:53 [scrapy.extensions.logstats] INFO: Crawled 2 pages (at 0 pages/min), scraped 43 items (at 0 items/min)
[2026-04-30T23:28:53.097+0000] {subprocess.py:93} INFO - 2026-04-30 23:28:53 [scrapy.extensions.logstats] INFO: Crawled 2 pages (at 0 pages/min), scraped 43 items (at 0 items/min)
[2026-04-30T23:29:53.099+0000] {subprocess.py:93} INFO - 2026-04-30 23:29:53 [scrapy.extensions.logstats] INFO: Crawled 2 pages (at 0 pages/min), scraped 43 items (at 0 items/min)
[2026-04-30T23:30:53.097+0000] {subprocess.py:93} INFO - 2026-04-30 23:30:53 [scrapy.extensions.logstats] INFO: Crawled 2 pages (at 0 pages/min), scraped 43 items (at 0 items/min)
[2026-04-30T23:31:33.058+0000] {local_task_job_runner.py:121} ERROR - Received SIGTERM. Terminating subprocesses
[2026-04-30T23:31:33.062+0000] {process_utils.py:131} INFO - Sending 15 to group 375. PIDs of all processes in the group: [400, 682, 684, 1347, 1351, 1352, 1370, 1413, 1619, 1369, 375]
[2026-04-30T23:31:33.062+0000] {process_utils.py:86} INFO - Sending the signal 15 to group 375
[2026-04-30T23:31:33.063+0000] {taskinstance.py:2450} ERROR - Received SIGTERM. Terminating subprocesses.
[2026-04-30T23:31:33.063+0000] {subprocess.py:104} INFO - Sending SIGTERM signal to process group
[2026-04-30T23:31:33.296+0000] {process_utils.py:79} INFO - Process psutil.Process(pid=1351, status='terminated', started='22:59:57') (1351) terminated with exit code None
[2026-04-30T23:31:33.297+0000] {process_utils.py:79} INFO - Process psutil.Process(pid=1413, status='terminated', started='22:59:58') (1413) terminated with exit code None
[2026-04-30T23:31:33.297+0000] {process_utils.py:79} INFO - Process psutil.Process(pid=1619, status='terminated', started='23:00:06') (1619) terminated with exit code None
[2026-04-30T23:31:33.391+0000] {process_utils.py:79} INFO - Process psutil.Process(pid=682, status='terminated', started='22:59:52') (682) terminated with exit code None
[2026-04-30T23:31:33.392+0000] {process_utils.py:79} INFO - Process psutil.Process(pid=1369, status='terminated', started='22:59:58') (1369) terminated with exit code None
[2026-04-30T23:31:33.392+0000] {process_utils.py:79} INFO - Process psutil.Process(pid=1370, status='terminated', started='22:59:58') (1370) terminated with exit code None
[2026-04-30T23:31:33.392+0000] {process_utils.py:79} INFO - Process psutil.Process(pid=1352, status='terminated', started='22:59:57') (1352) terminated with exit code None
[2026-04-30T23:31:33.393+0000] {process_utils.py:79} INFO - Process psutil.Process(pid=1347, status='terminated', started='22:59:57') (1347) terminated with exit code None
[2026-04-30T23:31:33.888+0000] {standard_task_runner.py:107} ERROR - Failed to execute job 8 for task parallel_scraping.scrape_iris ((psycopg2.OperationalError) could not translate host name "postgres" to address: Name or service not known

(Background on this error at: https://sqlalche.me/e/14/e3q8); 375)
[2026-04-30T23:31:33.911+0000] {process_utils.py:79} INFO - Process psutil.Process(pid=375, status='terminated', exitcode=1, started='22:59:51') (375) terminated with exit code 1
