[2026-05-04T03:00:00.612+0000] {taskinstance.py:1956} INFO - Dependencies all met for dep_context=non-requeueable deps ti=<TaskInstance: market_intelligence_platform.parallel_scraping.scrape_micromagma scheduled__2026-05-03T03:00:00+00:00 [queued]>
[2026-05-04T03:00:00.620+0000] {taskinstance.py:1956} INFO - Dependencies all met for dep_context=requeueable deps ti=<TaskInstance: market_intelligence_platform.parallel_scraping.scrape_micromagma scheduled__2026-05-03T03:00:00+00:00 [queued]>
[2026-05-04T03:00:00.620+0000] {taskinstance.py:2170} INFO - Starting attempt 1 of 2
[2026-05-04T03:00:00.632+0000] {taskinstance.py:2191} INFO - Executing <Task(BashOperator): parallel_scraping.scrape_micromagma> on 2026-05-03 03:00:00+00:00
[2026-05-04T03:00:00.635+0000] {standard_task_runner.py:60} INFO - Started process 22512 to run task
[2026-05-04T03:00:00.637+0000] {standard_task_runner.py:87} INFO - Running: ['***', 'tasks', 'run', 'market_intelligence_platform', 'parallel_scraping.scrape_micromagma', 'scheduled__2026-05-03T03:00:00+00:00', '--job-id', '226', '--raw', '--subdir', 'DAGS_FOLDER/jumia_scraper_dag.py', '--cfg-path', '/tmp/tmpaa0t22xj']
[2026-05-04T03:00:00.639+0000] {standard_task_runner.py:88} INFO - Job 226: Subtask parallel_scraping.scrape_micromagma
[2026-05-04T03:00:00.673+0000] {task_command.py:423} INFO - Running <TaskInstance: market_intelligence_platform.parallel_scraping.scrape_micromagma scheduled__2026-05-03T03:00:00+00:00 [running]> on host c1627dbb6835
[2026-05-04T03:00:00.744+0000] {taskinstance.py:2480} INFO - Exporting env vars: AIRFLOW_CTX_DAG_OWNER='abdel' AIRFLOW_CTX_DAG_ID='market_intelligence_platform' AIRFLOW_CTX_TASK_ID='parallel_scraping.scrape_micromagma' AIRFLOW_CTX_EXECUTION_DATE='2026-05-03T03:00:00+00:00' AIRFLOW_CTX_TRY_NUMBER='1' AIRFLOW_CTX_DAG_RUN_ID='scheduled__2026-05-03T03:00:00+00:00'
[2026-05-04T03:00:00.745+0000] {subprocess.py:63} INFO - Tmp dir root location: /tmp
[2026-05-04T03:00:00.745+0000] {subprocess.py:75} INFO - Running command: ['/usr/bin/bash', '-c', 'mkdir -p /opt/***/scrapers/market_bot/data && cd /opt/***/scrapers/market_bot && python3 -m scrapy crawl micromagma -s LOG_LEVEL=INFO -o /opt/***/scrapers/market_bot/data/micromagma_2026-05-03.jsonl']
[2026-05-04T03:00:00.755+0000] {subprocess.py:86} INFO - Output:
[2026-05-04T03:00:01.157+0000] {subprocess.py:93} INFO - 2026-05-04 03:00:01 [scrapy.utils.log] INFO: Scrapy 2.11.2 started (bot: market_bot)
[2026-05-04T03:00:01.158+0000] {subprocess.py:93} INFO - 2026-05-04 03:00:01 [scrapy.utils.log] INFO: Versions: lxml 5.1.0.0, libxml2 2.12.3, cssselect 1.2.0, parsel 1.9.1, w3lib 2.2.1, Twisted 25.5.0, Python 3.8.18 (default, Feb 13 2024, 11:06:24) - [GCC 12.2.0], pyOpenSSL 23.3.0 (OpenSSL 3.1.4 24 Oct 2023), cryptography 41.0.7, Platform Linux-6.19.11+kali-amd64-x86_64-with-glibc2.34
[2026-05-04T03:00:01.160+0000] {subprocess.py:93} INFO - 2026-05-04 03:00:01 [scrapy.addons] INFO: Enabled addons:
[2026-05-04T03:00:01.160+0000] {subprocess.py:93} INFO - []
[2026-05-04T03:00:01.168+0000] {subprocess.py:93} INFO - 2026-05-04 03:00:01 [scrapy.extensions.telnet] INFO: Telnet Password: 68cbd3a590d57f80
[2026-05-04T03:00:01.294+0000] {subprocess.py:93} INFO - 2026-05-04 03:00:01 [scrapy.middleware] INFO: Enabled extensions:
[2026-05-04T03:00:01.294+0000] {subprocess.py:93} INFO - ['scrapy.extensions.corestats.CoreStats',
[2026-05-04T03:00:01.294+0000] {subprocess.py:93} INFO -  'scrapy.extensions.telnet.TelnetConsole',
[2026-05-04T03:00:01.294+0000] {subprocess.py:93} INFO -  'scrapy.extensions.memusage.MemoryUsage',
[2026-05-04T03:00:01.294+0000] {subprocess.py:93} INFO -  'scrapy.extensions.closespider.CloseSpider',
[2026-05-04T03:00:01.294+0000] {subprocess.py:93} INFO -  'scrapy.extensions.feedexport.FeedExporter',
[2026-05-04T03:00:01.295+0000] {subprocess.py:93} INFO -  'scrapy.extensions.logstats.LogStats']
[2026-05-04T03:00:01.295+0000] {subprocess.py:93} INFO - 2026-05-04 03:00:01 [scrapy.crawler] INFO: Overridden settings:
[2026-05-04T03:00:01.295+0000] {subprocess.py:93} INFO - {'AUTOTHROTTLE_MAX_DELAY': 10,
[2026-05-04T03:00:01.295+0000] {subprocess.py:93} INFO -  'AUTOTHROTTLE_START_DELAY': 1,
[2026-05-04T03:00:01.295+0000] {subprocess.py:93} INFO -  'BOT_NAME': 'market_bot',
[2026-05-04T03:00:01.295+0000] {subprocess.py:93} INFO -  'CLOSESPIDER_ITEMCOUNT': 50000,
[2026-05-04T03:00:01.295+0000] {subprocess.py:93} INFO -  'CLOSESPIDER_PAGECOUNT': 5000,
[2026-05-04T03:00:01.295+0000] {subprocess.py:93} INFO -  'CONCURRENT_REQUESTS': 2,
[2026-05-04T03:00:01.295+0000] {subprocess.py:93} INFO -  'CONCURRENT_REQUESTS_PER_DOMAIN': 1,
[2026-05-04T03:00:01.295+0000] {subprocess.py:93} INFO -  'DOWNLOAD_DELAY': 2.0,
[2026-05-04T03:00:01.295+0000] {subprocess.py:93} INFO -  'DOWNLOAD_TIMEOUT': 90,
[2026-05-04T03:00:01.295+0000] {subprocess.py:93} INFO -  'FEED_EXPORT_ENCODING': 'utf-8',
[2026-05-04T03:00:01.295+0000] {subprocess.py:93} INFO -  'LOG_LEVEL': 'INFO',
[2026-05-04T03:00:01.296+0000] {subprocess.py:93} INFO -  'NEWSPIDER_MODULE': 'market_bot.spiders',
[2026-05-04T03:00:01.296+0000] {subprocess.py:93} INFO -  'REQUEST_FINGERPRINTER_IMPLEMENTATION': '2.7',
[2026-05-04T03:00:01.296+0000] {subprocess.py:93} INFO -  'RETRY_HTTP_CODES': [500, 502, 503, 504, 408, 429],
[2026-05-04T03:00:01.296+0000] {subprocess.py:93} INFO -  'RETRY_TIMES': 5,
[2026-05-04T03:00:01.296+0000] {subprocess.py:93} INFO -  'ROBOTSTXT_OBEY': True,
[2026-05-04T03:00:01.296+0000] {subprocess.py:93} INFO -  'SPIDER_MODULES': ['market_bot.spiders'],
[2026-05-04T03:00:01.296+0000] {subprocess.py:93} INFO -  'TWISTED_REACTOR': 'twisted.internet.asyncioreactor.AsyncioSelectorReactor',
[2026-05-04T03:00:01.296+0000] {subprocess.py:93} INFO -  'USER_AGENT': 'Mozilla/5.0 (Windows NT 10.0; Win64; x64) AppleWebKit/537.36 '
[2026-05-04T03:00:01.296+0000] {subprocess.py:93} INFO -                '(KHTML, like Gecko) Chrome/124.0.0.0 Safari/537.36'}
[2026-05-04T03:00:01.359+0000] {subprocess.py:93} INFO - 2026-05-04 03:00:01 [scrapy.middleware] INFO: Enabled downloader middlewares:
[2026-05-04T03:00:01.359+0000] {subprocess.py:93} INFO - ['scrapy.downloadermiddlewares.offsite.OffsiteMiddleware',
[2026-05-04T03:00:01.359+0000] {subprocess.py:93} INFO -  'scrapy.downloadermiddlewares.robotstxt.RobotsTxtMiddleware',
[2026-05-04T03:00:01.359+0000] {subprocess.py:93} INFO -  'scrapy.downloadermiddlewares.httpauth.HttpAuthMiddleware',
[2026-05-04T03:00:01.360+0000] {subprocess.py:93} INFO -  'scrapy.downloadermiddlewares.downloadtimeout.DownloadTimeoutMiddleware',
[2026-05-04T03:00:01.360+0000] {subprocess.py:93} INFO -  'scrapy.downloadermiddlewares.defaultheaders.DefaultHeadersMiddleware',
[2026-05-04T03:00:01.360+0000] {subprocess.py:93} INFO -  'scrapy.downloadermiddlewares.useragent.UserAgentMiddleware',
[2026-05-04T03:00:01.360+0000] {subprocess.py:93} INFO -  'scrapy.downloadermiddlewares.retry.RetryMiddleware',
[2026-05-04T03:00:01.360+0000] {subprocess.py:93} INFO -  'scrapy.downloadermiddlewares.redirect.MetaRefreshMiddleware',
[2026-05-04T03:00:01.360+0000] {subprocess.py:93} INFO -  'scrapy.downloadermiddlewares.httpcompression.HttpCompressionMiddleware',
[2026-05-04T03:00:01.360+0000] {subprocess.py:93} INFO -  'scrapy.downloadermiddlewares.redirect.RedirectMiddleware',
[2026-05-04T03:00:01.360+0000] {subprocess.py:93} INFO -  'scrapy.downloadermiddlewares.cookies.CookiesMiddleware',
[2026-05-04T03:00:01.360+0000] {subprocess.py:93} INFO -  'scrapy.downloadermiddlewares.httpproxy.HttpProxyMiddleware',
[2026-05-04T03:00:01.360+0000] {subprocess.py:93} INFO -  'scrapy.downloadermiddlewares.stats.DownloaderStats']
[2026-05-04T03:00:01.360+0000] {subprocess.py:93} INFO - 2026-05-04 03:00:01 [scrapy.middleware] INFO: Enabled spider middlewares:
[2026-05-04T03:00:01.360+0000] {subprocess.py:93} INFO - ['scrapy.spidermiddlewares.httperror.HttpErrorMiddleware',
[2026-05-04T03:00:01.360+0000] {subprocess.py:93} INFO -  'scrapy.spidermiddlewares.referer.RefererMiddleware',
[2026-05-04T03:00:01.361+0000] {subprocess.py:93} INFO -  'scrapy.spidermiddlewares.urllength.UrlLengthMiddleware',
[2026-05-04T03:00:01.361+0000] {subprocess.py:93} INFO -  'scrapy.spidermiddlewares.depth.DepthMiddleware']
[2026-05-04T03:00:01.366+0000] {subprocess.py:93} INFO - 2026-05-04 03:00:01 [scrapy.middleware] INFO: Enabled item pipelines:
[2026-05-04T03:00:01.366+0000] {subprocess.py:93} INFO - ['market_bot.pipelines.KafkaPipeline']
[2026-05-04T03:00:01.367+0000] {subprocess.py:93} INFO - 2026-05-04 03:00:01 [scrapy.core.engine] INFO: Spider opened
[2026-05-04T03:00:01.370+0000] {subprocess.py:93} INFO - 2026-05-04 03:00:01 [scrapy.extensions.logstats] INFO: Crawled 0 pages (at 0 pages/min), scraped 0 items (at 0 items/min)
[2026-05-04T03:00:01.371+0000] {subprocess.py:93} INFO - 2026-05-04 03:00:01 [scrapy.extensions.telnet] INFO: Telnet console listening on 127.0.0.1:6025
[2026-05-04T03:00:01.372+0000] {subprocess.py:93} INFO - 2026-05-04 03:00:01 [scrapy-playwright] INFO: Starting download handler
[2026-05-04T03:00:01.372+0000] {subprocess.py:93} INFO - 2026-05-04 03:00:01 [scrapy-playwright] INFO: Starting download handler
[2026-05-04T03:00:01.639+0000] {subprocess.py:93} INFO - 2026-05-04 03:00:01 [scrapy-playwright] INFO: Launching 1 startup context(s)
[2026-05-04T03:00:01.640+0000] {subprocess.py:93} INFO - 2026-05-04 03:00:01 [scrapy-playwright] INFO: Launching browser chromium
[2026-05-04T03:00:01.650+0000] {subprocess.py:93} INFO - 2026-05-04 03:00:01 [scrapy-playwright] INFO: Launching 1 startup context(s)
[2026-05-04T03:00:01.651+0000] {subprocess.py:93} INFO - 2026-05-04 03:00:01 [scrapy-playwright] INFO: Launching browser chromium
[2026-05-04T03:00:01.774+0000] {subprocess.py:93} INFO - 2026-05-04 03:00:01 [scrapy-playwright] INFO: Browser chromium launched
[2026-05-04T03:00:01.777+0000] {subprocess.py:93} INFO - 2026-05-04 03:00:01 [scrapy-playwright] INFO: Browser chromium launched
[2026-05-04T03:00:01.785+0000] {subprocess.py:93} INFO - 2026-05-04 03:00:01 [scrapy-playwright] INFO: Startup context(s) launched
[2026-05-04T03:00:01.787+0000] {subprocess.py:93} INFO - 2026-05-04 03:00:01 [scrapy-playwright] INFO: Startup context(s) launched
[2026-05-04T03:00:34.420+0000] {subprocess.py:93} INFO - 2026-05-04 03:00:34 [micromagma] ERROR: Network error [laptop] https://www.micromagma.ma/13-ordinateurs-portables: <twisted.python.failure.Failure scrapy.spidermiddlewares.httperror.HttpError: Ignoring non-200 response>
[2026-05-04T03:00:34.421+0000] {subprocess.py:93} INFO - 2026-05-04 03:00:34 [scrapy.core.scraper] ERROR: Error processing {'id': 'error_d52577a635', 'site': 'micromagma', 'category': 'laptop', 'name': None, 'price': None, 'in_stock': None, 'brand': None, 'url': 'https://www.micromagma.ma/13-ordinateurs-portables', 'scraped_at': '2026-05-04T03:00:34Z', 'error': '<twisted.python.failure.Failure scrapy.spidermiddlewares.httperror.HttpError: Ignoring non-200 response>'}
[2026-05-04T03:00:34.421+0000] {subprocess.py:93} INFO - Traceback (most recent call last):
[2026-05-04T03:00:34.421+0000] {subprocess.py:93} INFO -   File "/home/***/.local/lib/python3.8/site-packages/twisted/internet/defer.py", line 1092, in _runCallbacks
[2026-05-04T03:00:34.421+0000] {subprocess.py:93} INFO -     current.result = callback(  # type: ignore[misc]
[2026-05-04T03:00:34.421+0000] {subprocess.py:93} INFO -   File "/home/***/.local/lib/python3.8/site-packages/scrapy/utils/defer.py", line 340, in f
[2026-05-04T03:00:34.421+0000] {subprocess.py:93} INFO -     return deferred_from_coro(coro_f(*coro_args, **coro_kwargs))
[2026-05-04T03:00:34.421+0000] {subprocess.py:93} INFO - TypeError: process_item() takes 2 positional arguments but 3 were given
[2026-05-04T03:00:46.739+0000] {subprocess.py:93} INFO - 2026-05-04 03:00:46 [micromagma] ERROR: Network error [moniteur] https://www.micromagma.ma/18-ecrans: <twisted.python.failure.Failure scrapy.spidermiddlewares.httperror.HttpError: Ignoring non-200 response>
[2026-05-04T03:00:46.739+0000] {subprocess.py:93} INFO - 2026-05-04 03:00:46 [scrapy.core.scraper] ERROR: Error processing {'id': 'error_f03496a532', 'site': 'micromagma', 'category': 'moniteur', 'name': None, 'price': None, 'in_stock': None, 'brand': None, 'url': 'https://www.micromagma.ma/18-ecrans', 'scraped_at': '2026-05-04T03:00:46Z', 'error': '<twisted.python.failure.Failure scrapy.spidermiddlewares.httperror.HttpError: Ignoring non-200 response>'}
[2026-05-04T03:00:46.739+0000] {subprocess.py:93} INFO - Traceback (most recent call last):
[2026-05-04T03:00:46.740+0000] {subprocess.py:93} INFO -   File "/home/***/.local/lib/python3.8/site-packages/twisted/internet/defer.py", line 1092, in _runCallbacks
[2026-05-04T03:00:46.740+0000] {subprocess.py:93} INFO -     current.result = callback(  # type: ignore[misc]
[2026-05-04T03:00:46.740+0000] {subprocess.py:93} INFO -   File "/home/***/.local/lib/python3.8/site-packages/scrapy/utils/defer.py", line 340, in f
[2026-05-04T03:00:46.740+0000] {subprocess.py:93} INFO -     return deferred_from_coro(coro_f(*coro_args, **coro_kwargs))
[2026-05-04T03:00:46.740+0000] {subprocess.py:93} INFO - TypeError: process_item() takes 2 positional arguments but 3 were given
[2026-05-04T03:00:46.740+0000] {subprocess.py:93} INFO - 2026-05-04 03:00:46 [scrapy.core.engine] INFO: Closing spider (finished)
[2026-05-04T03:00:46.740+0000] {subprocess.py:93} INFO - 2026-05-04 03:00:46 [scrapy.core.engine] ERROR: Scraper close failure
[2026-05-04T03:00:46.740+0000] {subprocess.py:93} INFO - Traceback (most recent call last):
[2026-05-04T03:00:46.740+0000] {subprocess.py:93} INFO -   File "/home/***/.local/lib/python3.8/site-packages/twisted/internet/defer.py", line 1092, in _runCallbacks
[2026-05-04T03:00:46.740+0000] {subprocess.py:93} INFO -     current.result = callback(  # type: ignore[misc]
[2026-05-04T03:00:46.741+0000] {subprocess.py:93} INFO - TypeError: close_spider() takes 1 positional argument but 2 were given
[2026-05-04T03:00:46.741+0000] {subprocess.py:93} INFO - 2026-05-04 03:00:46 [scrapy.extensions.feedexport] INFO: Stored jsonl feed (0 items) in: /opt/***/scrapers/market_bot/data/micromagma_2026-05-03.jsonl
[2026-05-04T03:00:46.741+0000] {subprocess.py:93} INFO - 2026-05-04 03:00:46 [scrapy.statscollectors] INFO: Dumping Scrapy stats:
[2026-05-04T03:00:46.741+0000] {subprocess.py:93} INFO - {'downloader/exception_count': 1,
[2026-05-04T03:00:46.741+0000] {subprocess.py:93} INFO -  'downloader/exception_type_count/twisted.internet.error.DNSLookupError': 1,
[2026-05-04T03:00:46.741+0000] {subprocess.py:93} INFO -  'downloader/request_bytes': 1525,
[2026-05-04T03:00:46.741+0000] {subprocess.py:93} INFO -  'downloader/request_count': 5,
[2026-05-04T03:00:46.741+0000] {subprocess.py:93} INFO -  'downloader/request_method_count/GET': 5,
[2026-05-04T03:00:46.742+0000] {subprocess.py:93} INFO -  'downloader/response_bytes': 903467,
[2026-05-04T03:00:46.742+0000] {subprocess.py:93} INFO -  'downloader/response_count': 4,
[2026-05-04T03:00:46.742+0000] {subprocess.py:93} INFO -  'downloader/response_status_count/200': 1,
[2026-05-04T03:00:46.742+0000] {subprocess.py:93} INFO -  'downloader/response_status_count/301': 1,
[2026-05-04T03:00:46.742+0000] {subprocess.py:93} INFO -  'downloader/response_status_count/404': 2,
[2026-05-04T03:00:46.742+0000] {subprocess.py:93} INFO -  'elapsed_time_seconds': 45.370496,
[2026-05-04T03:00:46.742+0000] {subprocess.py:93} INFO -  'feedexport/success_count/FileFeedStorage': 1,
[2026-05-04T03:00:46.742+0000] {subprocess.py:93} INFO -  'finish_reason': 'finished',
[2026-05-04T03:00:46.742+0000] {subprocess.py:93} INFO -  'finish_time': datetime.datetime(2026, 5, 4, 3, 0, 46, 740731, tzinfo=datetime.timezone.utc),
[2026-05-04T03:00:46.742+0000] {subprocess.py:93} INFO -  'log_count/ERROR': 5,
[2026-05-04T03:00:46.742+0000] {subprocess.py:93} INFO -  'log_count/INFO': 21,
[2026-05-04T03:00:46.742+0000] {subprocess.py:93} INFO -  'memusage/max': 155332608,
[2026-05-04T03:00:46.742+0000] {subprocess.py:93} INFO -  'memusage/startup': 155332608,
[2026-05-04T03:00:46.742+0000] {subprocess.py:93} INFO -  'playwright/browser_count': 2,
[2026-05-04T03:00:46.742+0000] {subprocess.py:93} INFO -  'playwright/context_count': 2,
[2026-05-04T03:00:46.743+0000] {subprocess.py:93} INFO -  'playwright/context_count/max_concurrent': 1,
[2026-05-04T03:00:46.743+0000] {subprocess.py:93} INFO -  'playwright/context_count/persistent/False': 2,
[2026-05-04T03:00:46.743+0000] {subprocess.py:93} INFO -  'playwright/context_count/remote/False': 2,
[2026-05-04T03:00:46.743+0000] {subprocess.py:93} INFO -  'playwright/page_count': 2,
[2026-05-04T03:00:46.743+0000] {subprocess.py:93} INFO -  'playwright/page_count/max_concurrent': 2,
[2026-05-04T03:00:46.743+0000] {subprocess.py:93} INFO -  'playwright/request_count': 507,
[2026-05-04T03:00:46.743+0000] {subprocess.py:93} INFO -  'playwright/request_count/aborted': 343,
[2026-05-04T03:00:46.743+0000] {subprocess.py:93} INFO -  'playwright/request_count/method/GET': 492,
[2026-05-04T03:00:46.743+0000] {subprocess.py:93} INFO -  'playwright/request_count/method/POST': 15,
[2026-05-04T03:00:46.743+0000] {subprocess.py:93} INFO -  'playwright/request_count/navigation': 10,
[2026-05-04T03:00:46.743+0000] {subprocess.py:93} INFO -  'playwright/request_count/resource_type/document': 10,
[2026-05-04T03:00:46.743+0000] {subprocess.py:93} INFO -  'playwright/request_count/resource_type/fetch': 5,
[2026-05-04T03:00:46.743+0000] {subprocess.py:93} INFO -  'playwright/request_count/resource_type/font': 22,
[2026-05-04T03:00:46.743+0000] {subprocess.py:93} INFO -  'playwright/request_count/resource_type/image': 312,
[2026-05-04T03:00:46.744+0000] {subprocess.py:93} INFO -  'playwright/request_count/resource_type/other': 5,
[2026-05-04T03:00:46.744+0000] {subprocess.py:93} INFO -  'playwright/request_count/resource_type/ping': 9,
[2026-05-04T03:00:46.744+0000] {subprocess.py:93} INFO -  'playwright/request_count/resource_type/script': 126,
[2026-05-04T03:00:46.744+0000] {subprocess.py:93} INFO -  'playwright/request_count/resource_type/stylesheet': 16,
[2026-05-04T03:00:46.744+0000] {subprocess.py:93} INFO -  'playwright/request_count/resource_type/xhr': 2,
[2026-05-04T03:00:46.744+0000] {subprocess.py:93} INFO -  'playwright/response_count': 162,
[2026-05-04T03:00:46.744+0000] {subprocess.py:93} INFO -  'playwright/response_count/method/GET': 158,
[2026-05-04T03:00:46.744+0000] {subprocess.py:93} INFO -  'playwright/response_count/method/POST': 4,
[2026-05-04T03:00:46.744+0000] {subprocess.py:93} INFO -  'playwright/response_count/resource_type/document': 10,
[2026-05-04T03:00:46.744+0000] {subprocess.py:93} INFO -  'playwright/response_count/resource_type/fetch': 4,
[2026-05-04T03:00:46.744+0000] {subprocess.py:93} INFO -  'playwright/response_count/resource_type/other': 4,
[2026-05-04T03:00:46.744+0000] {subprocess.py:93} INFO -  'playwright/response_count/resource_type/script': 126,
[2026-05-04T03:00:46.744+0000] {subprocess.py:93} INFO -  'playwright/response_count/resource_type/stylesheet': 16,
[2026-05-04T03:00:46.744+0000] {subprocess.py:93} INFO -  'playwright/response_count/resource_type/xhr': 2,
[2026-05-04T03:00:46.744+0000] {subprocess.py:93} INFO -  'response_received_count': 3,
[2026-05-04T03:00:46.745+0000] {subprocess.py:93} INFO -  'retry/count': 1,
[2026-05-04T03:00:46.745+0000] {subprocess.py:93} INFO -  'retry/reason_count/twisted.internet.error.DNSLookupError': 1,
[2026-05-04T03:00:46.745+0000] {subprocess.py:93} INFO -  'robotstxt/request_count': 1,
[2026-05-04T03:00:46.745+0000] {subprocess.py:93} INFO -  'robotstxt/response_count': 1,
[2026-05-04T03:00:46.745+0000] {subprocess.py:93} INFO -  'robotstxt/response_status_count/200': 1,
[2026-05-04T03:00:46.745+0000] {subprocess.py:93} INFO -  'scheduler/dequeued': 2,
[2026-05-04T03:00:46.745+0000] {subprocess.py:93} INFO -  'scheduler/dequeued/memory': 2,
[2026-05-04T03:00:46.745+0000] {subprocess.py:93} INFO -  'scheduler/enqueued': 2,
[2026-05-04T03:00:46.745+0000] {subprocess.py:93} INFO -  'scheduler/enqueued/memory': 2,
[2026-05-04T03:00:46.745+0000] {subprocess.py:93} INFO -  'start_time': datetime.datetime(2026, 5, 4, 3, 0, 1, 370235, tzinfo=datetime.timezone.utc)}
[2026-05-04T03:00:46.745+0000] {subprocess.py:93} INFO - 2026-05-04 03:00:46 [scrapy.core.engine] INFO: Spider closed (finished)
[2026-05-04T03:00:46.745+0000] {subprocess.py:93} INFO - 2026-05-04 03:00:46 [scrapy-playwright] INFO: Closing download handler
[2026-05-04T03:00:46.746+0000] {subprocess.py:93} INFO - 2026-05-04 03:00:46 [scrapy-playwright] INFO: Closing browser
[2026-05-04T03:00:46.761+0000] {subprocess.py:93} INFO - 2026-05-04 03:00:46 [scrapy-playwright] INFO: Closing download handler
[2026-05-04T03:00:47.773+0000] {subprocess.py:93} INFO - 2026-05-04 03:00:47 [scrapy-playwright] INFO: Closing browser
[2026-05-04T03:00:47.883+0000] {subprocess.py:97} INFO - Command exited with return code 0
[2026-05-04T03:00:47.901+0000] {taskinstance.py:1138} INFO - Marking task as SUCCESS. dag_id=market_intelligence_platform, task_id=parallel_scraping.scrape_micromagma, execution_date=20260503T030000, start_date=20260504T030000, end_date=20260504T030047
[2026-05-04T03:00:47.940+0000] {local_task_job_runner.py:234} INFO - Task exited with return code 0
[2026-05-04T03:00:47.951+0000] {taskinstance.py:3280} INFO - 0 downstream tasks scheduled from follow-on schedule check
