[2026-05-04T03:05:02.190+0000] {taskinstance.py:1956} INFO - Dependencies all met for dep_context=non-requeueable deps ti=<TaskInstance: market_intelligence_platform.parallel_scraping.scrape_ultrapc_spider scheduled__2026-05-03T03:00:00+00:00 [queued]>
[2026-05-04T03:05:02.202+0000] {taskinstance.py:1956} INFO - Dependencies all met for dep_context=requeueable deps ti=<TaskInstance: market_intelligence_platform.parallel_scraping.scrape_ultrapc_spider scheduled__2026-05-03T03:00:00+00:00 [queued]>
[2026-05-04T03:05:02.202+0000] {taskinstance.py:2170} INFO - Starting attempt 2 of 2
[2026-05-04T03:05:02.218+0000] {taskinstance.py:2191} INFO - Executing <Task(BashOperator): parallel_scraping.scrape_ultrapc_spider> on 2026-05-03 03:00:00+00:00
[2026-05-04T03:05:02.224+0000] {standard_task_runner.py:60} INFO - Started process 23363 to run task
[2026-05-04T03:05:02.226+0000] {standard_task_runner.py:87} INFO - Running: ['***', 'tasks', 'run', 'market_intelligence_platform', 'parallel_scraping.scrape_ultrapc_spider', 'scheduled__2026-05-03T03:00:00+00:00', '--job-id', '228', '--raw', '--subdir', 'DAGS_FOLDER/jumia_scraper_dag.py', '--cfg-path', '/tmp/tmpls5fztif']
[2026-05-04T03:05:02.228+0000] {standard_task_runner.py:88} INFO - Job 228: Subtask parallel_scraping.scrape_ultrapc_spider
[2026-05-04T03:05:02.276+0000] {task_command.py:423} INFO - Running <TaskInstance: market_intelligence_platform.parallel_scraping.scrape_ultrapc_spider scheduled__2026-05-03T03:00:00+00:00 [running]> on host c1627dbb6835
[2026-05-04T03:05:02.371+0000] {taskinstance.py:2480} INFO - Exporting env vars: AIRFLOW_CTX_DAG_OWNER='abdel' AIRFLOW_CTX_DAG_ID='market_intelligence_platform' AIRFLOW_CTX_TASK_ID='parallel_scraping.scrape_ultrapc_spider' AIRFLOW_CTX_EXECUTION_DATE='2026-05-03T03:00:00+00:00' AIRFLOW_CTX_TRY_NUMBER='2' AIRFLOW_CTX_DAG_RUN_ID='scheduled__2026-05-03T03:00:00+00:00'
[2026-05-04T03:05:02.372+0000] {subprocess.py:63} INFO - Tmp dir root location: /tmp
[2026-05-04T03:05:02.373+0000] {subprocess.py:75} INFO - Running command: ['/usr/bin/bash', '-c', 'mkdir -p /opt/***/scrapers/market_bot/data && cd /opt/***/scrapers/market_bot && python3 -m scrapy crawl ultrapc_spider -s LOG_LEVEL=INFO -o /opt/***/scrapers/market_bot/data/ultrapc_spider_2026-05-03.jsonl']
[2026-05-04T03:05:02.383+0000] {subprocess.py:86} INFO - Output:
[2026-05-04T03:05:02.845+0000] {subprocess.py:93} INFO - 2026-05-04 03:05:02 [scrapy.utils.log] INFO: Scrapy 2.11.2 started (bot: market_bot)
[2026-05-04T03:05:02.846+0000] {subprocess.py:93} INFO - 2026-05-04 03:05:02 [scrapy.utils.log] INFO: Versions: lxml 5.1.0.0, libxml2 2.12.3, cssselect 1.2.0, parsel 1.9.1, w3lib 2.2.1, Twisted 25.5.0, Python 3.8.18 (default, Feb 13 2024, 11:06:24) - [GCC 12.2.0], pyOpenSSL 23.3.0 (OpenSSL 3.1.4 24 Oct 2023), cryptography 41.0.7, Platform Linux-6.19.11+kali-amd64-x86_64-with-glibc2.34
[2026-05-04T03:05:02.846+0000] {subprocess.py:93} INFO - Traceback (most recent call last):
[2026-05-04T03:05:02.846+0000] {subprocess.py:93} INFO -   File "/home/***/.local/lib/python3.8/site-packages/scrapy/spiderloader.py", line 87, in load
[2026-05-04T03:05:02.846+0000] {subprocess.py:93} INFO -     return self._spiders[spider_name]
[2026-05-04T03:05:02.847+0000] {subprocess.py:93} INFO - KeyError: 'ultrapc_spider'
[2026-05-04T03:05:02.847+0000] {subprocess.py:93} INFO - 
[2026-05-04T03:05:02.847+0000] {subprocess.py:93} INFO - During handling of the above exception, another exception occurred:
[2026-05-04T03:05:02.847+0000] {subprocess.py:93} INFO - 
[2026-05-04T03:05:02.847+0000] {subprocess.py:93} INFO - Traceback (most recent call last):
[2026-05-04T03:05:02.847+0000] {subprocess.py:93} INFO -   File "/usr/local/lib/python3.8/runpy.py", line 194, in _run_module_as_main
[2026-05-04T03:05:02.847+0000] {subprocess.py:93} INFO -     return _run_code(code, main_globals, None,
[2026-05-04T03:05:02.847+0000] {subprocess.py:93} INFO -   File "/usr/local/lib/python3.8/runpy.py", line 87, in _run_code
[2026-05-04T03:05:02.847+0000] {subprocess.py:93} INFO -     exec(code, run_globals)
[2026-05-04T03:05:02.847+0000] {subprocess.py:93} INFO -   File "/home/***/.local/lib/python3.8/site-packages/scrapy/__main__.py", line 4, in <module>
[2026-05-04T03:05:02.847+0000] {subprocess.py:93} INFO -     execute()
[2026-05-04T03:05:02.848+0000] {subprocess.py:93} INFO -   File "/home/***/.local/lib/python3.8/site-packages/scrapy/cmdline.py", line 161, in execute
[2026-05-04T03:05:02.848+0000] {subprocess.py:93} INFO -     _run_print_help(parser, _run_command, cmd, args, opts)
[2026-05-04T03:05:02.848+0000] {subprocess.py:93} INFO -   File "/home/***/.local/lib/python3.8/site-packages/scrapy/cmdline.py", line 114, in _run_print_help
[2026-05-04T03:05:02.848+0000] {subprocess.py:93} INFO -     func(*a, **kw)
[2026-05-04T03:05:02.848+0000] {subprocess.py:93} INFO -   File "/home/***/.local/lib/python3.8/site-packages/scrapy/cmdline.py", line 169, in _run_command
[2026-05-04T03:05:02.848+0000] {subprocess.py:93} INFO -     cmd.run(args, opts)
[2026-05-04T03:05:02.848+0000] {subprocess.py:93} INFO -   File "/home/***/.local/lib/python3.8/site-packages/scrapy/commands/crawl.py", line 23, in run
[2026-05-04T03:05:02.848+0000] {subprocess.py:93} INFO -     crawl_defer = self.crawler_process.crawl(spname, **opts.spargs)
[2026-05-04T03:05:02.849+0000] {subprocess.py:93} INFO -   File "/home/***/.local/lib/python3.8/site-packages/scrapy/crawler.py", line 264, in crawl
[2026-05-04T03:05:02.849+0000] {subprocess.py:93} INFO -     crawler = self.create_crawler(crawler_or_spidercls)
[2026-05-04T03:05:02.849+0000] {subprocess.py:93} INFO -   File "/home/***/.local/lib/python3.8/site-packages/scrapy/crawler.py", line 300, in create_crawler
[2026-05-04T03:05:02.849+0000] {subprocess.py:93} INFO -     return self._create_crawler(crawler_or_spidercls)
[2026-05-04T03:05:02.849+0000] {subprocess.py:93} INFO -   File "/home/***/.local/lib/python3.8/site-packages/scrapy/crawler.py", line 385, in _create_crawler
[2026-05-04T03:05:02.849+0000] {subprocess.py:93} INFO -     spidercls = self.spider_loader.load(spidercls)
[2026-05-04T03:05:02.849+0000] {subprocess.py:93} INFO -   File "/home/***/.local/lib/python3.8/site-packages/scrapy/spiderloader.py", line 89, in load
[2026-05-04T03:05:02.849+0000] {subprocess.py:93} INFO -     raise KeyError(f"Spider not found: {spider_name}")
[2026-05-04T03:05:02.849+0000] {subprocess.py:93} INFO - KeyError: 'Spider not found: ultrapc_spider'
[2026-05-04T03:05:02.888+0000] {subprocess.py:97} INFO - Command exited with return code 1
[2026-05-04T03:05:02.897+0000] {taskinstance.py:2698} ERROR - Task failed with exception
Traceback (most recent call last):
  File "/home/airflow/.local/lib/python3.8/site-packages/airflow/models/taskinstance.py", line 428, in _execute_task
    result = execute_callable(context=context, **execute_callable_kwargs)
  File "/home/airflow/.local/lib/python3.8/site-packages/airflow/operators/bash.py", line 212, in execute
    raise AirflowException(
airflow.exceptions.AirflowException: Bash command failed. The command returned a non-zero exit code 1.
[2026-05-04T03:05:02.898+0000] {taskinstance.py:1138} INFO - Marking task as FAILED. dag_id=market_intelligence_platform, task_id=parallel_scraping.scrape_ultrapc_spider, execution_date=20260503T030000, start_date=20260504T030502, end_date=20260504T030502
[2026-05-04T03:05:02.908+0000] {standard_task_runner.py:107} ERROR - Failed to execute job 228 for task parallel_scraping.scrape_ultrapc_spider (Bash command failed. The command returned a non-zero exit code 1.; 23363)
[2026-05-04T03:05:02.920+0000] {local_task_job_runner.py:234} INFO - Task exited with return code 1
[2026-05-04T03:05:02.934+0000] {taskinstance.py:3280} INFO - 0 downstream tasks scheduled from follow-on schedule check
