[2026-04-27T19:41:39.900+0000] {taskinstance.py:1956} INFO - Dependencies all met for dep_context=non-requeueable deps ti=<TaskInstance: market_intelligence_platform.parallel_scraping.scrape_electroplanet manual__2026-04-27T19:41:39.514138+00:00 [queued]>
[2026-04-27T19:41:39.910+0000] {taskinstance.py:1956} INFO - Dependencies all met for dep_context=requeueable deps ti=<TaskInstance: market_intelligence_platform.parallel_scraping.scrape_electroplanet manual__2026-04-27T19:41:39.514138+00:00 [queued]>
[2026-04-27T19:41:39.910+0000] {taskinstance.py:2170} INFO - Starting attempt 1 of 2
[2026-04-27T19:41:39.923+0000] {taskinstance.py:2191} INFO - Executing <Task(BashOperator): parallel_scraping.scrape_electroplanet> on 2026-04-27 19:41:39.514138+00:00
[2026-04-27T19:41:39.928+0000] {standard_task_runner.py:60} INFO - Started process 907 to run task
[2026-04-27T19:41:39.930+0000] {standard_task_runner.py:87} INFO - Running: ['***', 'tasks', 'run', 'market_intelligence_platform', 'parallel_scraping.scrape_electroplanet', 'manual__2026-04-27T19:41:39.514138+00:00', '--job-id', '12', '--raw', '--subdir', 'DAGS_FOLDER/jumia_scraper_dag.py', '--cfg-path', '/tmp/tmpa3cgk0x2']
[2026-04-27T19:41:39.931+0000] {standard_task_runner.py:88} INFO - Job 12: Subtask parallel_scraping.scrape_electroplanet
[2026-04-27T19:41:39.970+0000] {task_command.py:423} INFO - Running <TaskInstance: market_intelligence_platform.parallel_scraping.scrape_electroplanet manual__2026-04-27T19:41:39.514138+00:00 [running]> on host 06d840fa1869
[2026-04-27T19:41:40.043+0000] {taskinstance.py:2480} INFO - Exporting env vars: AIRFLOW_CTX_DAG_OWNER='abdel' AIRFLOW_CTX_DAG_ID='market_intelligence_platform' AIRFLOW_CTX_TASK_ID='parallel_scraping.scrape_electroplanet' AIRFLOW_CTX_EXECUTION_DATE='2026-04-27T19:41:39.514138+00:00' AIRFLOW_CTX_TRY_NUMBER='1' AIRFLOW_CTX_DAG_RUN_ID='manual__2026-04-27T19:41:39.514138+00:00'
[2026-04-27T19:41:40.044+0000] {subprocess.py:63} INFO - Tmp dir root location: /tmp
[2026-04-27T19:41:40.044+0000] {subprocess.py:75} INFO - Running command: ['/usr/bin/bash', '-c', 'mkdir -p /opt/***/scrapers/market_bot/data && rm -f /opt/***/scrapers/market_bot/data/electroplanet_2026-04-27.jsonl && cd /opt/***/scrapers/market_bot && scrapy crawl electroplanet -s LOG_LEVEL=INFO -o /opt/***/scrapers/market_bot/data/electroplanet_2026-04-27.jsonl']
[2026-04-27T19:41:40.054+0000] {subprocess.py:86} INFO - Output:
[2026-04-27T19:41:40.373+0000] {subprocess.py:93} INFO - Traceback (most recent call last):
[2026-04-27T19:41:40.373+0000] {subprocess.py:93} INFO -   File "/home/***/.local/bin/scrapy", line 8, in <module>
[2026-04-27T19:41:40.373+0000] {subprocess.py:93} INFO -     sys.exit(execute())
[2026-04-27T19:41:40.374+0000] {subprocess.py:93} INFO -   File "/home/***/.local/lib/python3.8/site-packages/scrapy/cmdline.py", line 128, in execute
[2026-04-27T19:41:40.374+0000] {subprocess.py:93} INFO -     settings = get_project_settings()
[2026-04-27T19:41:40.374+0000] {subprocess.py:93} INFO -   File "/home/***/.local/lib/python3.8/site-packages/scrapy/utils/project.py", line 71, in get_project_settings
[2026-04-27T19:41:40.374+0000] {subprocess.py:93} INFO -     settings.setmodule(settings_module_path, priority="project")
[2026-04-27T19:41:40.374+0000] {subprocess.py:93} INFO -   File "/home/***/.local/lib/python3.8/site-packages/scrapy/settings/__init__.py", line 385, in setmodule
[2026-04-27T19:41:40.374+0000] {subprocess.py:93} INFO -     module = import_module(module)
[2026-04-27T19:41:40.374+0000] {subprocess.py:93} INFO -   File "/usr/local/lib/python3.8/importlib/__init__.py", line 127, in import_module
[2026-04-27T19:41:40.374+0000] {subprocess.py:93} INFO -     return _bootstrap._gcd_import(name[level:], package, level)
[2026-04-27T19:41:40.374+0000] {subprocess.py:93} INFO -   File "<frozen importlib._bootstrap>", line 1014, in _gcd_import
[2026-04-27T19:41:40.374+0000] {subprocess.py:93} INFO -   File "<frozen importlib._bootstrap>", line 991, in _find_and_load
[2026-04-27T19:41:40.374+0000] {subprocess.py:93} INFO -   File "<frozen importlib._bootstrap>", line 961, in _find_and_load_unlocked
[2026-04-27T19:41:40.374+0000] {subprocess.py:93} INFO -   File "<frozen importlib._bootstrap>", line 219, in _call_with_frames_removed
[2026-04-27T19:41:40.375+0000] {subprocess.py:93} INFO -   File "<frozen importlib._bootstrap>", line 1014, in _gcd_import
[2026-04-27T19:41:40.375+0000] {subprocess.py:93} INFO -   File "<frozen importlib._bootstrap>", line 991, in _find_and_load
[2026-04-27T19:41:40.375+0000] {subprocess.py:93} INFO -   File "<frozen importlib._bootstrap>", line 973, in _find_and_load_unlocked
[2026-04-27T19:41:40.375+0000] {subprocess.py:93} INFO - ModuleNotFoundError: No module named 'market_bot'
[2026-04-27T19:41:40.429+0000] {subprocess.py:97} INFO - Command exited with return code 1
[2026-04-27T19:41:40.438+0000] {taskinstance.py:2698} ERROR - Task failed with exception
Traceback (most recent call last):
  File "/home/airflow/.local/lib/python3.8/site-packages/airflow/models/taskinstance.py", line 428, in _execute_task
    result = execute_callable(context=context, **execute_callable_kwargs)
  File "/home/airflow/.local/lib/python3.8/site-packages/airflow/operators/bash.py", line 212, in execute
    raise AirflowException(
airflow.exceptions.AirflowException: Bash command failed. The command returned a non-zero exit code 1.
[2026-04-27T19:41:40.442+0000] {taskinstance.py:1138} INFO - Marking task as UP_FOR_RETRY. dag_id=market_intelligence_platform, task_id=parallel_scraping.scrape_electroplanet, execution_date=20260427T194139, start_date=20260427T194139, end_date=20260427T194140
[2026-04-27T19:41:40.451+0000] {standard_task_runner.py:107} ERROR - Failed to execute job 12 for task parallel_scraping.scrape_electroplanet (Bash command failed. The command returned a non-zero exit code 1.; 907)
[2026-04-27T19:41:40.463+0000] {local_task_job_runner.py:234} INFO - Task exited with return code 1
[2026-04-27T19:41:40.477+0000] {taskinstance.py:3280} INFO - 0 downstream tasks scheduled from follow-on schedule check
