[2026-04-29T08:05:21.723+0000] {taskinstance.py:1956} INFO - Dependencies all met for dep_context=non-requeueable deps ti=<TaskInstance: market_intelligence_platform.parallel_scraping.scrape_uno manual__2026-04-29T08:05:21.023117+00:00 [queued]>
[2026-04-29T08:05:21.748+0000] {taskinstance.py:1956} INFO - Dependencies all met for dep_context=requeueable deps ti=<TaskInstance: market_intelligence_platform.parallel_scraping.scrape_uno manual__2026-04-29T08:05:21.023117+00:00 [queued]>
[2026-04-29T08:05:21.749+0000] {taskinstance.py:2170} INFO - Starting attempt 1 of 2
[2026-04-29T08:05:21.775+0000] {taskinstance.py:2191} INFO - Executing <Task(BashOperator): parallel_scraping.scrape_uno> on 2026-04-29 08:05:21.023117+00:00
[2026-04-29T08:05:21.781+0000] {standard_task_runner.py:60} INFO - Started process 778 to run task
[2026-04-29T08:05:21.787+0000] {standard_task_runner.py:87} INFO - Running: ['***', 'tasks', 'run', 'market_intelligence_platform', 'parallel_scraping.scrape_uno', 'manual__2026-04-29T08:05:21.023117+00:00', '--job-id', '87', '--raw', '--subdir', 'DAGS_FOLDER/jumia_scraper_dag.py', '--cfg-path', '/tmp/tmp5xpc471_']
[2026-04-29T08:05:21.797+0000] {standard_task_runner.py:88} INFO - Job 87: Subtask parallel_scraping.scrape_uno
[2026-04-29T08:05:21.880+0000] {task_command.py:423} INFO - Running <TaskInstance: market_intelligence_platform.parallel_scraping.scrape_uno manual__2026-04-29T08:05:21.023117+00:00 [running]> on host 843c5187474d
[2026-04-29T08:05:22.028+0000] {taskinstance.py:2480} INFO - Exporting env vars: AIRFLOW_CTX_DAG_OWNER='abdel' AIRFLOW_CTX_DAG_ID='market_intelligence_platform' AIRFLOW_CTX_TASK_ID='parallel_scraping.scrape_uno' AIRFLOW_CTX_EXECUTION_DATE='2026-04-29T08:05:21.023117+00:00' AIRFLOW_CTX_TRY_NUMBER='1' AIRFLOW_CTX_DAG_RUN_ID='manual__2026-04-29T08:05:21.023117+00:00'
[2026-04-29T08:05:22.030+0000] {subprocess.py:63} INFO - Tmp dir root location: /tmp
[2026-04-29T08:05:22.031+0000] {subprocess.py:75} INFO - Running command: ['/usr/bin/bash', '-c', 'mkdir -p /opt/***/scrapers/market_bot/data && cd /opt/***/scrapers/market_bot && python3 -m scrapy crawl uno -s LOG_LEVEL=INFO -o /opt/***/scrapers/market_bot/data/uno_2026-04-29.jsonl']
[2026-04-29T08:05:22.048+0000] {subprocess.py:86} INFO - Output:
[2026-04-29T08:05:22.824+0000] {subprocess.py:93} INFO - 2026-04-29 08:05:22 [scrapy.utils.log] INFO: Scrapy 2.11.2 started (bot: market_bot)
[2026-04-29T08:05:22.826+0000] {subprocess.py:93} INFO - 2026-04-29 08:05:22 [scrapy.utils.log] INFO: Versions: lxml 5.1.0.0, libxml2 2.12.3, cssselect 1.2.0, parsel 1.9.1, w3lib 2.2.1, Twisted 25.5.0, Python 3.8.18 (default, Feb 13 2024, 11:06:24) - [GCC 12.2.0], pyOpenSSL 23.3.0 (OpenSSL 3.1.4 24 Oct 2023), cryptography 41.0.7, Platform Linux-6.19.11+kali-amd64-x86_64-with-glibc2.34
[2026-04-29T08:05:22.830+0000] {subprocess.py:93} INFO - 2026-04-29 08:05:22 [scrapy.addons] INFO: Enabled addons:
[2026-04-29T08:05:22.830+0000] {subprocess.py:93} INFO - []
[2026-04-29T08:05:22.847+0000] {subprocess.py:93} INFO - 2026-04-29 08:05:22 [scrapy.extensions.telnet] INFO: Telnet Password: 1ede83c6c94c839b
[2026-04-29T08:05:23.060+0000] {subprocess.py:93} INFO - 2026-04-29 08:05:23 [scrapy.middleware] INFO: Enabled extensions:
[2026-04-29T08:05:23.061+0000] {subprocess.py:93} INFO - ['scrapy.extensions.corestats.CoreStats',
[2026-04-29T08:05:23.061+0000] {subprocess.py:93} INFO -  'scrapy.extensions.telnet.TelnetConsole',
[2026-04-29T08:05:23.061+0000] {subprocess.py:93} INFO -  'scrapy.extensions.memusage.MemoryUsage',
[2026-04-29T08:05:23.061+0000] {subprocess.py:93} INFO -  'scrapy.extensions.closespider.CloseSpider',
[2026-04-29T08:05:23.061+0000] {subprocess.py:93} INFO -  'scrapy.extensions.feedexport.FeedExporter',
[2026-04-29T08:05:23.061+0000] {subprocess.py:93} INFO -  'scrapy.extensions.logstats.LogStats',
[2026-04-29T08:05:23.062+0000] {subprocess.py:93} INFO -  'scrapy.extensions.throttle.AutoThrottle']
[2026-04-29T08:05:23.063+0000] {subprocess.py:93} INFO - 2026-04-29 08:05:23 [scrapy.crawler] INFO: Overridden settings:
[2026-04-29T08:05:23.063+0000] {subprocess.py:93} INFO - {'ASYNCIO_EVENT_LOOP': 'asyncio.SelectorEventLoop',
[2026-04-29T08:05:23.063+0000] {subprocess.py:93} INFO -  'AUTOTHROTTLE_ENABLED': True,
[2026-04-29T08:05:23.063+0000] {subprocess.py:93} INFO -  'AUTOTHROTTLE_MAX_DELAY': 30.0,
[2026-04-29T08:05:23.063+0000] {subprocess.py:93} INFO -  'AUTOTHROTTLE_START_DELAY': 1.0,
[2026-04-29T08:05:23.064+0000] {subprocess.py:93} INFO -  'AUTOTHROTTLE_TARGET_CONCURRENCY': 4.0,
[2026-04-29T08:05:23.064+0000] {subprocess.py:93} INFO -  'BOT_NAME': 'market_bot',
[2026-04-29T08:05:23.064+0000] {subprocess.py:93} INFO -  'CLOSESPIDER_ITEMCOUNT': 50000,
[2026-04-29T08:05:23.064+0000] {subprocess.py:93} INFO -  'CLOSESPIDER_PAGECOUNT': 5000,
[2026-04-29T08:05:23.064+0000] {subprocess.py:93} INFO -  'CONCURRENT_REQUESTS': 32,
[2026-04-29T08:05:23.064+0000] {subprocess.py:93} INFO -  'CONCURRENT_REQUESTS_PER_DOMAIN': 16,
[2026-04-29T08:05:23.064+0000] {subprocess.py:93} INFO -  'COOKIES_ENABLED': False,
[2026-04-29T08:05:23.065+0000] {subprocess.py:93} INFO -  'DOWNLOAD_TIMEOUT': 60,
[2026-04-29T08:05:23.065+0000] {subprocess.py:93} INFO -  'FEED_EXPORT_ENCODING': 'utf-8',
[2026-04-29T08:05:23.065+0000] {subprocess.py:93} INFO -  'LOG_LEVEL': 'INFO',
[2026-04-29T08:05:23.065+0000] {subprocess.py:93} INFO -  'NEWSPIDER_MODULE': 'market_bot.spiders',
[2026-04-29T08:05:23.065+0000] {subprocess.py:93} INFO -  'REQUEST_FINGERPRINTER_IMPLEMENTATION': '2.7',
[2026-04-29T08:05:23.065+0000] {subprocess.py:93} INFO -  'RETRY_HTTP_CODES': [500, 502, 503, 504, 408, 429],
[2026-04-29T08:05:23.065+0000] {subprocess.py:93} INFO -  'RETRY_TIMES': 5,
[2026-04-29T08:05:23.065+0000] {subprocess.py:93} INFO -  'SPIDER_MODULES': ['market_bot.spiders'],
[2026-04-29T08:05:23.066+0000] {subprocess.py:93} INFO -  'TWISTED_REACTOR': 'twisted.internet.asyncioreactor.AsyncioSelectorReactor',
[2026-04-29T08:05:23.066+0000] {subprocess.py:93} INFO -  'USER_AGENT': 'Mozilla/5.0 (Windows NT 10.0; Win64; x64) AppleWebKit/537.36 '
[2026-04-29T08:05:23.066+0000] {subprocess.py:93} INFO -                '(KHTML, like Gecko) Chrome/124.0.0.0 Safari/537.36'}
[2026-04-29T08:05:23.235+0000] {subprocess.py:93} INFO - 2026-04-29 08:05:23 [scrapy.middleware] INFO: Enabled downloader middlewares:
[2026-04-29T08:05:23.238+0000] {subprocess.py:93} INFO - ['scrapy.downloadermiddlewares.offsite.OffsiteMiddleware',
[2026-04-29T08:05:23.238+0000] {subprocess.py:93} INFO -  'scrapy.downloadermiddlewares.httpauth.HttpAuthMiddleware',
[2026-04-29T08:05:23.238+0000] {subprocess.py:93} INFO -  'scrapy.downloadermiddlewares.downloadtimeout.DownloadTimeoutMiddleware',
[2026-04-29T08:05:23.239+0000] {subprocess.py:93} INFO -  'scrapy.downloadermiddlewares.defaultheaders.DefaultHeadersMiddleware',
[2026-04-29T08:05:23.239+0000] {subprocess.py:93} INFO -  'scrapy.downloadermiddlewares.useragent.UserAgentMiddleware',
[2026-04-29T08:05:23.239+0000] {subprocess.py:93} INFO -  'scrapy.downloadermiddlewares.retry.RetryMiddleware',
[2026-04-29T08:05:23.239+0000] {subprocess.py:93} INFO -  'scrapy.downloadermiddlewares.redirect.MetaRefreshMiddleware',
[2026-04-29T08:05:23.239+0000] {subprocess.py:93} INFO -  'scrapy.downloadermiddlewares.httpcompression.HttpCompressionMiddleware',
[2026-04-29T08:05:23.239+0000] {subprocess.py:93} INFO -  'scrapy.downloadermiddlewares.redirect.RedirectMiddleware',
[2026-04-29T08:05:23.240+0000] {subprocess.py:93} INFO -  'scrapy.downloadermiddlewares.httpproxy.HttpProxyMiddleware',
[2026-04-29T08:05:23.241+0000] {subprocess.py:93} INFO -  'scrapy.downloadermiddlewares.stats.DownloaderStats']
[2026-04-29T08:05:23.241+0000] {subprocess.py:93} INFO - 2026-04-29 08:05:23 [scrapy.middleware] INFO: Enabled spider middlewares:
[2026-04-29T08:05:23.241+0000] {subprocess.py:93} INFO - ['scrapy.spidermiddlewares.httperror.HttpErrorMiddleware',
[2026-04-29T08:05:23.241+0000] {subprocess.py:93} INFO -  'scrapy.spidermiddlewares.referer.RefererMiddleware',
[2026-04-29T08:05:23.241+0000] {subprocess.py:93} INFO -  'scrapy.spidermiddlewares.urllength.UrlLengthMiddleware',
[2026-04-29T08:05:23.241+0000] {subprocess.py:93} INFO -  'scrapy.spidermiddlewares.depth.DepthMiddleware']
[2026-04-29T08:05:23.251+0000] {subprocess.py:93} INFO - %4|1777449923.249|CONFWARN|scrapy-bot#producer-1| [thrd:app]: Configuration property api.version.request is deprecated: **Post-deprecation actions: remove this configuration property, brokers < 0.10.0 won't be supported anymore in librdkafka 3.x.** Request broker's supported API versions to adjust functionality to available protocol features. If set to false, or the ApiVersionRequest fails, the fallback version `broker.version.fallback` will be used. **NOTE**: Depends on broker version >=0.10.0. If the request is not supported by (an older) broker the `broker.version.fallback` fallback is used.
[2026-04-29T08:05:23.252+0000] {subprocess.py:93} INFO - %4|1777449923.249|CONFWARN|scrapy-bot#producer-1| [thrd:app]: Configuration property broker.version.fallback is deprecated: **Post-deprecation actions: remove this configuration property, brokers < 0.10.0 won't be supported anymore in librdkafka 3.x.** Older broker versions (before 0.10.0) provide no way for a client to query for supported protocol features (ApiVersionRequest, see `api.version.request`) making it impossible for the client to know what features it may use. As a workaround a user may set this property to the expected broker version and the client will automatically adjust its feature set accordingly if the ApiVersionRequest fails (or is disabled). The fallback broker version will be used for `api.version.fallback.ms`. Valid values are: 0.9.0, 0.8.2, 0.8.1, 0.8.0. Any other value >= 0.10, such as 0.10.2.1, enables ApiVersionRequests.
[2026-04-29T08:05:23.252+0000] {subprocess.py:93} INFO - 2026-04-29 08:05:23 [scrapy.middleware] INFO: Enabled item pipelines:
[2026-04-29T08:05:23.252+0000] {subprocess.py:93} INFO - ['market_bot.pipelines.KafkaPipeline']
[2026-04-29T08:05:23.252+0000] {subprocess.py:93} INFO - 2026-04-29 08:05:23 [scrapy.core.engine] INFO: Spider opened
[2026-04-29T08:05:23.259+0000] {subprocess.py:93} INFO - 2026-04-29 08:05:23 [scrapy.extensions.logstats] INFO: Crawled 0 pages (at 0 pages/min), scraped 0 items (at 0 items/min)
[2026-04-29T08:05:23.260+0000] {subprocess.py:93} INFO - 2026-04-29 08:05:23 [scrapy.extensions.telnet] INFO: Telnet console listening on 127.0.0.1:6027
[2026-04-29T08:05:23.262+0000] {subprocess.py:93} INFO - 2026-04-29 08:05:23 [scrapy-playwright] INFO: Starting download handler
[2026-04-29T08:05:23.263+0000] {subprocess.py:93} INFO - 2026-04-29 08:05:23 [scrapy-playwright] INFO: Starting download handler
[2026-04-29T08:05:28.267+0000] {subprocess.py:93} INFO - 2026-04-29 08:05:28 [scrapy-playwright] INFO: Launching browser chromium
[2026-04-29T08:05:28.390+0000] {subprocess.py:93} INFO - 2026-04-29 08:05:28 [scrapy-playwright] INFO: Browser chromium launched
[2026-04-29T08:05:44.562+0000] {subprocess.py:93} INFO - 2026-04-29 08:05:44 [scrapy.core.scraper] ERROR: Error downloading <GET https://uno.ma/mac-maroc>
[2026-04-29T08:05:44.563+0000] {subprocess.py:93} INFO - Traceback (most recent call last):
[2026-04-29T08:05:44.563+0000] {subprocess.py:93} INFO -   File "/home/***/.local/lib/python3.8/site-packages/twisted/internet/defer.py", line 1853, in _inlineCallbacks
[2026-04-29T08:05:44.563+0000] {subprocess.py:93} INFO -     result = context.run(
[2026-04-29T08:05:44.563+0000] {subprocess.py:93} INFO -   File "/home/***/.local/lib/python3.8/site-packages/twisted/python/failure.py", line 467, in throwExceptionIntoGenerator
[2026-04-29T08:05:44.563+0000] {subprocess.py:93} INFO -     return g.throw(self.value.with_traceback(self.tb))
[2026-04-29T08:05:44.563+0000] {subprocess.py:93} INFO -   File "/home/***/.local/lib/python3.8/site-packages/scrapy/core/downloader/middleware.py", line 54, in process_request
[2026-04-29T08:05:44.564+0000] {subprocess.py:93} INFO -     return (yield download_func(request=request, spider=spider))
[2026-04-29T08:05:44.564+0000] {subprocess.py:93} INFO -   File "/home/***/.local/lib/python3.8/site-packages/twisted/internet/defer.py", line 1257, in adapt
[2026-04-29T08:05:44.564+0000] {subprocess.py:93} INFO -     extracted: _SelfResultT | Failure = result.result()
[2026-04-29T08:05:44.564+0000] {subprocess.py:93} INFO -   File "/home/***/.local/lib/python3.8/site-packages/scrapy_playwright/handler.py", line 380, in _download_request
[2026-04-29T08:05:44.564+0000] {subprocess.py:93} INFO -     return await self._download_request_with_retry(request=request, spider=spider)
[2026-04-29T08:05:44.564+0000] {subprocess.py:93} INFO -   File "/home/***/.local/lib/python3.8/site-packages/scrapy_playwright/handler.py", line 433, in _download_request_with_retry
[2026-04-29T08:05:44.564+0000] {subprocess.py:93} INFO -     return await self._download_request_with_page(request, page, spider)
[2026-04-29T08:05:44.564+0000] {subprocess.py:93} INFO -   File "/home/***/.local/lib/python3.8/site-packages/scrapy_playwright/handler.py", line 462, in _download_request_with_page
[2026-04-29T08:05:44.564+0000] {subprocess.py:93} INFO -     response, download = await self._get_response_and_download(request, page, spider)
[2026-04-29T08:05:44.565+0000] {subprocess.py:93} INFO -   File "/home/***/.local/lib/python3.8/site-packages/scrapy_playwright/handler.py", line 564, in _get_response_and_download
[2026-04-29T08:05:44.565+0000] {subprocess.py:93} INFO -     response = await page.goto(url=request.url, **page_goto_kwargs)
[2026-04-29T08:05:44.565+0000] {subprocess.py:93} INFO -   File "/home/***/.local/lib/python3.8/site-packages/playwright/async_api/_generated.py", line 8969, in goto
[2026-04-29T08:05:44.565+0000] {subprocess.py:93} INFO -     await self._impl_obj.goto(
[2026-04-29T08:05:44.565+0000] {subprocess.py:93} INFO -   File "/home/***/.local/lib/python3.8/site-packages/playwright/_impl/_page.py", line 553, in goto
[2026-04-29T08:05:44.565+0000] {subprocess.py:93} INFO -     return await self._main_frame.goto(**locals_to_params(locals()))
[2026-04-29T08:05:44.565+0000] {subprocess.py:93} INFO -   File "/home/***/.local/lib/python3.8/site-packages/playwright/_impl/_frame.py", line 145, in goto
[2026-04-29T08:05:44.565+0000] {subprocess.py:93} INFO -     await self._channel.send("goto", locals_to_params(locals()))
[2026-04-29T08:05:44.565+0000] {subprocess.py:93} INFO -   File "/home/***/.local/lib/python3.8/site-packages/playwright/_impl/_connection.py", line 59, in send
[2026-04-29T08:05:44.565+0000] {subprocess.py:93} INFO -     return await self._connection.wrap_api_call(
[2026-04-29T08:05:44.566+0000] {subprocess.py:93} INFO -   File "/home/***/.local/lib/python3.8/site-packages/playwright/_impl/_connection.py", line 520, in wrap_api_call
[2026-04-29T08:05:44.566+0000] {subprocess.py:93} INFO -     raise rewrite_error(error, f"{parsed_st['apiName']}: {error}") from None
[2026-04-29T08:05:44.566+0000] {subprocess.py:93} INFO - playwright._impl._errors.Error: Page.goto: net::ERR_NAME_NOT_RESOLVED at https://uno.ma/mac-maroc
[2026-04-29T08:05:44.566+0000] {subprocess.py:93} INFO - Call log:
[2026-04-29T08:05:44.566+0000] {subprocess.py:93} INFO - navigating to "https://uno.ma/mac-maroc", waiting until "load"
[2026-04-29T08:05:44.566+0000] {subprocess.py:93} INFO - 
[2026-04-29T08:05:44.566+0000] {subprocess.py:93} INFO - 2026-04-29 08:05:44 [scrapy.core.scraper] ERROR: Error downloading <GET https://uno.ma/iphone-maroc>
[2026-04-29T08:05:44.566+0000] {subprocess.py:93} INFO - Traceback (most recent call last):
[2026-04-29T08:05:44.566+0000] {subprocess.py:93} INFO -   File "/home/***/.local/lib/python3.8/site-packages/twisted/internet/defer.py", line 1853, in _inlineCallbacks
[2026-04-29T08:05:44.567+0000] {subprocess.py:93} INFO -     result = context.run(
[2026-04-29T08:05:44.567+0000] {subprocess.py:93} INFO -   File "/home/***/.local/lib/python3.8/site-packages/twisted/python/failure.py", line 467, in throwExceptionIntoGenerator
[2026-04-29T08:05:44.567+0000] {subprocess.py:93} INFO -     return g.throw(self.value.with_traceback(self.tb))
[2026-04-29T08:05:44.567+0000] {subprocess.py:93} INFO -   File "/home/***/.local/lib/python3.8/site-packages/scrapy/core/downloader/middleware.py", line 54, in process_request
[2026-04-29T08:05:44.567+0000] {subprocess.py:93} INFO -     return (yield download_func(request=request, spider=spider))
[2026-04-29T08:05:44.567+0000] {subprocess.py:93} INFO -   File "/home/***/.local/lib/python3.8/site-packages/twisted/internet/defer.py", line 1257, in adapt
[2026-04-29T08:05:44.567+0000] {subprocess.py:93} INFO -     extracted: _SelfResultT | Failure = result.result()
[2026-04-29T08:05:44.567+0000] {subprocess.py:93} INFO -   File "/home/***/.local/lib/python3.8/site-packages/scrapy_playwright/handler.py", line 380, in _download_request
[2026-04-29T08:05:44.567+0000] {subprocess.py:93} INFO -     return await self._download_request_with_retry(request=request, spider=spider)
[2026-04-29T08:05:44.568+0000] {subprocess.py:93} INFO -   File "/home/***/.local/lib/python3.8/site-packages/scrapy_playwright/handler.py", line 433, in _download_request_with_retry
[2026-04-29T08:05:44.568+0000] {subprocess.py:93} INFO -     return await self._download_request_with_page(request, page, spider)
[2026-04-29T08:05:44.568+0000] {subprocess.py:93} INFO -   File "/home/***/.local/lib/python3.8/site-packages/scrapy_playwright/handler.py", line 462, in _download_request_with_page
[2026-04-29T08:05:44.568+0000] {subprocess.py:93} INFO -     response, download = await self._get_response_and_download(request, page, spider)
[2026-04-29T08:05:44.568+0000] {subprocess.py:93} INFO -   File "/home/***/.local/lib/python3.8/site-packages/scrapy_playwright/handler.py", line 564, in _get_response_and_download
[2026-04-29T08:05:44.568+0000] {subprocess.py:93} INFO -     response = await page.goto(url=request.url, **page_goto_kwargs)
[2026-04-29T08:05:44.568+0000] {subprocess.py:93} INFO -   File "/home/***/.local/lib/python3.8/site-packages/playwright/async_api/_generated.py", line 8969, in goto
[2026-04-29T08:05:44.568+0000] {subprocess.py:93} INFO -     await self._impl_obj.goto(
[2026-04-29T08:05:44.568+0000] {subprocess.py:93} INFO -   File "/home/***/.local/lib/python3.8/site-packages/playwright/_impl/_page.py", line 553, in goto
[2026-04-29T08:05:44.568+0000] {subprocess.py:93} INFO -     return await self._main_frame.goto(**locals_to_params(locals()))
[2026-04-29T08:05:44.568+0000] {subprocess.py:93} INFO -   File "/home/***/.local/lib/python3.8/site-packages/playwright/_impl/_frame.py", line 145, in goto
[2026-04-29T08:05:44.568+0000] {subprocess.py:93} INFO -     await self._channel.send("goto", locals_to_params(locals()))
[2026-04-29T08:05:44.569+0000] {subprocess.py:93} INFO -   File "/home/***/.local/lib/python3.8/site-packages/playwright/_impl/_connection.py", line 59, in send
[2026-04-29T08:05:44.569+0000] {subprocess.py:93} INFO -     return await self._connection.wrap_api_call(
[2026-04-29T08:05:44.569+0000] {subprocess.py:93} INFO -   File "/home/***/.local/lib/python3.8/site-packages/playwright/_impl/_connection.py", line 520, in wrap_api_call
[2026-04-29T08:05:44.569+0000] {subprocess.py:93} INFO -     raise rewrite_error(error, f"{parsed_st['apiName']}: {error}") from None
[2026-04-29T08:05:44.569+0000] {subprocess.py:93} INFO - playwright._impl._errors.Error: Page.goto: net::ERR_NAME_NOT_RESOLVED at https://uno.ma/iphone-maroc
[2026-04-29T08:05:44.569+0000] {subprocess.py:93} INFO - Call log:
[2026-04-29T08:05:44.569+0000] {subprocess.py:93} INFO - navigating to "https://uno.ma/iphone-maroc", waiting until "load"
[2026-04-29T08:05:44.569+0000] {subprocess.py:93} INFO - 
[2026-04-29T08:05:44.569+0000] {subprocess.py:93} INFO - 2026-04-29 08:05:44 [scrapy.core.scraper] ERROR: Error downloading <GET https://uno.ma/ipad-maroc>
[2026-04-29T08:05:44.569+0000] {subprocess.py:93} INFO - Traceback (most recent call last):
[2026-04-29T08:05:44.569+0000] {subprocess.py:93} INFO -   File "/home/***/.local/lib/python3.8/site-packages/twisted/internet/defer.py", line 1853, in _inlineCallbacks
[2026-04-29T08:05:44.570+0000] {subprocess.py:93} INFO -     result = context.run(
[2026-04-29T08:05:44.570+0000] {subprocess.py:93} INFO -   File "/home/***/.local/lib/python3.8/site-packages/twisted/python/failure.py", line 467, in throwExceptionIntoGenerator
[2026-04-29T08:05:44.570+0000] {subprocess.py:93} INFO -     return g.throw(self.value.with_traceback(self.tb))
[2026-04-29T08:05:44.570+0000] {subprocess.py:93} INFO -   File "/home/***/.local/lib/python3.8/site-packages/scrapy/core/downloader/middleware.py", line 54, in process_request
[2026-04-29T08:05:44.570+0000] {subprocess.py:93} INFO -     return (yield download_func(request=request, spider=spider))
[2026-04-29T08:05:44.570+0000] {subprocess.py:93} INFO -   File "/home/***/.local/lib/python3.8/site-packages/twisted/internet/defer.py", line 1257, in adapt
[2026-04-29T08:05:44.570+0000] {subprocess.py:93} INFO -     extracted: _SelfResultT | Failure = result.result()
[2026-04-29T08:05:44.570+0000] {subprocess.py:93} INFO -   File "/home/***/.local/lib/python3.8/site-packages/scrapy_playwright/handler.py", line 380, in _download_request
[2026-04-29T08:05:44.570+0000] {subprocess.py:93} INFO -     return await self._download_request_with_retry(request=request, spider=spider)
[2026-04-29T08:05:44.570+0000] {subprocess.py:93} INFO -   File "/home/***/.local/lib/python3.8/site-packages/scrapy_playwright/handler.py", line 433, in _download_request_with_retry
[2026-04-29T08:05:44.570+0000] {subprocess.py:93} INFO -     return await self._download_request_with_page(request, page, spider)
[2026-04-29T08:05:44.570+0000] {subprocess.py:93} INFO -   File "/home/***/.local/lib/python3.8/site-packages/scrapy_playwright/handler.py", line 462, in _download_request_with_page
[2026-04-29T08:05:44.570+0000] {subprocess.py:93} INFO -     response, download = await self._get_response_and_download(request, page, spider)
[2026-04-29T08:05:44.571+0000] {subprocess.py:93} INFO -   File "/home/***/.local/lib/python3.8/site-packages/scrapy_playwright/handler.py", line 564, in _get_response_and_download
[2026-04-29T08:05:44.571+0000] {subprocess.py:93} INFO -     response = await page.goto(url=request.url, **page_goto_kwargs)
[2026-04-29T08:05:44.571+0000] {subprocess.py:93} INFO -   File "/home/***/.local/lib/python3.8/site-packages/playwright/async_api/_generated.py", line 8969, in goto
[2026-04-29T08:05:44.571+0000] {subprocess.py:93} INFO -     await self._impl_obj.goto(
[2026-04-29T08:05:44.571+0000] {subprocess.py:93} INFO -   File "/home/***/.local/lib/python3.8/site-packages/playwright/_impl/_page.py", line 553, in goto
[2026-04-29T08:05:44.571+0000] {subprocess.py:93} INFO -     return await self._main_frame.goto(**locals_to_params(locals()))
[2026-04-29T08:05:44.571+0000] {subprocess.py:93} INFO -   File "/home/***/.local/lib/python3.8/site-packages/playwright/_impl/_frame.py", line 145, in goto
[2026-04-29T08:05:44.571+0000] {subprocess.py:93} INFO -     await self._channel.send("goto", locals_to_params(locals()))
[2026-04-29T08:05:44.571+0000] {subprocess.py:93} INFO -   File "/home/***/.local/lib/python3.8/site-packages/playwright/_impl/_connection.py", line 59, in send
[2026-04-29T08:05:44.571+0000] {subprocess.py:93} INFO -     return await self._connection.wrap_api_call(
[2026-04-29T08:05:44.571+0000] {subprocess.py:93} INFO -   File "/home/***/.local/lib/python3.8/site-packages/playwright/_impl/_connection.py", line 520, in wrap_api_call
[2026-04-29T08:05:44.571+0000] {subprocess.py:93} INFO -     raise rewrite_error(error, f"{parsed_st['apiName']}: {error}") from None
[2026-04-29T08:05:44.572+0000] {subprocess.py:93} INFO - playwright._impl._errors.Error: Page.goto: net::ERR_NAME_NOT_RESOLVED at https://uno.ma/ipad-maroc
[2026-04-29T08:05:44.572+0000] {subprocess.py:93} INFO - Call log:
[2026-04-29T08:05:44.572+0000] {subprocess.py:93} INFO - navigating to "https://uno.ma/ipad-maroc", waiting until "load"
[2026-04-29T08:05:44.572+0000] {subprocess.py:93} INFO - 
[2026-04-29T08:05:44.665+0000] {subprocess.py:93} INFO - 2026-04-29 08:05:44 [scrapy.core.engine] INFO: Closing spider (finished)
[2026-04-29T08:05:44.666+0000] {subprocess.py:93} INFO - 2026-04-29 08:05:44 [uno] INFO: Finalizing Kafka: 0 items produced. Flushing...
[2026-04-29T08:05:44.666+0000] {subprocess.py:93} INFO - 2026-04-29 08:05:44 [uno] INFO: 🚀 Tous les messages ont été envoyés avec succès.
[2026-04-29T08:05:44.667+0000] {subprocess.py:93} INFO - 2026-04-29 08:05:44 [scrapy.extensions.feedexport] INFO: Stored jsonl feed (0 items) in: /opt/***/scrapers/market_bot/data/uno_2026-04-29.jsonl
[2026-04-29T08:05:44.667+0000] {subprocess.py:93} INFO - 2026-04-29 08:05:44 [scrapy.statscollectors] INFO: Dumping Scrapy stats:
[2026-04-29T08:05:44.668+0000] {subprocess.py:93} INFO - {'downloader/exception_count': 3,
[2026-04-29T08:05:44.668+0000] {subprocess.py:93} INFO -  'downloader/exception_type_count/playwright._impl._errors.Error': 3,
[2026-04-29T08:05:44.668+0000] {subprocess.py:93} INFO -  'downloader/request_bytes': 880,
[2026-04-29T08:05:44.668+0000] {subprocess.py:93} INFO -  'downloader/request_count': 3,
[2026-04-29T08:05:44.668+0000] {subprocess.py:93} INFO -  'downloader/request_method_count/GET': 3,
[2026-04-29T08:05:44.668+0000] {subprocess.py:93} INFO -  'elapsed_time_seconds': 21.40766,
[2026-04-29T08:05:44.668+0000] {subprocess.py:93} INFO -  'feedexport/success_count/FileFeedStorage': 1,
[2026-04-29T08:05:44.669+0000] {subprocess.py:93} INFO -  'finish_reason': 'finished',
[2026-04-29T08:05:44.669+0000] {subprocess.py:93} INFO -  'finish_time': datetime.datetime(2026, 4, 29, 8, 5, 44, 666406, tzinfo=datetime.timezone.utc),
[2026-04-29T08:05:44.669+0000] {subprocess.py:93} INFO -  'log_count/ERROR': 3,
[2026-04-29T08:05:44.669+0000] {subprocess.py:93} INFO -  'log_count/INFO': 17,
[2026-04-29T08:05:44.669+0000] {subprocess.py:93} INFO -  'memusage/max': 155209728,
[2026-04-29T08:05:44.669+0000] {subprocess.py:93} INFO -  'memusage/startup': 155209728,
[2026-04-29T08:05:44.669+0000] {subprocess.py:93} INFO -  'playwright/browser_count': 1,
[2026-04-29T08:05:44.669+0000] {subprocess.py:93} INFO -  'playwright/context_count': 1,
[2026-04-29T08:05:44.670+0000] {subprocess.py:93} INFO -  'playwright/context_count/max_concurrent': 1,
[2026-04-29T08:05:44.670+0000] {subprocess.py:93} INFO -  'playwright/context_count/persistent/False': 1,
[2026-04-29T08:05:44.670+0000] {subprocess.py:93} INFO -  'playwright/context_count/remote/False': 1,
[2026-04-29T08:05:44.670+0000] {subprocess.py:93} INFO -  'playwright/page_count': 3,
[2026-04-29T08:05:44.670+0000] {subprocess.py:93} INFO -  'playwright/page_count/max_concurrent': 3,
[2026-04-29T08:05:44.670+0000] {subprocess.py:93} INFO -  'playwright/request_count': 3,
[2026-04-29T08:05:44.670+0000] {subprocess.py:93} INFO -  'playwright/request_count/method/GET': 3,
[2026-04-29T08:05:44.671+0000] {subprocess.py:93} INFO -  'playwright/request_count/navigation': 3,
[2026-04-29T08:05:44.671+0000] {subprocess.py:93} INFO -  'playwright/request_count/resource_type/document': 3,
[2026-04-29T08:05:44.671+0000] {subprocess.py:93} INFO -  'scheduler/dequeued': 3,
[2026-04-29T08:05:44.671+0000] {subprocess.py:93} INFO -  'scheduler/dequeued/memory': 3,
[2026-04-29T08:05:44.671+0000] {subprocess.py:93} INFO -  'scheduler/enqueued': 3,
[2026-04-29T08:05:44.671+0000] {subprocess.py:93} INFO -  'scheduler/enqueued/memory': 3,
[2026-04-29T08:05:44.671+0000] {subprocess.py:93} INFO -  'start_time': datetime.datetime(2026, 4, 29, 8, 5, 23, 258746, tzinfo=datetime.timezone.utc)}
[2026-04-29T08:05:44.672+0000] {subprocess.py:93} INFO - 2026-04-29 08:05:44 [scrapy.core.engine] INFO: Spider closed (finished)
[2026-04-29T08:05:44.672+0000] {subprocess.py:93} INFO - 2026-04-29 08:05:44 [scrapy-playwright] INFO: Closing download handler
[2026-04-29T08:05:44.673+0000] {subprocess.py:93} INFO - 2026-04-29 08:05:44 [scrapy-playwright] INFO: Closing download handler
[2026-04-29T08:05:44.684+0000] {subprocess.py:93} INFO - 2026-04-29 08:05:44 [scrapy-playwright] INFO: Closing browser
[2026-04-29T08:05:44.887+0000] {subprocess.py:97} INFO - Command exited with return code 0
[2026-04-29T08:05:44.921+0000] {taskinstance.py:1138} INFO - Marking task as SUCCESS. dag_id=market_intelligence_platform, task_id=parallel_scraping.scrape_uno, execution_date=20260429T080521, start_date=20260429T080521, end_date=20260429T080544
[2026-04-29T08:05:44.956+0000] {local_task_job_runner.py:234} INFO - Task exited with return code 0
[2026-04-29T08:05:44.976+0000] {taskinstance.py:3280} INFO - 0 downstream tasks scheduled from follow-on schedule check
