[2026-04-30T22:59:51.549+0000] {taskinstance.py:1956} INFO - Dependencies all met for dep_context=non-requeueable deps ti=<TaskInstance: market_intelligence_platform.parallel_scraping.scrape_uno manual__2026-04-30T22:59:50.992962+00:00 [queued]>
[2026-04-30T22:59:51.559+0000] {taskinstance.py:1956} INFO - Dependencies all met for dep_context=requeueable deps ti=<TaskInstance: market_intelligence_platform.parallel_scraping.scrape_uno manual__2026-04-30T22:59:50.992962+00:00 [queued]>
[2026-04-30T22:59:51.560+0000] {taskinstance.py:2170} INFO - Starting attempt 1 of 2
[2026-04-30T22:59:51.578+0000] {taskinstance.py:2191} INFO - Executing <Task(BashOperator): parallel_scraping.scrape_uno> on 2026-04-30 22:59:50.992962+00:00
[2026-04-30T22:59:51.585+0000] {standard_task_runner.py:60} INFO - Started process 365 to run task
[2026-04-30T22:59:51.588+0000] {standard_task_runner.py:87} INFO - Running: ['***', 'tasks', 'run', 'market_intelligence_platform', 'parallel_scraping.scrape_uno', 'manual__2026-04-30T22:59:50.992962+00:00', '--job-id', '2', '--raw', '--subdir', 'DAGS_FOLDER/jumia_scraper_dag.py', '--cfg-path', '/tmp/tmp_czx9qev']
[2026-04-30T22:59:51.593+0000] {standard_task_runner.py:88} INFO - Job 2: Subtask parallel_scraping.scrape_uno
[2026-04-30T22:59:51.643+0000] {task_command.py:423} INFO - Running <TaskInstance: market_intelligence_platform.parallel_scraping.scrape_uno manual__2026-04-30T22:59:50.992962+00:00 [running]> on host 99c16236c159
[2026-04-30T22:59:51.740+0000] {taskinstance.py:2480} INFO - Exporting env vars: AIRFLOW_CTX_DAG_OWNER='abdel' AIRFLOW_CTX_DAG_ID='market_intelligence_platform' AIRFLOW_CTX_TASK_ID='parallel_scraping.scrape_uno' AIRFLOW_CTX_EXECUTION_DATE='2026-04-30T22:59:50.992962+00:00' AIRFLOW_CTX_TRY_NUMBER='1' AIRFLOW_CTX_DAG_RUN_ID='manual__2026-04-30T22:59:50.992962+00:00'
[2026-04-30T22:59:51.741+0000] {subprocess.py:63} INFO - Tmp dir root location: /tmp
[2026-04-30T22:59:51.742+0000] {subprocess.py:75} INFO - Running command: ['/usr/bin/bash', '-c', 'mkdir -p /opt/***/scrapers/market_bot/data && cd /opt/***/scrapers/market_bot && export KAFKA_BOOTSTRAP_SERVERS=kafka:29092 && export KAFKA_TOPIC=market_data && python3 -m scrapy crawl uno -s LOG_LEVEL=INFO -o /opt/***/scrapers/market_bot/data/uno_2026-04-30.jsonl']
[2026-04-30T22:59:51.757+0000] {subprocess.py:86} INFO - Output:
[2026-04-30T22:59:52.293+0000] {subprocess.py:93} INFO - 2026-04-30 22:59:52 [scrapy.utils.log] INFO: Scrapy 2.11.2 started (bot: market_bot)
[2026-04-30T22:59:52.295+0000] {subprocess.py:93} INFO - 2026-04-30 22:59:52 [scrapy.utils.log] INFO: Versions: lxml 5.1.0.0, libxml2 2.12.3, cssselect 1.2.0, parsel 1.9.1, w3lib 2.2.1, Twisted 25.5.0, Python 3.8.18 (default, Feb 13 2024, 11:06:24) - [GCC 12.2.0], pyOpenSSL 23.3.0 (OpenSSL 3.1.4 24 Oct 2023), cryptography 41.0.7, Platform Linux-6.19.11+kali-amd64-x86_64-with-glibc2.34
[2026-04-30T22:59:52.298+0000] {subprocess.py:93} INFO - 2026-04-30 22:59:52 [scrapy.addons] INFO: Enabled addons:
[2026-04-30T22:59:52.299+0000] {subprocess.py:93} INFO - []
[2026-04-30T22:59:52.314+0000] {subprocess.py:93} INFO - 2026-04-30 22:59:52 [scrapy.extensions.telnet] INFO: Telnet Password: 06dd00e440eefa41
[2026-04-30T22:59:52.531+0000] {subprocess.py:93} INFO - 2026-04-30 22:59:52 [scrapy.middleware] INFO: Enabled extensions:
[2026-04-30T22:59:52.531+0000] {subprocess.py:93} INFO - ['scrapy.extensions.corestats.CoreStats',
[2026-04-30T22:59:52.531+0000] {subprocess.py:93} INFO -  'scrapy.extensions.telnet.TelnetConsole',
[2026-04-30T22:59:52.531+0000] {subprocess.py:93} INFO -  'scrapy.extensions.memusage.MemoryUsage',
[2026-04-30T22:59:52.531+0000] {subprocess.py:93} INFO -  'scrapy.extensions.closespider.CloseSpider',
[2026-04-30T22:59:52.532+0000] {subprocess.py:93} INFO -  'scrapy.extensions.feedexport.FeedExporter',
[2026-04-30T22:59:52.532+0000] {subprocess.py:93} INFO -  'scrapy.extensions.logstats.LogStats',
[2026-04-30T22:59:52.532+0000] {subprocess.py:93} INFO -  'scrapy.extensions.throttle.AutoThrottle']
[2026-04-30T22:59:52.533+0000] {subprocess.py:93} INFO - 2026-04-30 22:59:52 [scrapy.crawler] INFO: Overridden settings:
[2026-04-30T22:59:52.533+0000] {subprocess.py:93} INFO - {'ASYNCIO_EVENT_LOOP': 'asyncio.SelectorEventLoop',
[2026-04-30T22:59:52.533+0000] {subprocess.py:93} INFO -  'AUTOTHROTTLE_ENABLED': True,
[2026-04-30T22:59:52.534+0000] {subprocess.py:93} INFO -  'AUTOTHROTTLE_START_DELAY': 1.5,
[2026-04-30T22:59:52.534+0000] {subprocess.py:93} INFO -  'AUTOTHROTTLE_TARGET_CONCURRENCY': 2.0,
[2026-04-30T22:59:52.534+0000] {subprocess.py:93} INFO -  'BOT_NAME': 'market_bot',
[2026-04-30T22:59:52.534+0000] {subprocess.py:93} INFO -  'CLOSESPIDER_ITEMCOUNT': 50000,
[2026-04-30T22:59:52.534+0000] {subprocess.py:93} INFO -  'CLOSESPIDER_PAGECOUNT': 5000,
[2026-04-30T22:59:52.538+0000] {subprocess.py:93} INFO -  'CONCURRENT_REQUESTS': 1,
[2026-04-30T22:59:52.539+0000] {subprocess.py:93} INFO -  'COOKIES_ENABLED': False,
[2026-04-30T22:59:52.539+0000] {subprocess.py:93} INFO -  'DOWNLOAD_TIMEOUT': 90,
[2026-04-30T22:59:52.539+0000] {subprocess.py:93} INFO -  'FEED_EXPORT_ENCODING': 'utf-8',
[2026-04-30T22:59:52.539+0000] {subprocess.py:93} INFO -  'LOG_LEVEL': 'INFO',
[2026-04-30T22:59:52.539+0000] {subprocess.py:93} INFO -  'NEWSPIDER_MODULE': 'market_bot.spiders',
[2026-04-30T22:59:52.539+0000] {subprocess.py:93} INFO -  'REQUEST_FINGERPRINTER_IMPLEMENTATION': '2.7',
[2026-04-30T22:59:52.540+0000] {subprocess.py:93} INFO -  'RETRY_HTTP_CODES': [500, 502, 503, 504, 408, 429],
[2026-04-30T22:59:52.540+0000] {subprocess.py:93} INFO -  'RETRY_TIMES': 5,
[2026-04-30T22:59:52.540+0000] {subprocess.py:93} INFO -  'SPIDER_MODULES': ['market_bot.spiders'],
[2026-04-30T22:59:52.540+0000] {subprocess.py:93} INFO -  'TWISTED_REACTOR': 'twisted.internet.asyncioreactor.AsyncioSelectorReactor',
[2026-04-30T22:59:52.540+0000] {subprocess.py:93} INFO -  'USER_AGENT': 'Mozilla/5.0 (Windows NT 10.0; Win64; x64) AppleWebKit/537.36 '
[2026-04-30T22:59:52.540+0000] {subprocess.py:93} INFO -                '(KHTML, like Gecko) Chrome/124.0.0.0 Safari/537.36'}
[2026-04-30T22:59:52.648+0000] {subprocess.py:93} INFO - 2026-04-30 22:59:52 [scrapy.middleware] INFO: Enabled downloader middlewares:
[2026-04-30T22:59:52.649+0000] {subprocess.py:93} INFO - ['scrapy.downloadermiddlewares.offsite.OffsiteMiddleware',
[2026-04-30T22:59:52.649+0000] {subprocess.py:93} INFO -  'scrapy.downloadermiddlewares.httpauth.HttpAuthMiddleware',
[2026-04-30T22:59:52.649+0000] {subprocess.py:93} INFO -  'scrapy.downloadermiddlewares.downloadtimeout.DownloadTimeoutMiddleware',
[2026-04-30T22:59:52.649+0000] {subprocess.py:93} INFO -  'scrapy.downloadermiddlewares.defaultheaders.DefaultHeadersMiddleware',
[2026-04-30T22:59:52.649+0000] {subprocess.py:93} INFO -  'scrapy.downloadermiddlewares.useragent.UserAgentMiddleware',
[2026-04-30T22:59:52.649+0000] {subprocess.py:93} INFO -  'scrapy.downloadermiddlewares.retry.RetryMiddleware',
[2026-04-30T22:59:52.649+0000] {subprocess.py:93} INFO -  'scrapy.downloadermiddlewares.redirect.MetaRefreshMiddleware',
[2026-04-30T22:59:52.650+0000] {subprocess.py:93} INFO -  'scrapy.downloadermiddlewares.httpcompression.HttpCompressionMiddleware',
[2026-04-30T22:59:52.650+0000] {subprocess.py:93} INFO -  'scrapy.downloadermiddlewares.redirect.RedirectMiddleware',
[2026-04-30T22:59:52.650+0000] {subprocess.py:93} INFO -  'scrapy.downloadermiddlewares.httpproxy.HttpProxyMiddleware',
[2026-04-30T22:59:52.650+0000] {subprocess.py:93} INFO -  'scrapy.downloadermiddlewares.stats.DownloaderStats']
[2026-04-30T22:59:52.652+0000] {subprocess.py:93} INFO - 2026-04-30 22:59:52 [scrapy.middleware] INFO: Enabled spider middlewares:
[2026-04-30T22:59:52.653+0000] {subprocess.py:93} INFO - ['scrapy.spidermiddlewares.httperror.HttpErrorMiddleware',
[2026-04-30T22:59:52.653+0000] {subprocess.py:93} INFO -  'scrapy.spidermiddlewares.referer.RefererMiddleware',
[2026-04-30T22:59:52.653+0000] {subprocess.py:93} INFO -  'scrapy.spidermiddlewares.urllength.UrlLengthMiddleware',
[2026-04-30T22:59:52.653+0000] {subprocess.py:93} INFO -  'scrapy.spidermiddlewares.depth.DepthMiddleware']
[2026-04-30T22:59:52.664+0000] {subprocess.py:93} INFO - %4|1777589992.661|CONFWARN|scrapy-bot#producer-1| [thrd:app]: Configuration property api.version.request is deprecated: **Post-deprecation actions: remove this configuration property, brokers < 0.10.0 won't be supported anymore in librdkafka 3.x.** Request broker's supported API versions to adjust functionality to available protocol features. If set to false, or the ApiVersionRequest fails, the fallback version `broker.version.fallback` will be used. **NOTE**: Depends on broker version >=0.10.0. If the request is not supported by (an older) broker the `broker.version.fallback` fallback is used.
[2026-04-30T22:59:52.664+0000] {subprocess.py:93} INFO - %4|1777589992.661|CONFWARN|scrapy-bot#producer-1| [thrd:app]: Configuration property broker.version.fallback is deprecated: **Post-deprecation actions: remove this configuration property, brokers < 0.10.0 won't be supported anymore in librdkafka 3.x.** Older broker versions (before 0.10.0) provide no way for a client to query for supported protocol features (ApiVersionRequest, see `api.version.request`) making it impossible for the client to know what features it may use. As a workaround a user may set this property to the expected broker version and the client will automatically adjust its feature set accordingly if the ApiVersionRequest fails (or is disabled). The fallback broker version will be used for `api.version.fallback.ms`. Valid values are: 0.9.0, 0.8.2, 0.8.1, 0.8.0. Any other value >= 0.10, such as 0.10.2.1, enables ApiVersionRequests.
[2026-04-30T22:59:52.665+0000] {subprocess.py:93} INFO - 2026-04-30 22:59:52 [scrapy.middleware] INFO: Enabled item pipelines:
[2026-04-30T22:59:52.665+0000] {subprocess.py:93} INFO - ['market_bot.pipelines.KafkaPipeline']
[2026-04-30T22:59:52.665+0000] {subprocess.py:93} INFO - 2026-04-30 22:59:52 [scrapy.core.engine] INFO: Spider opened
[2026-04-30T22:59:52.671+0000] {subprocess.py:93} INFO - 2026-04-30 22:59:52 [scrapy.extensions.logstats] INFO: Crawled 0 pages (at 0 pages/min), scraped 0 items (at 0 items/min)
[2026-04-30T22:59:52.673+0000] {subprocess.py:93} INFO - 2026-04-30 22:59:52 [scrapy.extensions.telnet] INFO: Telnet console listening on 127.0.0.1:6024
[2026-04-30T22:59:52.674+0000] {subprocess.py:93} INFO - 2026-04-30 22:59:52 [scrapy-playwright] INFO: Starting download handler
[2026-04-30T22:59:52.675+0000] {subprocess.py:93} INFO - 2026-04-30 22:59:52 [scrapy-playwright] INFO: Starting download handler
[2026-04-30T22:59:57.676+0000] {subprocess.py:93} INFO - 2026-04-30 22:59:57 [scrapy-playwright] INFO: Launching browser chromium
[2026-04-30T22:59:57.757+0000] {subprocess.py:93} INFO - 2026-04-30 22:59:57 [scrapy-playwright] INFO: Browser chromium launched
[2026-04-30T23:00:52.672+0000] {subprocess.py:93} INFO - 2026-04-30 23:00:52 [scrapy.extensions.logstats] INFO: Crawled 2 pages (at 2 pages/min), scraped 0 items (at 0 items/min)
[2026-04-30T23:01:52.671+0000] {subprocess.py:93} INFO - 2026-04-30 23:01:52 [scrapy.extensions.logstats] INFO: Crawled 2 pages (at 0 pages/min), scraped 0 items (at 0 items/min)
[2026-04-30T23:02:52.672+0000] {subprocess.py:93} INFO - 2026-04-30 23:02:52 [scrapy.extensions.logstats] INFO: Crawled 2 pages (at 0 pages/min), scraped 0 items (at 0 items/min)
[2026-04-30T23:03:52.671+0000] {subprocess.py:93} INFO - 2026-04-30 23:03:52 [scrapy.extensions.logstats] INFO: Crawled 2 pages (at 0 pages/min), scraped 0 items (at 0 items/min)
[2026-04-30T23:04:52.672+0000] {subprocess.py:93} INFO - 2026-04-30 23:04:52 [scrapy.extensions.logstats] INFO: Crawled 2 pages (at 0 pages/min), scraped 0 items (at 0 items/min)
[2026-04-30T23:05:52.671+0000] {subprocess.py:93} INFO - 2026-04-30 23:05:52 [scrapy.extensions.logstats] INFO: Crawled 2 pages (at 0 pages/min), scraped 0 items (at 0 items/min)
[2026-04-30T23:06:52.671+0000] {subprocess.py:93} INFO - 2026-04-30 23:06:52 [scrapy.extensions.logstats] INFO: Crawled 2 pages (at 0 pages/min), scraped 0 items (at 0 items/min)
[2026-04-30T23:07:52.672+0000] {subprocess.py:93} INFO - 2026-04-30 23:07:52 [scrapy.extensions.logstats] INFO: Crawled 2 pages (at 0 pages/min), scraped 0 items (at 0 items/min)
[2026-04-30T23:08:52.672+0000] {subprocess.py:93} INFO - 2026-04-30 23:08:52 [scrapy.extensions.logstats] INFO: Crawled 2 pages (at 0 pages/min), scraped 0 items (at 0 items/min)
[2026-04-30T23:09:52.671+0000] {subprocess.py:93} INFO - 2026-04-30 23:09:52 [scrapy.extensions.logstats] INFO: Crawled 2 pages (at 0 pages/min), scraped 0 items (at 0 items/min)
[2026-04-30T23:10:52.672+0000] {subprocess.py:93} INFO - 2026-04-30 23:10:52 [scrapy.extensions.logstats] INFO: Crawled 2 pages (at 0 pages/min), scraped 0 items (at 0 items/min)
[2026-04-30T23:11:52.671+0000] {subprocess.py:93} INFO - 2026-04-30 23:11:52 [scrapy.extensions.logstats] INFO: Crawled 2 pages (at 0 pages/min), scraped 0 items (at 0 items/min)
[2026-04-30T23:12:52.672+0000] {subprocess.py:93} INFO - 2026-04-30 23:12:52 [scrapy.extensions.logstats] INFO: Crawled 2 pages (at 0 pages/min), scraped 0 items (at 0 items/min)
[2026-04-30T23:13:52.671+0000] {subprocess.py:93} INFO - 2026-04-30 23:13:52 [scrapy.extensions.logstats] INFO: Crawled 2 pages (at 0 pages/min), scraped 0 items (at 0 items/min)
[2026-04-30T23:14:52.671+0000] {subprocess.py:93} INFO - 2026-04-30 23:14:52 [scrapy.extensions.logstats] INFO: Crawled 2 pages (at 0 pages/min), scraped 0 items (at 0 items/min)
[2026-04-30T23:15:52.672+0000] {subprocess.py:93} INFO - 2026-04-30 23:15:52 [scrapy.extensions.logstats] INFO: Crawled 2 pages (at 0 pages/min), scraped 0 items (at 0 items/min)
[2026-04-30T23:16:52.671+0000] {subprocess.py:93} INFO - 2026-04-30 23:16:52 [scrapy.extensions.logstats] INFO: Crawled 2 pages (at 0 pages/min), scraped 0 items (at 0 items/min)
[2026-04-30T23:17:52.671+0000] {subprocess.py:93} INFO - 2026-04-30 23:17:52 [scrapy.extensions.logstats] INFO: Crawled 2 pages (at 0 pages/min), scraped 0 items (at 0 items/min)
[2026-04-30T23:18:52.671+0000] {subprocess.py:93} INFO - 2026-04-30 23:18:52 [scrapy.extensions.logstats] INFO: Crawled 2 pages (at 0 pages/min), scraped 0 items (at 0 items/min)
[2026-04-30T23:19:52.671+0000] {subprocess.py:93} INFO - 2026-04-30 23:19:52 [scrapy.extensions.logstats] INFO: Crawled 2 pages (at 0 pages/min), scraped 0 items (at 0 items/min)
[2026-04-30T23:20:52.672+0000] {subprocess.py:93} INFO - 2026-04-30 23:20:52 [scrapy.extensions.logstats] INFO: Crawled 2 pages (at 0 pages/min), scraped 0 items (at 0 items/min)
[2026-04-30T23:21:52.671+0000] {subprocess.py:93} INFO - 2026-04-30 23:21:52 [scrapy.extensions.logstats] INFO: Crawled 2 pages (at 0 pages/min), scraped 0 items (at 0 items/min)
[2026-04-30T23:22:52.671+0000] {subprocess.py:93} INFO - 2026-04-30 23:22:52 [scrapy.extensions.logstats] INFO: Crawled 2 pages (at 0 pages/min), scraped 0 items (at 0 items/min)
[2026-04-30T23:23:52.672+0000] {subprocess.py:93} INFO - 2026-04-30 23:23:52 [scrapy.extensions.logstats] INFO: Crawled 2 pages (at 0 pages/min), scraped 0 items (at 0 items/min)
[2026-04-30T23:24:52.671+0000] {subprocess.py:93} INFO - 2026-04-30 23:24:52 [scrapy.extensions.logstats] INFO: Crawled 2 pages (at 0 pages/min), scraped 0 items (at 0 items/min)
[2026-04-30T23:25:52.672+0000] {subprocess.py:93} INFO - 2026-04-30 23:25:52 [scrapy.extensions.logstats] INFO: Crawled 2 pages (at 0 pages/min), scraped 0 items (at 0 items/min)
[2026-04-30T23:26:52.671+0000] {subprocess.py:93} INFO - 2026-04-30 23:26:52 [scrapy.extensions.logstats] INFO: Crawled 2 pages (at 0 pages/min), scraped 0 items (at 0 items/min)
[2026-04-30T23:27:52.672+0000] {subprocess.py:93} INFO - 2026-04-30 23:27:52 [scrapy.extensions.logstats] INFO: Crawled 2 pages (at 0 pages/min), scraped 0 items (at 0 items/min)
[2026-04-30T23:28:52.672+0000] {subprocess.py:93} INFO - 2026-04-30 23:28:52 [scrapy.extensions.logstats] INFO: Crawled 2 pages (at 0 pages/min), scraped 0 items (at 0 items/min)
[2026-04-30T23:29:52.671+0000] {subprocess.py:93} INFO - 2026-04-30 23:29:52 [scrapy.extensions.logstats] INFO: Crawled 2 pages (at 0 pages/min), scraped 0 items (at 0 items/min)
[2026-04-30T23:30:52.671+0000] {subprocess.py:93} INFO - 2026-04-30 23:30:52 [scrapy.extensions.logstats] INFO: Crawled 2 pages (at 0 pages/min), scraped 0 items (at 0 items/min)
[2026-04-30T23:31:33.059+0000] {local_task_job_runner.py:121} ERROR - Received SIGTERM. Terminating subprocesses
[2026-04-30T23:31:33.063+0000] {process_utils.py:131} INFO - Sending 15 to group 365. PIDs of all processes in the group: [376, 442, 444, 703, 705, 706, 723, 774, 1523, 722, 365]
[2026-04-30T23:31:33.063+0000] {process_utils.py:86} INFO - Sending the signal 15 to group 365
[2026-04-30T23:31:33.067+0000] {taskinstance.py:2450} ERROR - Received SIGTERM. Terminating subprocesses.
[2026-04-30T23:31:33.069+0000] {subprocess.py:104} INFO - Sending SIGTERM signal to process group
[2026-04-30T23:31:33.268+0000] {standard_task_runner.py:107} ERROR - Failed to execute job 2 for task parallel_scraping.scrape_uno ((psycopg2.OperationalError) connection to server at "postgres" (172.18.0.3), port 5432 failed: Connection refused
	Is the server running on that host and accepting TCP/IP connections?

(Background on this error at: https://sqlalche.me/e/14/e3q8); 365)
[2026-04-30T23:31:33.277+0000] {process_utils.py:79} INFO - Process psutil.Process(pid=774, status='terminated', started='22:59:57') (774) terminated with exit code None
[2026-04-30T23:31:33.294+0000] {process_utils.py:79} INFO - Process psutil.Process(pid=365, status='terminated', exitcode=1, started='22:59:51') (365) terminated with exit code 1
[2026-04-30T23:31:33.298+0000] {process_utils.py:79} INFO - Process psutil.Process(pid=1523, status='terminated', started='23:00:02') (1523) terminated with exit code None
[2026-04-30T23:31:33.302+0000] {process_utils.py:79} INFO - Process psutil.Process(pid=442, status='terminated', started='22:59:52') (442) terminated with exit code None
[2026-04-30T23:31:33.394+0000] {process_utils.py:79} INFO - Process psutil.Process(pid=705, status='terminated', started='22:59:57') (705) terminated with exit code None
[2026-04-30T23:31:33.395+0000] {process_utils.py:79} INFO - Process psutil.Process(pid=722, status='terminated', started='22:59:57') (722) terminated with exit code None
[2026-04-30T23:31:33.395+0000] {process_utils.py:79} INFO - Process psutil.Process(pid=706, status='terminated', started='22:59:57') (706) terminated with exit code None
[2026-04-30T23:31:33.395+0000] {process_utils.py:79} INFO - Process psutil.Process(pid=723, status='terminated', started='22:59:57') (723) terminated with exit code None
[2026-04-30T23:31:33.861+0000] {process_utils.py:79} INFO - Process psutil.Process(pid=703, status='terminated', started='22:59:57') (703) terminated with exit code None
[2026-04-30T23:31:39.052+0000] {process_utils.py:79} INFO - Process psutil.Process(pid=376, status='terminated', started='22:59:51') (376) terminated with exit code None
[2026-04-30T23:31:39.053+0000] {process_utils.py:79} INFO - Process psutil.Process(pid=444, status='terminated', started='22:59:52') (444) terminated with exit code None
[2026-04-30T23:31:39.053+0000] {local_task_job_runner.py:234} INFO - Task exited with return code 143
[2026-04-30T23:31:39.092+0000] {taskinstance.py:3286} INFO - Skipping mini scheduling run due to exception: None
Traceback (most recent call last):
  File "/home/airflow/.local/lib/python3.8/site-packages/sqlalchemy/engine/base.py", line 3371, in _wrap_pool_connect
    return fn()
  File "/home/airflow/.local/lib/python3.8/site-packages/sqlalchemy/pool/base.py", line 327, in connect
    return _ConnectionFairy._checkout(self)
  File "/home/airflow/.local/lib/python3.8/site-packages/sqlalchemy/pool/base.py", line 894, in _checkout
    fairy = _ConnectionRecord.checkout(pool)
  File "/home/airflow/.local/lib/python3.8/site-packages/sqlalchemy/pool/base.py", line 493, in checkout
    rec = pool._do_get()
  File "/home/airflow/.local/lib/python3.8/site-packages/sqlalchemy/pool/impl.py", line 256, in _do_get
    return self._create_connection()
  File "/home/airflow/.local/lib/python3.8/site-packages/sqlalchemy/pool/base.py", line 273, in _create_connection
    return _ConnectionRecord(self)
  File "/home/airflow/.local/lib/python3.8/site-packages/sqlalchemy/pool/base.py", line 388, in __init__
    self.__connect()
  File "/home/airflow/.local/lib/python3.8/site-packages/sqlalchemy/pool/base.py", line 691, in __connect
    pool.logger.debug("Error on connect(): %s", e)
  File "/home/airflow/.local/lib/python3.8/site-packages/sqlalchemy/util/langhelpers.py", line 70, in __exit__
    compat.raise_(
  File "/home/airflow/.local/lib/python3.8/site-packages/sqlalchemy/util/compat.py", line 211, in raise_
    raise exception
  File "/home/airflow/.local/lib/python3.8/site-packages/sqlalchemy/pool/base.py", line 686, in __connect
    self.dbapi_connection = connection = pool._invoke_creator(self)
  File "/home/airflow/.local/lib/python3.8/site-packages/sqlalchemy/engine/create.py", line 574, in connect
    return dialect.connect(*cargs, **cparams)
  File "/home/airflow/.local/lib/python3.8/site-packages/sqlalchemy/engine/default.py", line 598, in connect
    return self.dbapi.connect(*cargs, **cparams)
  File "/home/airflow/.local/lib/python3.8/site-packages/psycopg2/__init__.py", line 122, in connect
    conn = _connect(dsn, connection_factory=connection_factory, **kwasync)
psycopg2.OperationalError: could not translate host name "postgres" to address: Name or service not known


The above exception was the direct cause of the following exception:

Traceback (most recent call last):
  File "/home/airflow/.local/lib/python3.8/site-packages/airflow/models/taskinstance.py", line 3235, in _schedule_downstream_tasks
    dag_run = with_row_locks(
  File "/home/airflow/.local/lib/python3.8/site-packages/sqlalchemy/orm/query.py", line 2870, in one
    return self._iter().one()
  File "/home/airflow/.local/lib/python3.8/site-packages/sqlalchemy/orm/query.py", line 2916, in _iter
    result = self.session.execute(
  File "/home/airflow/.local/lib/python3.8/site-packages/sqlalchemy/orm/session.py", line 1716, in execute
    conn = self._connection_for_bind(bind)
  File "/home/airflow/.local/lib/python3.8/site-packages/sqlalchemy/orm/session.py", line 1555, in _connection_for_bind
    return self._transaction._connection_for_bind(
  File "/home/airflow/.local/lib/python3.8/site-packages/sqlalchemy/orm/session.py", line 750, in _connection_for_bind
    conn = bind.connect()
  File "/home/airflow/.local/lib/python3.8/site-packages/sqlalchemy/future/engine.py", line 412, in connect
    return super(Engine, self).connect()
  File "/home/airflow/.local/lib/python3.8/site-packages/sqlalchemy/engine/base.py", line 3325, in connect
    return self._connection_cls(self, close_with_result=close_with_result)
  File "/home/airflow/.local/lib/python3.8/site-packages/sqlalchemy/engine/base.py", line 96, in __init__
    else engine.raw_connection()
  File "/home/airflow/.local/lib/python3.8/site-packages/sqlalchemy/engine/base.py", line 3404, in raw_connection
    return self._wrap_pool_connect(self.pool.connect, _connection)
  File "/home/airflow/.local/lib/python3.8/site-packages/sqlalchemy/engine/base.py", line 3374, in _wrap_pool_connect
    Connection._handle_dbapi_exception_noconnection(
  File "/home/airflow/.local/lib/python3.8/site-packages/sqlalchemy/engine/base.py", line 2208, in _handle_dbapi_exception_noconnection
    util.raise_(
  File "/home/airflow/.local/lib/python3.8/site-packages/sqlalchemy/util/compat.py", line 211, in raise_
    raise exception
  File "/home/airflow/.local/lib/python3.8/site-packages/sqlalchemy/engine/base.py", line 3371, in _wrap_pool_connect
    return fn()
  File "/home/airflow/.local/lib/python3.8/site-packages/sqlalchemy/pool/base.py", line 327, in connect
    return _ConnectionFairy._checkout(self)
  File "/home/airflow/.local/lib/python3.8/site-packages/sqlalchemy/pool/base.py", line 894, in _checkout
    fairy = _ConnectionRecord.checkout(pool)
  File "/home/airflow/.local/lib/python3.8/site-packages/sqlalchemy/pool/base.py", line 493, in checkout
    rec = pool._do_get()
  File "/home/airflow/.local/lib/python3.8/site-packages/sqlalchemy/pool/impl.py", line 256, in _do_get
    return self._create_connection()
  File "/home/airflow/.local/lib/python3.8/site-packages/sqlalchemy/pool/base.py", line 273, in _create_connection
    return _ConnectionRecord(self)
  File "/home/airflow/.local/lib/python3.8/site-packages/sqlalchemy/pool/base.py", line 388, in __init__
    self.__connect()
  File "/home/airflow/.local/lib/python3.8/site-packages/sqlalchemy/pool/base.py", line 691, in __connect
    pool.logger.debug("Error on connect(): %s", e)
  File "/home/airflow/.local/lib/python3.8/site-packages/sqlalchemy/util/langhelpers.py", line 70, in __exit__
    compat.raise_(
  File "/home/airflow/.local/lib/python3.8/site-packages/sqlalchemy/util/compat.py", line 211, in raise_
    raise exception
  File "/home/airflow/.local/lib/python3.8/site-packages/sqlalchemy/pool/base.py", line 686, in __connect
    self.dbapi_connection = connection = pool._invoke_creator(self)
  File "/home/airflow/.local/lib/python3.8/site-packages/sqlalchemy/engine/create.py", line 574, in connect
    return dialect.connect(*cargs, **cparams)
  File "/home/airflow/.local/lib/python3.8/site-packages/sqlalchemy/engine/default.py", line 598, in connect
    return self.dbapi.connect(*cargs, **cparams)
  File "/home/airflow/.local/lib/python3.8/site-packages/psycopg2/__init__.py", line 122, in connect
    conn = _connect(dsn, connection_factory=connection_factory, **kwasync)
sqlalchemy.exc.OperationalError: (psycopg2.OperationalError) could not translate host name "postgres" to address: Name or service not known

(Background on this error at: https://sqlalche.me/e/14/e3q8)
[2026-04-30T23:31:39.126+0000] {job.py:213} ERROR - Job heartbeat got an exception
Traceback (most recent call last):
  File "/home/airflow/.local/lib/python3.8/site-packages/sqlalchemy/engine/base.py", line 3371, in _wrap_pool_connect
    return fn()
  File "/home/airflow/.local/lib/python3.8/site-packages/sqlalchemy/pool/base.py", line 327, in connect
    return _ConnectionFairy._checkout(self)
  File "/home/airflow/.local/lib/python3.8/site-packages/sqlalchemy/pool/base.py", line 894, in _checkout
    fairy = _ConnectionRecord.checkout(pool)
  File "/home/airflow/.local/lib/python3.8/site-packages/sqlalchemy/pool/base.py", line 493, in checkout
    rec = pool._do_get()
  File "/home/airflow/.local/lib/python3.8/site-packages/sqlalchemy/pool/impl.py", line 256, in _do_get
    return self._create_connection()
  File "/home/airflow/.local/lib/python3.8/site-packages/sqlalchemy/pool/base.py", line 273, in _create_connection
    return _ConnectionRecord(self)
  File "/home/airflow/.local/lib/python3.8/site-packages/sqlalchemy/pool/base.py", line 388, in __init__
    self.__connect()
  File "/home/airflow/.local/lib/python3.8/site-packages/sqlalchemy/pool/base.py", line 691, in __connect
    pool.logger.debug("Error on connect(): %s", e)
  File "/home/airflow/.local/lib/python3.8/site-packages/sqlalchemy/util/langhelpers.py", line 70, in __exit__
    compat.raise_(
  File "/home/airflow/.local/lib/python3.8/site-packages/sqlalchemy/util/compat.py", line 211, in raise_
    raise exception
  File "/home/airflow/.local/lib/python3.8/site-packages/sqlalchemy/pool/base.py", line 686, in __connect
    self.dbapi_connection = connection = pool._invoke_creator(self)
  File "/home/airflow/.local/lib/python3.8/site-packages/sqlalchemy/engine/create.py", line 574, in connect
    return dialect.connect(*cargs, **cparams)
  File "/home/airflow/.local/lib/python3.8/site-packages/sqlalchemy/engine/default.py", line 598, in connect
    return self.dbapi.connect(*cargs, **cparams)
  File "/home/airflow/.local/lib/python3.8/site-packages/psycopg2/__init__.py", line 122, in connect
    conn = _connect(dsn, connection_factory=connection_factory, **kwasync)
psycopg2.OperationalError: could not translate host name "postgres" to address: Name or service not known


The above exception was the direct cause of the following exception:

Traceback (most recent call last):
  File "/home/airflow/.local/lib/python3.8/site-packages/airflow/jobs/job.py", line 187, in heartbeat
    self._merge_from(Job._fetch_from_db(self, session))
  File "/home/airflow/.local/lib/python3.8/site-packages/airflow/api_internal/internal_api_call.py", line 114, in wrapper
    return func(*args, **kwargs)
  File "/home/airflow/.local/lib/python3.8/site-packages/airflow/utils/session.py", line 76, in wrapper
    return func(*args, **kwargs)
  File "/home/airflow/.local/lib/python3.8/site-packages/airflow/jobs/job.py", line 308, in _fetch_from_db
    session.merge(job)
  File "/home/airflow/.local/lib/python3.8/site-packages/sqlalchemy/orm/session.py", line 3056, in merge
    return self._merge(
  File "/home/airflow/.local/lib/python3.8/site-packages/sqlalchemy/orm/session.py", line 3136, in _merge
    merged = self.get(
  File "/home/airflow/.local/lib/python3.8/site-packages/sqlalchemy/orm/session.py", line 2853, in get
    return self._get_impl(
  File "/home/airflow/.local/lib/python3.8/site-packages/sqlalchemy/orm/session.py", line 2975, in _get_impl
    return db_load_fn(
  File "/home/airflow/.local/lib/python3.8/site-packages/sqlalchemy/orm/loading.py", line 530, in load_on_pk_identity
    session.execute(
  File "/home/airflow/.local/lib/python3.8/site-packages/sqlalchemy/orm/session.py", line 1716, in execute
    conn = self._connection_for_bind(bind)
  File "/home/airflow/.local/lib/python3.8/site-packages/sqlalchemy/orm/session.py", line 1555, in _connection_for_bind
    return self._transaction._connection_for_bind(
  File "/home/airflow/.local/lib/python3.8/site-packages/sqlalchemy/orm/session.py", line 750, in _connection_for_bind
    conn = bind.connect()
  File "/home/airflow/.local/lib/python3.8/site-packages/sqlalchemy/future/engine.py", line 412, in connect
    return super(Engine, self).connect()
  File "/home/airflow/.local/lib/python3.8/site-packages/sqlalchemy/engine/base.py", line 3325, in connect
    return self._connection_cls(self, close_with_result=close_with_result)
  File "/home/airflow/.local/lib/python3.8/site-packages/sqlalchemy/engine/base.py", line 96, in __init__
    else engine.raw_connection()
  File "/home/airflow/.local/lib/python3.8/site-packages/sqlalchemy/engine/base.py", line 3404, in raw_connection
    return self._wrap_pool_connect(self.pool.connect, _connection)
  File "/home/airflow/.local/lib/python3.8/site-packages/sqlalchemy/engine/base.py", line 3374, in _wrap_pool_connect
    Connection._handle_dbapi_exception_noconnection(
  File "/home/airflow/.local/lib/python3.8/site-packages/sqlalchemy/engine/base.py", line 2208, in _handle_dbapi_exception_noconnection
    util.raise_(
  File "/home/airflow/.local/lib/python3.8/site-packages/sqlalchemy/util/compat.py", line 211, in raise_
    raise exception
  File "/home/airflow/.local/lib/python3.8/site-packages/sqlalchemy/engine/base.py", line 3371, in _wrap_pool_connect
    return fn()
  File "/home/airflow/.local/lib/python3.8/site-packages/sqlalchemy/pool/base.py", line 327, in connect
    return _ConnectionFairy._checkout(self)
  File "/home/airflow/.local/lib/python3.8/site-packages/sqlalchemy/pool/base.py", line 894, in _checkout
    fairy = _ConnectionRecord.checkout(pool)
  File "/home/airflow/.local/lib/python3.8/site-packages/sqlalchemy/pool/base.py", line 493, in checkout
    rec = pool._do_get()
  File "/home/airflow/.local/lib/python3.8/site-packages/sqlalchemy/pool/impl.py", line 256, in _do_get
    return self._create_connection()
  File "/home/airflow/.local/lib/python3.8/site-packages/sqlalchemy/pool/base.py", line 273, in _create_connection
    return _ConnectionRecord(self)
  File "/home/airflow/.local/lib/python3.8/site-packages/sqlalchemy/pool/base.py", line 388, in __init__
    self.__connect()
  File "/home/airflow/.local/lib/python3.8/site-packages/sqlalchemy/pool/base.py", line 691, in __connect
    pool.logger.debug("Error on connect(): %s", e)
  File "/home/airflow/.local/lib/python3.8/site-packages/sqlalchemy/util/langhelpers.py", line 70, in __exit__
    compat.raise_(
  File "/home/airflow/.local/lib/python3.8/site-packages/sqlalchemy/util/compat.py", line 211, in raise_
    raise exception
  File "/home/airflow/.local/lib/python3.8/site-packages/sqlalchemy/pool/base.py", line 686, in __connect
    self.dbapi_connection = connection = pool._invoke_creator(self)
  File "/home/airflow/.local/lib/python3.8/site-packages/sqlalchemy/engine/create.py", line 574, in connect
    return dialect.connect(*cargs, **cparams)
  File "/home/airflow/.local/lib/python3.8/site-packages/sqlalchemy/engine/default.py", line 598, in connect
    return self.dbapi.connect(*cargs, **cparams)
  File "/home/airflow/.local/lib/python3.8/site-packages/psycopg2/__init__.py", line 122, in connect
    conn = _connect(dsn, connection_factory=connection_factory, **kwasync)
sqlalchemy.exc.OperationalError: (psycopg2.OperationalError) could not translate host name "postgres" to address: Name or service not known

(Background on this error at: https://sqlalche.me/e/14/e3q8)
[2026-04-30T23:31:39.127+0000] {job.py:221} ERROR - Job heartbeat failed with error. Scheduler is in unhealthy state
